20201130 22:08:36 DEBUG ../../../apps/lua/scripts/gateway/main.lua:29  
Server TCP Start At 6080
20201130 22:08:36 DEBUG ../../../apps/lua/scripts/gateway/main.lua:31  
Server WS Start At 6081
20201130 22:08:36 DEBUG ../../../apps/lua/scripts/gateway/gw_service.lua:41  
connection to server [Auth server] 127.0.0.1 : 8000
20201130 22:08:36 DEBUG ../../../apps/lua/scripts/gateway/gw_service.lua:41  
connection to server [System server] 127.0.0.1 : 8001
20201130 22:08:36 DEBUG ../../../apps/lua/scripts/gateway/gw_service.lua:41  
connection to server [Logic server] 127.0.0.1 : 8002
20201130 22:08:36 DEBUG ../../../apps/lua/scripts/gateway/main.lua:40  
register [1] service success!
20201130 22:08:36 DEBUG ../../../apps/lua/scripts/gateway/main.lua:40  
register [2] service success!
20201130 22:08:36 DEBUG ../../../apps/lua/scripts/gateway/main.lua:40  
register [3] service success!
20201130 22:08:36 DEBUG ../../../apps/lua/scripts/gateway/gw_service.lua:31  
connect success to server [Auth server] 127.0.0.1 : 8000
20201130 22:08:36 DEBUG ../../../apps/lua/scripts/gateway/gw_service.lua:31  
connect success to server [System server] 127.0.0.1 : 8001
20201130 22:08:36 DEBUG ../../../apps/lua/scripts/gateway/gw_service.lua:31  
connect success to server [Logic server] 127.0.0.1 : 8002
20201130 22:08:36 DEBUG ../../../apps/lua/scripts/database/mysql_auth_center.lua:19  
connect to auth center db success!!!!
20201130 22:08:47 ERROR d:\c++\moba_game_server\moba_server\netbus\netbus.cc:255  
new client comming 127.0.0.1:51111

20201130 22:08:49 DEBUG ../../../apps/lua/scripts/gateway/gw_service.lua:129  
send_to_server	1	9	0	127.0.0.1	51111
20201130 22:08:49 DEBUG ../../../apps/lua/scripts/gateway/gw_service.lua:141  
================utag	0
20201130 22:08:49 DEBUG d:\c++\moba_game_server\moba_server\netbus\session_uv.cc:42  
write success

20201130 22:08:49 DEBUG d:\c++\moba_game_server\moba_server\netbus\session_uv.cc:42  
write success

20201130 22:08:49 DEBUG ../../../apps/lua/scripts/gateway/gw_service.lua:129  
send_to_server	2	13	0	127.0.0.1	51111
20201130 22:08:49 DEBUG d:\c++\moba_game_server\moba_server\netbus\session_uv.cc:42  
write success

20201130 22:08:49 DEBUG ../../../apps/lua/scripts/gateway/gw_service.lua:106  
41
20201130 22:08:49 DEBUG d:\c++\moba_game_server\moba_server\netbus\session_uv.cc:42  
write success

20201130 22:08:49 DEBUG ../../../apps/lua/scripts/gateway/gw_service.lua:129  
send_to_server	3	21	0	127.0.0.1	51111
20201130 22:08:49 DEBUG d:\c++\moba_game_server\moba_server\netbus\session_uv.cc:42  
write success

20201130 22:08:49 DEBUG ../../../apps/lua/scripts/gateway/gw_service.lua:106  
41
20201130 22:08:49 DEBUG d:\c++\moba_game_server\moba_server\netbus\session_uv.cc:42  
write success

