20201113 18:29:31 DEBUG ../../../apps/lua/scripts/gateway/main.lua:30  
Server TCP Start At 6080
20201113 18:29:31 DEBUG ../../../apps/lua/scripts/gateway/main.lua:32  
Server WS Start At 6081
20201113 18:29:31 DEBUG ../../../apps/lua/scripts/gateway/gw_service.lua:41  
connection to server [Auth server] 127.0.0.1 : 8000
20201113 18:29:31 DEBUG ../../../apps/lua/scripts/gateway/main.lua:41  
register [1] service success!
20201113 18:29:31 DEBUG ../../../apps/lua/scripts/gateway/gw_service.lua:31  
connect success to server [Auth server] 127.0.0.1 : 8000
20201113 18:29:31 DEBUG ../../../apps/lua/scripts/database/mysql_auth_center.lua:19  
connect to auth center db success!!!!
20201113 18:29:51 ERROR d:\c++\moba_game_server\moba_server\netbus\netbus.cc:255  
new client comming 127.0.0.1:51529

20201113 18:29:53 DEBUG d:\c++\moba_game_server\moba_server\netbus\session_uv.cc:42  
write success

20201113 18:29:58 DEBUG ../../../apps/lua/scripts/gateway/gw_service.lua:99  
uid = 	42
20201113 18:30:03 DEBUG d:\c++\moba_game_server\moba_server\netbus\session_uv.cc:42  
write success

20201113 18:30:34 ERROR d:\c++\moba_game_server\moba_server\lua_wapper\session_export_to_lua.cc:304  
lua_send_msg
20201113 18:30:59 ERROR d:\c++\moba_game_server\moba_server\lua_wapper\session_export_to_lua.cc:305  
stack traceback:
	[C]: in field 'send_msg'
	../../../apps/lua/scripts/gateway/gw_service.lua:204: in function 'gateway/gw_service.on_session_disconnect'
20201113 18:33:56 DEBUG ../../../apps/lua/scripts/gateway/main.lua:30  
Server TCP Start At 6080
20201113 18:33:56 DEBUG ../../../apps/lua/scripts/gateway/main.lua:32  
Server WS Start At 6081
20201113 18:33:56 DEBUG ../../../apps/lua/scripts/gateway/gw_service.lua:41  
connection to server [Auth server] 127.0.0.1 : 8000
20201113 18:33:56 DEBUG ../../../apps/lua/scripts/gateway/main.lua:41  
register [1] service success!
20201113 18:33:56 DEBUG ../../../apps/lua/scripts/database/mysql_auth_center.lua:19  
connect to auth center db success!!!!
20201113 18:33:56 DEBUG ../../../apps/lua/scripts/gateway/gw_service.lua:31  
connect success to server [Auth server] 127.0.0.1 : 8000
20201113 18:34:01 ERROR d:\c++\moba_game_server\moba_server\netbus\netbus.cc:255  
new client comming 127.0.0.1:51548

20201113 18:34:02 DEBUG d:\c++\moba_game_server\moba_server\netbus\session_uv.cc:42  
write success

20201113 18:34:03 DEBUG ../../../apps/lua/scripts/gateway/gw_service.lua:99  
uid = 	42
20201113 18:34:07 DEBUG d:\c++\moba_game_server\moba_server\netbus\session_uv.cc:42  
write success

20201113 18:34:15 ERROR d:\c++\moba_game_server\moba_server\lua_wapper\session_export_to_lua.cc:304  
lua_send_msg
20201113 18:34:15 ERROR d:\c++\moba_game_server\moba_server\lua_wapper\session_export_to_lua.cc:305  
stack traceback:
	[C]: in field 'send_msg'
	../../../apps/lua/scripts/gateway/gw_service.lua:204: in function 'gateway/gw_service.on_session_disconnect'
20201113 18:34:15 ERROR d:\c++\moba_game_server\moba_server\netbus\netbus.cc:199  
client close!!
20201113 18:39:01 DEBUG ../../../apps/lua/scripts/gateway/main.lua:30  
Server TCP Start At 6080
20201113 18:39:02 DEBUG ../../../apps/lua/scripts/gateway/main.lua:32  
Server WS Start At 6081
20201113 18:39:02 DEBUG ../../../apps/lua/scripts/gateway/gw_service.lua:41  
connection to server [Auth server] 127.0.0.1 : 8000
20201113 18:39:02 DEBUG ../../../apps/lua/scripts/gateway/main.lua:41  
register [1] service success!
20201113 18:39:02 DEBUG ../../../apps/lua/scripts/database/mysql_auth_center.lua:19  
connect to auth center db success!!!!
20201113 18:39:04 ERROR ../../../apps/lua/scripts/gateway/gw_service.lua:28  
connect failed to server [Auth server] 127.0.0.1 : 8000
20201113 18:39:04 DEBUG ../../../apps/lua/scripts/gateway/gw_service.lua:41  
connection to server [Auth server] 127.0.0.1 : 8000
20201113 18:39:05 DEBUG ../../../apps/lua/scripts/gateway/gw_service.lua:31  
connect success to server [Auth server] 127.0.0.1 : 8000
20201113 18:39:10 ERROR d:\c++\moba_game_server\moba_server\netbus\netbus.cc:255  
new client comming 127.0.0.1:51581

20201113 18:39:13 DEBUG d:\c++\moba_game_server\moba_server\netbus\session_uv.cc:42  
write success

20201113 18:39:13 DEBUG ../../../apps/lua/scripts/gateway/gw_service.lua:99  
uid = 	42
20201113 18:45:11 DEBUG ../../../apps/lua/scripts/gateway/main.lua:30  
Server TCP Start At 6080
20201113 18:45:12 DEBUG ../../../apps/lua/scripts/gateway/main.lua:32  
Server WS Start At 6081
20201113 18:45:12 DEBUG ../../../apps/lua/scripts/gateway/gw_service.lua:41  
connection to server [Auth server] 127.0.0.1 : 8000
20201113 18:45:12 DEBUG ../../../apps/lua/scripts/gateway/main.lua:41  
register [1] service success!
20201113 18:45:12 DEBUG ../../../apps/lua/scripts/database/mysql_auth_center.lua:19  
connect to auth center db success!!!!
20201113 18:45:14 ERROR ../../../apps/lua/scripts/gateway/gw_service.lua:28  
connect failed to server [Auth server] 127.0.0.1 : 8000
20201113 18:45:14 DEBUG ../../../apps/lua/scripts/gateway/gw_service.lua:41  
connection to server [Auth server] 127.0.0.1 : 8000
20201113 18:45:16 ERROR ../../../apps/lua/scripts/gateway/gw_service.lua:28  
connect failed to server [Auth server] 127.0.0.1 : 8000
20201113 18:45:17 DEBUG ../../../apps/lua/scripts/gateway/gw_service.lua:41  
connection to server [Auth server] 127.0.0.1 : 8000
20201113 18:45:20 DEBUG ../../../apps/lua/scripts/gateway/gw_service.lua:31  
connect success to server [Auth server] 127.0.0.1 : 8000
20201113 18:45:34 ERROR d:\c++\moba_game_server\moba_server\netbus\netbus.cc:255  
new client comming 127.0.0.1:51636

20201113 18:45:37 DEBUG d:\c++\moba_game_server\moba_server\netbus\session_uv.cc:42  
write success

20201113 18:45:37 DEBUG ../../../apps/lua/scripts/gateway/gw_service.lua:99  
uid = 	42
20201113 18:46:11 DEBUG d:\c++\moba_game_server\moba_server\netbus\session_uv.cc:42  
write success

20201113 18:47:02 ERROR d:\c++\moba_game_server\moba_server\netbus\netbus.cc:199  
client close!!
20201113 18:47:02 DEBUG d:\c++\moba_game_server\moba_server\netbus\session_uv.cc:42  
write success

20201113 19:31:20 DEBUG ../../../apps/lua/scripts/gateway/main.lua:29  
Server TCP Start At 6080
20201113 19:31:20 DEBUG ../../../apps/lua/scripts/gateway/main.lua:31  
Server WS Start At 6081
20201113 19:31:20 DEBUG ../../../apps/lua/scripts/gateway/gw_service.lua:41  
connection to server [Auth server] 127.0.0.1 : 8000
20201113 19:31:20 DEBUG ../../../apps/lua/scripts/gateway/main.lua:40  
register [1] service success!
20201113 19:31:20 DEBUG ../../../apps/lua/scripts/database/mysql_auth_center.lua:19  
connect to auth center db success!!!!
20201113 19:31:22 ERROR ../../../apps/lua/scripts/gateway/gw_service.lua:28  
connect failed to server [Auth server] 127.0.0.1 : 8000
20201113 19:31:23 DEBUG ../../../apps/lua/scripts/gateway/gw_service.lua:41  
connection to server [Auth server] 127.0.0.1 : 8000
20201113 19:31:23 DEBUG ../../../apps/lua/scripts/gateway/gw_service.lua:31  
connect success to server [Auth server] 127.0.0.1 : 8000
20201113 19:31:28 ERROR d:\c++\moba_game_server\moba_server\netbus\netbus.cc:255  
new client comming 127.0.0.1:51853

20201113 19:31:30 DEBUG ../../../apps/lua/scripts/gateway/gw_service.lua:125  
send_to_server	1	9	0	127.0.0.1	51853
20201113 19:31:30 DEBUG ../../../apps/lua/scripts/gateway/gw_service.lua:137  
================utag	0
20201113 19:44:20 DEBUG ../../../apps/lua/scripts/gateway/main.lua:29  
Server TCP Start At 6080
20201113 19:44:20 DEBUG ../../../apps/lua/scripts/gateway/main.lua:31  
Server WS Start At 6081
20201113 19:44:20 DEBUG ../../../apps/lua/scripts/gateway/gw_service.lua:41  
connection to server [Auth server] 127.0.0.1 : 8000
20201113 19:44:20 DEBUG ../../../apps/lua/scripts/gateway/main.lua:40  
register [1] service success!
20201113 19:44:20 DEBUG ../../../apps/lua/scripts/gateway/gw_service.lua:31  
connect success to server [Auth server] 127.0.0.1 : 8000
20201113 19:44:20 DEBUG ../../../apps/lua/scripts/database/mysql_auth_center.lua:19  
connect to auth center db success!!!!
20201113 19:44:58 DEBUG ../../../apps/lua/scripts/gateway/main.lua:29  
Server TCP Start At 6080
20201113 19:44:58 DEBUG ../../../apps/lua/scripts/gateway/main.lua:31  
Server WS Start At 6081
20201113 19:44:58 DEBUG ../../../apps/lua/scripts/gateway/gw_service.lua:41  
connection to server [Auth server] 127.0.0.1 : 8000
20201113 19:44:58 DEBUG ../../../apps/lua/scripts/gateway/main.lua:40  
register [1] service success!
20201113 19:44:58 DEBUG ../../../apps/lua/scripts/gateway/gw_service.lua:31  
connect success to server [Auth server] 127.0.0.1 : 8000
20201113 19:44:58 DEBUG ../../../apps/lua/scripts/database/mysql_auth_center.lua:19  
connect to auth center db success!!!!
20201113 19:45:50 ERROR d:\c++\moba_game_server\moba_server\netbus\netbus.cc:255  
new client comming 127.0.0.1:51944

20201113 19:46:34 DEBUG ../../../apps/lua/scripts/gateway/gw_service.lua:125  
send_to_server	1	9	0	127.0.0.1	51944
20201113 19:46:34 DEBUG ../../../apps/lua/scripts/gateway/gw_service.lua:137  
================utag	0
