20201205 13:52:25 DEBUG ../../../apps/lua/scripts/logic_server/main.lua:27  
Auth Server Start at 8002
20201205 13:52:25 DEBUG ../../../apps/lua/scripts/logic_server/main.lua:34  
register Logic service:[3] success!!!
20201205 13:52:25 DEBUG ../../../apps/lua/scripts/database/redis_game.lua:30  
connect to redis game db success!!!!
20201205 13:52:25 DEBUG ../../../apps/lua/scripts/database/redis_center.lua:32  
connect to redis center db success!!!!
20201205 13:52:25 ERROR d:\c++\moba_game_server\moba_server\netbus\netbus.cc:255  
new client comming 127.0.0.1:64307

20201205 13:52:25 DEBUG ../../../apps/lua/scripts/logic_server/logic_service.lua:28  
gateway connect to Logic!!!
20201205 13:52:25 DEBUG ../../../apps/lua/scripts/logic_server/game_mgr.lua:109  
on_gateway_connect
20201205 13:52:25 ERROR ../../../apps/lua/scripts/database/redis_game.lua:32  
select db_idx
20201205 13:52:25 ERROR ../../../apps/lua/scripts/database/redis_center.lua:34  
select db_idx
20201205 13:52:25 DEBUG ../../../apps/lua/scripts/database/mysql_game.lua:28  
connect to moba game db success!!!!
20201205 13:52:35 ERROR ../../../apps/lua/scripts/logic_server/game_mgr.lua:55  
p == nil	true	0
20201205 13:52:35 DEBUG ../../../apps/lua/scripts/logic_server/player.lua:82  
0	0	127.0.0.1	0
20201205 13:52:35 DEBUG ../../../apps/lua/scripts/database/mysql_game.lua:78  
45	2000	0	0
20201205 13:52:35 ERROR ../../../apps/lua/scripts/logic_server/game_mgr.lua:62  
player:init()	0	1
20201205 13:52:35 DEBUG d:\c++\moba_game_server\moba_server\netbus\session_uv.cc:42  
write success

20201205 13:52:38 ERROR ../../../apps/lua/scripts/logic_server/game_mgr.lua:93  
on_player_disconnect	1
20201205 13:52:53 ERROR ../../../apps/lua/scripts/logic_server/game_mgr.lua:55  
p == nil	true	0
20201205 13:52:53 DEBUG ../../../apps/lua/scripts/logic_server/player.lua:82  
0	0	127.0.0.1	0
20201205 13:52:53 DEBUG ../../../apps/lua/scripts/database/mysql_game.lua:78  
46	2000	0	0
20201205 13:52:53 ERROR ../../../apps/lua/scripts/logic_server/game_mgr.lua:62  
player:init()	0	1
20201205 13:52:53 DEBUG d:\c++\moba_game_server\moba_server\netbus\session_uv.cc:42  
write success

20201205 13:53:12 ERROR ../../../apps/lua/scripts/logic_server/game_mgr.lua:93  
on_player_disconnect	1
20201205 13:53:40 ERROR ../../../apps/lua/scripts/logic_server/game_mgr.lua:55  
p == nil	true	0
20201205 13:53:40 DEBUG ../../../apps/lua/scripts/logic_server/player.lua:82  
0	0	127.0.0.1	0
20201205 13:53:40 DEBUG ../../../apps/lua/scripts/database/mysql_game.lua:78  
47	2000	0	0
20201205 13:53:40 ERROR ../../../apps/lua/scripts/logic_server/game_mgr.lua:62  
player:init()	0	1
20201205 13:53:40 DEBUG d:\c++\moba_game_server\moba_server\netbus\session_uv.cc:42  
write success

20201205 13:53:41 ERROR ../../../apps/lua/scripts/logic_server/game_mgr.lua:93  
on_player_disconnect	1
20201205 13:53:47 ERROR ../../../apps/lua/scripts/logic_server/game_mgr.lua:55  
p == nil	true	0
20201205 13:53:47 DEBUG ../../../apps/lua/scripts/logic_server/player.lua:82  
0	0	127.0.0.1	0
20201205 13:53:47 DEBUG ../../../apps/lua/scripts/database/mysql_game.lua:78  
48	2000	0	0
20201205 13:53:47 ERROR ../../../apps/lua/scripts/logic_server/game_mgr.lua:62  
player:init()	0	1
20201205 13:53:47 DEBUG d:\c++\moba_game_server\moba_server\netbus\session_uv.cc:42  
write success

20201205 13:53:50 ERROR ../../../apps/lua/scripts/logic_server/game_mgr.lua:93  
on_player_disconnect	1
20201205 13:54:22 ERROR ../../../apps/lua/scripts/logic_server/game_mgr.lua:55  
p == nil	true	0
20201205 13:54:22 DEBUG ../../../apps/lua/scripts/logic_server/player.lua:82  
0	0	127.0.0.1	0
20201205 13:54:22 DEBUG ../../../apps/lua/scripts/database/mysql_game.lua:78  
49	2000	0	0
20201205 13:54:22 ERROR ../../../apps/lua/scripts/logic_server/game_mgr.lua:62  
player:init()	0	1
20201205 13:54:22 DEBUG d:\c++\moba_game_server\moba_server\netbus\session_uv.cc:42  
write success

20201205 13:54:23 ERROR ../../../apps/lua/scripts/logic_server/game_mgr.lua:93  
on_player_disconnect	1
20201205 14:11:36 DEBUG ../../../apps/lua/scripts/logic_server/main.lua:27  
Auth Server Start at 8002
20201205 14:11:36 ERROR trunk:0  
table	../../../apps/lua/scripts/logic_server/game_mgr.lua:9: module 'database/mysql_center' not found:
	no field package.preload['database/mysql_center']
	no file 'D:\C++\moba_game_server\moba_server\build\bin\Debug\lua\database/mysql_center.lua'
	no file 'D:\C++\moba_game_server\moba_server\build\bin\Debug\lua\database/mysql_center\init.lua'
	no file 'D:\C++\moba_game_server\moba_server\build\bin\Debug\database/mysql_center.lua'
	no file 'D:\C++\moba_game_server\moba_server\build\bin\Debug\database/mysql_center\init.lua'
	no file 'D:\C++\moba_game_server\moba_server\build\bin\Debug\..\share\lua\5.3\database/mysql_center.lua'
	no file 'D:\C++\moba_game_server\moba_server\build\bin\Debug\..\share\lua\5.3\database/mysql_center\init.lua'
	no file '.\database/mysql_center.lua'
	no file '.\database/mysql_center\init.lua'
	no file '../../../apps/lua/scripts/database/mysql_center.lua'
	no file '../../../apps/lua/scripts/database/mysql_center/init.lua'
	no file 'D:\C++\moba_game_server\moba_server\build\bin\Debug\database/mysql_center.dll'
	no file 'D:\C++\moba_game_server\moba_server\build\bin\Debug\..\lib\lua\5.3\database/mysql_center.dll'
	no file 'D:\C++\moba_game_server\moba_server\build\bin\Debug\loadall.dll'
	no file '.\database/mysql_center.dll'
20201205 14:11:36 DEBUG ../../../apps/lua/scripts/database/mysql_game.lua:28  
connect to moba game db success!!!!
20201205 14:12:18 DEBUG ../../../apps/lua/scripts/logic_server/main.lua:27  
Auth Server Start at 8002
20201205 14:12:18 DEBUG ../../../apps/lua/scripts/logic_server/main.lua:34  
register Logic service:[3] success!!!
20201205 14:12:18 DEBUG ../../../apps/lua/scripts/database/redis_game.lua:30  
connect to redis game db success!!!!
20201205 14:12:18 DEBUG ../../../apps/lua/scripts/database/redis_center.lua:32  
connect to redis center db success!!!!
20201205 14:12:18 ERROR ../../../apps/lua/scripts/database/redis_game.lua:32  
select db_idx
20201205 14:12:18 ERROR ../../../apps/lua/scripts/database/redis_center.lua:34  
select db_idx
20201205 14:12:18 DEBUG ../../../apps/lua/scripts/database/mysql_auth_center.lua:27  
connect to auth center db success!!!!
20201205 14:12:18 DEBUG ../../../apps/lua/scripts/database/mysql_game.lua:28  
connect to moba game db success!!!!
20201205 14:12:22 ERROR d:\c++\moba_game_server\moba_server\netbus\netbus.cc:255  
new client comming 127.0.0.1:49390

20201205 14:12:22 DEBUG ../../../apps/lua/scripts/logic_server/logic_service.lua:28  
gateway connect to Logic!!!
20201205 14:12:22 DEBUG ../../../apps/lua/scripts/logic_server/game_mgr.lua:137  
on_gateway_connect
20201205 14:12:23 DEBUG ../../../apps/lua/scripts/database/mysql_game.lua:77  
45	2000	0	0
20201205 14:12:33 ERROR ../../../apps/lua/scripts/logic_server/game_mgr.lua:83  
p == nil	true	0
20201205 14:12:33 DEBUG ../../../apps/lua/scripts/logic_server/player.lua:82  
0	0	127.0.0.1	0
20201205 14:12:33 ERROR ../../../apps/lua/scripts/database/mysql_game.lua:125  
41	3700	0	0
20201205 14:12:33 ERROR ../../../apps/lua/scripts/logic_server/game_mgr.lua:90  
player:init()	0	1
20201205 14:12:33 DEBUG d:\c++\moba_game_server\moba_server\netbus\session_uv.cc:42  
write success

20201205 14:23:10 DEBUG ../../../apps/lua/scripts/logic_server/main.lua:27  
Auth Server Start at 8002
20201205 14:23:10 DEBUG ../../../apps/lua/scripts/logic_server/main.lua:34  
register Logic service:[3] success!!!
20201205 14:23:10 DEBUG ../../../apps/lua/scripts/database/redis_game.lua:30  
connect to redis game db success!!!!
20201205 14:23:10 DEBUG ../../../apps/lua/scripts/database/redis_center.lua:32  
connect to redis center db success!!!!
20201205 14:23:10 ERROR ../../../apps/lua/scripts/database/redis_game.lua:32  
select db_idx
20201205 14:23:10 ERROR ../../../apps/lua/scripts/database/redis_center.lua:34  
select db_idx
20201205 14:23:10 DEBUG ../../../apps/lua/scripts/database/mysql_auth_center.lua:27  
connect to auth center db success!!!!
20201205 14:23:10 DEBUG ../../../apps/lua/scripts/database/mysql_game.lua:28  
connect to moba game db success!!!!
20201205 14:23:11 ERROR d:\c++\moba_game_server\moba_server\netbus\netbus.cc:255  
new client comming 127.0.0.1:49445

20201205 14:23:11 DEBUG ../../../apps/lua/scripts/logic_server/logic_service.lua:28  
gateway connect to Logic!!!
20201205 14:23:11 DEBUG ../../../apps/lua/scripts/logic_server/game_mgr.lua:162  
on_gateway_connect
20201205 14:24:06 DEBUG ../../../apps/lua/scripts/logic_server/main.lua:27  
Auth Server Start at 8002
20201205 14:24:06 DEBUG ../../../apps/lua/scripts/logic_server/main.lua:34  
register Logic service:[3] success!!!
20201205 14:24:06 DEBUG ../../../apps/lua/scripts/database/redis_game.lua:30  
connect to redis game db success!!!!
20201205 14:24:06 DEBUG ../../../apps/lua/scripts/database/redis_center.lua:32  
connect to redis center db success!!!!
20201205 14:24:06 ERROR ../../../apps/lua/scripts/database/redis_game.lua:32  
select db_idx
20201205 14:24:06 ERROR ../../../apps/lua/scripts/database/redis_center.lua:34  
select db_idx
20201205 14:24:06 ERROR d:\c++\moba_game_server\moba_server\netbus\netbus.cc:255  
new client comming 127.0.0.1:49447

20201205 14:24:06 DEBUG ../../../apps/lua/scripts/logic_server/logic_service.lua:28  
gateway connect to Logic!!!
20201205 14:24:06 DEBUG ../../../apps/lua/scripts/logic_server/game_mgr.lua:162  
on_gateway_connect
20201205 14:24:06 DEBUG ../../../apps/lua/scripts/database/mysql_auth_center.lua:27  
connect to auth center db success!!!!
20201205 14:24:06 DEBUG ../../../apps/lua/scripts/database/mysql_game.lua:28  
connect to moba game db success!!!!
20201205 14:24:11 ERROR ../../../apps/lua/scripts/logic_server/game_mgr.lua:73  
do_load_robot_ugame_info +++
20201205 14:24:39 DEBUG ../../../apps/lua/scripts/logic_server/main.lua:27  
Auth Server Start at 8002
20201205 14:24:39 DEBUG ../../../apps/lua/scripts/logic_server/main.lua:34  
register Logic service:[3] success!!!
20201205 14:24:39 DEBUG ../../../apps/lua/scripts/database/redis_game.lua:30  
connect to redis game db success!!!!
20201205 14:24:39 DEBUG ../../../apps/lua/scripts/database/redis_center.lua:32  
connect to redis center db success!!!!
20201205 14:24:39 ERROR ../../../apps/lua/scripts/database/redis_game.lua:32  
select db_idx
20201205 14:24:39 ERROR ../../../apps/lua/scripts/database/redis_center.lua:34  
select db_idx
20201205 14:24:39 DEBUG ../../../apps/lua/scripts/database/mysql_auth_center.lua:27  
connect to auth center db success!!!!
20201205 14:24:39 DEBUG ../../../apps/lua/scripts/database/mysql_game.lua:28  
connect to moba game db success!!!!
20201205 14:24:39 ERROR d:\c++\moba_game_server\moba_server\netbus\netbus.cc:255  
new client comming 127.0.0.1:49454

20201205 14:24:39 DEBUG ../../../apps/lua/scripts/logic_server/logic_service.lua:28  
gateway connect to Logic!!!
20201205 14:24:39 DEBUG ../../../apps/lua/scripts/logic_server/game_mgr.lua:163  
on_gateway_connect
20201205 14:25:23 DEBUG ../../../apps/lua/scripts/logic_server/main.lua:27  
Auth Server Start at 8002
20201205 14:25:23 DEBUG ../../../apps/lua/scripts/logic_server/main.lua:34  
register Logic service:[3] success!!!
20201205 14:25:23 DEBUG ../../../apps/lua/scripts/database/redis_game.lua:30  
connect to redis game db success!!!!
20201205 14:25:23 DEBUG ../../../apps/lua/scripts/database/redis_center.lua:32  
connect to redis center db success!!!!
20201205 14:25:23 ERROR ../../../apps/lua/scripts/database/redis_game.lua:32  
select db_idx
20201205 14:25:23 ERROR ../../../apps/lua/scripts/database/redis_center.lua:34  
select db_idx
20201205 14:25:23 DEBUG ../../../apps/lua/scripts/database/mysql_auth_center.lua:27  
connect to auth center db success!!!!
20201205 14:25:23 DEBUG ../../../apps/lua/scripts/database/mysql_game.lua:28  
connect to moba game db success!!!!
20201205 14:25:24 ERROR d:\c++\moba_game_server\moba_server\netbus\netbus.cc:255  
new client comming 127.0.0.1:49459

20201205 14:25:24 DEBUG ../../../apps/lua/scripts/logic_server/logic_service.lua:28  
gateway connect to Logic!!!
20201205 14:25:24 DEBUG ../../../apps/lua/scripts/logic_server/game_mgr.lua:163  
on_gateway_connect
20201205 14:25:59 DEBUG ../../../apps/lua/scripts/logic_server/main.lua:27  
Auth Server Start at 8002
20201205 14:25:59 DEBUG ../../../apps/lua/scripts/logic_server/main.lua:34  
register Logic service:[3] success!!!
20201205 14:25:59 DEBUG ../../../apps/lua/scripts/database/redis_game.lua:30  
connect to redis game db success!!!!
20201205 14:25:59 DEBUG ../../../apps/lua/scripts/database/redis_center.lua:32  
connect to redis center db success!!!!
20201205 14:25:59 ERROR ../../../apps/lua/scripts/database/redis_game.lua:32  
select db_idx
20201205 14:25:59 ERROR ../../../apps/lua/scripts/database/redis_center.lua:34  
select db_idx
20201205 14:25:59 DEBUG ../../../apps/lua/scripts/database/mysql_auth_center.lua:27  
connect to auth center db success!!!!
20201205 14:25:59 DEBUG ../../../apps/lua/scripts/database/mysql_game.lua:28  
connect to moba game db success!!!!
20201205 14:26:00 ERROR d:\c++\moba_game_server\moba_server\netbus\netbus.cc:255  
new client comming 127.0.0.1:49470

20201205 14:26:00 DEBUG ../../../apps/lua/scripts/logic_server/logic_service.lua:28  
gateway connect to Logic!!!
20201205 14:26:00 DEBUG ../../../apps/lua/scripts/logic_server/game_mgr.lua:164  
on_gateway_connect
20201205 14:26:04 ERROR ../../../apps/lua/scripts/logic_server/game_mgr.lua:49  
do_load_robot_ugame_info>>>>>
20201205 14:26:32 DEBUG ../../../apps/lua/scripts/logic_server/main.lua:27  
Auth Server Start at 8002
20201205 14:26:32 DEBUG ../../../apps/lua/scripts/logic_server/main.lua:34  
register Logic service:[3] success!!!
20201205 14:26:32 DEBUG ../../../apps/lua/scripts/database/redis_game.lua:30  
connect to redis game db success!!!!
20201205 14:26:32 DEBUG ../../../apps/lua/scripts/database/redis_center.lua:32  
connect to redis center db success!!!!
20201205 14:26:32 ERROR ../../../apps/lua/scripts/database/redis_game.lua:32  
select db_idx
20201205 14:26:32 ERROR ../../../apps/lua/scripts/database/redis_center.lua:34  
select db_idx
20201205 14:26:32 DEBUG ../../../apps/lua/scripts/database/mysql_game.lua:28  
connect to moba game db success!!!!
20201205 14:26:32 DEBUG ../../../apps/lua/scripts/database/mysql_auth_center.lua:27  
connect to auth center db success!!!!
20201205 14:26:33 ERROR d:\c++\moba_game_server\moba_server\netbus\netbus.cc:255  
new client comming 127.0.0.1:49477

20201205 14:26:33 DEBUG ../../../apps/lua/scripts/logic_server/logic_service.lua:28  
gateway connect to Logic!!!
20201205 14:26:33 DEBUG ../../../apps/lua/scripts/logic_server/game_mgr.lua:164  
on_gateway_connect
20201205 14:26:37 ERROR ../../../apps/lua/scripts/logic_server/game_mgr.lua:49  
do_load_robot_ugame_info>>>>>
20201205 14:27:07 DEBUG ../../../apps/lua/scripts/logic_server/main.lua:27  
Auth Server Start at 8002
20201205 14:27:07 DEBUG ../../../apps/lua/scripts/logic_server/main.lua:34  
register Logic service:[3] success!!!
20201205 14:27:07 DEBUG ../../../apps/lua/scripts/database/redis_game.lua:30  
connect to redis game db success!!!!
20201205 14:27:07 DEBUG ../../../apps/lua/scripts/database/redis_center.lua:32  
connect to redis center db success!!!!
20201205 14:27:07 ERROR ../../../apps/lua/scripts/database/redis_game.lua:32  
select db_idx
20201205 14:27:07 ERROR ../../../apps/lua/scripts/database/redis_center.lua:34  
select db_idx
20201205 14:27:07 DEBUG ../../../apps/lua/scripts/database/mysql_game.lua:28  
connect to moba game db success!!!!
20201205 14:27:07 DEBUG ../../../apps/lua/scripts/database/mysql_auth_center.lua:27  
connect to auth center db success!!!!
20201205 14:27:07 ERROR d:\c++\moba_game_server\moba_server\netbus\netbus.cc:255  
new client comming 127.0.0.1:49479

20201205 14:27:07 DEBUG ../../../apps/lua/scripts/logic_server/logic_service.lua:28  
gateway connect to Logic!!!
20201205 14:27:07 DEBUG ../../../apps/lua/scripts/logic_server/game_mgr.lua:164  
on_gateway_connect
20201205 14:27:12 ERROR ../../../apps/lua/scripts/logic_server/game_mgr.lua:49  
do_load_robot_ugame_info>>>>>
20201205 14:27:12 ERROR ../../../apps/lua/scripts/logic_server/game_mgr.lua:63  
get_robots_ugame_info
20201205 14:27:12 ERROR ../../../apps/lua/scripts/logic_server/game_mgr.lua:38  
load robot in redis 	45
20201205 14:28:06 DEBUG ../../../apps/lua/scripts/logic_server/main.lua:27  
Auth Server Start at 8002
20201205 14:28:06 DEBUG ../../../apps/lua/scripts/logic_server/main.lua:34  
register Logic service:[3] success!!!
20201205 14:28:06 DEBUG ../../../apps/lua/scripts/database/redis_game.lua:30  
connect to redis game db success!!!!
20201205 14:28:06 DEBUG ../../../apps/lua/scripts/database/redis_center.lua:32  
connect to redis center db success!!!!
20201205 14:28:06 ERROR ../../../apps/lua/scripts/database/redis_game.lua:32  
select db_idx
20201205 14:28:06 ERROR ../../../apps/lua/scripts/database/redis_center.lua:34  
select db_idx
20201205 14:28:06 ERROR d:\c++\moba_game_server\moba_server\netbus\netbus.cc:255  
new client comming 127.0.0.1:49484

20201205 14:28:06 DEBUG ../../../apps/lua/scripts/logic_server/logic_service.lua:28  
gateway connect to Logic!!!
20201205 14:28:06 DEBUG ../../../apps/lua/scripts/logic_server/game_mgr.lua:164  
on_gateway_connect
20201205 14:28:06 DEBUG ../../../apps/lua/scripts/database/mysql_auth_center.lua:27  
connect to auth center db success!!!!
20201205 14:28:06 DEBUG ../../../apps/lua/scripts/database/mysql_game.lua:28  
connect to moba game db success!!!!
20201205 14:28:11 ERROR ../../../apps/lua/scripts/logic_server/game_mgr.lua:49  
do_load_robot_ugame_info>>>>>
20201205 14:28:11 ERROR ../../../apps/lua/scripts/database/mysql_game.lua:66  
45
20201205 14:28:11 ERROR ../../../apps/lua/scripts/logic_server/game_mgr.lua:63  
get_robots_ugame_info
20201205 14:28:11 ERROR ../../../apps/lua/scripts/logic_server/game_mgr.lua:38  
load robot in redis 	45
20201205 14:29:16 DEBUG ../../../apps/lua/scripts/logic_server/main.lua:27  
Auth Server Start at 8002
20201205 14:29:16 DEBUG ../../../apps/lua/scripts/logic_server/main.lua:34  
register Logic service:[3] success!!!
20201205 14:29:16 DEBUG ../../../apps/lua/scripts/database/redis_center.lua:32  
connect to redis center db success!!!!
20201205 14:29:16 DEBUG ../../../apps/lua/scripts/database/redis_game.lua:30  
connect to redis game db success!!!!
20201205 14:29:16 ERROR ../../../apps/lua/scripts/database/redis_center.lua:34  
select db_idx
20201205 14:29:16 ERROR d:\c++\moba_game_server\moba_server\netbus\netbus.cc:255  
new client comming 127.0.0.1:49604

20201205 14:29:16 DEBUG ../../../apps/lua/scripts/logic_server/logic_service.lua:28  
gateway connect to Logic!!!
20201205 14:29:16 DEBUG ../../../apps/lua/scripts/logic_server/game_mgr.lua:164  
on_gateway_connect
20201205 14:29:16 ERROR ../../../apps/lua/scripts/database/redis_game.lua:32  
select db_idx
20201205 14:29:16 DEBUG ../../../apps/lua/scripts/database/mysql_game.lua:28  
connect to moba game db success!!!!
20201205 14:29:16 DEBUG ../../../apps/lua/scripts/database/mysql_auth_center.lua:27  
connect to auth center db success!!!!
20201205 14:29:21 ERROR ../../../apps/lua/scripts/logic_server/game_mgr.lua:49  
do_load_robot_ugame_info>>>>>
20201205 14:29:21 ERROR ../../../apps/lua/scripts/database/mysql_game.lua:66  
45
20201205 14:29:21 ERROR ../../../apps/lua/scripts/database/mysql_game.lua:66  
46
20201205 14:29:21 ERROR ../../../apps/lua/scripts/database/mysql_game.lua:66  
47
20201205 14:29:21 ERROR ../../../apps/lua/scripts/database/mysql_game.lua:66  
48
20201205 14:29:21 ERROR ../../../apps/lua/scripts/database/mysql_game.lua:66  
49
20201205 14:29:21 ERROR ../../../apps/lua/scripts/logic_server/game_mgr.lua:63  
get_robots_ugame_info
20201205 14:29:21 ERROR ../../../apps/lua/scripts/logic_server/game_mgr.lua:38  
load robot in redis 	45
20201205 14:29:21 ERROR ../../../apps/lua/scripts/logic_server/game_mgr.lua:38  
load robot in redis 	46
20201205 14:29:21 ERROR ../../../apps/lua/scripts/logic_server/game_mgr.lua:38  
load robot in redis 	47
20201205 14:29:21 ERROR ../../../apps/lua/scripts/logic_server/game_mgr.lua:38  
load robot in redis 	48
20201205 14:29:21 ERROR ../../../apps/lua/scripts/logic_server/game_mgr.lua:38  
load robot in redis 	49
20201205 17:37:06 DEBUG ../../../apps/lua/scripts/logic_server/main.lua:27  
Auth Server Start at 8002
20201205 17:37:06 DEBUG ../../../apps/lua/scripts/logic_server/main.lua:34  
register Logic service:[3] success!!!
20201205 17:37:06 DEBUG ../../../apps/lua/scripts/database/redis_game.lua:30  
connect to redis game db success!!!!
20201205 17:37:06 DEBUG ../../../apps/lua/scripts/database/redis_center.lua:32  
connect to redis center db success!!!!
20201205 17:37:06 ERROR ../../../apps/lua/scripts/database/redis_game.lua:32  
select db_idx
20201205 17:37:06 ERROR ../../../apps/lua/scripts/database/redis_center.lua:34  
select db_idx
20201205 17:37:06 DEBUG ../../../apps/lua/scripts/database/mysql_auth_center.lua:27  
connect to auth center db success!!!!
20201205 17:37:06 DEBUG ../../../apps/lua/scripts/database/mysql_game.lua:28  
connect to moba game db success!!!!
20201205 17:37:11 DEBUG ../../../apps/lua/scripts/logic_server/player.lua:97  
nil	nil	nil
20201205 17:37:11 DEBUG ../../../apps/lua/scripts/logic_server/player.lua:97  
nil	nil	nil
20201205 17:37:11 DEBUG ../../../apps/lua/scripts/logic_server/player.lua:97  
nil	nil	nil
20201205 17:37:11 DEBUG ../../../apps/lua/scripts/logic_server/player.lua:97  
nil	nil	nil
20201205 17:37:11 DEBUG ../../../apps/lua/scripts/logic_server/player.lua:97  
nil	nil	nil
20201205 17:37:13 ERROR d:\c++\moba_game_server\moba_server\netbus\netbus.cc:255  
new client comming 127.0.0.1:50853

20201205 17:37:13 DEBUG ../../../apps/lua/scripts/logic_server/logic_service.lua:28  
gateway connect to Logic!!!
20201205 17:37:13 DEBUG ../../../apps/lua/scripts/logic_server/game_mgr.lua:190  
on_gateway_connect
20201205 17:37:51 ERROR ../../../apps/lua/scripts/logic_server/game_mgr.lua:136  
p == nil	true	0
20201205 17:37:51 DEBUG ../../../apps/lua/scripts/logic_server/player.lua:97  
0	0	127.0.0.1	0
20201205 17:37:51 ERROR ../../../apps/lua/scripts/logic_server/game_mgr.lua:143  
player:init()	0	1
20201205 17:37:51 DEBUG d:\c++\moba_game_server\moba_server\netbus\session_uv.cc:42  
write success

20201205 17:37:59 DEBUG d:\c++\moba_game_server\moba_server\netbus\session_uv.cc:42  
write success

20201205 17:38:02 DEBUG d:\c++\moba_game_server\moba_server\netbus\session_uv.cc:42  
write success

20201205 17:38:44 DEBUG d:\c++\moba_game_server\moba_server\netbus\session_uv.cc:42  
write success

20201205 17:39:27 ERROR ../../../apps/lua/scripts/logic_server/game_mgr.lua:174  
on_player_disconnect	1
20201205 17:40:41 DEBUG ../../../apps/lua/scripts/logic_server/main.lua:27  
Auth Server Start at 8002
20201205 17:40:41 DEBUG ../../../apps/lua/scripts/logic_server/main.lua:34  
register Logic service:[3] success!!!
20201205 17:40:41 DEBUG ../../../apps/lua/scripts/database/redis_game.lua:30  
connect to redis game db success!!!!
20201205 17:40:41 DEBUG ../../../apps/lua/scripts/database/redis_center.lua:32  
connect to redis center db success!!!!
20201205 17:40:41 ERROR ../../../apps/lua/scripts/database/redis_game.lua:32  
select db_idx
20201205 17:40:41 ERROR ../../../apps/lua/scripts/database/redis_center.lua:34  
select db_idx
20201205 17:40:41 DEBUG ../../../apps/lua/scripts/database/mysql_auth_center.lua:27  
connect to auth center db success!!!!
20201205 17:40:41 DEBUG ../../../apps/lua/scripts/database/mysql_game.lua:28  
connect to moba game db success!!!!
20201205 17:40:41 ERROR d:\c++\moba_game_server\moba_server\netbus\netbus.cc:255  
new client comming 127.0.0.1:50876

20201205 17:40:41 DEBUG ../../../apps/lua/scripts/logic_server/logic_service.lua:28  
gateway connect to Logic!!!
20201205 17:40:41 DEBUG ../../../apps/lua/scripts/logic_server/game_mgr.lua:190  
on_gateway_connect
20201205 17:40:46 DEBUG ../../../apps/lua/scripts/logic_server/player.lua:97  
nil	nil	nil
20201205 17:40:46 DEBUG ../../../apps/lua/scripts/logic_server/player.lua:97  
nil	nil	nil
20201205 17:40:46 DEBUG ../../../apps/lua/scripts/logic_server/player.lua:97  
nil	nil	nil
20201205 17:40:46 DEBUG ../../../apps/lua/scripts/logic_server/player.lua:97  
nil	nil	nil
20201205 17:40:46 DEBUG ../../../apps/lua/scripts/logic_server/player.lua:97  
nil	nil	nil
20201205 17:40:48 ERROR ../../../apps/lua/scripts/logic_server/game_mgr.lua:136  
p == nil	true	0
20201205 17:40:48 DEBUG ../../../apps/lua/scripts/logic_server/player.lua:97  
0	0	127.0.0.1	0
20201205 17:40:48 ERROR ../../../apps/lua/scripts/logic_server/game_mgr.lua:143  
player:init()	0	1
20201205 17:40:48 DEBUG d:\c++\moba_game_server\moba_server\netbus\session_uv.cc:42  
write success

20201205 17:40:51 DEBUG d:\c++\moba_game_server\moba_server\netbus\session_uv.cc:42  
write success

20201205 17:40:52 DEBUG d:\c++\moba_game_server\moba_server\netbus\session_uv.cc:42  
write success

20201205 17:42:48 DEBUG ../../../apps/lua/scripts/logic_server/main.lua:27  
Auth Server Start at 8002
20201205 17:42:48 DEBUG ../../../apps/lua/scripts/logic_server/main.lua:34  
register Logic service:[3] success!!!
20201205 17:42:48 DEBUG ../../../apps/lua/scripts/database/redis_game.lua:30  
connect to redis game db success!!!!
20201205 17:42:48 DEBUG ../../../apps/lua/scripts/database/redis_center.lua:32  
connect to redis center db success!!!!
20201205 17:42:48 ERROR ../../../apps/lua/scripts/database/redis_game.lua:32  
select db_idx
20201205 17:42:48 ERROR ../../../apps/lua/scripts/database/redis_center.lua:34  
select db_idx
20201205 17:42:48 DEBUG ../../../apps/lua/scripts/database/mysql_auth_center.lua:27  
connect to auth center db success!!!!
20201205 17:42:48 DEBUG ../../../apps/lua/scripts/database/mysql_game.lua:28  
connect to moba game db success!!!!
20201205 17:42:49 ERROR d:\c++\moba_game_server\moba_server\netbus\netbus.cc:255  
new client comming 127.0.0.1:50898

20201205 17:42:49 DEBUG ../../../apps/lua/scripts/logic_server/logic_service.lua:28  
gateway connect to Logic!!!
20201205 17:42:49 DEBUG ../../../apps/lua/scripts/logic_server/game_mgr.lua:190  
on_gateway_connect
20201205 17:42:53 DEBUG ../../../apps/lua/scripts/logic_server/player.lua:97  
nil	nil	nil
20201205 17:42:53 DEBUG ../../../apps/lua/scripts/logic_server/player.lua:97  
nil	nil	nil
20201205 17:42:53 DEBUG ../../../apps/lua/scripts/logic_server/player.lua:97  
nil	nil	nil
20201205 17:42:53 DEBUG ../../../apps/lua/scripts/logic_server/player.lua:97  
nil	nil	nil
20201205 17:42:53 DEBUG ../../../apps/lua/scripts/logic_server/player.lua:97  
nil	nil	nil
20201205 17:44:03 ERROR ../../../apps/lua/scripts/logic_server/game_mgr.lua:136  
p == nil	true	0
20201205 17:44:03 DEBUG ../../../apps/lua/scripts/logic_server/player.lua:97  
0	0	127.0.0.1	0
20201205 17:44:03 ERROR ../../../apps/lua/scripts/logic_server/game_mgr.lua:143  
player:init()	0	1
20201205 17:44:03 DEBUG d:\c++\moba_game_server\moba_server\netbus\session_uv.cc:42  
write success

20201205 17:44:25 DEBUG d:\c++\moba_game_server\moba_server\netbus\session_uv.cc:42  
write success

20201205 17:44:29 DEBUG d:\c++\moba_game_server\moba_server\netbus\session_uv.cc:42  
write success

20201205 17:44:56 DEBUG ../../../apps/lua/scripts/logic_server/main.lua:27  
Auth Server Start at 8002
20201205 17:44:56 DEBUG ../../../apps/lua/scripts/logic_server/main.lua:34  
register Logic service:[3] success!!!
20201205 17:44:56 DEBUG ../../../apps/lua/scripts/database/redis_game.lua:30  
connect to redis game db success!!!!
20201205 17:44:56 DEBUG ../../../apps/lua/scripts/database/redis_center.lua:32  
connect to redis center db success!!!!
20201205 17:44:56 ERROR ../../../apps/lua/scripts/database/redis_game.lua:32  
select db_idx
20201205 17:44:56 ERROR ../../../apps/lua/scripts/database/redis_center.lua:34  
select db_idx
20201205 17:44:56 DEBUG ../../../apps/lua/scripts/database/mysql_auth_center.lua:27  
connect to auth center db success!!!!
20201205 17:44:56 DEBUG ../../../apps/lua/scripts/database/mysql_game.lua:28  
connect to moba game db success!!!!
20201205 17:44:57 ERROR d:\c++\moba_game_server\moba_server\netbus\netbus.cc:255  
new client comming 127.0.0.1:50911

20201205 17:44:57 DEBUG ../../../apps/lua/scripts/logic_server/logic_service.lua:28  
gateway connect to Logic!!!
20201205 17:44:57 DEBUG ../../../apps/lua/scripts/logic_server/game_mgr.lua:190  
on_gateway_connect
20201205 17:45:01 DEBUG ../../../apps/lua/scripts/logic_server/player.lua:97  
nil	nil	nil
20201205 17:45:01 DEBUG ../../../apps/lua/scripts/logic_server/player.lua:97  
nil	nil	nil
20201205 17:45:01 DEBUG ../../../apps/lua/scripts/logic_server/player.lua:97  
nil	nil	nil
20201205 17:45:01 DEBUG ../../../apps/lua/scripts/logic_server/player.lua:97  
nil	nil	nil
20201205 17:45:01 DEBUG ../../../apps/lua/scripts/logic_server/player.lua:97  
nil	nil	nil
20201205 17:45:02 ERROR ../../../apps/lua/scripts/logic_server/game_mgr.lua:136  
p == nil	true	0
20201205 17:45:02 DEBUG ../../../apps/lua/scripts/logic_server/player.lua:97  
0	0	127.0.0.1	0
20201205 17:45:02 ERROR ../../../apps/lua/scripts/logic_server/game_mgr.lua:143  
player:init()	0	1
20201205 17:45:02 DEBUG d:\c++\moba_game_server\moba_server\netbus\session_uv.cc:42  
write success

20201205 17:45:05 DEBUG d:\c++\moba_game_server\moba_server\netbus\session_uv.cc:42  
write success

20201205 17:45:07 DEBUG d:\c++\moba_game_server\moba_server\netbus\session_uv.cc:42  
write success

20201205 17:45:07 ERROR ../../../apps/lua/scripts/logic_server/game_mgr.lua:257  
do_push_robot_to_match
20201205 17:45:08 ERROR ../../../apps/lua/scripts/logic_server/game_mgr.lua:257  
do_push_robot_to_match
20201205 17:45:09 ERROR ../../../apps/lua/scripts/logic_server/game_mgr.lua:257  
do_push_robot_to_match
20201205 17:45:10 ERROR ../../../apps/lua/scripts/logic_server/game_mgr.lua:257  
do_push_robot_to_match
20201205 17:45:11 ERROR ../../../apps/lua/scripts/logic_server/game_mgr.lua:257  
do_push_robot_to_match
20201205 17:45:12 ERROR ../../../apps/lua/scripts/logic_server/game_mgr.lua:257  
do_push_robot_to_match
20201205 17:45:13 ERROR ../../../apps/lua/scripts/logic_server/game_mgr.lua:257  
do_push_robot_to_match
20201205 17:45:14 ERROR ../../../apps/lua/scripts/logic_server/game_mgr.lua:257  
do_push_robot_to_match
20201205 17:45:15 ERROR ../../../apps/lua/scripts/logic_server/game_mgr.lua:257  
do_push_robot_to_match
20201205 17:45:16 ERROR ../../../apps/lua/scripts/logic_server/game_mgr.lua:257  
do_push_robot_to_match
20201205 17:45:17 ERROR ../../../apps/lua/scripts/logic_server/game_mgr.lua:257  
do_push_robot_to_match
20201205 17:45:18 ERROR ../../../apps/lua/scripts/logic_server/game_mgr.lua:257  
do_push_robot_to_match
20201205 17:45:19 ERROR ../../../apps/lua/scripts/logic_server/game_mgr.lua:257  
do_push_robot_to_match
20201205 17:45:20 ERROR ../../../apps/lua/scripts/logic_server/game_mgr.lua:257  
do_push_robot_to_match
20201205 17:45:21 ERROR ../../../apps/lua/scripts/logic_server/game_mgr.lua:257  
do_push_robot_to_match
20201205 17:45:22 ERROR ../../../apps/lua/scripts/logic_server/game_mgr.lua:257  
do_push_robot_to_match
20201205 17:45:23 ERROR ../../../apps/lua/scripts/logic_server/game_mgr.lua:257  
do_push_robot_to_match
20201205 17:45:24 ERROR ../../../apps/lua/scripts/logic_server/game_mgr.lua:257  
do_push_robot_to_match
20201205 17:45:25 ERROR ../../../apps/lua/scripts/logic_server/game_mgr.lua:257  
do_push_robot_to_match
20201205 17:45:26 ERROR ../../../apps/lua/scripts/logic_server/game_mgr.lua:257  
do_push_robot_to_match
20201205 17:45:27 ERROR ../../../apps/lua/scripts/logic_server/game_mgr.lua:257  
do_push_robot_to_match
20201205 17:45:28 ERROR ../../../apps/lua/scripts/logic_server/game_mgr.lua:257  
do_push_robot_to_match
20201205 17:45:29 ERROR ../../../apps/lua/scripts/logic_server/game_mgr.lua:257  
do_push_robot_to_match
20201205 17:45:30 ERROR ../../../apps/lua/scripts/logic_server/game_mgr.lua:257  
do_push_robot_to_match
20201205 17:45:31 ERROR ../../../apps/lua/scripts/logic_server/game_mgr.lua:257  
do_push_robot_to_match
20201205 17:45:32 ERROR ../../../apps/lua/scripts/logic_server/game_mgr.lua:257  
do_push_robot_to_match
20201205 17:45:33 ERROR ../../../apps/lua/scripts/logic_server/game_mgr.lua:257  
do_push_robot_to_match
20201205 17:45:37 DEBUG ../../../apps/lua/scripts/logic_server/main.lua:27  
Auth Server Start at 8002
20201205 17:45:37 DEBUG ../../../apps/lua/scripts/logic_server/main.lua:34  
register Logic service:[3] success!!!
20201205 17:45:37 DEBUG ../../../apps/lua/scripts/database/redis_game.lua:30  
connect to redis game db success!!!!
20201205 17:45:37 DEBUG ../../../apps/lua/scripts/database/redis_center.lua:32  
connect to redis center db success!!!!
20201205 17:45:37 ERROR ../../../apps/lua/scripts/database/redis_game.lua:32  
select db_idx
20201205 17:45:37 ERROR ../../../apps/lua/scripts/database/redis_center.lua:34  
select db_idx
20201205 17:45:37 DEBUG ../../../apps/lua/scripts/database/mysql_auth_center.lua:27  
connect to auth center db success!!!!
20201205 17:45:37 DEBUG ../../../apps/lua/scripts/database/mysql_game.lua:28  
connect to moba game db success!!!!
20201205 17:45:38 ERROR d:\c++\moba_game_server\moba_server\netbus\netbus.cc:255  
new client comming 127.0.0.1:50923

20201205 17:45:38 DEBUG ../../../apps/lua/scripts/logic_server/logic_service.lua:28  
gateway connect to Logic!!!
20201205 17:45:38 DEBUG ../../../apps/lua/scripts/logic_server/game_mgr.lua:190  
on_gateway_connect
20201205 17:45:38 ERROR ../../../apps/lua/scripts/logic_server/game_mgr.lua:256  
do_push_robot_to_match	1
20201205 17:45:38 ERROR ../../../apps/lua/scripts/logic_server/game_mgr.lua:256  
do_push_robot_to_match	2
20201205 17:45:39 ERROR ../../../apps/lua/scripts/logic_server/game_mgr.lua:256  
do_push_robot_to_match	1
20201205 17:45:39 ERROR ../../../apps/lua/scripts/logic_server/game_mgr.lua:256  
do_push_robot_to_match	2
20201205 17:45:40 ERROR ../../../apps/lua/scripts/logic_server/game_mgr.lua:256  
do_push_robot_to_match	1
20201205 17:45:40 ERROR ../../../apps/lua/scripts/logic_server/game_mgr.lua:256  
do_push_robot_to_match	2
20201205 17:45:41 ERROR ../../../apps/lua/scripts/logic_server/game_mgr.lua:256  
do_push_robot_to_match	1
20201205 17:45:41 ERROR ../../../apps/lua/scripts/logic_server/game_mgr.lua:256  
do_push_robot_to_match	2
20201205 17:45:42 ERROR ../../../apps/lua/scripts/logic_server/game_mgr.lua:256  
do_push_robot_to_match	1
20201205 17:45:42 ERROR ../../../apps/lua/scripts/logic_server/game_mgr.lua:256  
do_push_robot_to_match	2
20201205 17:45:42 DEBUG ../../../apps/lua/scripts/logic_server/player.lua:97  
nil	nil	nil
20201205 17:45:42 DEBUG ../../../apps/lua/scripts/logic_server/player.lua:97  
nil	nil	nil
20201205 17:45:42 DEBUG ../../../apps/lua/scripts/logic_server/player.lua:97  
nil	nil	nil
20201205 17:45:42 DEBUG ../../../apps/lua/scripts/logic_server/player.lua:97  
nil	nil	nil
20201205 17:45:42 DEBUG ../../../apps/lua/scripts/logic_server/player.lua:97  
nil	nil	nil
20201205 17:45:43 ERROR ../../../apps/lua/scripts/logic_server/game_mgr.lua:256  
do_push_robot_to_match	1
20201205 17:45:43 ERROR ../../../apps/lua/scripts/logic_server/game_mgr.lua:256  
do_push_robot_to_match	2
20201205 17:45:44 ERROR ../../../apps/lua/scripts/logic_server/game_mgr.lua:256  
do_push_robot_to_match	1
20201205 17:45:44 ERROR ../../../apps/lua/scripts/logic_server/game_mgr.lua:256  
do_push_robot_to_match	2
20201205 17:45:45 ERROR ../../../apps/lua/scripts/logic_server/game_mgr.lua:256  
do_push_robot_to_match	1
20201205 17:45:45 ERROR ../../../apps/lua/scripts/logic_server/game_mgr.lua:256  
do_push_robot_to_match	2
20201205 17:45:46 ERROR ../../../apps/lua/scripts/logic_server/game_mgr.lua:256  
do_push_robot_to_match	1
20201205 17:45:46 ERROR ../../../apps/lua/scripts/logic_server/game_mgr.lua:256  
do_push_robot_to_match	2
20201205 17:45:47 ERROR ../../../apps/lua/scripts/logic_server/game_mgr.lua:256  
do_push_robot_to_match	1
20201205 17:45:47 ERROR ../../../apps/lua/scripts/logic_server/game_mgr.lua:256  
do_push_robot_to_match	2
20201205 17:45:48 ERROR ../../../apps/lua/scripts/logic_server/game_mgr.lua:256  
do_push_robot_to_match	1
20201205 17:45:48 ERROR ../../../apps/lua/scripts/logic_server/game_mgr.lua:256  
do_push_robot_to_match	2
20201205 17:45:49 ERROR ../../../apps/lua/scripts/logic_server/game_mgr.lua:256  
do_push_robot_to_match	1
20201205 17:45:49 ERROR ../../../apps/lua/scripts/logic_server/game_mgr.lua:256  
do_push_robot_to_match	2
20201205 17:45:50 ERROR ../../../apps/lua/scripts/logic_server/game_mgr.lua:256  
do_push_robot_to_match	1
20201205 17:45:50 ERROR ../../../apps/lua/scripts/logic_server/game_mgr.lua:256  
do_push_robot_to_match	2
20201205 17:45:51 ERROR ../../../apps/lua/scripts/logic_server/game_mgr.lua:256  
do_push_robot_to_match	1
20201205 17:45:51 ERROR ../../../apps/lua/scripts/logic_server/game_mgr.lua:256  
do_push_robot_to_match	2
20201205 17:45:52 ERROR ../../../apps/lua/scripts/logic_server/game_mgr.lua:256  
do_push_robot_to_match	1
20201205 17:45:52 ERROR ../../../apps/lua/scripts/logic_server/game_mgr.lua:256  
do_push_robot_to_match	2
20201205 17:45:53 ERROR ../../../apps/lua/scripts/logic_server/game_mgr.lua:136  
p == nil	true	0
20201205 17:45:53 DEBUG ../../../apps/lua/scripts/logic_server/player.lua:97  
0	0	127.0.0.1	0
20201205 17:45:53 ERROR ../../../apps/lua/scripts/logic_server/game_mgr.lua:143  
player:init()	0	1
20201205 17:45:53 DEBUG d:\c++\moba_game_server\moba_server\netbus\session_uv.cc:42  
write success

20201205 17:45:53 ERROR ../../../apps/lua/scripts/logic_server/game_mgr.lua:256  
do_push_robot_to_match	1
20201205 17:45:53 ERROR ../../../apps/lua/scripts/logic_server/game_mgr.lua:256  
do_push_robot_to_match	2
20201205 17:45:54 ERROR ../../../apps/lua/scripts/logic_server/game_mgr.lua:256  
do_push_robot_to_match	1
20201205 17:45:54 ERROR ../../../apps/lua/scripts/logic_server/game_mgr.lua:256  
do_push_robot_to_match	2
20201205 17:45:55 ERROR ../../../apps/lua/scripts/logic_server/game_mgr.lua:256  
do_push_robot_to_match	1
20201205 17:45:55 ERROR ../../../apps/lua/scripts/logic_server/game_mgr.lua:256  
do_push_robot_to_match	2
20201205 17:45:56 DEBUG d:\c++\moba_game_server\moba_server\netbus\session_uv.cc:42  
write success

20201205 17:45:56 ERROR ../../../apps/lua/scripts/logic_server/game_mgr.lua:256  
do_push_robot_to_match	1
20201205 17:45:56 ERROR ../../../apps/lua/scripts/logic_server/game_mgr.lua:256  
do_push_robot_to_match	2
20201205 17:45:57 ERROR ../../../apps/lua/scripts/logic_server/game_mgr.lua:256  
do_push_robot_to_match	1
20201205 17:45:57 ERROR ../../../apps/lua/scripts/logic_server/game_mgr.lua:256  
do_push_robot_to_match	2
20201205 17:45:58 DEBUG d:\c++\moba_game_server\moba_server\netbus\session_uv.cc:42  
write success

20201205 17:45:58 ERROR ../../../apps/lua/scripts/logic_server/game_mgr.lua:256  
do_push_robot_to_match	1
20201205 17:45:58 ERROR ../../../apps/lua/scripts/logic_server/game_mgr.lua:256  
do_push_robot_to_match	2
20201205 17:45:59 ERROR ../../../apps/lua/scripts/logic_server/game_mgr.lua:256  
do_push_robot_to_match	1
20201205 17:45:59 ERROR ../../../apps/lua/scripts/logic_server/game_mgr.lua:256  
do_push_robot_to_match	2
20201205 17:46:00 ERROR ../../../apps/lua/scripts/logic_server/game_mgr.lua:256  
do_push_robot_to_match	1
20201205 17:46:00 ERROR ../../../apps/lua/scripts/logic_server/game_mgr.lua:256  
do_push_robot_to_match	2
20201205 17:46:01 ERROR ../../../apps/lua/scripts/logic_server/game_mgr.lua:256  
do_push_robot_to_match	1
20201205 17:46:01 ERROR ../../../apps/lua/scripts/logic_server/game_mgr.lua:256  
do_push_robot_to_match	2
20201205 17:46:02 ERROR ../../../apps/lua/scripts/logic_server/game_mgr.lua:256  
do_push_robot_to_match	1
20201205 17:46:02 ERROR ../../../apps/lua/scripts/logic_server/game_mgr.lua:256  
do_push_robot_to_match	2
20201205 17:46:03 ERROR ../../../apps/lua/scripts/logic_server/game_mgr.lua:174  
on_player_disconnect	1
20201205 17:46:03 ERROR ../../../apps/lua/scripts/logic_server/game_mgr.lua:256  
do_push_robot_to_match	1
20201205 17:46:03 ERROR ../../../apps/lua/scripts/logic_server/game_mgr.lua:256  
do_push_robot_to_match	2
20201205 17:46:04 ERROR ../../../apps/lua/scripts/logic_server/game_mgr.lua:256  
do_push_robot_to_match	1
20201205 17:46:04 ERROR ../../../apps/lua/scripts/logic_server/game_mgr.lua:256  
do_push_robot_to_match	2
20201205 17:46:23 DEBUG ../../../apps/lua/scripts/logic_server/main.lua:27  
Auth Server Start at 8002
20201205 17:46:23 DEBUG ../../../apps/lua/scripts/logic_server/main.lua:34  
register Logic service:[3] success!!!
20201205 17:46:23 DEBUG ../../../apps/lua/scripts/database/redis_game.lua:30  
connect to redis game db success!!!!
20201205 17:46:23 DEBUG ../../../apps/lua/scripts/database/redis_center.lua:32  
connect to redis center db success!!!!
20201205 17:46:23 ERROR ../../../apps/lua/scripts/database/redis_game.lua:32  
select db_idx
20201205 17:46:23 ERROR ../../../apps/lua/scripts/database/redis_center.lua:34  
select db_idx
20201205 17:46:23 DEBUG ../../../apps/lua/scripts/database/mysql_auth_center.lua:27  
connect to auth center db success!!!!
20201205 17:46:23 ERROR d:\c++\moba_game_server\moba_server\netbus\netbus.cc:255  
new client comming 127.0.0.1:50933

20201205 17:46:23 DEBUG ../../../apps/lua/scripts/logic_server/logic_service.lua:28  
gateway connect to Logic!!!
20201205 17:46:23 DEBUG ../../../apps/lua/scripts/logic_server/game_mgr.lua:190  
on_gateway_connect
20201205 17:46:24 DEBUG ../../../apps/lua/scripts/database/mysql_game.lua:28  
connect to moba game db success!!!!
20201205 17:46:28 DEBUG ../../../apps/lua/scripts/logic_server/player.lua:97  
nil	nil	nil
20201205 17:46:28 DEBUG ../../../apps/lua/scripts/logic_server/player.lua:97  
nil	nil	nil
20201205 17:46:28 DEBUG ../../../apps/lua/scripts/logic_server/player.lua:97  
nil	nil	nil
20201205 17:46:28 DEBUG ../../../apps/lua/scripts/logic_server/player.lua:97  
nil	nil	nil
20201205 17:46:28 DEBUG ../../../apps/lua/scripts/logic_server/player.lua:97  
nil	nil	nil
20201205 17:46:29 ERROR ../../../apps/lua/scripts/logic_server/game_mgr.lua:136  
p == nil	true	0
20201205 17:46:29 DEBUG ../../../apps/lua/scripts/logic_server/player.lua:97  
0	0	127.0.0.1	0
20201205 17:46:29 ERROR ../../../apps/lua/scripts/logic_server/game_mgr.lua:143  
player:init()	0	1
20201205 17:46:29 DEBUG d:\c++\moba_game_server\moba_server\netbus\session_uv.cc:42  
write success

20201205 17:46:32 DEBUG d:\c++\moba_game_server\moba_server\netbus\session_uv.cc:42  
write success

20201205 17:46:34 DEBUG d:\c++\moba_game_server\moba_server\netbus\session_uv.cc:42  
write success

20201205 17:46:34 ERROR ../../../apps/lua/scripts/logic_server/game_mgr.lua:246  
-1	46
20201205 17:46:35 ERROR ../../../apps/lua/scripts/logic_server/game_mgr.lua:246  
-1	46
20201205 17:46:36 ERROR ../../../apps/lua/scripts/logic_server/game_mgr.lua:246  
-1	46
20201205 17:46:37 ERROR ../../../apps/lua/scripts/logic_server/game_mgr.lua:246  
-1	46
20201205 17:46:38 ERROR ../../../apps/lua/scripts/logic_server/game_mgr.lua:246  
-1	46
20201205 17:46:39 ERROR ../../../apps/lua/scripts/logic_server/game_mgr.lua:246  
-1	46
20201205 17:46:40 ERROR ../../../apps/lua/scripts/logic_server/game_mgr.lua:246  
-1	46
20201205 17:46:41 ERROR ../../../apps/lua/scripts/logic_server/game_mgr.lua:246  
-1	46
20201205 17:46:42 ERROR ../../../apps/lua/scripts/logic_server/game_mgr.lua:246  
-1	46
20201205 17:46:43 ERROR ../../../apps/lua/scripts/logic_server/game_mgr.lua:246  
-1	46
20201205 17:46:44 ERROR ../../../apps/lua/scripts/logic_server/game_mgr.lua:246  
-1	46
20201205 17:46:45 ERROR ../../../apps/lua/scripts/logic_server/game_mgr.lua:246  
-1	46
20201205 17:46:46 ERROR ../../../apps/lua/scripts/logic_server/game_mgr.lua:246  
-1	46
20201205 17:46:47 ERROR ../../../apps/lua/scripts/logic_server/game_mgr.lua:246  
-1	46
20201205 17:46:48 ERROR ../../../apps/lua/scripts/logic_server/game_mgr.lua:246  
-1	46
20201205 17:46:49 ERROR ../../../apps/lua/scripts/logic_server/game_mgr.lua:246  
-1	46
20201205 17:46:50 ERROR ../../../apps/lua/scripts/logic_server/game_mgr.lua:246  
-1	46
20201205 17:46:51 ERROR ../../../apps/lua/scripts/logic_server/game_mgr.lua:246  
-1	46
20201205 17:46:52 ERROR ../../../apps/lua/scripts/logic_server/game_mgr.lua:246  
-1	46
20201205 17:46:53 ERROR ../../../apps/lua/scripts/logic_server/game_mgr.lua:246  
-1	46
20201205 17:46:54 ERROR ../../../apps/lua/scripts/logic_server/game_mgr.lua:246  
-1	46
20201205 17:46:55 ERROR ../../../apps/lua/scripts/logic_server/game_mgr.lua:246  
-1	46
20201205 17:46:56 ERROR ../../../apps/lua/scripts/logic_server/game_mgr.lua:246  
-1	46
20201205 17:46:57 ERROR ../../../apps/lua/scripts/logic_server/game_mgr.lua:246  
-1	46
20201205 17:46:58 ERROR ../../../apps/lua/scripts/logic_server/game_mgr.lua:246  
-1	46
20201205 17:46:59 ERROR ../../../apps/lua/scripts/logic_server/game_mgr.lua:246  
-1	46
20201205 17:47:00 ERROR ../../../apps/lua/scripts/logic_server/game_mgr.lua:246  
-1	46
20201205 17:47:01 ERROR ../../../apps/lua/scripts/logic_server/game_mgr.lua:246  
-1	46
20201205 17:47:02 ERROR ../../../apps/lua/scripts/logic_server/game_mgr.lua:246  
-1	46
20201205 17:47:03 ERROR ../../../apps/lua/scripts/logic_server/game_mgr.lua:246  
-1	46
20201205 17:47:04 ERROR ../../../apps/lua/scripts/logic_server/game_mgr.lua:246  
-1	46
20201205 17:47:05 ERROR ../../../apps/lua/scripts/logic_server/game_mgr.lua:246  
-1	46
20201205 17:47:06 ERROR ../../../apps/lua/scripts/logic_server/game_mgr.lua:246  
-1	46
20201205 17:47:07 ERROR ../../../apps/lua/scripts/logic_server/game_mgr.lua:246  
-1	46
20201205 17:47:08 ERROR ../../../apps/lua/scripts/logic_server/game_mgr.lua:246  
-1	46
20201205 17:47:09 ERROR ../../../apps/lua/scripts/logic_server/game_mgr.lua:246  
-1	46
20201205 17:47:10 ERROR ../../../apps/lua/scripts/logic_server/game_mgr.lua:246  
-1	46
20201205 17:47:11 ERROR ../../../apps/lua/scripts/logic_server/game_mgr.lua:246  
-1	46
20201205 17:47:12 ERROR ../../../apps/lua/scripts/logic_server/game_mgr.lua:246  
-1	46
20201205 17:47:13 ERROR ../../../apps/lua/scripts/logic_server/game_mgr.lua:246  
-1	46
20201205 17:47:14 ERROR ../../../apps/lua/scripts/logic_server/game_mgr.lua:246  
-1	46
20201205 17:47:15 ERROR ../../../apps/lua/scripts/logic_server/game_mgr.lua:246  
-1	46
20201205 17:47:16 ERROR ../../../apps/lua/scripts/logic_server/game_mgr.lua:246  
-1	46
20201205 17:47:17 ERROR ../../../apps/lua/scripts/logic_server/game_mgr.lua:246  
-1	46
20201205 17:47:18 ERROR ../../../apps/lua/scripts/logic_server/game_mgr.lua:246  
-1	46
20201205 17:47:19 ERROR ../../../apps/lua/scripts/logic_server/game_mgr.lua:246  
-1	46
20201205 17:47:20 ERROR ../../../apps/lua/scripts/logic_server/game_mgr.lua:246  
-1	46
20201205 17:47:21 ERROR ../../../apps/lua/scripts/logic_server/game_mgr.lua:246  
-1	46
20201205 17:47:22 ERROR ../../../apps/lua/scripts/logic_server/game_mgr.lua:246  
-1	46
20201205 17:47:23 ERROR ../../../apps/lua/scripts/logic_server/game_mgr.lua:246  
-1	46
20201205 17:47:24 ERROR ../../../apps/lua/scripts/logic_server/game_mgr.lua:246  
-1	46
20201205 17:47:25 ERROR ../../../apps/lua/scripts/logic_server/game_mgr.lua:246  
-1	46
20201205 17:47:26 ERROR ../../../apps/lua/scripts/logic_server/game_mgr.lua:246  
-1	46
20201205 17:47:27 ERROR ../../../apps/lua/scripts/logic_server/game_mgr.lua:246  
-1	46
20201205 17:47:28 ERROR ../../../apps/lua/scripts/logic_server/game_mgr.lua:246  
-1	46
20201205 17:47:29 ERROR ../../../apps/lua/scripts/logic_server/game_mgr.lua:246  
-1	46
20201205 17:47:30 ERROR ../../../apps/lua/scripts/logic_server/game_mgr.lua:246  
-1	46
20201205 17:47:31 ERROR ../../../apps/lua/scripts/logic_server/game_mgr.lua:246  
-1	46
20201205 17:47:31 ERROR ../../../apps/lua/scripts/logic_server/game_mgr.lua:174  
on_player_disconnect	1
20201205 17:47:32 ERROR ../../../apps/lua/scripts/logic_server/game_mgr.lua:246  
-1	46
20201205 17:47:33 ERROR ../../../apps/lua/scripts/logic_server/game_mgr.lua:246  
-1	46
20201205 17:47:37 DEBUG ../../../apps/lua/scripts/logic_server/main.lua:27  
Auth Server Start at 8002
20201205 17:47:37 DEBUG ../../../apps/lua/scripts/logic_server/main.lua:34  
register Logic service:[3] success!!!
20201205 17:47:37 DEBUG ../../../apps/lua/scripts/database/redis_game.lua:30  
connect to redis game db success!!!!
20201205 17:47:37 DEBUG ../../../apps/lua/scripts/database/redis_center.lua:32  
connect to redis center db success!!!!
20201205 17:47:37 ERROR ../../../apps/lua/scripts/database/redis_game.lua:32  
select db_idx
20201205 17:47:37 ERROR ../../../apps/lua/scripts/database/redis_center.lua:34  
select db_idx
20201205 17:47:37 DEBUG ../../../apps/lua/scripts/database/mysql_auth_center.lua:27  
connect to auth center db success!!!!
20201205 17:47:37 DEBUG ../../../apps/lua/scripts/database/mysql_game.lua:28  
connect to moba game db success!!!!
20201205 17:47:37 ERROR d:\c++\moba_game_server\moba_server\netbus\netbus.cc:255  
new client comming 127.0.0.1:50948

20201205 17:47:37 DEBUG ../../../apps/lua/scripts/logic_server/logic_service.lua:28  
gateway connect to Logic!!!
20201205 17:47:37 DEBUG ../../../apps/lua/scripts/logic_server/game_mgr.lua:190  
on_gateway_connect
20201205 17:47:41 ERROR ../../../apps/lua/scripts/logic_server/game_mgr.lua:136  
p == nil	true	0
20201205 17:47:41 DEBUG ../../../apps/lua/scripts/logic_server/player.lua:97  
0	0	127.0.0.1	0
20201205 17:47:41 ERROR ../../../apps/lua/scripts/logic_server/game_mgr.lua:143  
player:init()	0	1
20201205 17:47:41 DEBUG d:\c++\moba_game_server\moba_server\netbus\session_uv.cc:42  
write success

20201205 17:47:42 DEBUG ../../../apps/lua/scripts/logic_server/player.lua:97  
nil	nil	nil
20201205 17:47:42 DEBUG ../../../apps/lua/scripts/logic_server/player.lua:97  
nil	nil	nil
20201205 17:47:42 DEBUG ../../../apps/lua/scripts/logic_server/player.lua:97  
nil	nil	nil
20201205 17:47:42 DEBUG ../../../apps/lua/scripts/logic_server/player.lua:97  
nil	nil	nil
20201205 17:47:42 DEBUG ../../../apps/lua/scripts/logic_server/player.lua:97  
nil	nil	nil
20201205 17:47:45 DEBUG d:\c++\moba_game_server\moba_server\netbus\session_uv.cc:42  
write success

20201205 17:47:48 DEBUG d:\c++\moba_game_server\moba_server\netbus\session_uv.cc:42  
write success

20201205 17:47:48 ERROR ../../../apps/lua/scripts/logic_server/game_mgr.lua:246  
-1	46
20201205 17:47:49 ERROR ../../../apps/lua/scripts/logic_server/game_mgr.lua:246  
-1	46
20201205 17:47:50 ERROR ../../../apps/lua/scripts/logic_server/game_mgr.lua:246  
-1	46
20201205 17:47:51 ERROR ../../../apps/lua/scripts/logic_server/game_mgr.lua:246  
-1	46
20201205 17:47:52 ERROR ../../../apps/lua/scripts/logic_server/game_mgr.lua:246  
-1	46
20201205 17:47:53 ERROR ../../../apps/lua/scripts/logic_server/game_mgr.lua:246  
-1	46
20201205 17:47:54 ERROR ../../../apps/lua/scripts/logic_server/game_mgr.lua:246  
-1	46
20201205 17:47:55 ERROR ../../../apps/lua/scripts/logic_server/game_mgr.lua:246  
-1	46
20201205 17:47:56 ERROR ../../../apps/lua/scripts/logic_server/game_mgr.lua:246  
-1	46
20201205 17:47:57 ERROR ../../../apps/lua/scripts/logic_server/game_mgr.lua:246  
-1	46
20201205 17:47:58 ERROR ../../../apps/lua/scripts/logic_server/game_mgr.lua:246  
-1	46
20201205 17:47:59 ERROR ../../../apps/lua/scripts/logic_server/game_mgr.lua:246  
-1	46
20201205 17:48:00 ERROR ../../../apps/lua/scripts/logic_server/game_mgr.lua:246  
-1	46
20201205 17:48:01 ERROR ../../../apps/lua/scripts/logic_server/game_mgr.lua:246  
-1	46
20201205 17:48:02 ERROR ../../../apps/lua/scripts/logic_server/game_mgr.lua:246  
-1	46
20201205 17:48:03 ERROR ../../../apps/lua/scripts/logic_server/game_mgr.lua:246  
-1	46
20201205 17:48:04 ERROR ../../../apps/lua/scripts/logic_server/game_mgr.lua:246  
-1	46
20201205 17:48:05 ERROR ../../../apps/lua/scripts/logic_server/game_mgr.lua:246  
-1	46
20201205 17:48:06 ERROR ../../../apps/lua/scripts/logic_server/game_mgr.lua:246  
-1	46
20201205 17:48:12 DEBUG ../../../apps/lua/scripts/logic_server/main.lua:27  
Auth Server Start at 8002
20201205 17:48:12 DEBUG ../../../apps/lua/scripts/logic_server/main.lua:34  
register Logic service:[3] success!!!
20201205 17:48:12 DEBUG ../../../apps/lua/scripts/database/redis_game.lua:30  
connect to redis game db success!!!!
20201205 17:48:12 DEBUG ../../../apps/lua/scripts/database/redis_center.lua:32  
connect to redis center db success!!!!
20201205 17:48:12 ERROR ../../../apps/lua/scripts/database/redis_game.lua:32  
select db_idx
20201205 17:48:12 ERROR ../../../apps/lua/scripts/database/redis_center.lua:34  
select db_idx
20201205 17:48:12 DEBUG ../../../apps/lua/scripts/database/mysql_auth_center.lua:27  
connect to auth center db success!!!!
20201205 17:48:12 DEBUG ../../../apps/lua/scripts/database/mysql_game.lua:28  
connect to moba game db success!!!!
20201205 17:48:12 ERROR d:\c++\moba_game_server\moba_server\netbus\netbus.cc:255  
new client comming 127.0.0.1:50956

20201205 17:48:12 DEBUG ../../../apps/lua/scripts/logic_server/logic_service.lua:28  
gateway connect to Logic!!!
20201205 17:48:12 DEBUG ../../../apps/lua/scripts/logic_server/game_mgr.lua:190  
on_gateway_connect
20201205 17:48:17 ERROR ../../../apps/lua/scripts/logic_server/game_mgr.lua:136  
p == nil	true	0
20201205 17:48:17 DEBUG ../../../apps/lua/scripts/logic_server/player.lua:97  
0	0	127.0.0.1	0
20201205 17:48:17 ERROR ../../../apps/lua/scripts/logic_server/game_mgr.lua:143  
player:init()	0	1
20201205 17:48:17 DEBUG d:\c++\moba_game_server\moba_server\netbus\session_uv.cc:42  
write success

20201205 17:48:17 DEBUG ../../../apps/lua/scripts/logic_server/player.lua:97  
nil	nil	nil
20201205 17:48:17 DEBUG ../../../apps/lua/scripts/logic_server/player.lua:97  
nil	nil	nil
20201205 17:48:17 DEBUG ../../../apps/lua/scripts/logic_server/player.lua:97  
nil	nil	nil
20201205 17:48:17 DEBUG ../../../apps/lua/scripts/logic_server/player.lua:97  
nil	nil	nil
20201205 17:48:17 DEBUG ../../../apps/lua/scripts/logic_server/player.lua:97  
nil	nil	nil
20201205 17:48:20 DEBUG d:\c++\moba_game_server\moba_server\netbus\session_uv.cc:42  
write success

20201205 17:48:23 ERROR ../../../apps/lua/scripts/logic_server/match_mgr.lua:55  
enter_player
20201205 17:48:23 DEBUG d:\c++\moba_game_server\moba_server\netbus\session_uv.cc:42  
write success

20201205 17:48:23 ERROR ../../../apps/lua/scripts/logic_server/game_mgr.lua:246  
-1	46
20201205 17:48:24 ERROR ../../../apps/lua/scripts/logic_server/game_mgr.lua:246  
-1	46
20201205 17:48:25 ERROR ../../../apps/lua/scripts/logic_server/game_mgr.lua:246  
-1	46
20201205 17:48:26 ERROR ../../../apps/lua/scripts/logic_server/game_mgr.lua:246  
-1	46
20201205 17:48:27 ERROR ../../../apps/lua/scripts/logic_server/game_mgr.lua:246  
-1	46
20201205 17:48:28 ERROR ../../../apps/lua/scripts/logic_server/game_mgr.lua:246  
-1	46
20201205 17:48:29 ERROR ../../../apps/lua/scripts/logic_server/game_mgr.lua:246  
-1	46
20201205 17:48:30 ERROR ../../../apps/lua/scripts/logic_server/game_mgr.lua:246  
-1	46
20201205 17:48:31 ERROR ../../../apps/lua/scripts/logic_server/game_mgr.lua:246  
-1	46
20201205 17:48:32 ERROR ../../../apps/lua/scripts/logic_server/game_mgr.lua:246  
-1	46
20201205 17:48:33 ERROR ../../../apps/lua/scripts/logic_server/game_mgr.lua:246  
-1	46
20201205 17:48:34 ERROR ../../../apps/lua/scripts/logic_server/game_mgr.lua:246  
-1	46
20201205 17:48:35 ERROR ../../../apps/lua/scripts/logic_server/game_mgr.lua:246  
-1	46
20201205 17:48:36 ERROR ../../../apps/lua/scripts/logic_server/game_mgr.lua:246  
-1	46
20201205 17:48:37 ERROR ../../../apps/lua/scripts/logic_server/game_mgr.lua:246  
-1	46
20201205 17:48:38 ERROR ../../../apps/lua/scripts/logic_server/game_mgr.lua:246  
-1	46
20201205 17:48:39 ERROR ../../../apps/lua/scripts/logic_server/game_mgr.lua:246  
-1	46
20201205 17:48:40 ERROR ../../../apps/lua/scripts/logic_server/game_mgr.lua:246  
-1	46
20201205 17:48:41 ERROR ../../../apps/lua/scripts/logic_server/game_mgr.lua:246  
-1	46
20201205 17:48:42 ERROR ../../../apps/lua/scripts/logic_server/game_mgr.lua:246  
-1	46
20201205 17:48:43 ERROR ../../../apps/lua/scripts/logic_server/game_mgr.lua:246  
-1	46
20201205 17:48:44 ERROR ../../../apps/lua/scripts/logic_server/game_mgr.lua:246  
-1	46
20201205 17:48:45 ERROR ../../../apps/lua/scripts/logic_server/game_mgr.lua:246  
-1	46
20201205 17:48:46 ERROR ../../../apps/lua/scripts/logic_server/game_mgr.lua:246  
-1	46
20201205 17:48:47 ERROR ../../../apps/lua/scripts/logic_server/game_mgr.lua:246  
-1	46
20201205 17:48:48 ERROR ../../../apps/lua/scripts/logic_server/game_mgr.lua:246  
-1	46
20201205 17:48:49 ERROR ../../../apps/lua/scripts/logic_server/game_mgr.lua:246  
-1	46
20201205 17:48:50 ERROR ../../../apps/lua/scripts/logic_server/game_mgr.lua:246  
-1	46
20201205 17:48:51 ERROR ../../../apps/lua/scripts/logic_server/game_mgr.lua:246  
-1	46
20201205 17:48:52 ERROR ../../../apps/lua/scripts/logic_server/game_mgr.lua:246  
-1	46
20201205 17:48:53 ERROR ../../../apps/lua/scripts/logic_server/game_mgr.lua:246  
-1	46
20201205 17:48:54 ERROR ../../../apps/lua/scripts/logic_server/game_mgr.lua:246  
-1	46
20201205 17:48:55 ERROR ../../../apps/lua/scripts/logic_server/game_mgr.lua:246  
-1	46
20201205 17:48:56 ERROR ../../../apps/lua/scripts/logic_server/game_mgr.lua:246  
-1	46
20201205 17:48:57 ERROR ../../../apps/lua/scripts/logic_server/game_mgr.lua:246  
-1	46
20201205 17:48:58 ERROR ../../../apps/lua/scripts/logic_server/game_mgr.lua:246  
-1	46
20201205 17:48:59 ERROR ../../../apps/lua/scripts/logic_server/game_mgr.lua:246  
-1	46
20201205 17:49:00 ERROR ../../../apps/lua/scripts/logic_server/game_mgr.lua:246  
-1	46
20201205 17:49:01 ERROR ../../../apps/lua/scripts/logic_server/game_mgr.lua:246  
-1	46
20201205 17:49:02 ERROR ../../../apps/lua/scripts/logic_server/game_mgr.lua:246  
-1	46
20201205 17:49:03 ERROR ../../../apps/lua/scripts/logic_server/game_mgr.lua:246  
-1	46
20201205 17:49:04 ERROR ../../../apps/lua/scripts/logic_server/game_mgr.lua:246  
-1	46
20201205 17:49:05 ERROR ../../../apps/lua/scripts/logic_server/game_mgr.lua:246  
-1	46
20201205 17:49:09 DEBUG ../../../apps/lua/scripts/logic_server/main.lua:27  
Auth Server Start at 8002
20201205 17:49:09 DEBUG ../../../apps/lua/scripts/logic_server/main.lua:34  
register Logic service:[3] success!!!
20201205 17:49:09 DEBUG ../../../apps/lua/scripts/database/redis_game.lua:30  
connect to redis game db success!!!!
20201205 17:49:09 DEBUG ../../../apps/lua/scripts/database/redis_center.lua:32  
connect to redis center db success!!!!
20201205 17:49:09 ERROR ../../../apps/lua/scripts/database/redis_game.lua:32  
select db_idx
20201205 17:49:09 ERROR ../../../apps/lua/scripts/database/redis_center.lua:34  
select db_idx
20201205 17:49:09 DEBUG ../../../apps/lua/scripts/database/mysql_auth_center.lua:27  
connect to auth center db success!!!!
20201205 17:49:09 DEBUG ../../../apps/lua/scripts/database/mysql_game.lua:28  
connect to moba game db success!!!!
20201205 17:49:09 ERROR d:\c++\moba_game_server\moba_server\netbus\netbus.cc:255  
new client comming 127.0.0.1:50967

20201205 17:49:09 DEBUG ../../../apps/lua/scripts/logic_server/logic_service.lua:28  
gateway connect to Logic!!!
20201205 17:49:09 DEBUG ../../../apps/lua/scripts/logic_server/game_mgr.lua:190  
on_gateway_connect
20201205 17:49:14 DEBUG ../../../apps/lua/scripts/logic_server/player.lua:97  
nil	nil	nil
20201205 17:49:14 DEBUG ../../../apps/lua/scripts/logic_server/player.lua:97  
nil	nil	nil
20201205 17:49:14 DEBUG ../../../apps/lua/scripts/logic_server/player.lua:97  
nil	nil	nil
20201205 17:49:14 DEBUG ../../../apps/lua/scripts/logic_server/player.lua:97  
nil	nil	nil
20201205 17:49:14 DEBUG ../../../apps/lua/scripts/logic_server/player.lua:97  
nil	nil	nil
20201205 17:49:17 ERROR ../../../apps/lua/scripts/logic_server/game_mgr.lua:136  
p == nil	true	0
20201205 17:49:17 DEBUG ../../../apps/lua/scripts/logic_server/player.lua:97  
0	0	127.0.0.1	0
20201205 17:49:17 ERROR ../../../apps/lua/scripts/logic_server/game_mgr.lua:143  
player:init()	0	1
20201205 17:49:17 DEBUG d:\c++\moba_game_server\moba_server\netbus\session_uv.cc:42  
write success

20201205 17:49:21 DEBUG d:\c++\moba_game_server\moba_server\netbus\session_uv.cc:42  
write success

20201205 17:49:25 DEBUG d:\c++\moba_game_server\moba_server\netbus\session_uv.cc:42  
write success

20201205 17:49:25 ERROR ../../../apps/lua/scripts/logic_server/game_mgr.lua:246  
true	46
20201205 17:49:26 ERROR ../../../apps/lua/scripts/logic_server/game_mgr.lua:246  
true	46
20201205 17:49:27 ERROR ../../../apps/lua/scripts/logic_server/game_mgr.lua:246  
true	46
20201205 17:49:28 ERROR ../../../apps/lua/scripts/logic_server/game_mgr.lua:246  
true	46
20201205 17:49:29 ERROR ../../../apps/lua/scripts/logic_server/game_mgr.lua:246  
true	46
20201205 17:49:30 ERROR ../../../apps/lua/scripts/logic_server/game_mgr.lua:246  
true	46
20201205 17:49:31 ERROR ../../../apps/lua/scripts/logic_server/game_mgr.lua:246  
true	46
20201205 17:49:32 ERROR ../../../apps/lua/scripts/logic_server/game_mgr.lua:246  
true	46
20201205 17:49:33 ERROR ../../../apps/lua/scripts/logic_server/game_mgr.lua:246  
true	46
20201205 17:49:34 ERROR ../../../apps/lua/scripts/logic_server/game_mgr.lua:246  
true	46
20201205 17:49:35 ERROR ../../../apps/lua/scripts/logic_server/game_mgr.lua:246  
true	46
20201205 17:49:36 ERROR ../../../apps/lua/scripts/logic_server/game_mgr.lua:246  
true	46
20201205 17:49:37 ERROR ../../../apps/lua/scripts/logic_server/game_mgr.lua:246  
true	46
20201205 17:49:38 ERROR ../../../apps/lua/scripts/logic_server/game_mgr.lua:246  
true	46
20201205 17:49:39 ERROR ../../../apps/lua/scripts/logic_server/game_mgr.lua:246  
true	46
20201205 17:49:40 ERROR ../../../apps/lua/scripts/logic_server/game_mgr.lua:246  
true	46
20201205 17:49:41 ERROR ../../../apps/lua/scripts/logic_server/game_mgr.lua:246  
true	46
20201205 17:49:42 ERROR ../../../apps/lua/scripts/logic_server/game_mgr.lua:246  
true	46
20201205 17:49:43 ERROR ../../../apps/lua/scripts/logic_server/game_mgr.lua:246  
true	46
20201205 17:49:44 ERROR ../../../apps/lua/scripts/logic_server/game_mgr.lua:246  
true	46
20201205 17:49:45 ERROR ../../../apps/lua/scripts/logic_server/game_mgr.lua:246  
true	46
20201205 17:49:46 ERROR ../../../apps/lua/scripts/logic_server/game_mgr.lua:246  
true	46
20201205 17:49:47 ERROR ../../../apps/lua/scripts/logic_server/game_mgr.lua:246  
true	46
20201205 17:49:48 ERROR ../../../apps/lua/scripts/logic_server/game_mgr.lua:246  
true	46
20201205 17:49:49 ERROR ../../../apps/lua/scripts/logic_server/game_mgr.lua:246  
true	46
20201205 17:49:50 ERROR ../../../apps/lua/scripts/logic_server/game_mgr.lua:246  
true	46
20201205 17:49:51 ERROR ../../../apps/lua/scripts/logic_server/game_mgr.lua:246  
true	46
20201205 17:49:52 ERROR ../../../apps/lua/scripts/logic_server/game_mgr.lua:246  
true	46
20201205 17:49:53 ERROR ../../../apps/lua/scripts/logic_server/game_mgr.lua:246  
true	46
20201205 17:49:54 ERROR ../../../apps/lua/scripts/logic_server/game_mgr.lua:246  
true	46
20201205 17:49:55 ERROR ../../../apps/lua/scripts/logic_server/game_mgr.lua:246  
true	46
20201205 17:49:56 ERROR ../../../apps/lua/scripts/logic_server/game_mgr.lua:246  
true	46
20201205 17:49:57 ERROR ../../../apps/lua/scripts/logic_server/game_mgr.lua:246  
true	46
20201205 17:49:58 ERROR ../../../apps/lua/scripts/logic_server/game_mgr.lua:246  
true	46
20201205 17:49:59 ERROR ../../../apps/lua/scripts/logic_server/game_mgr.lua:246  
true	46
20201205 17:50:00 ERROR ../../../apps/lua/scripts/logic_server/game_mgr.lua:246  
true	46
20201205 17:50:12 DEBUG ../../../apps/lua/scripts/logic_server/main.lua:27  
Auth Server Start at 8002
20201205 17:50:12 DEBUG ../../../apps/lua/scripts/logic_server/main.lua:34  
register Logic service:[3] success!!!
20201205 17:50:12 DEBUG ../../../apps/lua/scripts/database/redis_game.lua:30  
connect to redis game db success!!!!
20201205 17:50:12 DEBUG ../../../apps/lua/scripts/database/redis_center.lua:32  
connect to redis center db success!!!!
20201205 17:50:12 ERROR ../../../apps/lua/scripts/database/redis_game.lua:32  
select db_idx
20201205 17:50:12 ERROR ../../../apps/lua/scripts/database/redis_center.lua:34  
select db_idx
20201205 17:50:13 DEBUG ../../../apps/lua/scripts/database/mysql_auth_center.lua:27  
connect to auth center db success!!!!
20201205 17:50:13 DEBUG ../../../apps/lua/scripts/database/mysql_game.lua:28  
connect to moba game db success!!!!
20201205 17:50:13 ERROR d:\c++\moba_game_server\moba_server\netbus\netbus.cc:255  
new client comming 127.0.0.1:50987

20201205 17:50:13 DEBUG ../../../apps/lua/scripts/logic_server/logic_service.lua:28  
gateway connect to Logic!!!
20201205 17:50:13 DEBUG ../../../apps/lua/scripts/logic_server/game_mgr.lua:190  
on_gateway_connect
20201205 17:50:16 ERROR ../../../apps/lua/scripts/logic_server/game_mgr.lua:136  
p == nil	true	0
20201205 17:50:16 DEBUG ../../../apps/lua/scripts/logic_server/player.lua:97  
0	0	127.0.0.1	0
20201205 17:50:16 ERROR ../../../apps/lua/scripts/logic_server/game_mgr.lua:143  
player:init()	0	1
20201205 17:50:16 DEBUG d:\c++\moba_game_server\moba_server\netbus\session_uv.cc:42  
write success

20201205 17:50:17 DEBUG ../../../apps/lua/scripts/logic_server/player.lua:97  
nil	nil	nil
20201205 17:50:17 DEBUG ../../../apps/lua/scripts/logic_server/player.lua:97  
nil	nil	nil
20201205 17:50:17 DEBUG ../../../apps/lua/scripts/logic_server/player.lua:97  
nil	nil	nil
20201205 17:50:17 DEBUG ../../../apps/lua/scripts/logic_server/player.lua:97  
nil	nil	nil
20201205 17:50:17 DEBUG ../../../apps/lua/scripts/logic_server/player.lua:97  
nil	nil	nil
20201205 17:50:19 DEBUG d:\c++\moba_game_server\moba_server\netbus\session_uv.cc:42  
write success

20201205 17:50:23 DEBUG d:\c++\moba_game_server\moba_server\netbus\session_uv.cc:42  
write success

20201205 17:50:23 ERROR ../../../apps/lua/scripts/logic_server/game_mgr.lua:259  
enter_player
20201205 17:50:23 DEBUG d:\c++\moba_game_server\moba_server\netbus\session_uv.cc:42  
write success

20201205 17:50:24 ERROR ../../../apps/lua/scripts/logic_server/game_mgr.lua:259  
enter_player
20201205 17:50:24 DEBUG d:\c++\moba_game_server\moba_server\netbus\session_uv.cc:42  
write success

20201205 17:51:06 ERROR ../../../apps/lua/scripts/logic_server/game_mgr.lua:174  
on_player_disconnect	1
20201205 17:51:15 DEBUG ../../../apps/lua/scripts/logic_server/main.lua:27  
Auth Server Start at 8002
20201205 17:51:15 DEBUG ../../../apps/lua/scripts/logic_server/main.lua:34  
register Logic service:[3] success!!!
20201205 17:51:15 ERROR d:\c++\moba_game_server\moba_server\netbus\netbus.cc:255  
new client comming 127.0.0.1:50996

20201205 17:51:15 DEBUG ../../../apps/lua/scripts/logic_server/logic_service.lua:28  
gateway connect to Logic!!!
20201205 17:51:15 DEBUG ../../../apps/lua/scripts/logic_server/game_mgr.lua:190  
on_gateway_connect
20201205 17:51:15 DEBUG ../../../apps/lua/scripts/database/redis_game.lua:30  
connect to redis game db success!!!!
20201205 17:51:15 DEBUG ../../../apps/lua/scripts/database/redis_center.lua:32  
connect to redis center db success!!!!
20201205 17:51:15 ERROR ../../../apps/lua/scripts/database/redis_game.lua:32  
select db_idx
20201205 17:51:15 ERROR ../../../apps/lua/scripts/database/redis_center.lua:34  
select db_idx
20201205 17:51:15 DEBUG ../../../apps/lua/scripts/database/mysql_auth_center.lua:27  
connect to auth center db success!!!!
20201205 17:51:15 DEBUG ../../../apps/lua/scripts/database/mysql_game.lua:28  
connect to moba game db success!!!!
20201205 17:51:20 DEBUG ../../../apps/lua/scripts/logic_server/player.lua:97  
nil	nil	nil
20201205 17:51:20 DEBUG ../../../apps/lua/scripts/logic_server/player.lua:97  
nil	nil	nil
20201205 17:51:20 DEBUG ../../../apps/lua/scripts/logic_server/player.lua:97  
nil	nil	nil
20201205 17:51:20 DEBUG ../../../apps/lua/scripts/logic_server/player.lua:97  
nil	nil	nil
20201205 17:51:20 DEBUG ../../../apps/lua/scripts/logic_server/player.lua:97  
nil	nil	nil
20201205 17:51:20 ERROR ../../../apps/lua/scripts/logic_server/game_mgr.lua:136  
p == nil	true	0
20201205 17:51:20 DEBUG ../../../apps/lua/scripts/logic_server/player.lua:97  
0	0	127.0.0.1	0
20201205 17:51:20 ERROR ../../../apps/lua/scripts/logic_server/game_mgr.lua:143  
player:init()	0	1
20201205 17:51:20 DEBUG d:\c++\moba_game_server\moba_server\netbus\session_uv.cc:42  
write success

20201205 17:51:23 DEBUG d:\c++\moba_game_server\moba_server\netbus\session_uv.cc:42  
write success

20201205 17:51:26 DEBUG d:\c++\moba_game_server\moba_server\netbus\session_uv.cc:42  
write success

20201205 17:51:26 ERROR ../../../apps/lua/scripts/logic_server/game_mgr.lua:259  
enter_player
20201205 17:51:26 DEBUG d:\c++\moba_game_server\moba_server\netbus\session_uv.cc:42  
write success

20201205 17:51:27 ERROR ../../../apps/lua/scripts/logic_server/game_mgr.lua:259  
enter_player
20201205 17:51:27 DEBUG d:\c++\moba_game_server\moba_server\netbus\session_uv.cc:42  
write success

20201205 17:51:35 ERROR ../../../apps/lua/scripts/logic_server/game_mgr.lua:174  
on_player_disconnect	1
20201205 17:51:42 ERROR ../../../apps/lua/scripts/logic_server/game_mgr.lua:136  
p == nil	true	0
20201205 17:51:42 DEBUG ../../../apps/lua/scripts/logic_server/player.lua:97  
0	0	127.0.0.1	0
20201205 17:51:42 ERROR ../../../apps/lua/scripts/logic_server/game_mgr.lua:143  
player:init()	0	1
20201205 17:51:42 DEBUG d:\c++\moba_game_server\moba_server\netbus\session_uv.cc:42  
write success

20201205 17:51:45 DEBUG d:\c++\moba_game_server\moba_server\netbus\session_uv.cc:42  
write success

20201205 17:51:46 DEBUG d:\c++\moba_game_server\moba_server\netbus\session_uv.cc:42  
write success

20201205 17:51:46 DEBUG d:\c++\moba_game_server\moba_server\netbus\session_uv.cc:42  
write success

20201205 17:51:46 DEBUG d:\c++\moba_game_server\moba_server\netbus\session_uv.cc:42  
write success

20201205 17:51:46 DEBUG d:\c++\moba_game_server\moba_server\netbus\session_uv.cc:42  
write success

20201205 17:51:46 DEBUG d:\c++\moba_game_server\moba_server\netbus\session_uv.cc:42  
write success

20201205 17:52:39 DEBUG ../../../apps/lua/scripts/logic_server/main.lua:27  
Auth Server Start at 8002
20201205 17:52:39 DEBUG ../../../apps/lua/scripts/logic_server/main.lua:34  
register Logic service:[3] success!!!
20201205 17:52:39 DEBUG ../../../apps/lua/scripts/database/redis_game.lua:30  
connect to redis game db success!!!!
20201205 17:52:39 DEBUG ../../../apps/lua/scripts/database/redis_center.lua:32  
connect to redis center db success!!!!
20201205 17:52:39 ERROR ../../../apps/lua/scripts/database/redis_game.lua:32  
select db_idx
20201205 17:52:39 ERROR ../../../apps/lua/scripts/database/redis_center.lua:34  
select db_idx
20201205 17:52:39 ERROR d:\c++\moba_game_server\moba_server\netbus\netbus.cc:255  
new client comming 127.0.0.1:51015

20201205 17:52:39 DEBUG ../../../apps/lua/scripts/logic_server/logic_service.lua:28  
gateway connect to Logic!!!
20201205 17:52:39 DEBUG ../../../apps/lua/scripts/logic_server/game_mgr.lua:190  
on_gateway_connect
20201205 17:52:39 DEBUG ../../../apps/lua/scripts/database/mysql_auth_center.lua:27  
connect to auth center db success!!!!
20201205 17:52:39 DEBUG ../../../apps/lua/scripts/database/mysql_game.lua:28  
connect to moba game db success!!!!
20201205 17:52:44 DEBUG ../../../apps/lua/scripts/logic_server/player.lua:97  
nil	nil	nil
20201205 17:52:44 DEBUG ../../../apps/lua/scripts/logic_server/player.lua:97  
nil	nil	nil
20201205 17:52:44 DEBUG ../../../apps/lua/scripts/logic_server/player.lua:97  
nil	nil	nil
20201205 17:52:44 DEBUG ../../../apps/lua/scripts/logic_server/player.lua:97  
nil	nil	nil
20201205 17:52:44 DEBUG ../../../apps/lua/scripts/logic_server/player.lua:97  
nil	nil	nil
20201205 17:52:48 ERROR ../../../apps/lua/scripts/logic_server/game_mgr.lua:136  
p == nil	true	0
20201205 17:52:48 DEBUG ../../../apps/lua/scripts/logic_server/player.lua:97  
0	0	127.0.0.1	0
20201205 17:52:48 ERROR ../../../apps/lua/scripts/logic_server/game_mgr.lua:143  
player:init()	0	1
20201205 17:52:48 DEBUG d:\c++\moba_game_server\moba_server\netbus\session_uv.cc:42  
write success

20201205 17:52:51 DEBUG d:\c++\moba_game_server\moba_server\netbus\session_uv.cc:42  
write success

20201205 17:52:55 ERROR ../../../apps/lua/scripts/logic_server/match_mgr.lua:73  
	1
20201205 17:52:55 DEBUG d:\c++\moba_game_server\moba_server\netbus\session_uv.cc:42  
write success

20201205 17:52:55 ERROR ../../../apps/lua/scripts/logic_server/game_mgr.lua:259  
enter_player
20201205 17:52:55 ERROR ../../../apps/lua/scripts/logic_server/match_mgr.lua:73  
	2
20201205 17:52:55 DEBUG d:\c++\moba_game_server\moba_server\netbus\session_uv.cc:42  
write success

20201205 17:52:56 ERROR ../../../apps/lua/scripts/logic_server/game_mgr.lua:259  
enter_player
20201205 17:52:56 ERROR ../../../apps/lua/scripts/logic_server/match_mgr.lua:73  
	3
20201205 17:52:56 DEBUG d:\c++\moba_game_server\moba_server\netbus\session_uv.cc:42  
write success

20201205 17:53:19 ERROR ../../../apps/lua/scripts/logic_server/game_mgr.lua:174  
on_player_disconnect	1
20201205 22:48:20 DEBUG ../../../apps/lua/scripts/logic_server/main.lua:27  
Auth Server Start at 8002
20201205 22:48:20 DEBUG ../../../apps/lua/scripts/logic_server/main.lua:34  
register Logic service:[3] success!!!
20201205 22:48:20 DEBUG ../../../apps/lua/scripts/database/mysql_auth_center.lua:27  
connect to auth center db success!!!!
20201205 22:48:20 DEBUG ../../../apps/lua/scripts/database/mysql_game.lua:28  
connect to moba game db success!!!!
20201205 22:48:31 DEBUG ../../../apps/lua/scripts/logic_server/main.lua:27  
Auth Server Start at 8002
20201205 22:48:31 DEBUG ../../../apps/lua/scripts/logic_server/main.lua:34  
register Logic service:[3] success!!!
20201205 22:48:31 DEBUG ../../../apps/lua/scripts/database/redis_game.lua:30  
connect to redis game db success!!!!
20201205 22:48:31 DEBUG ../../../apps/lua/scripts/database/redis_center.lua:32  
connect to redis center db success!!!!
20201205 22:48:31 ERROR ../../../apps/lua/scripts/database/redis_game.lua:32  
select db_idx
20201205 22:48:31 ERROR ../../../apps/lua/scripts/database/redis_center.lua:34  
select db_idx
20201205 22:48:31 DEBUG ../../../apps/lua/scripts/database/mysql_auth_center.lua:27  
connect to auth center db success!!!!
20201205 22:48:31 DEBUG ../../../apps/lua/scripts/database/mysql_game.lua:28  
connect to moba game db success!!!!
20201205 22:48:32 ERROR d:\c++\moba_game_server\moba_server\netbus\netbus.cc:255  
new client comming 127.0.0.1:53712

20201205 22:48:32 DEBUG ../../../apps/lua/scripts/logic_server/logic_service.lua:28  
gateway connect to Logic!!!
20201205 22:48:32 DEBUG ../../../apps/lua/scripts/logic_server/game_mgr.lua:190  
on_gateway_connect
20201205 22:48:36 DEBUG ../../../apps/lua/scripts/logic_server/player.lua:97  
nil	nil	nil
20201205 22:48:36 DEBUG ../../../apps/lua/scripts/logic_server/player.lua:97  
nil	nil	nil
20201205 22:48:36 DEBUG ../../../apps/lua/scripts/logic_server/player.lua:97  
nil	nil	nil
20201205 22:48:36 DEBUG ../../../apps/lua/scripts/logic_server/player.lua:97  
nil	nil	nil
20201205 22:48:36 DEBUG ../../../apps/lua/scripts/logic_server/player.lua:97  
nil	nil	nil
20201205 22:48:38 ERROR ../../../apps/lua/scripts/logic_server/game_mgr.lua:136  
p == nil	true	0
20201205 22:48:38 DEBUG ../../../apps/lua/scripts/logic_server/player.lua:97  
0	0	127.0.0.1	0
20201205 22:48:38 ERROR ../../../apps/lua/scripts/logic_server/game_mgr.lua:143  
player:init()	0	1
20201205 22:48:38 DEBUG d:\c++\moba_game_server\moba_server\netbus\session_uv.cc:42  
write success

20201205 22:48:43 DEBUG d:\c++\moba_game_server\moba_server\netbus\session_uv.cc:42  
write success

20201205 22:48:47 ERROR ../../../apps/lua/scripts/logic_server/match_mgr.lua:73  
cur match_room id, member 	1	1
20201205 22:48:47 DEBUG d:\c++\moba_game_server\moba_server\netbus\session_uv.cc:42  
write success

20201205 22:48:47 ERROR ../../../apps/lua/scripts/logic_server/game_mgr.lua:259  
enter_player
20201205 22:48:47 ERROR ../../../apps/lua/scripts/logic_server/match_mgr.lua:73  
cur match_room id, member 	1	2
20201205 22:48:47 DEBUG d:\c++\moba_game_server\moba_server\netbus\session_uv.cc:42  
write success

20201205 22:48:48 ERROR ../../../apps/lua/scripts/logic_server/game_mgr.lua:259  
enter_player
20201205 22:48:48 ERROR ../../../apps/lua/scripts/logic_server/match_mgr.lua:73  
cur match_room id, member 	1	3
20201205 22:48:48 DEBUG d:\c++\moba_game_server\moba_server\netbus\session_uv.cc:42  
write success

20201205 22:49:11 ERROR ../../../apps/lua/scripts/logic_server/game_mgr.lua:174  
on_player_disconnect	1
20201205 22:49:19 DEBUG ../../../apps/lua/scripts/logic_server/main.lua:27  
Auth Server Start at 8002
20201205 22:49:19 DEBUG ../../../apps/lua/scripts/logic_server/main.lua:34  
register Logic service:[3] success!!!
20201205 22:49:19 DEBUG ../../../apps/lua/scripts/database/redis_game.lua:30  
connect to redis game db success!!!!
20201205 22:49:19 DEBUG ../../../apps/lua/scripts/database/redis_center.lua:32  
connect to redis center db success!!!!
20201205 22:49:19 ERROR ../../../apps/lua/scripts/database/redis_game.lua:32  
select db_idx
20201205 22:49:19 ERROR ../../../apps/lua/scripts/database/redis_center.lua:34  
select db_idx
20201205 22:49:19 DEBUG ../../../apps/lua/scripts/database/mysql_auth_center.lua:27  
connect to auth center db success!!!!
20201205 22:49:20 DEBUG ../../../apps/lua/scripts/database/mysql_game.lua:28  
connect to moba game db success!!!!
20201205 22:49:20 ERROR d:\c++\moba_game_server\moba_server\netbus\netbus.cc:255  
new client comming 127.0.0.1:53740

20201205 22:49:20 DEBUG ../../../apps/lua/scripts/logic_server/logic_service.lua:28  
gateway connect to Logic!!!
20201205 22:49:20 DEBUG ../../../apps/lua/scripts/logic_server/game_mgr.lua:190  
on_gateway_connect
20201205 22:49:24 DEBUG ../../../apps/lua/scripts/logic_server/player.lua:97  
nil	nil	nil
20201205 22:49:24 DEBUG ../../../apps/lua/scripts/logic_server/player.lua:97  
nil	nil	nil
20201205 22:49:24 DEBUG ../../../apps/lua/scripts/logic_server/player.lua:97  
nil	nil	nil
20201205 22:49:24 DEBUG ../../../apps/lua/scripts/logic_server/player.lua:97  
nil	nil	nil
20201205 22:49:24 DEBUG ../../../apps/lua/scripts/logic_server/player.lua:97  
nil	nil	nil
20201205 22:53:35 DEBUG ../../../apps/lua/scripts/logic_server/main.lua:27  
Auth Server Start at 8002
20201205 22:53:35 DEBUG ../../../apps/lua/scripts/logic_server/main.lua:34  
register Logic service:[3] success!!!
20201205 22:53:35 DEBUG ../../../apps/lua/scripts/database/redis_game.lua:30  
connect to redis game db success!!!!
20201205 22:53:35 DEBUG ../../../apps/lua/scripts/database/redis_center.lua:32  
connect to redis center db success!!!!
20201205 22:53:35 ERROR ../../../apps/lua/scripts/database/redis_game.lua:32  
select db_idx
20201205 22:53:35 ERROR ../../../apps/lua/scripts/database/redis_center.lua:34  
select db_idx
20201205 22:53:35 DEBUG ../../../apps/lua/scripts/database/mysql_auth_center.lua:27  
connect to auth center db success!!!!
20201205 22:53:35 DEBUG ../../../apps/lua/scripts/database/mysql_game.lua:28  
connect to moba game db success!!!!
20201205 22:53:35 ERROR d:\c++\moba_game_server\moba_server\netbus\netbus.cc:255  
new client comming 127.0.0.1:53761

20201205 22:53:35 DEBUG ../../../apps/lua/scripts/logic_server/logic_service.lua:28  
gateway connect to Logic!!!
20201205 22:53:35 DEBUG ../../../apps/lua/scripts/logic_server/game_mgr.lua:190  
on_gateway_connect
20201205 22:53:40 DEBUG ../../../apps/lua/scripts/logic_server/player.lua:97  
nil	nil	nil
20201205 22:53:40 DEBUG ../../../apps/lua/scripts/logic_server/player.lua:97  
nil	nil	nil
20201205 22:53:40 DEBUG ../../../apps/lua/scripts/logic_server/player.lua:97  
nil	nil	nil
20201205 22:53:40 DEBUG ../../../apps/lua/scripts/logic_server/player.lua:97  
nil	nil	nil
20201205 22:53:40 DEBUG ../../../apps/lua/scripts/logic_server/player.lua:97  
nil	nil	nil
20201205 22:53:43 ERROR ../../../apps/lua/scripts/logic_server/game_mgr.lua:136  
p == nil	true	0
20201205 22:53:43 DEBUG ../../../apps/lua/scripts/logic_server/player.lua:97  
0	0	127.0.0.1	0
20201205 22:53:43 ERROR ../../../apps/lua/scripts/logic_server/game_mgr.lua:143  
player:init()	0	1
20201205 22:53:43 DEBUG d:\c++\moba_game_server\moba_server\netbus\session_uv.cc:42  
write success

20201205 22:53:46 DEBUG d:\c++\moba_game_server\moba_server\netbus\session_uv.cc:42  
write success

20201205 22:53:51 ERROR ../../../apps/lua/scripts/logic_server/match_mgr.lua:73  
cur match_room id, member 	1	1
20201205 22:53:51 DEBUG d:\c++\moba_game_server\moba_server\netbus\session_uv.cc:42  
write success

20201205 22:53:51 ERROR ../../../apps/lua/scripts/logic_server/game_mgr.lua:259  
enter_player
20201205 22:53:51 ERROR ../../../apps/lua/scripts/logic_server/match_mgr.lua:73  
cur match_room id, member 	1	2
20201205 22:53:51 DEBUG d:\c++\moba_game_server\moba_server\netbus\session_uv.cc:42  
write success

20201205 22:53:52 ERROR ../../../apps/lua/scripts/logic_server/game_mgr.lua:259  
enter_player
20201205 22:53:52 ERROR ../../../apps/lua/scripts/logic_server/match_mgr.lua:73  
cur match_room id, member 	1	3
20201205 22:53:52 DEBUG d:\c++\moba_game_server\moba_server\netbus\session_uv.cc:42  
write success

20201205 22:54:24 ERROR ../../../apps/lua/scripts/logic_server/game_mgr.lua:174  
on_player_disconnect	1
20201205 23:14:45 ERROR d:\c++\moba_game_server\moba_server\netbus\netbus.cc:199  
client close!!
