20201120 00:16:40 DEBUG ../../../apps/lua/scripts/system_server/main.lua:27  
Auth Server Start at 8001
20201120 00:16:40 DEBUG ../../../apps/lua/scripts/system_server/main.lua:34  
register System service:[2] success!!!
20201120 00:16:41 DEBUG ../../../apps/lua/scripts/database/mysql_game.lua:21  
connect to moba game db success!!!!
20201120 00:16:41 ERROR d:\c++\moba_game_server\moba_server\netbus\netbus.cc:255  
new client comming 127.0.0.1:51145

20201120 00:16:49 ERROR ../../../apps/lua/scripts/system_server/system_service.lua:16  
2	13	41
20201120 00:16:49 DEBUG ../../../apps/lua/scripts/database/mysql_game.lua:71  
41	2000	0	0
20201120 00:16:49 ERROR ../../../apps/lua/scripts/database/mysql_game.lua:129  
41	0
20201120 00:16:49 DEBUG ../../../apps/lua/scripts/database/mysql_game.lua:162  
100	1605802609	1	41
20201120 00:16:49 DEBUG d:\c++\moba_game_server\moba_server\netbus\session_uv.cc:42  
write success

20201120 00:17:20 ERROR ../../../apps/lua/scripts/system_server/system_service.lua:16  
2	4	41
20201120 00:18:26 ERROR ../../../apps/lua/scripts/system_server/system_service.lua:16  
2	13	41
20201120 00:18:26 DEBUG ../../../apps/lua/scripts/database/mysql_game.lua:71  
41	2000	0	0
20201120 00:18:26 ERROR ../../../apps/lua/scripts/database/mysql_game.lua:129  
41	100
20201120 00:18:26 DEBUG d:\c++\moba_game_server\moba_server\netbus\session_uv.cc:42  
write success

20201120 00:18:47 ERROR ../../../apps/lua/scripts/system_server/system_service.lua:16  
2	4	41
20201120 00:19:14 ERROR ../../../apps/lua/scripts/system_server/system_service.lua:16  
2	13	41
20201120 00:19:14 DEBUG ../../../apps/lua/scripts/database/mysql_game.lua:71  
41	2000	0	0
20201120 00:19:14 ERROR ../../../apps/lua/scripts/database/mysql_game.lua:129  
41	100
20201120 00:19:14 DEBUG d:\c++\moba_game_server\moba_server\netbus\session_uv.cc:42  
write success

20201120 00:19:17 ERROR ../../../apps/lua/scripts/system_server/system_service.lua:16  
2	4	41
20201120 00:20:44 ERROR ../../../apps/lua/scripts/system_server/system_service.lua:16  
2	13	41
20201120 00:20:44 DEBUG ../../../apps/lua/scripts/database/mysql_game.lua:71  
41	2000	0	0
20201120 00:20:44 ERROR ../../../apps/lua/scripts/database/mysql_game.lua:129  
41	100
20201120 00:20:44 DEBUG d:\c++\moba_game_server\moba_server\netbus\session_uv.cc:42  
write success

20201120 00:21:13 ERROR ../../../apps/lua/scripts/system_server/system_service.lua:16  
2	4	41
20201120 00:41:41 ERROR ../../../apps/lua/scripts/system_server/system_service.lua:16  
2	13	41
20201120 00:41:41 DEBUG ../../../apps/lua/scripts/database/mysql_game.lua:71  
41	2000	0	0
20201120 00:41:41 ERROR ../../../apps/lua/scripts/database/mysql_game.lua:129  
41	100
20201120 00:41:41 DEBUG d:\c++\moba_game_server\moba_server\netbus\session_uv.cc:42  
write success

20201120 00:41:43 ERROR ../../../apps/lua/scripts/system_server/system_service.lua:16  
2	15	41
20201120 00:41:57 ERROR ../../../apps/lua/scripts/system_server/system_service.lua:16  
2	4	41
20201120 00:43:44 ERROR ../../../apps/lua/scripts/system_server/system_service.lua:16  
2	13	41
20201120 00:43:44 DEBUG ../../../apps/lua/scripts/database/mysql_game.lua:71  
41	2000	0	0
20201120 00:43:44 ERROR ../../../apps/lua/scripts/database/mysql_game.lua:129  
41	100
20201120 00:43:44 DEBUG d:\c++\moba_game_server\moba_server\netbus\session_uv.cc:42  
write success

20201120 00:44:15 ERROR ../../../apps/lua/scripts/system_server/system_service.lua:16  
2	4	41
