20201205 13:52:30 DEBUG ../../../apps/lua/scripts/system_server/main.lua:29  
Auth Server Start at 8001
20201205 13:52:30 DEBUG ../../../apps/lua/scripts/system_server/main.lua:36  
register System service:[2] success!!!
20201205 13:52:30 DEBUG ../../../apps/lua/scripts/database/redis_game.lua:30  
connect to redis game db success!!!!
20201205 13:52:30 DEBUG ../../../apps/lua/scripts/database/redis_rank.lua:31  
connect to redis rank db success!!!!
20201205 13:52:30 DEBUG ../../../apps/lua/scripts/database/redis_center.lua:32  
connect to redis center db success!!!!
20201205 13:52:30 ERROR ../../../apps/lua/scripts/database/redis_game.lua:32  
select db_idx
20201205 13:52:30 ERROR ../../../apps/lua/scripts/database/redis_rank.lua:33  
select db_idx
20201205 13:52:30 ERROR ../../../apps/lua/scripts/database/redis_center.lua:34  
select db_idx
20201205 13:52:30 DEBUG ../../../apps/lua/scripts/database/mysql_game.lua:28  
connect to moba game db success!!!!
20201205 13:52:30 ERROR d:\c++\moba_game_server\moba_server\netbus\netbus.cc:255  
new client comming 127.0.0.1:64321

20201205 13:52:35 ERROR ../../../apps/lua/scripts/system_server/system_service.lua:21  
2	13	45
20201205 13:52:35 DEBUG ../../../apps/lua/scripts/database/mysql_game.lua:78  
45	2000	0	0
20201205 13:52:35 DEBUG ../../../apps/lua/scripts/database/mysql_game.lua:153  
insert into login_bonues(`uid`, `bonues_time`, `status`)values(45, 1607147555, 1)
20201205 13:52:35 ERROR ../../../apps/lua/scripts/database/mysql_game.lua:136  
45	0
20201205 13:52:35 DEBUG d:\c++\moba_game_server\moba_server\netbus\session_uv.cc:42  
write success

20201205 13:52:38 ERROR ../../../apps/lua/scripts/system_server/system_service.lua:21  
2	4	45
20201205 13:52:53 ERROR ../../../apps/lua/scripts/system_server/system_service.lua:21  
2	13	46
20201205 13:52:53 DEBUG ../../../apps/lua/scripts/database/mysql_game.lua:78  
46	2000	0	0
20201205 13:52:53 DEBUG ../../../apps/lua/scripts/database/mysql_game.lua:153  
insert into login_bonues(`uid`, `bonues_time`, `status`)values(46, 1607147573, 1)
20201205 13:52:53 ERROR ../../../apps/lua/scripts/database/mysql_game.lua:136  
46	0
20201205 13:52:53 DEBUG d:\c++\moba_game_server\moba_server\netbus\session_uv.cc:42  
write success

20201205 13:53:12 ERROR ../../../apps/lua/scripts/system_server/system_service.lua:21  
2	4	46
20201205 13:53:40 ERROR ../../../apps/lua/scripts/system_server/system_service.lua:21  
2	13	47
20201205 13:53:40 DEBUG ../../../apps/lua/scripts/database/mysql_game.lua:78  
47	2000	0	0
20201205 13:53:40 DEBUG ../../../apps/lua/scripts/database/mysql_game.lua:153  
insert into login_bonues(`uid`, `bonues_time`, `status`)values(47, 1607147620, 1)
20201205 13:53:40 ERROR ../../../apps/lua/scripts/database/mysql_game.lua:136  
47	0
20201205 13:53:40 DEBUG d:\c++\moba_game_server\moba_server\netbus\session_uv.cc:42  
write success

20201205 13:53:41 ERROR ../../../apps/lua/scripts/system_server/system_service.lua:21  
2	4	47
20201205 13:53:47 ERROR ../../../apps/lua/scripts/system_server/system_service.lua:21  
2	13	48
20201205 13:53:47 DEBUG ../../../apps/lua/scripts/database/mysql_game.lua:78  
48	2000	0	0
20201205 13:53:47 DEBUG ../../../apps/lua/scripts/database/mysql_game.lua:153  
insert into login_bonues(`uid`, `bonues_time`, `status`)values(48, 1607147627, 1)
20201205 13:53:47 ERROR ../../../apps/lua/scripts/database/mysql_game.lua:136  
48	0
20201205 13:53:47 DEBUG d:\c++\moba_game_server\moba_server\netbus\session_uv.cc:42  
write success

20201205 13:53:50 ERROR ../../../apps/lua/scripts/system_server/system_service.lua:21  
2	4	48
20201205 13:54:22 ERROR ../../../apps/lua/scripts/system_server/system_service.lua:21  
2	13	49
20201205 13:54:22 DEBUG ../../../apps/lua/scripts/database/mysql_game.lua:78  
49	2000	0	0
20201205 13:54:22 DEBUG ../../../apps/lua/scripts/database/mysql_game.lua:153  
insert into login_bonues(`uid`, `bonues_time`, `status`)values(49, 1607147662, 1)
20201205 13:54:22 ERROR ../../../apps/lua/scripts/database/mysql_game.lua:136  
49	0
20201205 13:54:22 DEBUG d:\c++\moba_game_server\moba_server\netbus\session_uv.cc:42  
write success

20201205 13:54:23 ERROR ../../../apps/lua/scripts/system_server/system_service.lua:21  
2	4	49
20201205 14:12:24 DEBUG ../../../apps/lua/scripts/system_server/main.lua:29  
Auth Server Start at 8001
20201205 14:12:24 DEBUG ../../../apps/lua/scripts/system_server/main.lua:36  
register System service:[2] success!!!
20201205 14:12:24 DEBUG ../../../apps/lua/scripts/database/redis_game.lua:30  
connect to redis game db success!!!!
20201205 14:12:24 DEBUG ../../../apps/lua/scripts/database/redis_rank.lua:31  
connect to redis rank db success!!!!
20201205 14:12:24 DEBUG ../../../apps/lua/scripts/database/redis_center.lua:32  
connect to redis center db success!!!!
20201205 14:12:24 ERROR ../../../apps/lua/scripts/database/redis_game.lua:32  
select db_idx
20201205 14:12:24 ERROR ../../../apps/lua/scripts/database/redis_rank.lua:33  
select db_idx
20201205 14:12:24 ERROR ../../../apps/lua/scripts/database/redis_center.lua:34  
select db_idx
20201205 14:12:24 DEBUG ../../../apps/lua/scripts/database/mysql_game.lua:28  
connect to moba game db success!!!!
20201205 14:12:25 ERROR d:\c++\moba_game_server\moba_server\netbus\netbus.cc:255  
new client comming 127.0.0.1:49396

20201205 14:12:33 ERROR ../../../apps/lua/scripts/database/mysql_game.lua:125  
41	3700	0	0
20201205 14:12:33 ERROR ../../../apps/lua/scripts/database/mysql_game.lua:183  
41	300
20201205 14:12:33 DEBUG d:\c++\moba_game_server\moba_server\netbus\session_uv.cc:42  
write success

20201205 14:31:08 ERROR d:\c++\moba_game_server\moba_server\netbus\netbus.cc:199  
client close!!
20201205 17:37:15 DEBUG ../../../apps/lua/scripts/system_server/main.lua:29  
Auth Server Start at 8001
20201205 17:37:15 DEBUG ../../../apps/lua/scripts/system_server/main.lua:36  
register System service:[2] success!!!
20201205 17:37:15 DEBUG ../../../apps/lua/scripts/database/redis_game.lua:30  
connect to redis game db success!!!!
20201205 17:37:15 DEBUG ../../../apps/lua/scripts/database/redis_rank.lua:31  
connect to redis rank db success!!!!
20201205 17:37:15 DEBUG ../../../apps/lua/scripts/database/redis_center.lua:32  
connect to redis center db success!!!!
20201205 17:37:15 ERROR ../../../apps/lua/scripts/database/redis_game.lua:32  
select db_idx
20201205 17:37:15 ERROR ../../../apps/lua/scripts/database/redis_rank.lua:33  
select db_idx
20201205 17:37:15 ERROR ../../../apps/lua/scripts/database/redis_center.lua:34  
select db_idx
20201205 17:37:15 DEBUG ../../../apps/lua/scripts/database/mysql_game.lua:28  
connect to moba game db success!!!!
20201205 17:37:15 ERROR d:\c++\moba_game_server\moba_server\netbus\netbus.cc:255  
new client comming 127.0.0.1:50852

20201205 17:37:51 DEBUG d:\c++\moba_game_server\moba_server\netbus\session_uv.cc:42  
write success

20201205 17:40:48 DEBUG d:\c++\moba_game_server\moba_server\netbus\session_uv.cc:42  
write success

20201205 17:44:03 DEBUG d:\c++\moba_game_server\moba_server\netbus\session_uv.cc:42  
write success

20201205 17:45:02 DEBUG d:\c++\moba_game_server\moba_server\netbus\session_uv.cc:42  
write success

20201205 17:45:53 DEBUG d:\c++\moba_game_server\moba_server\netbus\session_uv.cc:42  
write success

20201205 17:46:29 DEBUG d:\c++\moba_game_server\moba_server\netbus\session_uv.cc:42  
write success

20201205 17:47:41 DEBUG d:\c++\moba_game_server\moba_server\netbus\session_uv.cc:42  
write success

20201205 17:48:17 DEBUG d:\c++\moba_game_server\moba_server\netbus\session_uv.cc:42  
write success

20201205 17:49:17 DEBUG d:\c++\moba_game_server\moba_server\netbus\session_uv.cc:42  
write success

20201205 17:50:16 DEBUG d:\c++\moba_game_server\moba_server\netbus\session_uv.cc:42  
write success

20201205 17:51:20 DEBUG d:\c++\moba_game_server\moba_server\netbus\session_uv.cc:42  
write success

20201205 17:51:42 DEBUG d:\c++\moba_game_server\moba_server\netbus\session_uv.cc:42  
write success

20201205 17:52:48 DEBUG d:\c++\moba_game_server\moba_server\netbus\session_uv.cc:42  
write success

20201205 22:48:27 DEBUG ../../../apps/lua/scripts/system_server/main.lua:29  
Auth Server Start at 8001
20201205 22:48:27 DEBUG ../../../apps/lua/scripts/system_server/main.lua:36  
register System service:[2] success!!!
20201205 22:48:27 DEBUG ../../../apps/lua/scripts/database/redis_game.lua:30  
connect to redis game db success!!!!
20201205 22:48:27 DEBUG ../../../apps/lua/scripts/database/redis_rank.lua:31  
connect to redis rank db success!!!!
20201205 22:48:27 DEBUG ../../../apps/lua/scripts/database/redis_center.lua:32  
connect to redis center db success!!!!
20201205 22:48:27 ERROR ../../../apps/lua/scripts/database/redis_game.lua:32  
select db_idx
20201205 22:48:27 ERROR ../../../apps/lua/scripts/database/redis_center.lua:34  
select db_idx
20201205 22:48:27 ERROR ../../../apps/lua/scripts/database/redis_rank.lua:33  
select db_idx
20201205 22:48:27 ERROR d:\c++\moba_game_server\moba_server\netbus\netbus.cc:255  
new client comming 127.0.0.1:53696

20201205 22:48:28 DEBUG ../../../apps/lua/scripts/database/mysql_game.lua:28  
connect to moba game db success!!!!
20201205 22:48:38 DEBUG d:\c++\moba_game_server\moba_server\netbus\session_uv.cc:42  
write success

20201205 22:53:43 DEBUG d:\c++\moba_game_server\moba_server\netbus\session_uv.cc:42  
write success

20201205 23:14:45 ERROR d:\c++\moba_game_server\moba_server\netbus\netbus.cc:199  
client close!!
