20201119 00:26:49 DEBUG ../../../apps/lua/scripts/system_server/main.lua:27  
Auth Server Start at 8001
20201119 00:26:49 DEBUG ../../../apps/lua/scripts/system_server/main.lua:34  
register System service:[2] success!!!
20201119 00:26:50 ERROR d:\c++\moba_game_server\moba_server\netbus\netbus.cc:255  
new client comming 127.0.0.1:51453

20201119 00:26:50 DEBUG ../../../apps/lua/scripts/database/mysql_game.lua:21  
connect to moba game db success!!!!
20201119 00:27:35 DEBUG ../../../apps/lua/scripts/system_server/main.lua:27  
Auth Server Start at 8001
20201119 00:27:35 DEBUG ../../../apps/lua/scripts/system_server/main.lua:34  
register System service:[2] success!!!
20201119 00:27:35 DEBUG ../../../apps/lua/scripts/database/mysql_game.lua:21  
connect to moba game db success!!!!
20201119 00:27:35 ERROR d:\c++\moba_game_server\moba_server\netbus\netbus.cc:255  
new client comming 127.0.0.1:51465

20201119 00:30:21 ERROR ../../../apps/lua/scripts/system_server/system_service.lua:16  
2	13	41
20201119 00:30:21 DEBUG ../../../apps/lua/scripts/database/mysql_game.lua:71  
41	2000	0	0
20201119 00:30:21 ERROR ../../../apps/lua/scripts/system_server/ugame.lua:58  
You have an error in your SQL syntax; check the manual that corresponds to your MySQL server version for the right syntax to use near ''status')values(41, 1605717021, 1)' at line 1
20201119 00:30:21 DEBUG d:\c++\moba_game_server\moba_server\netbus\session_uv.cc:42  
write success

20201119 00:31:38 DEBUG ../../../apps/lua/scripts/system_server/main.lua:27  
Auth Server Start at 8001
20201119 00:31:38 DEBUG ../../../apps/lua/scripts/system_server/main.lua:34  
register System service:[2] success!!!
20201119 00:31:38 ERROR d:\c++\moba_game_server\moba_server\netbus\netbus.cc:255  
new client comming 127.0.0.1:51553

20201119 00:31:38 DEBUG ../../../apps/lua/scripts/database/mysql_game.lua:21  
connect to moba game db success!!!!
20201119 00:31:40 ERROR ../../../apps/lua/scripts/system_server/system_service.lua:16  
2	13	41
20201119 00:31:40 DEBUG ../../../apps/lua/scripts/database/mysql_game.lua:71  
41	2000	0	0
20201119 00:31:40 ERROR ../../../apps/lua/scripts/system_server/ugame.lua:58  
You have an error in your SQL syntax; check the manual that corresponds to your MySQL server version for the right syntax to use near ''status')values(41, 1605717100, 1)' at line 1
20201119 00:31:40 DEBUG d:\c++\moba_game_server\moba_server\netbus\session_uv.cc:42  
write success

20201119 00:35:35 DEBUG ../../../apps/lua/scripts/system_server/main.lua:27  
Auth Server Start at 8001
20201119 00:35:35 DEBUG ../../../apps/lua/scripts/system_server/main.lua:34  
register System service:[2] success!!!
20201119 00:35:35 DEBUG ../../../apps/lua/scripts/database/mysql_game.lua:21  
connect to moba game db success!!!!
20201119 00:35:36 ERROR d:\c++\moba_game_server\moba_server\netbus\netbus.cc:255  
new client comming 127.0.0.1:51590

20201119 00:35:39 ERROR ../../../apps/lua/scripts/system_server/system_service.lua:16  
2	13	41
20201119 00:35:39 DEBUG ../../../apps/lua/scripts/database/mysql_game.lua:71  
41	2000	0	0
20201119 00:35:39 DEBUG ../../../apps/lua/scripts/database/mysql_game.lua:146  
insert into login_bonues(`uid`, `bonues_time`, 'status')values(41, 1605717339, 1)
20201119 00:35:39 ERROR ../../../apps/lua/scripts/system_server/ugame.lua:58  
You have an error in your SQL syntax; check the manual that corresponds to your MySQL server version for the right syntax to use near ''status')values(41, 1605717339, 1)' at line 1
20201119 00:35:40 DEBUG d:\c++\moba_game_server\moba_server\netbus\session_uv.cc:42  
write success

20201119 00:43:02 DEBUG ../../../apps/lua/scripts/system_server/main.lua:27  
Auth Server Start at 8001
20201119 00:43:02 DEBUG ../../../apps/lua/scripts/system_server/main.lua:34  
register System service:[2] success!!!
20201119 00:43:02 DEBUG ../../../apps/lua/scripts/database/mysql_game.lua:21  
connect to moba game db success!!!!
20201119 00:43:02 ERROR d:\c++\moba_game_server\moba_server\netbus\netbus.cc:255  
new client comming 127.0.0.1:51735

20201119 00:43:04 ERROR ../../../apps/lua/scripts/system_server/system_service.lua:16  
2	13	41
20201119 00:43:04 DEBUG ../../../apps/lua/scripts/database/mysql_game.lua:71  
41	2000	0	0
20201119 00:43:04 DEBUG ../../../apps/lua/scripts/database/mysql_game.lua:146  
insert into login_bonues(`uid`, `bonues_time`, `status`)values(41, 1605717784, 1)
20201119 00:43:04 ERROR ../../../apps/lua/scripts/database/mysql_game.lua:129  
41	0
20201119 00:43:04 DEBUG d:\c++\moba_game_server\moba_server\netbus\session_uv.cc:42  
write success

20201119 00:43:09 ERROR ../../../apps/lua/scripts/system_server/system_service.lua:16  
2	4	41
