20201121 17:57:49 DEBUG ../../../apps/lua/scripts/system_server/main.lua:27  
Auth Server Start at 8001
20201121 17:57:49 DEBUG ../../../apps/lua/scripts/system_server/main.lua:34  
register System service:[2] success!!!
20201121 17:57:49 ERROR d:\c++\moba_game_server\moba_server\netbus\netbus.cc:255  
new client comming 127.0.0.1:51893

20201121 17:57:49 DEBUG ../../../apps/lua/scripts/database/mysql_game.lua:21  
connect to moba game db success!!!!
20201121 17:58:01 ERROR ../../../apps/lua/scripts/system_server/system_service.lua:18  
2	13	41
20201121 17:58:01 DEBUG ../../../apps/lua/scripts/database/mysql_game.lua:71  
41	2000	0	0
20201121 17:58:01 ERROR ../../../apps/lua/scripts/database/mysql_game.lua:129  
41	100
20201121 17:58:01 DEBUG ../../../apps/lua/scripts/database/mysql_game.lua:162  
200	1605952681	2	41
20201121 17:58:01 DEBUG d:\c++\moba_game_server\moba_server\netbus\session_uv.cc:42  
write success

20201121 17:58:05 ERROR ../../../apps/lua/scripts/system_server/system_service.lua:18  
2	15	41
20201121 17:58:05 ERROR ../../../apps/lua/scripts/database/mysql_game.lua:129  
41	200
20201121 17:58:05 ERROR d:\c++\moba_game_server\moba_server\netbus\proto_man.cc:214  
can't not find the message by type_name: 
20201121 17:58:05 ERROR d:\c++\moba_game_server\moba_server\lua_wapper\session_export_to_lua.cc:44  
cant find message RecvLoginBonuesRes from compiled poll
20201121 17:58:05 DEBUG d:\c++\moba_game_server\moba_server\netbus\session_uv.cc:42  
write success

20201121 18:02:02 ERROR ../../../apps/lua/scripts/system_server/system_service.lua:18  
2	4	41
20201121 18:02:27 DEBUG ../../../apps/lua/scripts/system_server/main.lua:27  
Auth Server Start at 8001
20201121 18:02:27 DEBUG ../../../apps/lua/scripts/system_server/main.lua:34  
register System service:[2] success!!!
20201121 18:02:28 DEBUG ../../../apps/lua/scripts/database/mysql_game.lua:21  
connect to moba game db success!!!!
20201121 18:02:28 ERROR d:\c++\moba_game_server\moba_server\netbus\netbus.cc:255  
new client comming 127.0.0.1:52160

20201121 18:02:38 ERROR ../../../apps/lua/scripts/system_server/system_service.lua:18  
2	13	41
20201121 18:02:38 DEBUG ../../../apps/lua/scripts/database/mysql_game.lua:71  
41	2200	0	0
20201121 18:02:38 ERROR ../../../apps/lua/scripts/database/mysql_game.lua:129  
41	200
20201121 18:02:38 DEBUG d:\c++\moba_game_server\moba_server\netbus\session_uv.cc:42  
write success

20201121 18:02:41 ERROR ../../../apps/lua/scripts/system_server/system_service.lua:18  
2	4	41
20201121 18:03:46 ERROR ../../../apps/lua/scripts/system_server/system_service.lua:18  
2	13	41
20201121 18:03:46 DEBUG ../../../apps/lua/scripts/database/mysql_game.lua:71  
41	2200	0	0
20201121 18:03:46 ERROR ../../../apps/lua/scripts/database/mysql_game.lua:129  
41	200
20201121 18:03:46 DEBUG d:\c++\moba_game_server\moba_server\netbus\session_uv.cc:42  
write success

20201121 18:04:21 ERROR ../../../apps/lua/scripts/system_server/system_service.lua:18  
2	4	41
20201121 18:05:01 DEBUG ../../../apps/lua/scripts/system_server/main.lua:27  
Auth Server Start at 8001
20201121 18:05:01 DEBUG ../../../apps/lua/scripts/system_server/main.lua:34  
register System service:[2] success!!!
20201121 18:05:01 DEBUG ../../../apps/lua/scripts/database/mysql_game.lua:21  
connect to moba game db success!!!!
20201121 18:05:01 ERROR d:\c++\moba_game_server\moba_server\netbus\netbus.cc:255  
new client comming 127.0.0.1:52207

20201121 18:06:14 ERROR ../../../apps/lua/scripts/system_server/system_service.lua:18  
2	13	41
20201121 18:06:14 DEBUG ../../../apps/lua/scripts/database/mysql_game.lua:71  
41	2200	0	0
20201121 18:06:14 ERROR ../../../apps/lua/scripts/database/mysql_game.lua:129  
41	200
20201121 18:06:14 DEBUG d:\c++\moba_game_server\moba_server\netbus\session_uv.cc:42  
write success

20201121 18:06:49 ERROR ../../../apps/lua/scripts/system_server/system_service.lua:18  
2	4	41
20201121 18:06:54 ERROR ../../../apps/lua/scripts/system_server/system_service.lua:18  
2	13	41
20201121 18:06:54 DEBUG ../../../apps/lua/scripts/database/mysql_game.lua:71  
41	2200	0	0
20201121 18:06:54 ERROR ../../../apps/lua/scripts/database/mysql_game.lua:129  
41	200
20201121 18:06:54 DEBUG d:\c++\moba_game_server\moba_server\netbus\session_uv.cc:42  
write success

20201121 18:06:57 ERROR ../../../apps/lua/scripts/system_server/system_service.lua:18  
2	15	41
20201121 18:06:57 ERROR ../../../apps/lua/scripts/database/mysql_game.lua:129  
41	200
20201121 18:06:57 DEBUG d:\c++\moba_game_server\moba_server\netbus\session_uv.cc:42  
write success

20201121 18:07:08 ERROR ../../../apps/lua/scripts/system_server/system_service.lua:18  
2	4	41
20201121 18:07:12 ERROR ../../../apps/lua/scripts/system_server/system_service.lua:18  
2	13	41
20201121 18:07:12 DEBUG ../../../apps/lua/scripts/database/mysql_game.lua:71  
41	2400	0	0
20201121 18:07:12 ERROR ../../../apps/lua/scripts/database/mysql_game.lua:129  
41	200
20201121 18:07:12 DEBUG d:\c++\moba_game_server\moba_server\netbus\session_uv.cc:42  
write success

20201121 18:07:16 ERROR ../../../apps/lua/scripts/system_server/system_service.lua:18  
2	4	41
20201121 18:23:38 DEBUG ../../../apps/lua/scripts/system_server/main.lua:27  
Auth Server Start at 8001
20201121 18:23:38 DEBUG ../../../apps/lua/scripts/system_server/main.lua:34  
register System service:[2] success!!!
20201121 18:23:38 DEBUG ../../../apps/lua/scripts/database/redis_game.lua:23  
connect to redis game db success!!!!
20201121 18:23:38 ERROR ../../../apps/lua/scripts/database/redis_game.lua:25  
select db_idx
20201121 18:23:38 ERROR d:\c++\moba_game_server\moba_server\netbus\netbus.cc:255  
new client comming 127.0.0.1:52435

20201121 18:23:38 DEBUG ../../../apps/lua/scripts/database/mysql_game.lua:21  
connect to moba game db success!!!!
20201121 18:23:46 ERROR ../../../apps/lua/scripts/system_server/system_service.lua:18  
2	13	41
20201121 18:23:46 DEBUG ../../../apps/lua/scripts/database/mysql_game.lua:71  
41	2400	0	0
20201121 18:23:46 ERROR ../../../apps/lua/scripts/database/mysql_game.lua:129  
41	200
20201121 18:23:46 DEBUG ../../../apps/lua/scripts/database/redis_game.lua:43  
nil
20201121 18:23:46 ERROR d:\c++\moba_game_server\moba_server\lua_wapper\lua_wrapper.cc:352  
[LUA ERROR] ../../../apps/lua/scripts/database/redis_game.lua:41: attempt to concatenate a nil value
20201121 18:25:29 DEBUG ../../../apps/lua/scripts/system_server/main.lua:27  
Auth Server Start at 8001
20201121 18:25:29 DEBUG ../../../apps/lua/scripts/system_server/main.lua:34  
register System service:[2] success!!!
20201121 18:25:29 DEBUG ../../../apps/lua/scripts/database/redis_game.lua:23  
connect to redis game db success!!!!
20201121 18:25:29 ERROR ../../../apps/lua/scripts/database/redis_game.lua:25  
select db_idx
20201121 18:25:29 DEBUG ../../../apps/lua/scripts/database/mysql_game.lua:21  
connect to moba game db success!!!!
20201121 18:25:29 ERROR d:\c++\moba_game_server\moba_server\netbus\netbus.cc:255  
new client comming 127.0.0.1:52445

20201121 18:25:39 ERROR ../../../apps/lua/scripts/system_server/system_service.lua:18  
2	13	41
20201121 18:25:39 DEBUG ../../../apps/lua/scripts/database/mysql_game.lua:71  
41	2400	0	0
20201121 18:25:39 ERROR ../../../apps/lua/scripts/database/mysql_game.lua:129  
41	200
20201121 18:25:39 DEBUG ../../../apps/lua/scripts/system_server/ugame.lua:69  
2400	0	0
20201121 18:25:39 DEBUG ../../../apps/lua/scripts/database/redis_game.lua:43  
nil
20201121 18:25:39 ERROR d:\c++\moba_game_server\moba_server\lua_wapper\lua_wrapper.cc:352  
[LUA ERROR] ../../../apps/lua/scripts/database/redis_game.lua:41: attempt to concatenate a nil value
20201121 18:26:35 DEBUG ../../../apps/lua/scripts/system_server/main.lua:27  
Auth Server Start at 8001
20201121 18:26:35 DEBUG ../../../apps/lua/scripts/system_server/main.lua:34  
register System service:[2] success!!!
20201121 18:26:35 DEBUG ../../../apps/lua/scripts/database/redis_game.lua:23  
connect to redis game db success!!!!
20201121 18:26:35 ERROR ../../../apps/lua/scripts/database/redis_game.lua:25  
select db_idx
20201121 18:26:35 DEBUG ../../../apps/lua/scripts/database/mysql_game.lua:21  
connect to moba game db success!!!!
20201121 18:26:35 ERROR d:\c++\moba_game_server\moba_server\netbus\netbus.cc:255  
new client comming 127.0.0.1:52451

20201121 18:26:37 ERROR ../../../apps/lua/scripts/system_server/system_service.lua:18  
2	13	41
20201121 18:26:37 DEBUG ../../../apps/lua/scripts/database/mysql_game.lua:71  
41	2400	0	0
20201121 18:26:37 ERROR ../../../apps/lua/scripts/database/mysql_game.lua:129  
41	200
20201121 18:26:37 DEBUG ../../../apps/lua/scripts/system_server/ugame.lua:69  
2400	0	0
20201121 18:26:37 DEBUG ../../../apps/lua/scripts/database/redis_game.lua:43  
hmset moba_ugame_user_uid_41 uchip 2400 uexp 0 uvip 0
20201121 18:26:37 DEBUG d:\c++\moba_game_server\moba_server\netbus\session_uv.cc:42  
write success

20201121 18:29:05 ERROR ../../../apps/lua/scripts/system_server/system_service.lua:18  
2	4	41
20201121 18:45:50 DEBUG ../../../apps/lua/scripts/system_server/main.lua:27  
Auth Server Start at 8001
20201121 18:45:50 DEBUG ../../../apps/lua/scripts/system_server/main.lua:34  
register System service:[2] success!!!
20201121 18:45:50 DEBUG ../../../apps/lua/scripts/database/redis_game.lua:23  
connect to redis game db success!!!!
20201121 18:45:50 DEBUG ../../../apps/lua/scripts/database/redis_rank.lua:24  
connect to redis rank db success!!!!
20201121 18:45:50 ERROR ../../../apps/lua/scripts/database/redis_game.lua:25  
select db_idx
20201121 18:45:50 ERROR ../../../apps/lua/scripts/database/redis_rank.lua:26  
select db_idx
20201121 18:45:50 DEBUG ../../../apps/lua/scripts/database/mysql_game.lua:21  
connect to moba game db success!!!!
20201121 18:45:50 ERROR d:\c++\moba_game_server\moba_server\netbus\netbus.cc:255  
new client comming 127.0.0.1:52497

20201121 18:46:13 ERROR ../../../apps/lua/scripts/system_server/system_service.lua:18  
2	13	41
20201121 18:46:14 DEBUG ../../../apps/lua/scripts/database/mysql_game.lua:71  
41	2400	0	0
20201121 18:46:14 ERROR ../../../apps/lua/scripts/database/mysql_game.lua:129  
41	200
20201121 18:46:14 DEBUG d:\c++\moba_game_server\moba_server\netbus\session_uv.cc:42  
write success

20201121 18:46:14 ERROR ../../../apps/lua/scripts/database/redis_rank.lua:44  
ERR wrong number of arguments for 'zadd' command
20201121 18:46:57 DEBUG ../../../apps/lua/scripts/system_server/main.lua:27  
Auth Server Start at 8001
20201121 18:46:57 DEBUG ../../../apps/lua/scripts/system_server/main.lua:34  
register System service:[2] success!!!
20201121 18:46:57 DEBUG ../../../apps/lua/scripts/database/redis_game.lua:23  
connect to redis game db success!!!!
20201121 18:46:57 DEBUG ../../../apps/lua/scripts/database/redis_rank.lua:24  
connect to redis rank db success!!!!
20201121 18:46:57 ERROR ../../../apps/lua/scripts/database/redis_game.lua:25  
select db_idx
20201121 18:46:57 ERROR ../../../apps/lua/scripts/database/redis_rank.lua:26  
select db_idx
20201121 18:46:58 DEBUG ../../../apps/lua/scripts/database/mysql_game.lua:21  
connect to moba game db success!!!!
20201121 18:46:58 ERROR d:\c++\moba_game_server\moba_server\netbus\netbus.cc:255  
new client comming 127.0.0.1:52513

20201121 18:47:00 ERROR ../../../apps/lua/scripts/system_server/system_service.lua:18  
2	4	41
20201121 18:47:04 ERROR ../../../apps/lua/scripts/system_server/system_service.lua:18  
2	13	41
20201121 18:47:04 DEBUG ../../../apps/lua/scripts/database/mysql_game.lua:71  
41	2400	0	0
20201121 18:47:04 ERROR ../../../apps/lua/scripts/database/mysql_game.lua:129  
41	200
20201121 18:47:04 ERROR ../../../apps/lua/scripts/database/redis_rank.lua:41  
2400	41
20201121 18:47:04 DEBUG d:\c++\moba_game_server\moba_server\netbus\session_uv.cc:42  
write success

20201121 18:47:04 ERROR ../../../apps/lua/scripts/database/redis_rank.lua:45  
ERR wrong number of arguments for 'zadd' command
20201121 18:47:30 DEBUG ../../../apps/lua/scripts/system_server/main.lua:27  
Auth Server Start at 8001
20201121 18:47:30 DEBUG ../../../apps/lua/scripts/system_server/main.lua:34  
register System service:[2] success!!!
20201121 18:47:30 DEBUG ../../../apps/lua/scripts/database/redis_game.lua:23  
connect to redis game db success!!!!
20201121 18:47:30 DEBUG ../../../apps/lua/scripts/database/redis_rank.lua:24  
connect to redis rank db success!!!!
20201121 18:47:30 ERROR ../../../apps/lua/scripts/database/redis_game.lua:25  
select db_idx
20201121 18:47:30 ERROR ../../../apps/lua/scripts/database/redis_rank.lua:26  
select db_idx
20201121 18:47:31 DEBUG ../../../apps/lua/scripts/database/mysql_game.lua:21  
connect to moba game db success!!!!
20201121 18:47:31 ERROR d:\c++\moba_game_server\moba_server\netbus\netbus.cc:255  
new client comming 127.0.0.1:52519

20201121 18:47:33 ERROR ../../../apps/lua/scripts/system_server/system_service.lua:18  
2	4	41
20201121 18:47:36 ERROR ../../../apps/lua/scripts/system_server/system_service.lua:18  
2	13	41
20201121 18:47:36 DEBUG ../../../apps/lua/scripts/database/mysql_game.lua:71  
41	2400	0	0
20201121 18:47:36 ERROR ../../../apps/lua/scripts/database/mysql_game.lua:129  
41	200
20201121 18:47:36 DEBUG d:\c++\moba_game_server\moba_server\netbus\session_uv.cc:42  
write success

20201121 18:55:15 ERROR ../../../apps/lua/scripts/system_server/system_service.lua:18  
2	4	41
20201121 20:48:36 DEBUG ../../../apps/lua/scripts/system_server/main.lua:27  
Auth Server Start at 8001
20201121 20:48:36 ERROR trunk:0  
table	error loading module 'system_server/game_rank' from file '../../../apps/lua/scripts/system_server/game_rank.lua':
	../../../apps/lua/scripts/system_server/game_rank.lua:1: unexpected symbol near '<\239>'
20201121 20:48:36 DEBUG ../../../apps/lua/scripts/database/redis_game.lua:23  
connect to redis game db success!!!!
20201121 20:48:36 DEBUG ../../../apps/lua/scripts/database/redis_rank.lua:24  
connect to redis rank db success!!!!
20201121 20:48:36 ERROR ../../../apps/lua/scripts/database/redis_game.lua:25  
select db_idx
20201121 20:48:36 ERROR ../../../apps/lua/scripts/database/redis_rank.lua:26  
select db_idx
20201121 20:48:36 DEBUG ../../../apps/lua/scripts/database/mysql_game.lua:21  
connect to moba game db success!!!!
20201121 20:48:37 ERROR d:\c++\moba_game_server\moba_server\netbus\netbus.cc:255  
new client comming 127.0.0.1:52754

20201121 20:48:47 ERROR d:\c++\moba_game_server\moba_server\netbus\netbus.cc:199  
client close!!
20201121 20:49:46 DEBUG ../../../apps/lua/scripts/system_server/main.lua:27  
Auth Server Start at 8001
20201121 20:49:46 ERROR trunk:0  
table	error loading module 'system_server/game_rank' from file '../../../apps/lua/scripts/system_server/game_rank.lua':
	../../../apps/lua/scripts/system_server/game_rank.lua:1: unexpected symbol near '<\239>'
20201121 20:49:46 DEBUG ../../../apps/lua/scripts/database/redis_game.lua:23  
connect to redis game db success!!!!
20201121 20:49:46 DEBUG ../../../apps/lua/scripts/database/redis_rank.lua:24  
connect to redis rank db success!!!!
20201121 20:49:46 ERROR ../../../apps/lua/scripts/database/redis_game.lua:25  
select db_idx
20201121 20:49:46 ERROR ../../../apps/lua/scripts/database/redis_rank.lua:26  
select db_idx
20201121 20:49:46 DEBUG ../../../apps/lua/scripts/database/mysql_game.lua:21  
connect to moba game db success!!!!
20201121 20:53:19 DEBUG ../../../apps/lua/scripts/system_server/main.lua:27  
Auth Server Start at 8001
20201121 20:53:19 DEBUG ../../../apps/lua/scripts/system_server/main.lua:34  
register System service:[2] success!!!
20201121 20:53:19 DEBUG ../../../apps/lua/scripts/database/redis_game.lua:23  
connect to redis game db success!!!!
20201121 20:53:19 DEBUG ../../../apps/lua/scripts/database/redis_rank.lua:24  
connect to redis rank db success!!!!
20201121 20:53:19 ERROR ../../../apps/lua/scripts/database/redis_game.lua:25  
select db_idx
20201121 20:53:19 ERROR ../../../apps/lua/scripts/database/redis_rank.lua:26  
select db_idx
20201121 20:53:19 DEBUG ../../../apps/lua/scripts/database/mysql_game.lua:21  
connect to moba game db success!!!!
20201121 20:53:23 ERROR d:\c++\moba_game_server\moba_server\netbus\netbus.cc:255  
new client comming 127.0.0.1:52806

20201121 23:15:54 DEBUG ../../../apps/lua/scripts/system_server/main.lua:27  
Auth Server Start at 8001
20201121 23:15:54 DEBUG ../../../apps/lua/scripts/system_server/main.lua:34  
register System service:[2] success!!!
20201121 23:15:54 DEBUG ../../../apps/lua/scripts/database/redis_game.lua:23  
connect to redis game db success!!!!
20201121 23:15:54 DEBUG ../../../apps/lua/scripts/database/redis_rank.lua:24  
connect to redis rank db success!!!!
20201121 23:15:54 DEBUG ../../../apps/lua/scripts/database/redis_center.lua:25  
connect to redis center db success!!!!
20201121 23:15:54 ERROR ../../../apps/lua/scripts/database/redis_game.lua:25  
select db_idx
20201121 23:15:54 ERROR ../../../apps/lua/scripts/database/redis_rank.lua:26  
select db_idx
20201121 23:15:54 ERROR ../../../apps/lua/scripts/database/redis_center.lua:27  
select db_idx
20201121 23:15:54 DEBUG ../../../apps/lua/scripts/database/mysql_game.lua:21  
connect to moba game db success!!!!
20201121 23:15:56 ERROR d:\c++\moba_game_server\moba_server\netbus\netbus.cc:255  
new client comming 127.0.0.1:54000

20201121 23:16:06 ERROR ../../../apps/lua/scripts/system_server/system_service.lua:20  
2	13	41
20201121 23:16:06 DEBUG ../../../apps/lua/scripts/database/mysql_game.lua:71  
41	2400	0	0
20201121 23:16:06 ERROR ../../../apps/lua/scripts/database/mysql_game.lua:129  
41	200
20201121 23:16:06 DEBUG d:\c++\moba_game_server\moba_server\netbus\session_uv.cc:42  
write success

20201121 23:16:07 ERROR ../../../apps/lua/scripts/system_server/system_service.lua:20  
2	17	41
20201121 23:16:42 ERROR ../../../apps/lua/scripts/system_server/system_service.lua:20  
2	4	41
20201121 23:17:35 ERROR ../../../apps/lua/scripts/system_server/system_service.lua:20  
2	13	41
20201121 23:17:35 DEBUG ../../../apps/lua/scripts/database/mysql_game.lua:71  
41	2400	0	0
20201121 23:17:35 ERROR ../../../apps/lua/scripts/database/mysql_game.lua:129  
41	200
20201121 23:17:35 DEBUG d:\c++\moba_game_server\moba_server\netbus\session_uv.cc:42  
write success

20201121 23:17:35 ERROR ../../../apps/lua/scripts/system_server/system_service.lua:20  
2	17	41
20201121 23:17:37 ERROR ../../../apps/lua/scripts/system_server/system_service.lua:20  
2	17	41
20201121 23:17:38 ERROR ../../../apps/lua/scripts/system_server/system_service.lua:20  
2	17	41
20201121 23:18:38 DEBUG ../../../apps/lua/scripts/system_server/main.lua:27  
Auth Server Start at 8001
20201121 23:18:38 DEBUG ../../../apps/lua/scripts/system_server/main.lua:34  
register System service:[2] success!!!
20201121 23:18:38 DEBUG ../../../apps/lua/scripts/database/redis_game.lua:23  
connect to redis game db success!!!!
20201121 23:18:38 DEBUG ../../../apps/lua/scripts/database/redis_rank.lua:24  
connect to redis rank db success!!!!
20201121 23:18:38 DEBUG ../../../apps/lua/scripts/database/redis_center.lua:25  
connect to redis center db success!!!!
20201121 23:18:38 ERROR ../../../apps/lua/scripts/database/redis_game.lua:25  
select db_idx
20201121 23:18:38 ERROR ../../../apps/lua/scripts/database/redis_rank.lua:26  
select db_idx
20201121 23:18:38 ERROR ../../../apps/lua/scripts/database/redis_center.lua:27  
select db_idx
20201121 23:18:38 DEBUG ../../../apps/lua/scripts/database/mysql_game.lua:21  
connect to moba game db success!!!!
20201121 23:18:38 ERROR d:\c++\moba_game_server\moba_server\netbus\netbus.cc:255  
new client comming 127.0.0.1:54018

20201121 23:18:40 ERROR ../../../apps/lua/scripts/system_server/system_service.lua:20  
2	17	41
20201121 23:18:40 DEBUG ../../../apps/lua/scripts/system_server/game_rank.lua:127  
1	41
20201121 23:19:35 DEBUG ../../../apps/lua/scripts/system_server/main.lua:27  
Auth Server Start at 8001
20201121 23:19:35 DEBUG ../../../apps/lua/scripts/system_server/main.lua:34  
register System service:[2] success!!!
20201121 23:19:35 DEBUG ../../../apps/lua/scripts/database/redis_game.lua:23  
connect to redis game db success!!!!
20201121 23:19:35 DEBUG ../../../apps/lua/scripts/database/redis_rank.lua:24  
connect to redis rank db success!!!!
20201121 23:19:35 DEBUG ../../../apps/lua/scripts/database/redis_center.lua:25  
connect to redis center db success!!!!
20201121 23:19:35 ERROR ../../../apps/lua/scripts/database/redis_game.lua:25  
select db_idx
20201121 23:19:35 ERROR ../../../apps/lua/scripts/database/redis_rank.lua:26  
select db_idx
20201121 23:19:35 ERROR ../../../apps/lua/scripts/database/redis_center.lua:27  
select db_idx
20201121 23:19:35 DEBUG ../../../apps/lua/scripts/database/mysql_game.lua:21  
connect to moba game db success!!!!
20201121 23:19:35 ERROR d:\c++\moba_game_server\moba_server\netbus\netbus.cc:255  
new client comming 127.0.0.1:54024

20201121 23:19:38 ERROR ../../../apps/lua/scripts/system_server/system_service.lua:20  
2	17	41
20201121 23:20:11 DEBUG ../../../apps/lua/scripts/system_server/main.lua:27  
Auth Server Start at 8001
20201121 23:20:11 DEBUG ../../../apps/lua/scripts/system_server/main.lua:34  
register System service:[2] success!!!
20201121 23:20:11 DEBUG ../../../apps/lua/scripts/database/redis_game.lua:23  
connect to redis game db success!!!!
20201121 23:20:11 DEBUG ../../../apps/lua/scripts/database/redis_rank.lua:24  
connect to redis rank db success!!!!
20201121 23:20:11 DEBUG ../../../apps/lua/scripts/database/redis_center.lua:25  
connect to redis center db success!!!!
20201121 23:20:11 ERROR ../../../apps/lua/scripts/database/redis_game.lua:25  
select db_idx
20201121 23:20:11 ERROR ../../../apps/lua/scripts/database/redis_rank.lua:26  
select db_idx
20201121 23:20:11 ERROR ../../../apps/lua/scripts/database/redis_center.lua:27  
select db_idx
20201121 23:20:11 DEBUG ../../../apps/lua/scripts/database/mysql_game.lua:21  
connect to moba game db success!!!!
20201121 23:20:11 ERROR d:\c++\moba_game_server\moba_server\netbus\netbus.cc:255  
new client comming 127.0.0.1:54031

20201121 23:20:13 ERROR ../../../apps/lua/scripts/system_server/system_service.lua:20  
2	17	41
20201121 23:21:56 DEBUG ../../../apps/lua/scripts/system_server/main.lua:27  
Auth Server Start at 8001
20201121 23:21:56 DEBUG ../../../apps/lua/scripts/system_server/main.lua:34  
register System service:[2] success!!!
20201121 23:21:56 DEBUG ../../../apps/lua/scripts/database/redis_game.lua:23  
connect to redis game db success!!!!
20201121 23:21:56 DEBUG ../../../apps/lua/scripts/database/redis_rank.lua:24  
connect to redis rank db success!!!!
20201121 23:21:56 DEBUG ../../../apps/lua/scripts/database/redis_center.lua:25  
connect to redis center db success!!!!
20201121 23:21:56 ERROR ../../../apps/lua/scripts/database/redis_game.lua:25  
select db_idx
20201121 23:21:56 ERROR ../../../apps/lua/scripts/database/redis_rank.lua:26  
select db_idx
20201121 23:21:56 ERROR ../../../apps/lua/scripts/database/redis_center.lua:27  
select db_idx
20201121 23:21:56 ERROR d:\c++\moba_game_server\moba_server\netbus\netbus.cc:255  
new client comming 127.0.0.1:54042

20201121 23:21:56 DEBUG ../../../apps/lua/scripts/database/mysql_game.lua:21  
connect to moba game db success!!!!
20201121 23:21:59 ERROR ../../../apps/lua/scripts/system_server/system_service.lua:20  
2	17	41
20201121 23:21:59 ERROR ../../../apps/lua/scripts/system_server/game_rank.lua:137  
get_rank_user_info
20201121 23:21:59 ERROR ../../../apps/lua/scripts/system_server/game_rank.lua:18  
get_rank_user_info
20201121 23:21:59 ERROR ../../../apps/lua/scripts/system_server/game_rank.lua:28  
get_rank_user_info
20201121 23:22:53 DEBUG ../../../apps/lua/scripts/system_server/main.lua:27  
Auth Server Start at 8001
20201121 23:22:53 DEBUG ../../../apps/lua/scripts/system_server/main.lua:34  
register System service:[2] success!!!
20201121 23:22:53 DEBUG ../../../apps/lua/scripts/database/redis_game.lua:23  
connect to redis game db success!!!!
20201121 23:22:53 DEBUG ../../../apps/lua/scripts/database/redis_rank.lua:24  
connect to redis rank db success!!!!
20201121 23:22:53 DEBUG ../../../apps/lua/scripts/database/redis_center.lua:25  
connect to redis center db success!!!!
20201121 23:22:53 ERROR ../../../apps/lua/scripts/database/redis_game.lua:25  
select db_idx
20201121 23:22:53 ERROR ../../../apps/lua/scripts/database/redis_rank.lua:26  
select db_idx
20201121 23:22:53 ERROR ../../../apps/lua/scripts/database/redis_center.lua:27  
select db_idx
20201121 23:22:53 ERROR d:\c++\moba_game_server\moba_server\netbus\netbus.cc:255  
new client comming 127.0.0.1:54048

20201121 23:22:53 DEBUG ../../../apps/lua/scripts/database/mysql_game.lua:21  
connect to moba game db success!!!!
20201121 23:22:56 ERROR ../../../apps/lua/scripts/system_server/system_service.lua:20  
2	17	41
20201121 23:22:56 ERROR ../../../apps/lua/scripts/system_server/game_rank.lua:18  
get_rank_user_info
20201121 23:22:56 ERROR ../../../apps/lua/scripts/system_server/game_rank.lua:128  
success_func	true
20201121 23:24:22 DEBUG ../../../apps/lua/scripts/system_server/main.lua:27  
Auth Server Start at 8001
20201121 23:24:22 DEBUG ../../../apps/lua/scripts/system_server/main.lua:34  
register System service:[2] success!!!
20201121 23:24:22 DEBUG ../../../apps/lua/scripts/database/redis_game.lua:23  
connect to redis game db success!!!!
20201121 23:24:22 DEBUG ../../../apps/lua/scripts/database/redis_rank.lua:24  
connect to redis rank db success!!!!
20201121 23:24:22 DEBUG ../../../apps/lua/scripts/database/redis_center.lua:25  
connect to redis center db success!!!!
20201121 23:24:22 ERROR ../../../apps/lua/scripts/database/redis_game.lua:25  
select db_idx
20201121 23:24:22 ERROR ../../../apps/lua/scripts/database/redis_rank.lua:26  
select db_idx
20201121 23:24:22 ERROR ../../../apps/lua/scripts/database/redis_center.lua:27  
select db_idx
20201121 23:24:22 DEBUG ../../../apps/lua/scripts/database/mysql_game.lua:21  
connect to moba game db success!!!!
20201121 23:24:22 ERROR d:\c++\moba_game_server\moba_server\netbus\netbus.cc:255  
new client comming 127.0.0.1:54060

20201121 23:24:25 ERROR ../../../apps/lua/scripts/system_server/system_service.lua:20  
2	17	41
20201121 23:24:25 ERROR ../../../apps/lua/scripts/system_server/game_rank.lua:39  
get_rank_user_info
20201121 23:24:25 ERROR ../../../apps/lua/scripts/system_server/game_rank.lua:74  
get_rank_ugame_info
20201121 23:25:00 DEBUG ../../../apps/lua/scripts/system_server/main.lua:27  
Auth Server Start at 8001
20201121 23:25:00 DEBUG ../../../apps/lua/scripts/system_server/main.lua:34  
register System service:[2] success!!!
20201121 23:25:00 DEBUG ../../../apps/lua/scripts/database/redis_game.lua:23  
connect to redis game db success!!!!
20201121 23:25:00 DEBUG ../../../apps/lua/scripts/database/redis_rank.lua:24  
connect to redis rank db success!!!!
20201121 23:25:00 DEBUG ../../../apps/lua/scripts/database/redis_center.lua:25  
connect to redis center db success!!!!
20201121 23:25:00 ERROR ../../../apps/lua/scripts/database/redis_game.lua:25  
select db_idx
20201121 23:25:00 ERROR ../../../apps/lua/scripts/database/redis_rank.lua:26  
select db_idx
20201121 23:25:00 ERROR ../../../apps/lua/scripts/database/redis_center.lua:27  
select db_idx
20201121 23:25:00 DEBUG ../../../apps/lua/scripts/database/mysql_game.lua:21  
connect to moba game db success!!!!
20201121 23:25:00 ERROR d:\c++\moba_game_server\moba_server\netbus\netbus.cc:255  
new client comming 127.0.0.1:54061

20201121 23:25:02 ERROR ../../../apps/lua/scripts/system_server/system_service.lua:20  
2	17	41
20201121 23:25:02 ERROR ../../../apps/lua/scripts/system_server/game_rank.lua:39  
get_rank_user_info
20201121 23:25:02 ERROR ../../../apps/lua/scripts/system_server/game_rank.lua:74  
get_rank_ugame_info
20201121 23:25:02 ERROR ../../../apps/lua/scripts/system_server/game_rank.lua:55  
get_rank_user_ugame_info
20201121 23:25:02 ERROR ../../../apps/lua/scripts/system_server/game_rank.lua:66  
get_rank_user_ugame_info
20201121 23:25:02 ERROR ../../../apps/lua/scripts/system_server/game_rank.lua:84  
get_rank_ugame_info	true
20201121 23:25:02 ERROR ../../../apps/lua/scripts/system_server/game_rank.lua:86  
get_rank_ugame_info
20201121 23:25:02 ERROR ../../../apps/lua/scripts/system_server/game_rank.lua:16  
1	1
20201121 23:25:02 ERROR ../../../apps/lua/scripts/system_server/game_rank.lua:27  
nil	nil	nil	nil	nil
20201121 23:25:02 ERROR d:\c++\moba_game_server\moba_server\netbus\proto_man.cc:214  
can't not find the message by type_name: 
20201121 23:25:02 ERROR d:\c++\moba_game_server\moba_server\lua_wapper\session_export_to_lua.cc:44  
cant find message eGetWorldRankUchipRes from compiled poll
20201121 23:25:02 DEBUG d:\c++\moba_game_server\moba_server\netbus\session_uv.cc:42  
write success

20201121 23:27:13 DEBUG ../../../apps/lua/scripts/system_server/main.lua:27  
Auth Server Start at 8001
20201121 23:27:13 DEBUG ../../../apps/lua/scripts/system_server/main.lua:34  
register System service:[2] success!!!
20201121 23:27:13 DEBUG ../../../apps/lua/scripts/database/redis_game.lua:23  
connect to redis game db success!!!!
20201121 23:27:13 DEBUG ../../../apps/lua/scripts/database/redis_rank.lua:24  
connect to redis rank db success!!!!
20201121 23:27:13 DEBUG ../../../apps/lua/scripts/database/redis_center.lua:25  
connect to redis center db success!!!!
20201121 23:27:13 ERROR ../../../apps/lua/scripts/database/redis_game.lua:25  
select db_idx
20201121 23:27:13 ERROR ../../../apps/lua/scripts/database/redis_rank.lua:26  
select db_idx
20201121 23:27:13 ERROR ../../../apps/lua/scripts/database/redis_center.lua:27  
select db_idx
20201121 23:27:13 DEBUG ../../../apps/lua/scripts/database/mysql_game.lua:21  
connect to moba game db success!!!!
20201121 23:27:15 ERROR d:\c++\moba_game_server\moba_server\netbus\netbus.cc:255  
new client comming 127.0.0.1:54094

20201121 23:27:22 ERROR ../../../apps/lua/scripts/system_server/system_service.lua:20  
2	13	41
20201121 23:27:22 DEBUG ../../../apps/lua/scripts/database/mysql_game.lua:71  
41	2400	0	0
20201121 23:27:22 ERROR ../../../apps/lua/scripts/database/mysql_game.lua:129  
41	200
20201121 23:27:22 DEBUG d:\c++\moba_game_server\moba_server\netbus\session_uv.cc:42  
write success

20201121 23:27:22 ERROR ../../../apps/lua/scripts/system_server/system_service.lua:20  
2	17	41
20201121 23:27:22 ERROR ../../../apps/lua/scripts/system_server/game_rank.lua:39  
get_rank_user_info
20201121 23:27:22 ERROR ../../../apps/lua/scripts/system_server/game_rank.lua:74  
get_rank_ugame_info
20201121 23:27:22 ERROR ../../../apps/lua/scripts/system_server/game_rank.lua:55  
get_rank_user_ugame_info
20201121 23:27:22 ERROR ../../../apps/lua/scripts/system_server/game_rank.lua:66  
get_rank_user_ugame_info
20201121 23:27:22 ERROR ../../../apps/lua/scripts/system_server/game_rank.lua:84  
get_rank_ugame_info	true
20201121 23:27:22 ERROR ../../../apps/lua/scripts/system_server/game_rank.lua:86  
get_rank_ugame_info
20201121 23:27:22 ERROR ../../../apps/lua/scripts/system_server/game_rank.lua:16  
1	1
20201121 23:27:22 ERROR ../../../apps/lua/scripts/system_server/game_rank.lua:27  
nil	nil	nil	nil	nil
20201121 23:27:22 ERROR d:\c++\moba_game_server\moba_server\netbus\proto_man.cc:214  
can't not find the message by type_name: 
20201121 23:27:22 ERROR d:\c++\moba_game_server\moba_server\lua_wapper\session_export_to_lua.cc:44  
cant find message eGetWorldRankUchipRes from compiled poll
20201121 23:27:22 DEBUG d:\c++\moba_game_server\moba_server\netbus\session_uv.cc:42  
write success

20201121 23:27:24 ERROR ../../../apps/lua/scripts/system_server/system_service.lua:20  
2	17	41
20201121 23:27:24 ERROR ../../../apps/lua/scripts/system_server/game_rank.lua:39  
get_rank_user_info
20201121 23:27:24 ERROR ../../../apps/lua/scripts/system_server/game_rank.lua:74  
get_rank_ugame_info
20201121 23:27:24 ERROR ../../../apps/lua/scripts/system_server/game_rank.lua:55  
get_rank_user_ugame_info
20201121 23:27:24 ERROR ../../../apps/lua/scripts/system_server/game_rank.lua:66  
get_rank_user_ugame_info
20201121 23:27:24 ERROR ../../../apps/lua/scripts/system_server/game_rank.lua:84  
get_rank_ugame_info	true
20201121 23:27:24 ERROR ../../../apps/lua/scripts/system_server/game_rank.lua:86  
get_rank_ugame_info
20201121 23:27:24 ERROR ../../../apps/lua/scripts/system_server/game_rank.lua:16  
1	1
20201121 23:27:24 ERROR ../../../apps/lua/scripts/system_server/game_rank.lua:27  
nil	nil	nil	nil	nil
20201121 23:27:24 ERROR d:\c++\moba_game_server\moba_server\netbus\proto_man.cc:214  
can't not find the message by type_name: 
20201121 23:27:24 ERROR d:\c++\moba_game_server\moba_server\lua_wapper\session_export_to_lua.cc:44  
cant find message eGetWorldRankUchipRes from compiled poll
20201121 23:27:24 DEBUG d:\c++\moba_game_server\moba_server\netbus\session_uv.cc:42  
write success

20201121 23:28:36 DEBUG ../../../apps/lua/scripts/system_server/main.lua:27  
Auth Server Start at 8001
20201121 23:28:36 DEBUG ../../../apps/lua/scripts/system_server/main.lua:34  
register System service:[2] success!!!
20201121 23:28:36 DEBUG ../../../apps/lua/scripts/database/redis_game.lua:23  
connect to redis game db success!!!!
20201121 23:28:36 DEBUG ../../../apps/lua/scripts/database/redis_rank.lua:24  
connect to redis rank db success!!!!
20201121 23:28:36 DEBUG ../../../apps/lua/scripts/database/redis_center.lua:25  
connect to redis center db success!!!!
20201121 23:28:36 ERROR ../../../apps/lua/scripts/database/redis_game.lua:25  
select db_idx
20201121 23:28:36 ERROR ../../../apps/lua/scripts/database/redis_rank.lua:26  
select db_idx
20201121 23:28:36 ERROR ../../../apps/lua/scripts/database/redis_center.lua:27  
select db_idx
20201121 23:28:36 DEBUG ../../../apps/lua/scripts/database/mysql_game.lua:21  
connect to moba game db success!!!!
20201121 23:28:37 ERROR d:\c++\moba_game_server\moba_server\netbus\netbus.cc:255  
new client comming 127.0.0.1:54109

20201121 23:28:38 ERROR ../../../apps/lua/scripts/system_server/system_service.lua:20  
2	17	41
20201121 23:28:38 ERROR ../../../apps/lua/scripts/system_server/game_rank.lua:39  
get_rank_user_info
20201121 23:28:38 ERROR ../../../apps/lua/scripts/system_server/game_rank.lua:74  
get_rank_ugame_info
20201121 23:28:38 ERROR ../../../apps/lua/scripts/system_server/game_rank.lua:55  
get_rank_user_ugame_info
20201121 23:28:38 ERROR ../../../apps/lua/scripts/system_server/game_rank.lua:66  
get_rank_user_ugame_info
20201121 23:28:38 ERROR ../../../apps/lua/scripts/system_server/game_rank.lua:84  
get_rank_ugame_info	true
20201121 23:28:38 ERROR ../../../apps/lua/scripts/system_server/game_rank.lua:86  
get_rank_ugame_info
20201121 23:28:38 ERROR ../../../apps/lua/scripts/system_server/game_rank.lua:16  
1	1
20201121 23:28:38 ERROR ../../../apps/lua/scripts/system_server/game_rank.lua:27  
gst827844	0	0	0	nil
20201121 23:28:38 ERROR d:\c++\moba_game_server\moba_server\netbus\proto_man.cc:214  
can't not find the message by type_name: 
20201121 23:28:38 ERROR d:\c++\moba_game_server\moba_server\lua_wapper\session_export_to_lua.cc:44  
cant find message eGetWorldRankUchipRes from compiled poll
20201121 23:28:38 DEBUG d:\c++\moba_game_server\moba_server\netbus\session_uv.cc:42  
write success

20201121 23:28:42 ERROR ../../../apps/lua/scripts/system_server/system_service.lua:20  
2	17	41
20201121 23:28:42 ERROR ../../../apps/lua/scripts/system_server/game_rank.lua:39  
get_rank_user_info
20201121 23:28:42 ERROR ../../../apps/lua/scripts/system_server/game_rank.lua:74  
get_rank_ugame_info
20201121 23:28:42 ERROR ../../../apps/lua/scripts/system_server/game_rank.lua:55  
get_rank_user_ugame_info
20201121 23:28:42 ERROR ../../../apps/lua/scripts/system_server/game_rank.lua:66  
get_rank_user_ugame_info
20201121 23:28:42 ERROR ../../../apps/lua/scripts/system_server/game_rank.lua:84  
get_rank_ugame_info	true
20201121 23:28:42 ERROR ../../../apps/lua/scripts/system_server/game_rank.lua:86  
get_rank_ugame_info
20201121 23:28:42 ERROR ../../../apps/lua/scripts/system_server/game_rank.lua:16  
1	1
20201121 23:28:42 ERROR ../../../apps/lua/scripts/system_server/game_rank.lua:27  
gst827844	0	0	0	nil
20201121 23:28:42 ERROR d:\c++\moba_game_server\moba_server\netbus\proto_man.cc:214  
can't not find the message by type_name: 
20201121 23:28:42 ERROR d:\c++\moba_game_server\moba_server\lua_wapper\session_export_to_lua.cc:44  
cant find message eGetWorldRankUchipRes from compiled poll
20201121 23:28:42 DEBUG d:\c++\moba_game_server\moba_server\netbus\session_uv.cc:42  
write success

20201121 23:29:03 DEBUG ../../../apps/lua/scripts/system_server/main.lua:27  
Auth Server Start at 8001
20201121 23:29:03 DEBUG ../../../apps/lua/scripts/system_server/main.lua:34  
register System service:[2] success!!!
20201121 23:29:03 DEBUG ../../../apps/lua/scripts/database/redis_game.lua:23  
connect to redis game db success!!!!
20201121 23:29:03 DEBUG ../../../apps/lua/scripts/database/redis_rank.lua:24  
connect to redis rank db success!!!!
20201121 23:29:03 DEBUG ../../../apps/lua/scripts/database/redis_center.lua:25  
connect to redis center db success!!!!
20201121 23:29:03 ERROR ../../../apps/lua/scripts/database/redis_game.lua:25  
select db_idx
20201121 23:29:03 ERROR ../../../apps/lua/scripts/database/redis_rank.lua:26  
select db_idx
20201121 23:29:03 ERROR ../../../apps/lua/scripts/database/redis_center.lua:27  
select db_idx
20201121 23:29:03 DEBUG ../../../apps/lua/scripts/database/mysql_game.lua:21  
connect to moba game db success!!!!
20201121 23:29:04 ERROR d:\c++\moba_game_server\moba_server\netbus\netbus.cc:255  
new client comming 127.0.0.1:54110

20201121 23:29:06 ERROR ../../../apps/lua/scripts/system_server/system_service.lua:20  
2	17	41
20201121 23:29:06 ERROR ../../../apps/lua/scripts/system_server/game_rank.lua:39  
get_rank_user_info
20201121 23:29:06 ERROR ../../../apps/lua/scripts/system_server/game_rank.lua:74  
get_rank_ugame_info
20201121 23:29:06 ERROR ../../../apps/lua/scripts/system_server/game_rank.lua:55  
get_rank_user_ugame_info
20201121 23:29:06 ERROR ../../../apps/lua/scripts/system_server/game_rank.lua:66  
get_rank_user_ugame_info
20201121 23:29:06 ERROR ../../../apps/lua/scripts/system_server/game_rank.lua:84  
get_rank_ugame_info	true
20201121 23:29:06 ERROR ../../../apps/lua/scripts/system_server/game_rank.lua:86  
get_rank_ugame_info
20201121 23:29:06 ERROR ../../../apps/lua/scripts/system_server/game_rank.lua:16  
1	1
20201121 23:29:06 ERROR ../../../apps/lua/scripts/system_server/game_rank.lua:27  
gst827844	0	0	0	nil
20201121 23:29:06 ERROR d:\c++\moba_game_server\moba_server\netbus\proto_man.cc:214  
can't not find the message by type_name: 
20201121 23:29:06 ERROR d:\c++\moba_game_server\moba_server\lua_wapper\session_export_to_lua.cc:44  
cant find message eGetWorldRankUchipRes from compiled poll
20201121 23:29:06 DEBUG d:\c++\moba_game_server\moba_server\netbus\session_uv.cc:42  
write success

20201121 23:31:44 DEBUG ../../../apps/lua/scripts/system_server/main.lua:27  
Auth Server Start at 8001
20201121 23:31:44 DEBUG ../../../apps/lua/scripts/system_server/main.lua:34  
register System service:[2] success!!!
20201121 23:31:44 DEBUG ../../../apps/lua/scripts/database/redis_game.lua:23  
connect to redis game db success!!!!
20201121 23:31:44 DEBUG ../../../apps/lua/scripts/database/redis_rank.lua:24  
connect to redis rank db success!!!!
20201121 23:31:44 DEBUG ../../../apps/lua/scripts/database/redis_center.lua:25  
connect to redis center db success!!!!
20201121 23:31:44 ERROR ../../../apps/lua/scripts/database/redis_game.lua:25  
select db_idx
20201121 23:31:44 ERROR ../../../apps/lua/scripts/database/redis_rank.lua:26  
select db_idx
20201121 23:31:44 ERROR ../../../apps/lua/scripts/database/redis_center.lua:27  
select db_idx
20201121 23:31:44 DEBUG ../../../apps/lua/scripts/database/mysql_game.lua:21  
connect to moba game db success!!!!
20201121 23:31:44 ERROR d:\c++\moba_game_server\moba_server\netbus\netbus.cc:255  
new client comming 127.0.0.1:54123

20201121 23:31:47 ERROR ../../../apps/lua/scripts/system_server/system_service.lua:20  
2	17	41
20201121 23:31:47 ERROR ../../../apps/lua/scripts/system_server/game_rank.lua:60  
2400	0	0
20201121 23:31:47 ERROR ../../../apps/lua/scripts/system_server/game_rank.lua:16  
1	1
20201121 23:31:47 ERROR ../../../apps/lua/scripts/system_server/game_rank.lua:27  
gst827844	0	0	0	nil
20201121 23:31:47 ERROR d:\c++\moba_game_server\moba_server\netbus\proto_man.cc:214  
can't not find the message by type_name: 
20201121 23:31:47 ERROR d:\c++\moba_game_server\moba_server\lua_wapper\session_export_to_lua.cc:44  
cant find message eGetWorldRankUchipRes from compiled poll
20201121 23:31:47 DEBUG d:\c++\moba_game_server\moba_server\netbus\session_uv.cc:42  
write success

20201121 23:34:15 DEBUG ../../../apps/lua/scripts/system_server/main.lua:27  
Auth Server Start at 8001
20201121 23:34:15 DEBUG ../../../apps/lua/scripts/system_server/main.lua:34  
register System service:[2] success!!!
20201121 23:34:15 DEBUG ../../../apps/lua/scripts/database/redis_game.lua:23  
connect to redis game db success!!!!
20201121 23:34:15 DEBUG ../../../apps/lua/scripts/database/redis_rank.lua:24  
connect to redis rank db success!!!!
20201121 23:34:15 DEBUG ../../../apps/lua/scripts/database/redis_center.lua:25  
connect to redis center db success!!!!
20201121 23:34:15 ERROR ../../../apps/lua/scripts/database/redis_game.lua:25  
select db_idx
20201121 23:34:15 ERROR ../../../apps/lua/scripts/database/redis_rank.lua:26  
select db_idx
20201121 23:34:15 ERROR ../../../apps/lua/scripts/database/redis_center.lua:27  
select db_idx
20201121 23:34:15 DEBUG ../../../apps/lua/scripts/database/mysql_game.lua:21  
connect to moba game db success!!!!
20201121 23:34:15 ERROR d:\c++\moba_game_server\moba_server\netbus\netbus.cc:255  
new client comming 127.0.0.1:54138

20201121 23:34:18 ERROR ../../../apps/lua/scripts/system_server/system_service.lua:20  
2	17	41
20201121 23:34:18 ERROR d:\c++\moba_game_server\moba_server\netbus\proto_man.cc:214  
can't not find the message by type_name: 
20201121 23:34:18 ERROR d:\c++\moba_game_server\moba_server\lua_wapper\session_export_to_lua.cc:44  
cant find message eGetWorldRankUchipRes from compiled poll
20201121 23:34:18 DEBUG d:\c++\moba_game_server\moba_server\netbus\session_uv.cc:42  
write success

20201121 23:35:17 DEBUG ../../../apps/lua/scripts/system_server/main.lua:27  
Auth Server Start at 8001
20201121 23:35:17 DEBUG ../../../apps/lua/scripts/system_server/main.lua:34  
register System service:[2] success!!!
20201121 23:35:17 DEBUG ../../../apps/lua/scripts/database/redis_game.lua:23  
connect to redis game db success!!!!
20201121 23:35:17 DEBUG ../../../apps/lua/scripts/database/redis_rank.lua:24  
connect to redis rank db success!!!!
20201121 23:35:17 DEBUG ../../../apps/lua/scripts/database/redis_center.lua:25  
connect to redis center db success!!!!
20201121 23:35:17 ERROR ../../../apps/lua/scripts/database/redis_game.lua:25  
select db_idx
20201121 23:35:17 ERROR ../../../apps/lua/scripts/database/redis_rank.lua:26  
select db_idx
20201121 23:35:17 ERROR ../../../apps/lua/scripts/database/redis_center.lua:27  
select db_idx
20201121 23:35:17 DEBUG ../../../apps/lua/scripts/database/mysql_game.lua:21  
connect to moba game db success!!!!
20201121 23:35:18 ERROR d:\c++\moba_game_server\moba_server\netbus\netbus.cc:255  
new client comming 127.0.0.1:54145

20201121 23:35:20 ERROR ../../../apps/lua/scripts/system_server/system_service.lua:20  
2	17	41
20201121 23:35:20 ERROR ../../../apps/lua/scripts/system_server/game_rank.lua:27  
gst827844	0	0	0	2400
20201121 23:35:20 ERROR d:\c++\moba_game_server\moba_server\netbus\proto_man.cc:214  
can't not find the message by type_name: 
20201121 23:35:20 ERROR d:\c++\moba_game_server\moba_server\lua_wapper\session_export_to_lua.cc:44  
cant find message eGetWorldRankUchipRes from compiled poll
20201121 23:35:20 DEBUG d:\c++\moba_game_server\moba_server\netbus\session_uv.cc:42  
write success

20201121 23:37:02 DEBUG ../../../apps/lua/scripts/system_server/main.lua:27  
Auth Server Start at 8001
20201121 23:37:02 DEBUG ../../../apps/lua/scripts/system_server/main.lua:34  
register System service:[2] success!!!
20201121 23:37:02 DEBUG ../../../apps/lua/scripts/database/redis_game.lua:23  
connect to redis game db success!!!!
20201121 23:37:02 DEBUG ../../../apps/lua/scripts/database/redis_rank.lua:24  
connect to redis rank db success!!!!
20201121 23:37:02 DEBUG ../../../apps/lua/scripts/database/redis_center.lua:25  
connect to redis center db success!!!!
20201121 23:37:02 ERROR ../../../apps/lua/scripts/database/redis_game.lua:25  
select db_idx
20201121 23:37:02 ERROR ../../../apps/lua/scripts/database/redis_rank.lua:26  
select db_idx
20201121 23:37:02 ERROR ../../../apps/lua/scripts/database/redis_center.lua:27  
select db_idx
20201121 23:37:02 DEBUG ../../../apps/lua/scripts/database/mysql_game.lua:21  
connect to moba game db success!!!!
20201121 23:37:02 ERROR d:\c++\moba_game_server\moba_server\netbus\netbus.cc:255  
new client comming 127.0.0.1:54150

20201121 23:37:04 ERROR ../../../apps/lua/scripts/system_server/system_service.lua:20  
2	17	41
20201121 23:37:04 ERROR ../../../apps/lua/scripts/system_server/game_rank.lua:28  
gst827844	0	0	0	2400
20201121 23:37:04 ERROR d:\c++\moba_game_server\moba_server\netbus\proto_man.cc:214  
can't not find the message by type_name: 
20201121 23:37:04 ERROR d:\c++\moba_game_server\moba_server\lua_wapper\session_export_to_lua.cc:44  
cant find message eGetWorldRankUchipRes from compiled poll
20201121 23:37:04 DEBUG d:\c++\moba_game_server\moba_server\netbus\session_uv.cc:42  
write success

20201121 23:38:41 DEBUG ../../../apps/lua/scripts/system_server/main.lua:27  
Auth Server Start at 8001
20201121 23:38:41 DEBUG ../../../apps/lua/scripts/system_server/main.lua:34  
register System service:[2] success!!!
20201121 23:38:41 DEBUG ../../../apps/lua/scripts/database/redis_game.lua:23  
connect to redis game db success!!!!
20201121 23:38:41 DEBUG ../../../apps/lua/scripts/database/redis_rank.lua:24  
connect to redis rank db success!!!!
20201121 23:38:41 DEBUG ../../../apps/lua/scripts/database/redis_center.lua:25  
connect to redis center db success!!!!
20201121 23:38:41 ERROR ../../../apps/lua/scripts/database/redis_game.lua:25  
select db_idx
20201121 23:38:41 ERROR ../../../apps/lua/scripts/database/redis_rank.lua:26  
select db_idx
20201121 23:38:41 ERROR ../../../apps/lua/scripts/database/redis_center.lua:27  
select db_idx
20201121 23:38:41 DEBUG ../../../apps/lua/scripts/database/mysql_game.lua:21  
connect to moba game db success!!!!
20201121 23:38:42 ERROR d:\c++\moba_game_server\moba_server\netbus\netbus.cc:255  
new client comming 127.0.0.1:54182

20201121 23:38:44 ERROR ../../../apps/lua/scripts/system_server/system_service.lua:20  
2	17	41
20201121 23:38:44 ERROR ../../../apps/lua/scripts/system_server/game_rank.lua:27  
gst827844	0	0	0	2400
20201121 23:38:44 DEBUG d:\c++\moba_game_server\moba_server\netbus\session_uv.cc:42  
write success

20201121 23:39:14 DEBUG ../../../apps/lua/scripts/system_server/main.lua:27  
Auth Server Start at 8001
20201121 23:39:14 DEBUG ../../../apps/lua/scripts/system_server/main.lua:34  
register System service:[2] success!!!
20201121 23:39:14 DEBUG ../../../apps/lua/scripts/database/redis_game.lua:23  
connect to redis game db success!!!!
20201121 23:39:14 DEBUG ../../../apps/lua/scripts/database/redis_rank.lua:24  
connect to redis rank db success!!!!
20201121 23:39:14 DEBUG ../../../apps/lua/scripts/database/redis_center.lua:25  
connect to redis center db success!!!!
20201121 23:39:14 ERROR ../../../apps/lua/scripts/database/redis_game.lua:25  
select db_idx
20201121 23:39:14 ERROR ../../../apps/lua/scripts/database/redis_rank.lua:26  
select db_idx
20201121 23:39:14 ERROR ../../../apps/lua/scripts/database/redis_center.lua:27  
select db_idx
20201121 23:39:15 ERROR d:\c++\moba_game_server\moba_server\netbus\netbus.cc:255  
new client comming 127.0.0.1:54191

20201121 23:39:15 DEBUG ../../../apps/lua/scripts/database/mysql_game.lua:21  
connect to moba game db success!!!!
20201121 23:39:18 ERROR ../../../apps/lua/scripts/system_server/system_service.lua:20  
2	17	41
20201121 23:39:18 ERROR ../../../apps/lua/scripts/system_server/game_rank.lua:27  
gst827844	0	0	0	2400
20201121 23:39:18 ERROR d:\c++\moba_game_server\moba_server\netbus\proto_man.cc:214  
can't not find the message by type_name: 
20201121 23:39:18 ERROR d:\c++\moba_game_server\moba_server\lua_wapper\session_export_to_lua.cc:44  
cant find message eGetWorldRankUchipRes from compiled poll
20201121 23:39:18 DEBUG d:\c++\moba_game_server\moba_server\netbus\session_uv.cc:42  
write success

