20201108 22:20:11 DEBUG ../../../apps/lua/scripts/auth_server/main.lua:27  
Auth Server Start at 8000
20201108 22:20:11 DEBUG ../../../apps/lua/scripts/auth_server/main.lua:34  
register Auth service:[1] success!!!
20201108 22:20:11 DEBUG ../../../apps/lua/scripts/database/redis_center.lua:25  
connect to redis center db success!!!!
20201108 22:20:11 ERROR ../../../apps/lua/scripts/database/redis_center.lua:27  
select db_idx
20201108 22:20:11 DEBUG ../../../apps/lua/scripts/database/mysql_auth_center.lua:19  
connect to auth center db success!!!!
20201108 22:20:12 ERROR d:\c++\moba_game_server\moba_server\netbus\netbus.cc:255  
new client comming 127.0.0.1:50338

20201108 22:20:21 DEBUG ../../../apps/lua/scripts/auth_server/auth_service.lua:20  
1	1	1
20201108 22:20:21 DEBUG ../../../apps/lua/scripts/auth_server/guest.lua:14  
kgfih5JetIPL1PQHGsePXJlNOSxHfADM
20201108 22:20:21 DEBUG ../../../apps/lua/scripts/database/mysql_auth_center.lua:154  
1	0
20201108 22:20:21 DEBUG ../../../apps/lua/scripts/database/redis_center.lua:47  
hmset moba_auth_center_user_uid_37 unick gst101126 usex 0 uface 6 uvip 0 is_guest 1
20201108 22:20:21 DEBUG d:\c++\moba_game_server\moba_server\netbus\session_uv.cc:42  
write success

20201108 22:20:37 DEBUG ../../../apps/lua/scripts/auth_server/auth_service.lua:20  
1	7	37
20201108 22:20:37 DEBUG ../../../apps/lua/scripts/database/mysql_auth_center.lua:38  
update uinfo set uname = "hws", upwd = "E10ADC3949BA59ABBE56E057F20F883E", is_guest = 0 where uid = 37
20201108 22:20:37 DEBUG ../../../apps/lua/scripts/database/mysql_auth_center.lua:40  
nil	nil
20201108 22:20:37 DEBUG d:\c++\moba_game_server\moba_server\netbus\session_uv.cc:42  
write success

20201108 22:22:03 DEBUG ../../../apps/lua/scripts/auth_server/auth_service.lua:20  
1	7	37
20201108 22:22:03 DEBUG d:\c++\moba_game_server\moba_server\netbus\session_uv.cc:42  
write success

20201108 22:22:25 DEBUG ../../../apps/lua/scripts/auth_server/auth_service.lua:20  
1	1	2
20201108 22:22:25 DEBUG ../../../apps/lua/scripts/auth_server/guest.lua:14  
kgfih5JetIPL1PQHGsePXJlNOSxHfADM
20201108 22:22:25 DEBUG ../../../apps/lua/scripts/database/mysql_auth_center.lua:154  
0	0
20201108 22:22:25 DEBUG d:\c++\moba_game_server\moba_server\netbus\session_uv.cc:42  
write success

20201108 22:22:26 DEBUG ../../../apps/lua/scripts/auth_server/auth_service.lua:20  
1	1	2
20201108 22:22:26 DEBUG ../../../apps/lua/scripts/auth_server/guest.lua:14  
tARELPN5tLDx6gz17rjdNSPxGCC3HYSi
20201108 22:22:26 DEBUG ../../../apps/lua/scripts/auth_server/guest.lua:14  
tARELPN5tLDx6gz17rjdNSPxGCC3HYSi
20201108 22:22:26 DEBUG ../../../apps/lua/scripts/database/mysql_auth_center.lua:154  
1	0
20201108 22:22:26 DEBUG ../../../apps/lua/scripts/database/redis_center.lua:47  
hmset moba_auth_center_user_uid_38 unick gst101126 usex 0 uface 6 uvip 0 is_guest 1
20201108 22:22:26 DEBUG d:\c++\moba_game_server\moba_server\netbus\session_uv.cc:42  
write success

20201108 22:22:37 DEBUG ../../../apps/lua/scripts/auth_server/auth_service.lua:20  
1	7	38
20201108 22:22:37 DEBUG ../../../apps/lua/scripts/database/mysql_auth_center.lua:38  
update uinfo set uname = "hws2", upwd = "E10ADC3949BA59ABBE56E057F20F883E", is_guest = 0 where uid = 38
20201108 22:22:37 DEBUG ../../../apps/lua/scripts/database/mysql_auth_center.lua:40  
nil	nil
20201108 22:22:37 DEBUG d:\c++\moba_game_server\moba_server\netbus\session_uv.cc:42  
write success

20201108 22:27:18 DEBUG ../../../apps/lua/scripts/auth_server/main.lua:27  
Auth Server Start at 8000
20201108 22:27:18 DEBUG ../../../apps/lua/scripts/auth_server/main.lua:34  
register Auth service:[1] success!!!
20201108 22:27:18 DEBUG ../../../apps/lua/scripts/database/redis_center.lua:25  
connect to redis center db success!!!!
20201108 22:27:18 ERROR ../../../apps/lua/scripts/database/redis_center.lua:27  
select db_idx
20201108 22:27:19 ERROR d:\c++\moba_game_server\moba_server\netbus\netbus.cc:255  
new client comming 127.0.0.1:50538

20201108 22:27:19 DEBUG ../../../apps/lua/scripts/database/mysql_auth_center.lua:19  
connect to auth center db success!!!!
20201108 22:27:25 DEBUG ../../../apps/lua/scripts/auth_server/auth_service.lua:20  
1	1	3
20201108 22:27:25 DEBUG ../../../apps/lua/scripts/auth_server/guest.lua:14  
tARELPN5tLDx6gz17rjdNSPxGCC3HYSi
20201108 22:27:25 DEBUG ../../../apps/lua/scripts/database/mysql_auth_center.lua:154  
0	0
20201108 22:27:25 DEBUG d:\c++\moba_game_server\moba_server\netbus\session_uv.cc:42  
write success

20201108 22:27:26 DEBUG ../../../apps/lua/scripts/auth_server/auth_service.lua:20  
1	1	3
20201108 22:27:26 DEBUG ../../../apps/lua/scripts/auth_server/guest.lua:14  
hrY5p04OmplIw1jdwddtol49IyRXi1DU
20201108 22:27:26 DEBUG ../../../apps/lua/scripts/auth_server/guest.lua:14  
hrY5p04OmplIw1jdwddtol49IyRXi1DU
20201108 22:27:26 DEBUG ../../../apps/lua/scripts/database/mysql_auth_center.lua:154  
1	0
20201108 22:27:26 DEBUG ../../../apps/lua/scripts/database/redis_center.lua:47  
hmset moba_auth_center_user_uid_39 unick gst101126 usex 0 uface 6 uvip 0 is_guest 1
20201108 22:27:26 DEBUG d:\c++\moba_game_server\moba_server\netbus\session_uv.cc:42  
write success

20201108 22:27:36 DEBUG ../../../apps/lua/scripts/auth_server/auth_service.lua:20  
1	7	39
20201108 22:27:36 DEBUG ../../../apps/lua/scripts/database/mysql_auth_center.lua:38  
update uinfo set uname = "123", upwd = "47BCDCD7BCBF990C435227B4AA4912DA", is_guest = 0 where uid = 39
20201108 22:27:36 DEBUG ../../../apps/lua/scripts/database/mysql_auth_center.lua:40  
nil	nil
20201108 22:27:36 DEBUG d:\c++\moba_game_server\moba_server\netbus\session_uv.cc:42  
write success

20201108 22:29:22 DEBUG ../../../apps/lua/scripts/auth_server/main.lua:27  
Auth Server Start at 8000
20201108 22:29:22 DEBUG ../../../apps/lua/scripts/auth_server/main.lua:34  
register Auth service:[1] success!!!
20201108 22:29:22 DEBUG ../../../apps/lua/scripts/database/redis_center.lua:25  
connect to redis center db success!!!!
20201108 22:29:22 ERROR ../../../apps/lua/scripts/database/redis_center.lua:27  
select db_idx
20201108 22:29:22 DEBUG ../../../apps/lua/scripts/database/mysql_auth_center.lua:19  
connect to auth center db success!!!!
20201108 22:29:23 ERROR d:\c++\moba_game_server\moba_server\netbus\netbus.cc:255  
new client comming 127.0.0.1:50565

20201108 22:29:28 DEBUG ../../../apps/lua/scripts/auth_server/auth_service.lua:20  
1	1	4
20201108 22:29:28 DEBUG ../../../apps/lua/scripts/auth_server/guest.lua:14  
hrY5p04OmplIw1jdwddtol49IyRXi1DU
20201108 22:29:28 DEBUG ../../../apps/lua/scripts/database/mysql_auth_center.lua:154  
0	0
20201108 22:29:28 DEBUG d:\c++\moba_game_server\moba_server\netbus\session_uv.cc:42  
write success

20201108 22:29:30 DEBUG ../../../apps/lua/scripts/auth_server/auth_service.lua:20  
1	1	4
20201108 22:29:30 DEBUG ../../../apps/lua/scripts/auth_server/guest.lua:14  
rrconIrxPs3k186dbNezK0xTzynGoCFt
20201108 22:29:30 DEBUG ../../../apps/lua/scripts/auth_server/guest.lua:14  
rrconIrxPs3k186dbNezK0xTzynGoCFt
20201108 22:29:30 DEBUG ../../../apps/lua/scripts/database/mysql_auth_center.lua:154  
1	0
20201108 22:29:30 DEBUG ../../../apps/lua/scripts/database/redis_center.lua:47  
hmset moba_auth_center_user_uid_40 unick gst101126 usex 0 uface 6 uvip 0 is_guest 1
20201108 22:29:30 DEBUG d:\c++\moba_game_server\moba_server\netbus\session_uv.cc:42  
write success

20201108 22:29:40 DEBUG ../../../apps/lua/scripts/auth_server/auth_service.lua:20  
1	7	40
20201108 22:29:40 DEBUG ../../../apps/lua/scripts/database/mysql_auth_center.lua:38  
update uinfo set uname = "hws123", upwd = "202CB962AC59075B964B07152D234B70", is_guest = 0 where uid = 40
20201108 22:29:40 DEBUG ../../../apps/lua/scripts/database/mysql_auth_center.lua:40  
nil	nil
20201108 22:29:40 DEBUG d:\c++\moba_game_server\moba_server\netbus\session_uv.cc:42  
write success

20201108 22:29:56 DEBUG ../../../apps/lua/scripts/auth_server/auth_service.lua:20  
1	5	40
20201108 22:29:56 DEBUG ../../../apps/lua/scripts/auth_server/edit_profile.lua:17  
gst101126	6	1
20201108 22:29:56 DEBUG ../../../apps/lua/scripts/database/redis_center.lua:47  
hmset moba_auth_center_user_uid_40 unick gst101126 usex 1 uface 6 uvip 6 is_guest 1
20201108 22:29:58 DEBUG ../../../apps/lua/scripts/auth_server/edit_profile.lua:30  
40
20201108 22:29:58 DEBUG d:\c++\moba_game_server\moba_server\netbus\session_uv.cc:42  
write success

20201108 22:30:10 DEBUG ../../../apps/lua/scripts/auth_server/auth_service.lua:20  
1	1	5
20201108 22:30:10 DEBUG ../../../apps/lua/scripts/auth_server/guest.lua:14  
rrconIrxPs3k186dbNezK0xTzynGoCFt
20201108 22:30:10 DEBUG ../../../apps/lua/scripts/database/mysql_auth_center.lua:154  
0	0
20201108 22:30:10 DEBUG d:\c++\moba_game_server\moba_server\netbus\session_uv.cc:42  
write success

20201108 22:30:11 DEBUG ../../../apps/lua/scripts/auth_server/auth_service.lua:20  
1	1	5
20201108 22:30:11 DEBUG ../../../apps/lua/scripts/auth_server/guest.lua:14  
PVuVnWGThHmokMUFUQ7P6Ij9GIY4Iu4X
20201108 22:30:11 DEBUG ../../../apps/lua/scripts/auth_server/guest.lua:14  
PVuVnWGThHmokMUFUQ7P6Ij9GIY4Iu4X
20201108 22:30:11 DEBUG ../../../apps/lua/scripts/database/mysql_auth_center.lua:154  
1	0
20201108 22:30:11 DEBUG ../../../apps/lua/scripts/database/redis_center.lua:47  
hmset moba_auth_center_user_uid_41 unick gst827844 usex 0 uface 6 uvip 0 is_guest 1
20201108 22:30:11 DEBUG d:\c++\moba_game_server\moba_server\netbus\session_uv.cc:42  
write success

