20201017 14:48:29 DEBUG ../../../apps/lua/scripts/auth_server/main.lua:27  
Auth Server Start at 8000
20201017 14:48:29 DEBUG ../../../apps/lua/scripts/auth_server/main.lua:34  
register Auth service:[1] success!!!
20201017 14:48:32 ERROR d:\c++\moba_game_server\moba_server\netbus\netbus.cc:255  
new client comming 127.0.0.1:50318

20201017 14:48:52 DEBUG ../../../apps/lua/scripts/auth_server/auth_service.lua:16  
1	1	1	tqz8R4gQPkMuhXvfVXPRkqQHCUQ5eTQi
20201017 14:48:52 DEBUG ../../../apps/lua/scripts/auth_server/guest.lua:8  
tqz8R4gQPkMuhXvfVXPRkqQHCUQ5eTQi
20201017 15:20:23 DEBUG ../../../apps/lua/scripts/auth_server/main.lua:27  
Auth Server Start at 8000
20201017 15:20:23 DEBUG ../../../apps/lua/scripts/auth_server/main.lua:34  
register Auth service:[1] success!!!
20201017 15:20:23 DEBUG ../../../apps/lua/scripts/database/mysql_auth_center.lua:19  
connect to auth center db success!!!!
20201017 15:20:41 ERROR d:\c++\moba_game_server\moba_server\netbus\netbus.cc:255  
new client comming 127.0.0.1:50551

20201017 15:21:12 DEBUG ../../../apps/lua/scripts/auth_server/auth_service.lua:16  
1	1	1	cEorzYqLKpEHrVF2ty2b4gfKDbc8xrg9
20201017 15:21:12 DEBUG ../../../apps/lua/scripts/auth_server/guest.lua:10  
cEorzYqLKpEHrVF2ty2b4gfKDbc8xrg9
20201017 15:21:12 ERROR d:\c++\moba_game_server\moba_server\lua_wapper\service_export_to_lua.cc:104  
[LUA ERROR] ../../../apps/lua/scripts/database/mysql_auth_center.lua:39: attempt to index a nil value (global 'Mysql')
20201017 15:21:12 DEBUG ../../../apps/lua/scripts/auth_server/auth_service.lua:16  
1	1	1	bbMuNN7D8hMFcIPmgWsirEaqRY0bOD08
20201017 15:21:12 DEBUG ../../../apps/lua/scripts/auth_server/guest.lua:10  
bbMuNN7D8hMFcIPmgWsirEaqRY0bOD08
20201017 15:21:12 ERROR d:\c++\moba_game_server\moba_server\lua_wapper\service_export_to_lua.cc:104  
[LUA ERROR] ../../../apps/lua/scripts/database/mysql_auth_center.lua:39: attempt to index a nil value (global 'Mysql')
20201017 15:21:53 DEBUG ../../../apps/lua/scripts/auth_server/main.lua:27  
Auth Server Start at 8000
20201017 15:21:53 DEBUG ../../../apps/lua/scripts/auth_server/main.lua:34  
register Auth service:[1] success!!!
20201017 15:21:54 DEBUG ../../../apps/lua/scripts/database/mysql_auth_center.lua:19  
connect to auth center db success!!!!
20201017 15:21:54 ERROR d:\c++\moba_game_server\moba_server\netbus\netbus.cc:255  
new client comming 127.0.0.1:50554

20201017 15:21:56 DEBUG ../../../apps/lua/scripts/auth_server/auth_service.lua:16  
1	1	1	RwPN9yRA5kWKEHz9qrNhnh6Gmmdzo05h
20201017 15:21:56 DEBUG ../../../apps/lua/scripts/auth_server/guest.lua:10  
RwPN9yRA5kWKEHz9qrNhnh6Gmmdzo05h
20201017 15:21:56 ERROR d:\c++\moba_game_server\moba_server\lua_wapper\lua_wrapper.cc:335  
[LUA ERROR] ../../../apps/lua/scripts/database/mysql_auth_center.lua:76: attempt to index a nil value (global 'match')
20201017 15:22:23 DEBUG ../../../apps/lua/scripts/auth_server/main.lua:27  
Auth Server Start at 8000
20201017 15:22:23 DEBUG ../../../apps/lua/scripts/auth_server/main.lua:34  
register Auth service:[1] success!!!
20201017 15:22:23 ERROR d:\c++\moba_game_server\moba_server\netbus\netbus.cc:255  
new client comming 127.0.0.1:50564

20201017 15:22:23 DEBUG ../../../apps/lua/scripts/database/mysql_auth_center.lua:19  
connect to auth center db success!!!!
20201017 15:22:26 DEBUG ../../../apps/lua/scripts/auth_server/auth_service.lua:16  
1	1	1	gqOBmaNbt0cNSxTxU4xGrn1Yp1y8hjh2
20201017 15:22:26 DEBUG ../../../apps/lua/scripts/auth_server/guest.lua:10  
gqOBmaNbt0cNSxTxU4xGrn1Yp1y8hjh2
20201017 15:22:26 ERROR d:\c++\moba_game_server\moba_server\lua_wapper\lua_wrapper.cc:335  
[LUA ERROR] ../../../apps/lua/scripts/database/mysql_auth_center.lua:56: attempt to index a nil value (local 'result')
20201017 15:22:56 DEBUG ../../../apps/lua/scripts/auth_server/main.lua:27  
Auth Server Start at 8000
20201017 15:22:56 DEBUG ../../../apps/lua/scripts/auth_server/main.lua:34  
register Auth service:[1] success!!!
20201017 15:22:56 ERROR d:\c++\moba_game_server\moba_server\netbus\netbus.cc:255  
new client comming 127.0.0.1:50568

20201017 15:22:56 DEBUG ../../../apps/lua/scripts/database/mysql_auth_center.lua:19  
connect to auth center db success!!!!
20201017 15:22:59 DEBUG ../../../apps/lua/scripts/auth_server/auth_service.lua:16  
1	1	1	Crn1jtViQCt1BRs6G2lYdNfoxztlCOBu
20201017 15:22:59 DEBUG ../../../apps/lua/scripts/auth_server/guest.lua:10  
Crn1jtViQCt1BRs6G2lYdNfoxztlCOBu
20201017 15:25:17 DEBUG ../../../apps/lua/scripts/auth_server/main.lua:27  
Auth Server Start at 8000
20201017 15:25:17 DEBUG ../../../apps/lua/scripts/auth_server/main.lua:34  
register Auth service:[1] success!!!
20201017 15:25:17 DEBUG ../../../apps/lua/scripts/database/mysql_auth_center.lua:19  
connect to auth center db success!!!!
20201017 15:25:17 ERROR d:\c++\moba_game_server\moba_server\netbus\netbus.cc:255  
new client comming 127.0.0.1:50571

20201017 15:25:19 DEBUG ../../../apps/lua/scripts/auth_server/auth_service.lua:16  
1	1	1	n0s2QbKQ8a990SpEFqSIcIWAqBCuxr9O
20201017 15:25:19 DEBUG ../../../apps/lua/scripts/auth_server/guest.lua:10  
n0s2QbKQ8a990SpEFqSIcIWAqBCuxr9O
20201017 15:25:19 ERROR ../../../apps/lua/scripts/auth_server/guest.lua:23  
You have an error in your SQL syntax; check the manual that corresponds to your MySQL server version for the right syntax to use near ''guest_key', 'unick', 'uface', 'usex', 'is_guest')values("n0s2QbKQ8a990SpEFqSIcI' at line 1
20201017 15:32:30 DEBUG ../../../apps/lua/scripts/auth_server/main.lua:27  
Auth Server Start at 8000
20201017 15:32:30 DEBUG ../../../apps/lua/scripts/auth_server/main.lua:34  
register Auth service:[1] success!!!
20201017 15:32:30 DEBUG ../../../apps/lua/scripts/database/mysql_auth_center.lua:19  
connect to auth center db success!!!!
20201017 15:32:31 ERROR d:\c++\moba_game_server\moba_server\netbus\netbus.cc:255  
new client comming 127.0.0.1:50612

20201017 15:32:43 DEBUG ../../../apps/lua/scripts/auth_server/auth_service.lua:16  
1	1	1	jPU5OzxBSJKR5sVCcirBhKKwXGQK94fF
20201017 15:32:43 DEBUG ../../../apps/lua/scripts/auth_server/guest.lua:10  
jPU5OzxBSJKR5sVCcirBhKKwXGQK94fF
20201017 15:32:43 DEBUG ../../../apps/lua/scripts/auth_server/guest.lua:26  
insert_guest_user
20201017 15:32:43 DEBUG ../../../apps/lua/scripts/auth_server/guest.lua:10  
jPU5OzxBSJKR5sVCcirBhKKwXGQK94fF
20201017 15:34:15 DEBUG ../../../apps/lua/scripts/auth_server/main.lua:27  
Auth Server Start at 8000
20201017 15:34:15 DEBUG ../../../apps/lua/scripts/auth_server/main.lua:34  
register Auth service:[1] success!!!
20201017 15:34:16 DEBUG ../../../apps/lua/scripts/database/mysql_auth_center.lua:19  
connect to auth center db success!!!!
20201017 15:34:16 ERROR d:\c++\moba_game_server\moba_server\netbus\netbus.cc:255  
new client comming 127.0.0.1:50616

20201017 15:34:20 DEBUG ../../../apps/lua/scripts/auth_server/auth_service.lua:16  
1	1	1	1ARxOIhzl3zHrTltVkjKfh1iQaAdiPBN
20201017 15:34:20 DEBUG ../../../apps/lua/scripts/auth_server/guest.lua:10  
1ARxOIhzl3zHrTltVkjKfh1iQaAdiPBN
20201017 15:34:20 DEBUG ../../../apps/lua/scripts/auth_server/guest.lua:10  
1ARxOIhzl3zHrTltVkjKfh1iQaAdiPBN
20201017 15:34:20 DEBUG ../../../apps/lua/scripts/auth_server/guest.lua:30  
0
20201017 15:35:00 DEBUG ../../../apps/lua/scripts/auth_server/main.lua:27  
Auth Server Start at 8000
20201017 15:35:00 DEBUG ../../../apps/lua/scripts/auth_server/main.lua:34  
register Auth service:[1] success!!!
20201017 15:35:00 DEBUG ../../../apps/lua/scripts/database/mysql_auth_center.lua:19  
connect to auth center db success!!!!
20201017 15:35:00 ERROR d:\c++\moba_game_server\moba_server\netbus\netbus.cc:255  
new client comming 127.0.0.1:50620

20201017 15:35:03 DEBUG ../../../apps/lua/scripts/auth_server/auth_service.lua:16  
1	1	1	2v7soEb57qWFBqisRJAuWjvrOupByAzE
20201017 15:35:03 DEBUG ../../../apps/lua/scripts/auth_server/guest.lua:10  
2v7soEb57qWFBqisRJAuWjvrOupByAzE
20201017 15:35:03 DEBUG ../../../apps/lua/scripts/auth_server/guest.lua:10  
2v7soEb57qWFBqisRJAuWjvrOupByAzE
20201017 15:35:03 DEBUG ../../../apps/lua/scripts/auth_server/guest.lua:30  
true
20201017 15:35:18 DEBUG ../../../apps/lua/scripts/auth_server/main.lua:27  
Auth Server Start at 8000
20201017 15:35:18 DEBUG ../../../apps/lua/scripts/auth_server/main.lua:34  
register Auth service:[1] success!!!
20201017 15:35:18 DEBUG ../../../apps/lua/scripts/database/mysql_auth_center.lua:19  
connect to auth center db success!!!!
20201017 15:35:18 ERROR d:\c++\moba_game_server\moba_server\netbus\netbus.cc:255  
new client comming 127.0.0.1:50623

20201017 15:35:21 DEBUG ../../../apps/lua/scripts/auth_server/auth_service.lua:16  
1	1	1	18TG2yVr34IhP6AsTHxcnxL6tKAFKOWP
20201017 15:35:21 DEBUG ../../../apps/lua/scripts/auth_server/guest.lua:10  
18TG2yVr34IhP6AsTHxcnxL6tKAFKOWP
20201017 15:35:21 DEBUG ../../../apps/lua/scripts/auth_server/guest.lua:10  
18TG2yVr34IhP6AsTHxcnxL6tKAFKOWP
20201017 15:35:21 DEBUG ../../../apps/lua/scripts/auth_server/guest.lua:30  
true
20201017 15:35:25 DEBUG ../../../apps/lua/scripts/auth_server/auth_service.lua:16  
1	1	1	jYB1PwhQasD9CGDic08437z7KJbzD9wr
20201017 15:35:25 DEBUG ../../../apps/lua/scripts/auth_server/guest.lua:10  
jYB1PwhQasD9CGDic08437z7KJbzD9wr
20201017 15:35:25 DEBUG ../../../apps/lua/scripts/auth_server/guest.lua:10  
jYB1PwhQasD9CGDic08437z7KJbzD9wr
20201017 15:35:25 DEBUG ../../../apps/lua/scripts/auth_server/guest.lua:30  
true
20201017 15:37:22 DEBUG ../../../apps/lua/scripts/auth_server/main.lua:27  
Auth Server Start at 8000
20201017 15:37:22 DEBUG ../../../apps/lua/scripts/auth_server/main.lua:34  
register Auth service:[1] success!!!
20201017 15:37:22 ERROR d:\c++\moba_game_server\moba_server\netbus\netbus.cc:255  
new client comming 127.0.0.1:50641

20201017 15:37:22 DEBUG ../../../apps/lua/scripts/database/mysql_auth_center.lua:19  
connect to auth center db success!!!!
20201017 15:37:24 DEBUG ../../../apps/lua/scripts/auth_server/auth_service.lua:16  
1	1	1	BW9LzNfa0mL4WvPVAVE7LEFC5FymCxua
20201017 15:37:24 DEBUG ../../../apps/lua/scripts/auth_server/guest.lua:10  
BW9LzNfa0mL4WvPVAVE7LEFC5FymCxua
20201017 15:37:24 DEBUG ../../../apps/lua/scripts/auth_server/guest.lua:10  
BW9LzNfa0mL4WvPVAVE7LEFC5FymCxua
20201017 15:37:24 DEBUG ../../../apps/lua/scripts/database/mysql_auth_center.lua:65  
1	0
20201017 15:37:24 DEBUG ../../../apps/lua/scripts/auth_server/guest.lua:30  
true
20201017 15:39:29 DEBUG ../../../apps/lua/scripts/auth_server/main.lua:27  
Auth Server Start at 8000
20201017 15:39:29 DEBUG ../../../apps/lua/scripts/auth_server/main.lua:34  
register Auth service:[1] success!!!
20201017 15:39:29 ERROR d:\c++\moba_game_server\moba_server\netbus\netbus.cc:255  
new client comming 127.0.0.1:50650

20201017 15:39:30 DEBUG ../../../apps/lua/scripts/database/mysql_auth_center.lua:19  
connect to auth center db success!!!!
20201017 15:39:32 DEBUG ../../../apps/lua/scripts/auth_server/auth_service.lua:16  
1	1	1	4sOT2GAoCcq5Hkjkv21WKzu5UBh8eqg2
20201017 15:39:32 DEBUG ../../../apps/lua/scripts/auth_server/guest.lua:10  
4sOT2GAoCcq5Hkjkv21WKzu5UBh8eqg2
20201017 15:39:32 DEBUG ../../../apps/lua/scripts/auth_server/guest.lua:10  
4sOT2GAoCcq5Hkjkv21WKzu5UBh8eqg2
20201017 15:39:32 DEBUG ../../../apps/lua/scripts/database/mysql_auth_center.lua:65  
1	0
20201017 15:39:32 DEBUG ../../../apps/lua/scripts/auth_server/guest.lua:30  
1	0
20201017 15:39:56 DEBUG ../../../apps/lua/scripts/auth_server/main.lua:27  
Auth Server Start at 8000
20201017 15:39:56 DEBUG ../../../apps/lua/scripts/auth_server/main.lua:34  
register Auth service:[1] success!!!
20201017 15:39:57 DEBUG ../../../apps/lua/scripts/database/mysql_auth_center.lua:19  
connect to auth center db success!!!!
20201017 15:39:57 ERROR d:\c++\moba_game_server\moba_server\netbus\netbus.cc:255  
new client comming 127.0.0.1:50654

20201017 15:39:59 DEBUG ../../../apps/lua/scripts/auth_server/auth_service.lua:16  
1	1	1	MKE8GVdXsLvM63IqqqPJt8I0rUMnhuAi
20201017 15:39:59 DEBUG ../../../apps/lua/scripts/auth_server/guest.lua:10  
MKE8GVdXsLvM63IqqqPJt8I0rUMnhuAi
20201017 15:39:59 DEBUG ../../../apps/lua/scripts/auth_server/guest.lua:10  
MKE8GVdXsLvM63IqqqPJt8I0rUMnhuAi
20201017 15:39:59 DEBUG ../../../apps/lua/scripts/database/mysql_auth_center.lua:65  
1	0
20201017 15:39:59 DEBUG ../../../apps/lua/scripts/auth_server/guest.lua:30  
1	0
20201017 15:40:05 DEBUG ../../../apps/lua/scripts/auth_server/auth_service.lua:16  
1	1	1	mo38cXAGrn6GUB0YyLPCovMugu588HDp
20201017 15:40:05 DEBUG ../../../apps/lua/scripts/auth_server/guest.lua:10  
mo38cXAGrn6GUB0YyLPCovMugu588HDp
20201017 15:40:05 DEBUG ../../../apps/lua/scripts/auth_server/guest.lua:10  
mo38cXAGrn6GUB0YyLPCovMugu588HDp
20201017 15:40:05 DEBUG ../../../apps/lua/scripts/database/mysql_auth_center.lua:65  
1	0
20201017 15:40:05 DEBUG ../../../apps/lua/scripts/auth_server/guest.lua:30  
1	0
20201017 15:40:27 DEBUG ../../../apps/lua/scripts/auth_server/main.lua:27  
Auth Server Start at 8000
20201017 15:40:27 DEBUG ../../../apps/lua/scripts/auth_server/main.lua:34  
register Auth service:[1] success!!!
20201017 15:40:27 ERROR d:\c++\moba_game_server\moba_server\netbus\netbus.cc:255  
new client comming 127.0.0.1:50658

20201017 15:40:27 DEBUG ../../../apps/lua/scripts/database/mysql_auth_center.lua:19  
connect to auth center db success!!!!
20201017 15:40:29 DEBUG ../../../apps/lua/scripts/auth_server/auth_service.lua:16  
1	1	1	901N8AyVgJTpb4otJG5HDKskLWlJJgQp
20201017 15:40:29 DEBUG ../../../apps/lua/scripts/auth_server/guest.lua:10  
901N8AyVgJTpb4otJG5HDKskLWlJJgQp
20201017 15:40:29 DEBUG ../../../apps/lua/scripts/auth_server/guest.lua:10  
901N8AyVgJTpb4otJG5HDKskLWlJJgQp
20201017 15:40:29 DEBUG ../../../apps/lua/scripts/database/mysql_auth_center.lua:65  
1	0
20201017 15:40:29 DEBUG ../../../apps/lua/scripts/auth_server/guest.lua:30  
1	0
20201017 15:40:29 DEBUG ../../../apps/lua/scripts/auth_server/guest.lua:34  
return
20201017 15:41:04 DEBUG ../../../apps/lua/scripts/auth_server/main.lua:27  
Auth Server Start at 8000
20201017 15:41:04 DEBUG ../../../apps/lua/scripts/auth_server/main.lua:34  
register Auth service:[1] success!!!
20201017 15:41:04 DEBUG ../../../apps/lua/scripts/database/mysql_auth_center.lua:19  
connect to auth center db success!!!!
20201017 15:41:05 ERROR d:\c++\moba_game_server\moba_server\netbus\netbus.cc:255  
new client comming 127.0.0.1:50660

20201017 15:41:07 DEBUG ../../../apps/lua/scripts/auth_server/auth_service.lua:16  
1	1	1	NEyHJLcfNxEgl1QElXcqB5l5IWXHr37Y
20201017 15:41:07 DEBUG ../../../apps/lua/scripts/auth_server/guest.lua:10  
NEyHJLcfNxEgl1QElXcqB5l5IWXHr37Y
20201017 15:41:07 DEBUG ../../../apps/lua/scripts/auth_server/guest.lua:10  
NEyHJLcfNxEgl1QElXcqB5l5IWXHr37Y
20201017 15:41:07 DEBUG ../../../apps/lua/scripts/database/mysql_auth_center.lua:65  
1	0
20201017 15:41:07 DEBUG ../../../apps/lua/scripts/auth_server/guest.lua:30  
string
20201017 15:46:11 DEBUG ../../../apps/lua/scripts/auth_server/main.lua:27  
Auth Server Start at 8000
20201017 15:46:11 DEBUG ../../../apps/lua/scripts/auth_server/main.lua:34  
register Auth service:[1] success!!!
20201017 15:46:11 DEBUG ../../../apps/lua/scripts/database/mysql_auth_center.lua:19  
connect to auth center db success!!!!
20201017 15:46:11 ERROR d:\c++\moba_game_server\moba_server\netbus\netbus.cc:255  
new client comming 127.0.0.1:50676

20201017 15:46:18 DEBUG ../../../apps/lua/scripts/auth_server/auth_service.lua:16  
1	1	1	l3yKSFiNWS0wA4UCQrYiCC5kLTePF2H3
20201017 15:46:18 DEBUG ../../../apps/lua/scripts/auth_server/guest.lua:10  
l3yKSFiNWS0wA4UCQrYiCC5kLTePF2H3
20201017 15:46:18 DEBUG ../../../apps/lua/scripts/auth_server/guest.lua:10  
l3yKSFiNWS0wA4UCQrYiCC5kLTePF2H3
20201017 15:46:18 DEBUG ../../../apps/lua/scripts/database/mysql_auth_center.lua:65  
1	0
20201017 15:46:18 DEBUG ../../../apps/lua/scripts/auth_server/guest.lua:40  
12	gst101126
20201017 18:21:26 DEBUG ../../../apps/lua/scripts/auth_server/main.lua:27  
Auth Server Start at 8000
20201017 18:21:26 DEBUG ../../../apps/lua/scripts/auth_server/main.lua:34  
register Auth service:[1] success!!!
20201017 18:21:26 ERROR d:\c++\moba_game_server\moba_server\netbus\netbus.cc:255  
new client comming 127.0.0.1:55822

20201017 18:21:26 DEBUG ../../../apps/lua/scripts/database/mysql_auth_center.lua:19  
connect to auth center db success!!!!
20201017 18:21:51 DEBUG ../../../apps/lua/scripts/auth_server/auth_service.lua:16  
1	1	1	f5L4Vj3evf68gHDbt3FaKqSqWOdJe8v2
20201017 18:21:51 DEBUG ../../../apps/lua/scripts/auth_server/guest.lua:13  
f5L4Vj3evf68gHDbt3FaKqSqWOdJe8v2
20201017 18:21:51 DEBUG ../../../apps/lua/scripts/auth_server/guest.lua:13  
f5L4Vj3evf68gHDbt3FaKqSqWOdJe8v2
20201017 18:21:51 DEBUG ../../../apps/lua/scripts/database/mysql_auth_center.lua:65  
1	0
20201017 18:21:51 DEBUG ../../../apps/lua/scripts/auth_server/guest.lua:68  
13	gst101126
20201017 18:21:51 DEBUG d:\c++\moba_game_server\moba_server\netbus\session_uv.cc:42  
write success

20201017 18:22:58 DEBUG ../../../apps/lua/scripts/auth_server/auth_service.lua:16  
1	1	2	MIdK0Ejdnkz2uAn54NRrTcP6vFsPx0TP
20201017 18:22:58 DEBUG ../../../apps/lua/scripts/auth_server/guest.lua:13  
MIdK0Ejdnkz2uAn54NRrTcP6vFsPx0TP
20201017 18:22:58 DEBUG ../../../apps/lua/scripts/auth_server/guest.lua:13  
MIdK0Ejdnkz2uAn54NRrTcP6vFsPx0TP
20201017 18:22:58 DEBUG ../../../apps/lua/scripts/database/mysql_auth_center.lua:65  
1	0
20201017 18:22:58 DEBUG ../../../apps/lua/scripts/auth_server/guest.lua:68  
14	gst827844
20201017 18:22:58 DEBUG d:\c++\moba_game_server\moba_server\netbus\session_uv.cc:42  
write success

20201017 18:26:45 DEBUG ../../../apps/lua/scripts/auth_server/auth_service.lua:16  
1	1	3	l6gahc3PI7vBFTgb2i83cz1v9Xqcmpd6
20201017 18:26:45 DEBUG ../../../apps/lua/scripts/auth_server/guest.lua:13  
l6gahc3PI7vBFTgb2i83cz1v9Xqcmpd6
20201017 18:26:45 DEBUG ../../../apps/lua/scripts/auth_server/guest.lua:13  
l6gahc3PI7vBFTgb2i83cz1v9Xqcmpd6
20201017 18:26:45 DEBUG ../../../apps/lua/scripts/database/mysql_auth_center.lua:65  
1	0
20201017 18:26:45 DEBUG ../../../apps/lua/scripts/auth_server/guest.lua:68  
15	gst415252
20201017 18:26:45 DEBUG d:\c++\moba_game_server\moba_server\netbus\session_uv.cc:42  
write success

20201017 18:28:19 DEBUG ../../../apps/lua/scripts/auth_server/auth_service.lua:16  
1	1	4	9M72WeEfVCWAPCXu4pYmDBh0XyuP471b
20201017 18:28:19 DEBUG ../../../apps/lua/scripts/auth_server/guest.lua:13  
9M72WeEfVCWAPCXu4pYmDBh0XyuP471b
20201017 18:28:19 DEBUG ../../../apps/lua/scripts/auth_server/guest.lua:13  
9M72WeEfVCWAPCXu4pYmDBh0XyuP471b
20201017 18:28:19 DEBUG ../../../apps/lua/scripts/database/mysql_auth_center.lua:65  
1	0
20201017 18:28:19 DEBUG ../../../apps/lua/scripts/auth_server/guest.lua:68  
16	gst771923
20201017 18:28:19 DEBUG d:\c++\moba_game_server\moba_server\netbus\session_uv.cc:42  
write success

20201017 18:28:39 DEBUG ../../../apps/lua/scripts/auth_server/auth_service.lua:16  
1	1	5	EWFOIrVncqStEQJiCAxfEV3NEsPIr5jb
20201017 18:28:39 DEBUG ../../../apps/lua/scripts/auth_server/guest.lua:13  
EWFOIrVncqStEQJiCAxfEV3NEsPIr5jb
20201017 18:28:39 DEBUG ../../../apps/lua/scripts/auth_server/guest.lua:13  
EWFOIrVncqStEQJiCAxfEV3NEsPIr5jb
20201017 18:28:39 DEBUG ../../../apps/lua/scripts/database/mysql_auth_center.lua:65  
1	0
20201017 18:28:39 DEBUG ../../../apps/lua/scripts/auth_server/guest.lua:68  
17	gst739431
20201017 18:28:39 DEBUG d:\c++\moba_game_server\moba_server\netbus\session_uv.cc:42  
write success

20201017 18:29:13 DEBUG ../../../apps/lua/scripts/auth_server/auth_service.lua:16  
1	1	6	5fQrsHpt81a8XTed6QrgE95nSVPOuPfC
20201017 18:29:13 DEBUG ../../../apps/lua/scripts/auth_server/guest.lua:13  
5fQrsHpt81a8XTed6QrgE95nSVPOuPfC
20201017 18:29:13 DEBUG ../../../apps/lua/scripts/auth_server/guest.lua:13  
5fQrsHpt81a8XTed6QrgE95nSVPOuPfC
20201017 18:29:13 DEBUG ../../../apps/lua/scripts/database/mysql_auth_center.lua:65  
1	0
20201017 18:29:13 DEBUG ../../../apps/lua/scripts/auth_server/guest.lua:68  
18	gst113485
20201017 18:29:13 DEBUG d:\c++\moba_game_server\moba_server\netbus\session_uv.cc:42  
write success

20201017 18:34:25 DEBUG ../../../apps/lua/scripts/auth_server/auth_service.lua:16  
1	1	7	uVmOVhdBmslY73n7cGdNKk13F3d0PIqX
20201017 18:34:25 DEBUG ../../../apps/lua/scripts/auth_server/guest.lua:13  
uVmOVhdBmslY73n7cGdNKk13F3d0PIqX
20201017 18:34:25 DEBUG ../../../apps/lua/scripts/auth_server/guest.lua:13  
uVmOVhdBmslY73n7cGdNKk13F3d0PIqX
20201017 18:34:25 DEBUG ../../../apps/lua/scripts/database/mysql_auth_center.lua:65  
1	0
20201017 18:34:25 DEBUG ../../../apps/lua/scripts/auth_server/guest.lua:68  
19	gst232577
20201017 18:34:25 DEBUG d:\c++\moba_game_server\moba_server\netbus\session_uv.cc:42  
write success

20201017 18:47:42 DEBUG ../../../apps/lua/scripts/auth_server/main.lua:27  
Auth Server Start at 8000
20201017 18:47:42 DEBUG ../../../apps/lua/scripts/auth_server/main.lua:34  
register Auth service:[1] success!!!
20201017 18:47:42 DEBUG ../../../apps/lua/scripts/database/mysql_auth_center.lua:19  
connect to auth center db success!!!!
20201017 18:47:44 ERROR d:\c++\moba_game_server\moba_server\netbus\netbus.cc:255  
new client comming 127.0.0.1:56152

20201017 18:47:55 DEBUG ../../../apps/lua/scripts/auth_server/auth_service.lua:16  
1	1	1	bbEyhCOr6vGeTuNHas664rix3c5hARTp
20201017 18:47:55 DEBUG ../../../apps/lua/scripts/auth_server/guest.lua:13  
bbEyhCOr6vGeTuNHas664rix3c5hARTp
20201017 18:47:55 DEBUG ../../../apps/lua/scripts/auth_server/guest.lua:13  
bbEyhCOr6vGeTuNHas664rix3c5hARTp
20201017 18:47:55 DEBUG ../../../apps/lua/scripts/database/mysql_auth_center.lua:65  
1	0
20201017 18:47:55 DEBUG ../../../apps/lua/scripts/auth_server/guest.lua:68  
20	gst101126
20201017 18:47:55 DEBUG d:\c++\moba_game_server\moba_server\netbus\session_uv.cc:42  
write success

20201017 18:50:07 DEBUG ../../../apps/lua/scripts/auth_server/auth_service.lua:16  
1	1	1	vdQAl6xmCcrxVqw58v5vMCyeWveFPMO7
20201017 18:50:07 DEBUG ../../../apps/lua/scripts/auth_server/guest.lua:13  
vdQAl6xmCcrxVqw58v5vMCyeWveFPMO7
20201017 18:50:07 DEBUG ../../../apps/lua/scripts/auth_server/guest.lua:13  
vdQAl6xmCcrxVqw58v5vMCyeWveFPMO7
20201017 18:50:07 DEBUG ../../../apps/lua/scripts/database/mysql_auth_center.lua:65  
1	0
20201017 18:50:07 DEBUG ../../../apps/lua/scripts/auth_server/guest.lua:68  
21	gst827844
20201017 18:50:07 DEBUG d:\c++\moba_game_server\moba_server\netbus\session_uv.cc:42  
write success

20201017 18:51:17 DEBUG ../../../apps/lua/scripts/auth_server/auth_service.lua:16  
1	1	2	vdQAl6xmCcrxVqw58v5vMCyeWveFPMO7
20201017 18:51:17 DEBUG ../../../apps/lua/scripts/auth_server/guest.lua:13  
vdQAl6xmCcrxVqw58v5vMCyeWveFPMO7
20201017 18:51:17 DEBUG ../../../apps/lua/scripts/database/mysql_auth_center.lua:65  
1	0
20201017 18:51:17 DEBUG ../../../apps/lua/scripts/auth_server/guest.lua:68  
21	gst827844
20201017 18:51:17 DEBUG d:\c++\moba_game_server\moba_server\netbus\session_uv.cc:42  
write success

20201017 18:54:10 DEBUG ../../../apps/lua/scripts/auth_server/auth_service.lua:16  
1	1	3	vdQAl6xmCcrxVqw58v5vMCyeWveFPMO7
20201017 18:54:10 DEBUG ../../../apps/lua/scripts/auth_server/guest.lua:13  
vdQAl6xmCcrxVqw58v5vMCyeWveFPMO7
20201017 18:54:10 DEBUG ../../../apps/lua/scripts/database/mysql_auth_center.lua:65  
1	0
20201017 18:54:10 DEBUG ../../../apps/lua/scripts/auth_server/guest.lua:68  
21	gst827844
20201017 18:54:10 DEBUG d:\c++\moba_game_server\moba_server\netbus\session_uv.cc:42  
write success

20201017 18:54:48 DEBUG ../../../apps/lua/scripts/auth_server/auth_service.lua:16  
1	1	4	y9TGkANb7llak8CpxLGekXAkxts3JupQ
20201017 18:54:48 DEBUG ../../../apps/lua/scripts/auth_server/guest.lua:13  
y9TGkANb7llak8CpxLGekXAkxts3JupQ
20201017 18:54:48 DEBUG ../../../apps/lua/scripts/auth_server/guest.lua:13  
y9TGkANb7llak8CpxLGekXAkxts3JupQ
20201017 18:54:48 DEBUG ../../../apps/lua/scripts/database/mysql_auth_center.lua:65  
1	0
20201017 18:54:48 DEBUG ../../../apps/lua/scripts/auth_server/guest.lua:68  
22	gst415252
20201017 18:54:48 DEBUG d:\c++\moba_game_server\moba_server\netbus\session_uv.cc:42  
write success

20201017 18:54:50 DEBUG ../../../apps/lua/scripts/auth_server/auth_service.lua:16  
1	1	4	gJ2NzVzqtPHolWMCUermDbfIj5p39asO
20201017 18:54:50 DEBUG ../../../apps/lua/scripts/auth_server/guest.lua:13  
gJ2NzVzqtPHolWMCUermDbfIj5p39asO
20201017 18:54:50 DEBUG ../../../apps/lua/scripts/auth_server/guest.lua:13  
gJ2NzVzqtPHolWMCUermDbfIj5p39asO
20201017 18:54:50 DEBUG ../../../apps/lua/scripts/database/mysql_auth_center.lua:65  
1	0
20201017 18:54:50 DEBUG ../../../apps/lua/scripts/auth_server/guest.lua:68  
23	gst771923
20201017 18:54:50 DEBUG d:\c++\moba_game_server\moba_server\netbus\session_uv.cc:42  
write success

20201017 18:55:01 ERROR d:\c++\moba_game_server\moba_server\netbus\netbus.cc:199  
client close!!
20201017 20:30:47 DEBUG ../../../apps/lua/scripts/auth_server/main.lua:27  
Auth Server Start at 8000
20201017 20:30:47 DEBUG ../../../apps/lua/scripts/auth_server/main.lua:34  
register Auth service:[1] success!!!
20201017 20:30:47 ERROR d:\c++\moba_game_server\moba_server\netbus\netbus.cc:255  
new client comming 127.0.0.1:56735

20201017 20:30:47 DEBUG ../../../apps/lua/scripts/database/mysql_auth_center.lua:19  
connect to auth center db success!!!!
20201017 21:51:44 DEBUG ../../../apps/lua/scripts/auth_server/main.lua:27  
Auth Server Start at 8000
20201017 21:51:44 DEBUG ../../../apps/lua/scripts/auth_server/main.lua:34  
register Auth service:[1] success!!!
20201017 21:51:45 DEBUG ../../../apps/lua/scripts/database/mysql_auth_center.lua:19  
connect to auth center db success!!!!
20201017 21:51:49 ERROR d:\c++\moba_game_server\moba_server\netbus\netbus.cc:255  
new client comming 127.0.0.1:57031

20201017 21:51:56 DEBUG ../../../apps/lua/scripts/auth_server/auth_service.lua:16  
1	1	1	USdfu5xfXvJ1XpeerxuOTS6ggh9dV463
20201017 21:51:56 DEBUG ../../../apps/lua/scripts/auth_server/guest.lua:13  
USdfu5xfXvJ1XpeerxuOTS6ggh9dV463
20201017 21:51:56 DEBUG ../../../apps/lua/scripts/auth_server/guest.lua:13  
USdfu5xfXvJ1XpeerxuOTS6ggh9dV463
20201017 21:51:56 DEBUG ../../../apps/lua/scripts/database/mysql_auth_center.lua:65  
1	0
20201017 21:51:56 DEBUG ../../../apps/lua/scripts/auth_server/guest.lua:68  
24	gst101126
20201017 21:51:56 DEBUG d:\c++\moba_game_server\moba_server\netbus\session_uv.cc:42  
write success

20201017 21:52:43 ERROR d:\c++\moba_game_server\moba_server\netbus\netbus.cc:199  
client close!!
20201017 21:53:16 DEBUG ../../../apps/lua/scripts/auth_server/main.lua:27  
Auth Server Start at 8000
20201017 21:53:16 DEBUG ../../../apps/lua/scripts/auth_server/main.lua:34  
register Auth service:[1] success!!!
20201017 21:53:16 DEBUG ../../../apps/lua/scripts/database/mysql_auth_center.lua:19  
connect to auth center db success!!!!
20201017 21:53:18 ERROR d:\c++\moba_game_server\moba_server\netbus\netbus.cc:255  
new client comming 127.0.0.1:57042

20201017 21:53:26 DEBUG ../../../apps/lua/scripts/auth_server/auth_service.lua:16  
1	1	1	QHEMQzul4bRrCFry4XUKkDPPy5NivKS3
20201017 21:53:26 DEBUG ../../../apps/lua/scripts/auth_server/guest.lua:13  
QHEMQzul4bRrCFry4XUKkDPPy5NivKS3
20201017 21:53:26 DEBUG ../../../apps/lua/scripts/auth_server/guest.lua:13  
QHEMQzul4bRrCFry4XUKkDPPy5NivKS3
20201017 21:53:26 DEBUG ../../../apps/lua/scripts/database/mysql_auth_center.lua:65  
1	0
20201017 21:53:26 DEBUG ../../../apps/lua/scripts/auth_server/guest.lua:68  
25	gst101126
20201017 21:53:26 DEBUG d:\c++\moba_game_server\moba_server\netbus\session_uv.cc:42  
write success

20201017 21:53:53 ERROR d:\c++\moba_game_server\moba_server\netbus\netbus.cc:199  
client close!!
20201017 21:54:31 ERROR d:\c++\moba_game_server\moba_server\netbus\netbus.cc:255  
new client comming 127.0.0.1:57058

20201017 21:54:41 DEBUG ../../../apps/lua/scripts/auth_server/auth_service.lua:16  
1	1	1	QaNFOICzxxK8liOXWKoiyWla6oxCWOmO
20201017 21:54:41 DEBUG ../../../apps/lua/scripts/auth_server/guest.lua:13  
QaNFOICzxxK8liOXWKoiyWla6oxCWOmO
20201017 21:54:41 DEBUG ../../../apps/lua/scripts/auth_server/guest.lua:13  
QaNFOICzxxK8liOXWKoiyWla6oxCWOmO
20201017 21:54:41 DEBUG ../../../apps/lua/scripts/database/mysql_auth_center.lua:65  
1	0
20201017 21:54:41 DEBUG ../../../apps/lua/scripts/auth_server/guest.lua:68  
26	gst827844
20201017 21:54:41 DEBUG d:\c++\moba_game_server\moba_server\netbus\session_uv.cc:42  
write success

20201017 21:56:46 ERROR d:\c++\moba_game_server\moba_server\netbus\netbus.cc:199  
client close!!
20201017 21:57:29 DEBUG ../../../apps/lua/scripts/auth_server/main.lua:27  
Auth Server Start at 8000
20201017 21:57:29 DEBUG ../../../apps/lua/scripts/auth_server/main.lua:34  
register Auth service:[1] success!!!
20201017 21:57:29 DEBUG ../../../apps/lua/scripts/database/mysql_auth_center.lua:19  
connect to auth center db success!!!!
20201017 21:57:31 ERROR d:\c++\moba_game_server\moba_server\netbus\netbus.cc:255  
new client comming 127.0.0.1:57074

20201017 21:57:48 DEBUG ../../../apps/lua/scripts/auth_server/auth_service.lua:16  
1	1	1	khi08saMPP8giuGgkFkw5kiX1NpU2FAx
20201017 21:57:48 DEBUG ../../../apps/lua/scripts/auth_server/guest.lua:13  
khi08saMPP8giuGgkFkw5kiX1NpU2FAx
20201017 21:57:48 DEBUG ../../../apps/lua/scripts/auth_server/guest.lua:13  
khi08saMPP8giuGgkFkw5kiX1NpU2FAx
20201017 21:57:48 DEBUG ../../../apps/lua/scripts/database/mysql_auth_center.lua:65  
1	0
20201017 21:57:48 DEBUG ../../../apps/lua/scripts/auth_server/guest.lua:68  
27	gst101126
20201017 21:57:48 DEBUG d:\c++\moba_game_server\moba_server\netbus\session_uv.cc:42  
write success

20201017 21:58:16 DEBUG ../../../apps/lua/scripts/auth_server/auth_service.lua:16  
1	1	1	b6mdH1PqzKusWyGoidtjdBAVLW7FW2I8
20201017 21:58:16 DEBUG ../../../apps/lua/scripts/auth_server/guest.lua:13  
b6mdH1PqzKusWyGoidtjdBAVLW7FW2I8
20201017 21:58:16 DEBUG ../../../apps/lua/scripts/auth_server/guest.lua:13  
b6mdH1PqzKusWyGoidtjdBAVLW7FW2I8
20201017 21:58:16 DEBUG ../../../apps/lua/scripts/database/mysql_auth_center.lua:65  
1	0
20201017 21:58:16 DEBUG ../../../apps/lua/scripts/auth_server/guest.lua:68  
28	gst827844
20201017 21:58:16 DEBUG d:\c++\moba_game_server\moba_server\netbus\session_uv.cc:42  
write success

20201017 21:59:26 ERROR d:\c++\moba_game_server\moba_server\netbus\netbus.cc:199  
client close!!
20201017 21:59:32 DEBUG ../../../apps/lua/scripts/auth_server/main.lua:27  
Auth Server Start at 8000
20201017 21:59:32 DEBUG ../../../apps/lua/scripts/auth_server/main.lua:34  
register Auth service:[1] success!!!
20201017 21:59:32 DEBUG ../../../apps/lua/scripts/database/mysql_auth_center.lua:19  
connect to auth center db success!!!!
20201017 21:59:34 ERROR d:\c++\moba_game_server\moba_server\netbus\netbus.cc:255  
new client comming 127.0.0.1:57095

20201017 21:59:40 DEBUG ../../../apps/lua/scripts/auth_server/auth_service.lua:16  
1	1	1	MCpmj8GaDDM3wVEGNXYSEpNmnoBNijsa
20201017 21:59:40 DEBUG ../../../apps/lua/scripts/auth_server/guest.lua:13  
MCpmj8GaDDM3wVEGNXYSEpNmnoBNijsa
20201017 21:59:40 DEBUG ../../../apps/lua/scripts/auth_server/guest.lua:13  
MCpmj8GaDDM3wVEGNXYSEpNmnoBNijsa
20201017 21:59:40 DEBUG ../../../apps/lua/scripts/database/mysql_auth_center.lua:65  
1	0
20201017 21:59:40 DEBUG ../../../apps/lua/scripts/auth_server/guest.lua:68  
29	gst101126
20201017 21:59:40 DEBUG d:\c++\moba_game_server\moba_server\netbus\session_uv.cc:42  
write success

20201017 22:00:12 DEBUG ../../../apps/lua/scripts/auth_server/auth_service.lua:16  
1	1	1	UXnsWcaPzTCKA2WjXD6S8K3Mn6XU5vjg
20201017 22:00:12 DEBUG ../../../apps/lua/scripts/auth_server/guest.lua:13  
UXnsWcaPzTCKA2WjXD6S8K3Mn6XU5vjg
20201017 22:00:12 DEBUG ../../../apps/lua/scripts/auth_server/guest.lua:13  
UXnsWcaPzTCKA2WjXD6S8K3Mn6XU5vjg
20201017 22:00:12 DEBUG ../../../apps/lua/scripts/database/mysql_auth_center.lua:65  
1	0
20201017 22:00:12 DEBUG ../../../apps/lua/scripts/auth_server/guest.lua:68  
30	gst827844
20201017 22:00:12 DEBUG d:\c++\moba_game_server\moba_server\netbus\session_uv.cc:42  
write success

20201017 22:00:13 DEBUG ../../../apps/lua/scripts/auth_server/auth_service.lua:16  
1	1	1	yjL7gL0JeycPjxGUYBKpLz2krGltvNG3
20201017 22:00:13 DEBUG ../../../apps/lua/scripts/auth_server/guest.lua:13  
yjL7gL0JeycPjxGUYBKpLz2krGltvNG3
20201017 22:00:13 DEBUG ../../../apps/lua/scripts/auth_server/guest.lua:13  
yjL7gL0JeycPjxGUYBKpLz2krGltvNG3
20201017 22:00:13 DEBUG ../../../apps/lua/scripts/database/mysql_auth_center.lua:65  
1	0
20201017 22:00:13 DEBUG ../../../apps/lua/scripts/auth_server/guest.lua:68  
31	gst415252
20201017 22:00:13 DEBUG d:\c++\moba_game_server\moba_server\netbus\session_uv.cc:42  
write success

20201017 22:00:21 ERROR d:\c++\moba_game_server\moba_server\netbus\netbus.cc:199  
client close!!
