20200924 22:33:07 DEBUG ../../../apps/lua/scripts/auth_server/main.lua:27  
Auth Server Start at 8000
20200924 22:33:07 DEBUG ../../../apps/lua/scripts/auth_server/main.lua:34  
register Auth service:[1] success!!!
20200924 22:33:11 ERROR d:\c++\moba_game_server\moba_server\netbus\netbus.cc:255  
new client comming 127.0.0.1:50591

20200924 22:33:52 ERROR d:\c++\moba_game_server\moba_server\netbus\netbus.cc:199  
client close!!
20200924 22:33:56 DEBUG ../../../apps/lua/scripts/auth_server/main.lua:27  
Auth Server Start at 8000
20200924 22:33:56 DEBUG ../../../apps/lua/scripts/auth_server/main.lua:34  
register Auth service:[1] success!!!
20200924 22:34:06 ERROR d:\c++\moba_game_server\moba_server\netbus\netbus.cc:255  
new client comming 127.0.0.1:50594

20200924 22:40:59 ERROR d:\c++\moba_game_server\moba_server\netbus\netbus.cc:199  
client close!!
20200924 22:41:31 DEBUG ../../../apps/lua/scripts/auth_server/main.lua:27  
Auth Server Start at 8000
20200924 22:41:31 DEBUG ../../../apps/lua/scripts/auth_server/main.lua:34  
register Auth service:[1] success!!!
20200924 22:41:37 ERROR d:\c++\moba_game_server\moba_server\netbus\netbus.cc:255  
new client comming 127.0.0.1:50631

20200924 22:45:37 ERROR d:\c++\moba_game_server\moba_server\netbus\netbus.cc:199  
client close!!
20200924 22:45:43 ERROR d:\c++\moba_game_server\moba_server\netbus\netbus.cc:255  
new client comming 127.0.0.1:50653

20200924 22:46:08 ERROR d:\c++\moba_game_server\moba_server\netbus\netbus.cc:199  
client close!!
20200924 22:46:15 DEBUG ../../../apps/lua/scripts/auth_server/main.lua:27  
Auth Server Start at 8000
20200924 22:46:15 DEBUG ../../../apps/lua/scripts/auth_server/main.lua:34  
register Auth service:[1] success!!!
20200924 22:46:21 ERROR d:\c++\moba_game_server\moba_server\netbus\netbus.cc:255  
new client comming 127.0.0.1:50660

20200924 22:46:45 ERROR d:\c++\moba_game_server\moba_server\netbus\netbus.cc:199  
client close!!
20200924 22:49:29 DEBUG ../../../apps/lua/scripts/auth_server/main.lua:27  
Auth Server Start at 8000
20200924 22:49:29 DEBUG ../../../apps/lua/scripts/auth_server/main.lua:34  
register Auth service:[1] success!!!
20200924 22:49:33 ERROR d:\c++\moba_game_server\moba_server\netbus\netbus.cc:255  
new client comming 127.0.0.1:50679

20200924 22:50:17 ERROR d:\c++\moba_game_server\moba_server\netbus\netbus.cc:199  
client close!!
20200924 22:50:24 ERROR d:\c++\moba_game_server\moba_server\netbus\netbus.cc:255  
new client comming 127.0.0.1:50683

20200924 22:50:44 ERROR d:\c++\moba_game_server\moba_server\netbus\netbus.cc:199  
client close!!
20200924 23:16:55 ERROR d:\c++\moba_game_server\moba_server\netbus\netbus.cc:255  
new client comming 127.0.0.1:50745

20200924 23:17:37 ERROR d:\c++\moba_game_server\moba_server\netbus\netbus.cc:199  
client close!!
20200924 23:17:42 ERROR d:\c++\moba_game_server\moba_server\netbus\netbus.cc:255  
new client comming 127.0.0.1:50748

20200924 23:18:42 ERROR d:\c++\moba_game_server\moba_server\netbus\netbus.cc:199  
client close!!
20200924 23:18:47 ERROR d:\c++\moba_game_server\moba_server\netbus\netbus.cc:255  
new client comming 127.0.0.1:50753

20200924 23:19:33 ERROR d:\c++\moba_game_server\moba_server\netbus\netbus.cc:199  
client close!!
20200924 23:29:13 ERROR d:\c++\moba_game_server\moba_server\netbus\netbus.cc:255  
new client comming 127.0.0.1:50777

20200924 23:29:21 DEBUG ../../../apps/lua/scripts/auth_server/auth_service.lua:9  
on_auth_recv_cmd
20200924 23:29:21 DEBUG ../../../apps/lua/scripts/auth_server/auth_service.lua:10  
1	1	0	nil
20200924 23:29:44 ERROR d:\c++\moba_game_server\moba_server\netbus\netbus.cc:199  
client close!!
20200924 23:29:49 ERROR d:\c++\moba_game_server\moba_server\netbus\netbus.cc:255  
new client comming 127.0.0.1:50785

20200924 23:30:02 DEBUG ../../../apps/lua/scripts/auth_server/auth_service.lua:9  
on_auth_recv_cmd
20200924 23:30:02 DEBUG ../../../apps/lua/scripts/auth_server/auth_service.lua:10  
1	1	0	nil
20200924 23:30:13 ERROR d:\c++\moba_game_server\moba_server\netbus\netbus.cc:199  
client close!!
20200924 23:31:37 ERROR d:\c++\moba_game_server\moba_server\netbus\netbus.cc:255  
new client comming 127.0.0.1:50790

20200924 23:31:43 DEBUG ../../../apps/lua/scripts/auth_server/auth_service.lua:9  
on_auth_recv_cmd
20200924 23:31:43 DEBUG ../../../apps/lua/scripts/auth_server/auth_service.lua:10  
1	1	0	nil
20200924 23:31:51 DEBUG ../../../apps/lua/scripts/auth_server/auth_service.lua:9  
on_auth_recv_cmd
20200924 23:31:51 DEBUG ../../../apps/lua/scripts/auth_server/auth_service.lua:10  
1	1	0	nil
20200924 23:34:01 ERROR d:\c++\moba_game_server\moba_server\netbus\netbus.cc:199  
client close!!
20200924 23:34:57 ERROR d:\c++\moba_game_server\moba_server\netbus\netbus.cc:255  
new client comming 127.0.0.1:50799

20200924 23:35:05 DEBUG ../../../apps/lua/scripts/auth_server/auth_service.lua:9  
on_auth_recv_cmd
20200924 23:35:05 DEBUG ../../../apps/lua/scripts/auth_server/auth_service.lua:10  
1	1	0	nil
20200924 23:35:54 DEBUG ../../../apps/lua/scripts/auth_server/auth_service.lua:9  
on_auth_recv_cmd
20200924 23:35:54 DEBUG ../../../apps/lua/scripts/auth_server/auth_service.lua:10  
1	1	0	nil
20200924 23:37:42 ERROR d:\c++\moba_game_server\moba_server\netbus\netbus.cc:199  
client close!!
20200924 23:38:47 ERROR d:\c++\moba_game_server\moba_server\netbus\netbus.cc:255  
new client comming 127.0.0.1:50813

20200924 23:38:59 DEBUG ../../../apps/lua/scripts/auth_server/auth_service.lua:9  
on_auth_recv_cmd
20200924 23:38:59 DEBUG ../../../apps/lua/scripts/auth_server/auth_service.lua:10  
1	1	0	nil
20200924 23:39:04 ERROR d:\c++\moba_game_server\moba_server\netbus\netbus.cc:199  
client close!!
20200924 23:40:17 ERROR d:\c++\moba_game_server\moba_server\netbus\netbus.cc:255  
new client comming 127.0.0.1:50822

20200924 23:40:25 DEBUG ../../../apps/lua/scripts/auth_server/auth_service.lua:9  
on_auth_recv_cmd
20200924 23:40:25 DEBUG ../../../apps/lua/scripts/auth_server/auth_service.lua:10  
1	1	1	nil
20200924 23:40:36 DEBUG ../../../apps/lua/scripts/auth_server/auth_service.lua:9  
on_auth_recv_cmd
20200924 23:40:36 DEBUG ../../../apps/lua/scripts/auth_server/auth_service.lua:10  
1	1	2	nil
20200924 23:42:06 ERROR d:\c++\moba_game_server\moba_server\netbus\netbus.cc:199  
client close!!
20200924 23:42:08 ERROR d:\c++\moba_game_server\moba_server\netbus\netbus.cc:255  
new client comming 127.0.0.1:50831

20200924 23:43:43 ERROR d:\c++\moba_game_server\moba_server\netbus\netbus.cc:199  
client close!!
20200924 23:43:45 ERROR d:\c++\moba_game_server\moba_server\netbus\netbus.cc:255  
new client comming 127.0.0.1:50848

20200924 23:44:54 ERROR d:\c++\moba_game_server\moba_server\netbus\netbus.cc:199  
client close!!
20200924 23:44:57 ERROR d:\c++\moba_game_server\moba_server\netbus\netbus.cc:255  
new client comming 127.0.0.1:50850

20200924 23:45:07 DEBUG ../../../apps/lua/scripts/auth_server/auth_service.lua:9  
on_auth_recv_cmd
20200924 23:45:07 DEBUG ../../../apps/lua/scripts/auth_server/auth_service.lua:10  
1	1	1	nil
20200924 23:45:16 DEBUG ../../../apps/lua/scripts/auth_server/auth_service.lua:9  
on_auth_recv_cmd
20200924 23:45:16 DEBUG ../../../apps/lua/scripts/auth_server/auth_service.lua:10  
1	1	2	nil
20200924 23:45:26 DEBUG ../../../apps/lua/scripts/auth_server/auth_service.lua:9  
on_auth_recv_cmd
20200924 23:45:26 DEBUG ../../../apps/lua/scripts/auth_server/auth_service.lua:10  
1	1	3	nil
20200924 23:45:39 ERROR d:\c++\moba_game_server\moba_server\netbus\netbus.cc:199  
client close!!
20200924 23:50:40 DEBUG ../../../apps/lua/scripts/auth_server/main.lua:27  
Auth Server Start at 8000
20200924 23:50:40 DEBUG ../../../apps/lua/scripts/auth_server/main.lua:34  
register Auth service:[1] success!!!
20200924 23:51:04 DEBUG ../../../apps/lua/scripts/auth_server/main.lua:27  
Auth Server Start at 8000
20200924 23:51:04 DEBUG ../../../apps/lua/scripts/auth_server/main.lua:34  
register Auth service:[1] success!!!
20200924 23:51:10 ERROR d:\c++\moba_game_server\moba_server\netbus\netbus.cc:255  
new client comming 127.0.0.1:50868

20200924 23:51:22 DEBUG ../../../apps/lua/scripts/auth_server/auth_service.lua:9  
on_auth_recv_cmd
20200924 23:51:22 DEBUG ../../../apps/lua/scripts/auth_server/auth_service.lua:10  
1	1	1	nil
20200924 23:51:49 DEBUG ../../../apps/lua/scripts/auth_server/auth_service.lua:9  
on_auth_recv_cmd
20200924 23:51:55 DEBUG ../../../apps/lua/scripts/auth_server/auth_service.lua:10  
1	1	2	nil
20200924 23:52:01 DEBUG ../../../apps/lua/scripts/auth_server/auth_service.lua:9  
on_auth_recv_cmd
20200924 23:52:01 DEBUG ../../../apps/lua/scripts/auth_server/auth_service.lua:10  
1	1	3	nil
