20201116 00:01:25 DEBUG ../../../apps/lua/scripts/auth_server/guest.lua:14  
rF5mzSf5Acjha6Vr1GHVhdNAbkV1pcjq
20201116 00:01:25 DEBUG ../../../apps/lua/scripts/database/mysql_auth_center.lua:197  
1	0
20201116 00:01:25 DEBUG ../../../apps/lua/scripts/database/redis_center.lua:47  
hmset moba_auth_center_user_uid_43 unick gst101126 usex 0 uface 6 uvip 0 is_guest 1
20201116 00:01:25 DEBUG d:\c++\moba_game_server\moba_server\netbus\session_uv.cc:42  
write success

20201116 00:01:28 DEBUG ../../../apps/lua/scripts/auth_server/guest.lua:14  
rF5mzSf5Acjha6Vr1GHVhdNAbkV1pcjq
20201116 00:01:28 DEBUG ../../../apps/lua/scripts/database/mysql_auth_center.lua:197  
1	0
20201116 00:01:28 DEBUG ../../../apps/lua/scripts/database/redis_center.lua:47  
hmset moba_auth_center_user_uid_43 unick gst101126 usex 0 uface 6 uvip 0 is_guest 1
20201116 00:01:28 DEBUG d:\c++\moba_game_server\moba_server\netbus\session_uv.cc:42  
write success

20201116 00:01:28 DEBUG ../../../apps/lua/scripts/auth_server/guest.lua:14  
rF5mzSf5Acjha6Vr1GHVhdNAbkV1pcjq
20201116 00:01:28 DEBUG ../../../apps/lua/scripts/database/mysql_auth_center.lua:197  
1	0
20201116 00:01:28 DEBUG ../../../apps/lua/scripts/database/redis_center.lua:47  
hmset moba_auth_center_user_uid_43 unick gst101126 usex 0 uface 6 uvip 0 is_guest 1
20201116 00:01:28 DEBUG d:\c++\moba_game_server\moba_server\netbus\session_uv.cc:42  
write success

20201116 00:02:09 ERROR ../../../apps/lua/scripts/auth_server/uname_login.lua:16  
do_login	3
20201116 00:02:09 DEBUG ../../../apps/lua/scripts/database/mysql_auth_center.lua:153  
0	0
20201116 00:02:09 DEBUG ../../../apps/lua/scripts/database/redis_center.lua:47  
hmset moba_auth_center_user_uid_41 unick gst827844 usex 0 uface 6 uvip 0 is_guest 0
20201116 00:02:09 DEBUG d:\c++\moba_game_server\moba_server\netbus\session_uv.cc:42  
write success

20201116 00:02:26 DEBUG ../../../apps/lua/scripts/auth_server/guest.lua:14  
9HWiSVzLIEAlPY6Sq0FjlSwrrgb5pFPz
20201116 00:02:26 DEBUG ../../../apps/lua/scripts/auth_server/guest.lua:14  
9HWiSVzLIEAlPY6Sq0FjlSwrrgb5pFPz
20201116 00:02:26 DEBUG ../../../apps/lua/scripts/database/mysql_auth_center.lua:197  
1	0
20201116 00:02:26 DEBUG ../../../apps/lua/scripts/database/redis_center.lua:47  
hmset moba_auth_center_user_uid_44 unick gst101126 usex 0 uface 6 uvip 0 is_guest 1
20201116 00:02:26 DEBUG d:\c++\moba_game_server\moba_server\netbus\session_uv.cc:42  
write success

20201116 23:20:22 DEBUG ../../../apps/lua/scripts/auth_server/main.lua:27  
Auth Server Start at 8000
20201116 23:20:22 DEBUG ../../../apps/lua/scripts/auth_server/main.lua:34  
register Auth service:[1] success!!!
20201116 23:20:22 DEBUG ../../../apps/lua/scripts/database/redis_center.lua:25  
connect to redis center db success!!!!
20201116 23:20:22 ERROR ../../../apps/lua/scripts/database/redis_center.lua:27  
select db_idx
20201116 23:20:22 DEBUG ../../../apps/lua/scripts/database/mysql_auth_center.lua:19  
connect to auth center db success!!!!
20201116 23:21:43 ERROR d:\c++\moba_game_server\moba_server\netbus\netbus.cc:255  
new client comming 127.0.0.1:51021

20201116 23:22:01 ERROR ../../../apps/lua/scripts/auth_server/uname_login.lua:16  
do_login	1
20201116 23:22:01 DEBUG ../../../apps/lua/scripts/database/mysql_auth_center.lua:153  
0	0
20201116 23:22:01 DEBUG ../../../apps/lua/scripts/database/redis_center.lua:47  
hmset moba_auth_center_user_uid_41 unick gst827844 usex 0 uface 6 uvip 0 is_guest 0
20201116 23:22:01 DEBUG d:\c++\moba_game_server\moba_server\netbus\session_uv.cc:42  
write success

20201116 23:23:20 ERROR ../../../apps/lua/scripts/auth_server/uname_login.lua:16  
do_login	1
20201116 23:23:20 DEBUG ../../../apps/lua/scripts/database/mysql_auth_center.lua:153  
0	0
20201116 23:23:20 DEBUG ../../../apps/lua/scripts/database/redis_center.lua:47  
hmset moba_auth_center_user_uid_41 unick gst827844 usex 0 uface 6 uvip 0 is_guest 0
20201116 23:23:20 DEBUG d:\c++\moba_game_server\moba_server\netbus\session_uv.cc:42  
write success

20201116 23:23:48 ERROR ../../../apps/lua/scripts/auth_server/uname_login.lua:16  
do_login	1
20201116 23:23:48 DEBUG ../../../apps/lua/scripts/database/mysql_auth_center.lua:153  
0	0
20201116 23:23:48 DEBUG ../../../apps/lua/scripts/database/redis_center.lua:47  
hmset moba_auth_center_user_uid_41 unick gst827844 usex 0 uface 6 uvip 0 is_guest 0
20201116 23:23:48 DEBUG d:\c++\moba_game_server\moba_server\netbus\session_uv.cc:42  
write success

20201116 23:26:32 ERROR ../../../apps/lua/scripts/auth_server/uname_login.lua:16  
do_login	2
20201116 23:26:32 DEBUG ../../../apps/lua/scripts/database/mysql_auth_center.lua:153  
0	0
20201116 23:26:32 DEBUG ../../../apps/lua/scripts/database/redis_center.lua:47  
hmset moba_auth_center_user_uid_41 unick gst827844 usex 0 uface 6 uvip 0 is_guest 0
20201116 23:26:32 DEBUG d:\c++\moba_game_server\moba_server\netbus\session_uv.cc:42  
write success

20201116 23:27:53 ERROR ../../../apps/lua/scripts/auth_server/uname_login.lua:16  
do_login	2
20201116 23:27:53 DEBUG ../../../apps/lua/scripts/database/mysql_auth_center.lua:153  
0	0
20201116 23:27:53 DEBUG ../../../apps/lua/scripts/database/redis_center.lua:47  
hmset moba_auth_center_user_uid_41 unick gst827844 usex 0 uface 6 uvip 0 is_guest 0
20201116 23:27:53 DEBUG d:\c++\moba_game_server\moba_server\netbus\session_uv.cc:42  
write success

20201116 23:32:11 ERROR ../../../apps/lua/scripts/auth_server/uname_login.lua:16  
do_login	2
20201116 23:32:11 DEBUG ../../../apps/lua/scripts/database/mysql_auth_center.lua:153  
0	0
20201116 23:32:11 DEBUG ../../../apps/lua/scripts/database/redis_center.lua:47  
hmset moba_auth_center_user_uid_41 unick gst827844 usex 0 uface 6 uvip 0 is_guest 0
20201116 23:32:11 DEBUG d:\c++\moba_game_server\moba_server\netbus\session_uv.cc:42  
write success

20201116 23:37:45 ERROR ../../../apps/lua/scripts/auth_server/uname_login.lua:16  
do_login	2
20201116 23:37:45 DEBUG ../../../apps/lua/scripts/database/mysql_auth_center.lua:153  
0	0
20201116 23:37:45 DEBUG ../../../apps/lua/scripts/database/redis_center.lua:47  
hmset moba_auth_center_user_uid_41 unick gst827844 usex 0 uface 6 uvip 0 is_guest 0
20201116 23:37:45 DEBUG d:\c++\moba_game_server\moba_server\netbus\session_uv.cc:42  
write success

20201116 23:38:50 ERROR ../../../apps/lua/scripts/auth_server/uname_login.lua:16  
do_login	2
20201116 23:38:50 DEBUG ../../../apps/lua/scripts/database/mysql_auth_center.lua:153  
0	0
20201116 23:38:50 DEBUG ../../../apps/lua/scripts/database/redis_center.lua:47  
hmset moba_auth_center_user_uid_41 unick gst827844 usex 0 uface 6 uvip 0 is_guest 0
20201116 23:38:50 DEBUG d:\c++\moba_game_server\moba_server\netbus\session_uv.cc:42  
write success

20201116 23:38:57 ERROR ../../../apps/lua/scripts/auth_server/uname_login.lua:16  
do_login	2
20201116 23:38:57 DEBUG ../../../apps/lua/scripts/database/mysql_auth_center.lua:153  
0	0
20201116 23:38:57 DEBUG ../../../apps/lua/scripts/database/redis_center.lua:47  
hmset moba_auth_center_user_uid_41 unick gst827844 usex 0 uface 6 uvip 0 is_guest 0
20201116 23:38:57 DEBUG d:\c++\moba_game_server\moba_server\netbus\session_uv.cc:42  
write success

20201116 23:39:17 ERROR ../../../apps/lua/scripts/auth_server/uname_login.lua:16  
do_login	3
20201116 23:39:17 DEBUG ../../../apps/lua/scripts/database/mysql_auth_center.lua:153  
0	0
20201116 23:39:17 DEBUG ../../../apps/lua/scripts/database/redis_center.lua:47  
hmset moba_auth_center_user_uid_41 unick gst827844 usex 0 uface 6 uvip 0 is_guest 0
20201116 23:39:17 DEBUG d:\c++\moba_game_server\moba_server\netbus\session_uv.cc:42  
write success

20201116 23:41:40 ERROR ../../../apps/lua/scripts/auth_server/uname_login.lua:16  
do_login	4
20201116 23:41:40 DEBUG ../../../apps/lua/scripts/database/mysql_auth_center.lua:153  
0	0
20201116 23:41:40 DEBUG ../../../apps/lua/scripts/database/redis_center.lua:47  
hmset moba_auth_center_user_uid_41 unick gst827844 usex 0 uface 6 uvip 0 is_guest 0
20201116 23:41:40 DEBUG d:\c++\moba_game_server\moba_server\netbus\session_uv.cc:42  
write success

20201116 23:44:05 ERROR ../../../apps/lua/scripts/auth_server/uname_login.lua:16  
do_login	4
20201116 23:44:05 DEBUG ../../../apps/lua/scripts/database/mysql_auth_center.lua:153  
0	0
20201116 23:44:05 DEBUG ../../../apps/lua/scripts/database/redis_center.lua:47  
hmset moba_auth_center_user_uid_41 unick gst827844 usex 0 uface 6 uvip 0 is_guest 0
20201116 23:44:05 DEBUG d:\c++\moba_game_server\moba_server\netbus\session_uv.cc:42  
write success

20201116 23:45:09 ERROR ../../../apps/lua/scripts/auth_server/uname_login.lua:16  
do_login	4
20201116 23:45:09 DEBUG ../../../apps/lua/scripts/database/mysql_auth_center.lua:153  
0	0
20201116 23:45:09 DEBUG ../../../apps/lua/scripts/database/redis_center.lua:47  
hmset moba_auth_center_user_uid_41 unick gst827844 usex 0 uface 6 uvip 0 is_guest 0
20201116 23:45:09 DEBUG d:\c++\moba_game_server\moba_server\netbus\session_uv.cc:42  
write success

20201116 23:45:50 ERROR ../../../apps/lua/scripts/auth_server/uname_login.lua:16  
do_login	4
20201116 23:45:50 DEBUG ../../../apps/lua/scripts/database/mysql_auth_center.lua:153  
0	0
20201116 23:45:50 DEBUG ../../../apps/lua/scripts/database/redis_center.lua:47  
hmset moba_auth_center_user_uid_41 unick gst827844 usex 0 uface 6 uvip 0 is_guest 0
20201116 23:45:50 DEBUG d:\c++\moba_game_server\moba_server\netbus\session_uv.cc:42  
write success

