20201119 00:26:46 DEBUG ../../../apps/lua/scripts/auth_server/main.lua:27  
Auth Server Start at 8000
20201119 00:26:47 DEBUG ../../../apps/lua/scripts/auth_server/main.lua:34  
register Auth service:[1] success!!!
20201119 00:26:47 DEBUG ../../../apps/lua/scripts/database/redis_center.lua:25  
connect to redis center db success!!!!
20201119 00:26:47 ERROR ../../../apps/lua/scripts/database/redis_center.lua:27  
select db_idx
20201119 00:26:47 DEBUG ../../../apps/lua/scripts/database/mysql_auth_center.lua:19  
connect to auth center db success!!!!
20201119 00:26:48 ERROR d:\c++\moba_game_server\moba_server\netbus\netbus.cc:255  
new client comming 127.0.0.1:51452

20201119 00:26:56 ERROR d:\c++\moba_game_server\moba_server\netbus\netbus.cc:199  
client close!!
20201119 00:27:31 DEBUG ../../../apps/lua/scripts/auth_server/main.lua:27  
Auth Server Start at 8000
20201119 00:27:31 DEBUG ../../../apps/lua/scripts/auth_server/main.lua:34  
register Auth service:[1] success!!!
20201119 00:27:31 DEBUG ../../../apps/lua/scripts/database/redis_center.lua:25  
connect to redis center db success!!!!
20201119 00:27:31 ERROR ../../../apps/lua/scripts/database/redis_center.lua:27  
select db_idx
20201119 00:27:32 DEBUG ../../../apps/lua/scripts/database/mysql_auth_center.lua:19  
connect to auth center db success!!!!
20201119 00:27:33 ERROR d:\c++\moba_game_server\moba_server\netbus\netbus.cc:255  
new client comming 127.0.0.1:51464

20201119 00:30:21 ERROR ../../../apps/lua/scripts/auth_server/uname_login.lua:16  
do_login	1
20201119 00:30:21 DEBUG ../../../apps/lua/scripts/database/mysql_auth_center.lua:153  
0	0
20201119 00:30:21 DEBUG ../../../apps/lua/scripts/database/redis_center.lua:47  
hmset moba_auth_center_user_uid_41 unick gst827844 usex 0 uface 6 uvip 0 is_guest 0
20201119 00:30:21 DEBUG d:\c++\moba_game_server\moba_server\netbus\session_uv.cc:42  
write success

20201119 00:31:40 ERROR ../../../apps/lua/scripts/auth_server/uname_login.lua:16  
do_login	1
20201119 00:31:40 DEBUG ../../../apps/lua/scripts/database/mysql_auth_center.lua:153  
0	0
20201119 00:31:40 DEBUG ../../../apps/lua/scripts/database/redis_center.lua:47  
hmset moba_auth_center_user_uid_41 unick gst827844 usex 0 uface 6 uvip 0 is_guest 0
20201119 00:31:40 DEBUG d:\c++\moba_game_server\moba_server\netbus\session_uv.cc:42  
write success

20201119 00:35:39 ERROR ../../../apps/lua/scripts/auth_server/uname_login.lua:16  
do_login	1
20201119 00:35:39 DEBUG ../../../apps/lua/scripts/database/mysql_auth_center.lua:153  
0	0
20201119 00:35:39 DEBUG ../../../apps/lua/scripts/database/redis_center.lua:47  
hmset moba_auth_center_user_uid_41 unick gst827844 usex 0 uface 6 uvip 0 is_guest 0
20201119 00:35:39 DEBUG d:\c++\moba_game_server\moba_server\netbus\session_uv.cc:42  
write success

20201119 00:43:04 ERROR ../../../apps/lua/scripts/auth_server/uname_login.lua:16  
do_login	1
20201119 00:43:04 DEBUG ../../../apps/lua/scripts/database/mysql_auth_center.lua:153  
0	0
20201119 00:43:04 DEBUG ../../../apps/lua/scripts/database/redis_center.lua:47  
hmset moba_auth_center_user_uid_41 unick gst827844 usex 0 uface 6 uvip 0 is_guest 0
20201119 00:43:04 DEBUG d:\c++\moba_game_server\moba_server\netbus\session_uv.cc:42  
write success

20201119 00:43:14 ERROR d:\c++\moba_game_server\moba_server\netbus\netbus.cc:199  
client close!!
