20201018 17:25:37 DEBUG ../../../apps/lua/scripts/auth_server/main.lua:27  
Auth Server Start at 8000
20201018 17:25:37 DEBUG ../../../apps/lua/scripts/auth_server/main.lua:34  
register Auth service:[1] success!!!
20201018 17:25:37 DEBUG ../../../apps/lua/scripts/database/mysql_auth_center.lua:19  
connect to auth center db success!!!!
20201018 17:25:38 ERROR d:\c++\moba_game_server\moba_server\netbus\netbus.cc:255  
new client comming 127.0.0.1:52454

20201018 17:25:45 DEBUG ../../../apps/lua/scripts/auth_server/auth_service.lua:16  
1	1	1	CPykUtnwjeGbUS5Vh5YssKqj16blrXHy
20201018 17:25:45 DEBUG ../../../apps/lua/scripts/auth_server/guest.lua:13  
CPykUtnwjeGbUS5Vh5YssKqj16blrXHy
20201018 17:25:45 DEBUG ../../../apps/lua/scripts/auth_server/guest.lua:13  
CPykUtnwjeGbUS5Vh5YssKqj16blrXHy
20201018 17:25:45 DEBUG ../../../apps/lua/scripts/database/mysql_auth_center.lua:65  
1	0
20201018 17:25:45 DEBUG ../../../apps/lua/scripts/auth_server/guest.lua:68  
32	gst101126
20201018 17:25:45 DEBUG d:\c++\moba_game_server\moba_server\netbus\session_uv.cc:42  
write success

20201018 17:25:57 ERROR d:\c++\moba_game_server\moba_server\netbus\netbus.cc:199  
client close!!
20201018 17:51:21 DEBUG ../../../apps/lua/scripts/auth_server/main.lua:27  
Auth Server Start at 8000
20201018 17:51:21 DEBUG ../../../apps/lua/scripts/auth_server/main.lua:34  
register Auth service:[1] success!!!
20201018 17:51:21 DEBUG ../../../apps/lua/scripts/database/mysql_auth_center.lua:19  
connect to auth center db success!!!!
20201018 17:51:23 ERROR d:\c++\moba_game_server\moba_server\netbus\netbus.cc:255  
new client comming 127.0.0.1:52669

20201018 17:51:29 DEBUG ../../../apps/lua/scripts/auth_server/auth_service.lua:16  
1	1	1	Hello
20201018 17:51:29 DEBUG ../../../apps/lua/scripts/auth_server/guest.lua:13  
Hello
20201018 17:51:29 DEBUG d:\c++\moba_game_server\moba_server\netbus\session_uv.cc:42  
write success

20201018 17:52:30 DEBUG ../../../apps/lua/scripts/auth_server/auth_service.lua:16  
1	1	2	Hello
20201018 17:52:30 DEBUG ../../../apps/lua/scripts/auth_server/guest.lua:13  
Hello
20201018 17:52:30 DEBUG d:\c++\moba_game_server\moba_server\netbus\session_uv.cc:42  
write success

20201018 17:52:32 DEBUG ../../../apps/lua/scripts/auth_server/auth_service.lua:16  
1	1	2	Hello
20201018 17:52:32 DEBUG ../../../apps/lua/scripts/auth_server/guest.lua:13  
Hello
20201018 17:52:32 DEBUG d:\c++\moba_game_server\moba_server\netbus\session_uv.cc:42  
write success

20201018 17:52:37 DEBUG ../../../apps/lua/scripts/auth_server/auth_service.lua:16  
1	1	2	Hello
20201018 17:52:37 DEBUG ../../../apps/lua/scripts/auth_server/guest.lua:13  
Hello
20201018 17:52:37 DEBUG d:\c++\moba_game_server\moba_server\netbus\session_uv.cc:42  
write success

20201018 17:52:38 DEBUG ../../../apps/lua/scripts/auth_server/auth_service.lua:16  
1	1	2	Hello
20201018 17:52:38 DEBUG ../../../apps/lua/scripts/auth_server/guest.lua:13  
Hello
20201018 17:52:38 DEBUG d:\c++\moba_game_server\moba_server\netbus\session_uv.cc:42  
write success

20201018 17:52:39 DEBUG ../../../apps/lua/scripts/auth_server/auth_service.lua:16  
1	1	2	Hello
20201018 17:52:39 DEBUG ../../../apps/lua/scripts/auth_server/guest.lua:13  
Hello
20201018 17:52:39 DEBUG d:\c++\moba_game_server\moba_server\netbus\session_uv.cc:42  
write success

20201018 17:52:40 DEBUG ../../../apps/lua/scripts/auth_server/auth_service.lua:16  
1	1	2	Hello
20201018 17:52:40 DEBUG ../../../apps/lua/scripts/auth_server/guest.lua:13  
Hello
20201018 17:52:40 DEBUG d:\c++\moba_game_server\moba_server\netbus\session_uv.cc:42  
write success

20201018 17:52:40 DEBUG ../../../apps/lua/scripts/auth_server/auth_service.lua:16  
1	1	2	Hello
20201018 17:52:40 DEBUG ../../../apps/lua/scripts/auth_server/guest.lua:13  
Hello
20201018 17:52:40 DEBUG d:\c++\moba_game_server\moba_server\netbus\session_uv.cc:42  
write success

20201018 17:52:40 DEBUG ../../../apps/lua/scripts/auth_server/auth_service.lua:16  
1	1	2	Hello
20201018 17:52:40 DEBUG ../../../apps/lua/scripts/auth_server/guest.lua:13  
Hello
20201018 17:52:40 DEBUG d:\c++\moba_game_server\moba_server\netbus\session_uv.cc:42  
write success

20201018 17:52:41 DEBUG ../../../apps/lua/scripts/auth_server/auth_service.lua:16  
1	1	2	Hello
20201018 17:52:41 DEBUG ../../../apps/lua/scripts/auth_server/guest.lua:13  
Hello
20201018 17:52:41 DEBUG d:\c++\moba_game_server\moba_server\netbus\session_uv.cc:42  
write success

20201018 17:52:41 DEBUG ../../../apps/lua/scripts/auth_server/auth_service.lua:16  
1	1	2	Hello
20201018 17:52:41 DEBUG ../../../apps/lua/scripts/auth_server/guest.lua:13  
Hello
20201018 17:52:41 DEBUG d:\c++\moba_game_server\moba_server\netbus\session_uv.cc:42  
write success

20201018 17:52:41 DEBUG ../../../apps/lua/scripts/auth_server/auth_service.lua:16  
1	1	2	Hello
20201018 17:52:41 DEBUG ../../../apps/lua/scripts/auth_server/guest.lua:13  
Hello
20201018 17:52:41 DEBUG d:\c++\moba_game_server\moba_server\netbus\session_uv.cc:42  
write success

20201018 17:53:37 ERROR d:\c++\moba_game_server\moba_server\netbus\netbus.cc:199  
client close!!
20201018 21:52:32 DEBUG ../../../apps/lua/scripts/auth_server/main.lua:27  
Auth Server Start at 8000
20201018 21:52:32 DEBUG ../../../apps/lua/scripts/auth_server/main.lua:34  
register Auth service:[1] success!!!
20201018 21:52:32 DEBUG ../../../apps/lua/scripts/database/mysql_auth_center.lua:19  
connect to auth center db success!!!!
20201018 21:52:33 ERROR d:\c++\moba_game_server\moba_server\netbus\netbus.cc:255  
new client comming 127.0.0.1:55129

20201018 21:53:11 DEBUG ../../../apps/lua/scripts/auth_server/main.lua:27  
Auth Server Start at 8000
20201018 21:53:11 DEBUG ../../../apps/lua/scripts/auth_server/main.lua:34  
register Auth service:[1] success!!!
20201018 21:53:11 DEBUG ../../../apps/lua/scripts/database/mysql_auth_center.lua:19  
connect to auth center db success!!!!
20201018 21:53:11 ERROR d:\c++\moba_game_server\moba_server\netbus\netbus.cc:255  
new client comming 127.0.0.1:55144

20201018 22:46:30 DEBUG ../../../apps/lua/scripts/auth_server/main.lua:27  
Auth Server Start at 8000
20201018 22:46:30 DEBUG ../../../apps/lua/scripts/auth_server/main.lua:34  
register Auth service:[1] success!!!
20201018 22:46:31 DEBUG ../../../apps/lua/scripts/database/mysql_auth_center.lua:19  
connect to auth center db success!!!!
20201018 22:46:31 ERROR d:\c++\moba_game_server\moba_server\netbus\netbus.cc:255  
new client comming 127.0.0.1:56466

20201018 22:46:37 DEBUG ../../../apps/lua/scripts/auth_server/auth_service.lua:16  
1	1	1	WemrNKzrn80YxdJeGvz0LdgylUryiO4y
20201018 22:46:37 DEBUG ../../../apps/lua/scripts/auth_server/guest.lua:13  
WemrNKzrn80YxdJeGvz0LdgylUryiO4y
20201018 22:46:37 DEBUG ../../../apps/lua/scripts/auth_server/guest.lua:13  
WemrNKzrn80YxdJeGvz0LdgylUryiO4y
20201018 22:46:37 DEBUG ../../../apps/lua/scripts/database/mysql_auth_center.lua:65  
1	0
20201018 22:46:37 DEBUG ../../../apps/lua/scripts/auth_server/guest.lua:79  
33	gst101126
20201018 22:46:37 DEBUG d:\c++\moba_game_server\moba_server\netbus\session_uv.cc:42  
write success

20201018 22:47:00 ERROR d:\c++\moba_game_server\moba_server\netbus\netbus.cc:199  
client close!!
20201018 22:47:47 DEBUG ../../../apps/lua/scripts/auth_server/main.lua:27  
Auth Server Start at 8000
20201018 22:47:47 DEBUG ../../../apps/lua/scripts/auth_server/main.lua:34  
register Auth service:[1] success!!!
20201018 22:47:48 DEBUG ../../../apps/lua/scripts/database/mysql_auth_center.lua:19  
connect to auth center db success!!!!
20201018 22:47:48 ERROR d:\c++\moba_game_server\moba_server\netbus\netbus.cc:255  
new client comming 127.0.0.1:56483

20201018 22:47:56 DEBUG ../../../apps/lua/scripts/auth_server/main.lua:27  
Auth Server Start at 8000
20201018 22:47:57 DEBUG ../../../apps/lua/scripts/auth_server/main.lua:34  
register Auth service:[1] success!!!
20201018 22:47:57 DEBUG ../../../apps/lua/scripts/database/mysql_auth_center.lua:19  
connect to auth center db success!!!!
20201018 22:47:57 ERROR d:\c++\moba_game_server\moba_server\netbus\netbus.cc:255  
new client comming 127.0.0.1:56491

20201018 22:48:11 DEBUG ../../../apps/lua/scripts/auth_server/auth_service.lua:16  
1	1	1	IatzIewkRo939K789nyjcrSADvJwBP3r
20201018 22:48:11 DEBUG ../../../apps/lua/scripts/auth_server/guest.lua:13  
IatzIewkRo939K789nyjcrSADvJwBP3r
20201018 22:48:11 DEBUG ../../../apps/lua/scripts/auth_server/guest.lua:13  
IatzIewkRo939K789nyjcrSADvJwBP3r
20201018 22:48:11 DEBUG ../../../apps/lua/scripts/database/mysql_auth_center.lua:65  
1	0
20201018 22:48:11 DEBUG ../../../apps/lua/scripts/auth_server/guest.lua:79  
34	gst101126
20201018 22:48:11 DEBUG d:\c++\moba_game_server\moba_server\netbus\session_uv.cc:42  
write success

20201018 22:48:55 DEBUG ../../../apps/lua/scripts/auth_server/auth_service.lua:16  
1	1	2	Hello
20201018 22:48:55 DEBUG ../../../apps/lua/scripts/auth_server/guest.lua:13  
Hello
20201018 22:48:55 DEBUG d:\c++\moba_game_server\moba_server\netbus\session_uv.cc:42  
write success

20201018 22:48:58 DEBUG ../../../apps/lua/scripts/auth_server/auth_service.lua:16  
1	1	2	Hello
20201018 22:48:58 DEBUG ../../../apps/lua/scripts/auth_server/guest.lua:13  
Hello
20201018 22:48:58 DEBUG d:\c++\moba_game_server\moba_server\netbus\session_uv.cc:42  
write success

20201018 22:49:15 DEBUG ../../../apps/lua/scripts/auth_server/auth_service.lua:16  
1	1	3	Hu3MFDoog4LGLFHBuF7WK4P3tJSVjiQS
20201018 22:49:15 DEBUG ../../../apps/lua/scripts/auth_server/guest.lua:13  
Hu3MFDoog4LGLFHBuF7WK4P3tJSVjiQS
20201018 22:49:15 DEBUG ../../../apps/lua/scripts/auth_server/guest.lua:13  
Hu3MFDoog4LGLFHBuF7WK4P3tJSVjiQS
20201018 22:49:15 DEBUG ../../../apps/lua/scripts/database/mysql_auth_center.lua:65  
1	0
20201018 22:49:15 DEBUG ../../../apps/lua/scripts/auth_server/guest.lua:79  
35	gst827844
20201018 22:49:15 DEBUG d:\c++\moba_game_server\moba_server\netbus\session_uv.cc:42  
write success

20201018 22:49:29 DEBUG ../../../apps/lua/scripts/auth_server/auth_service.lua:16  
1	5	35	nil
20201018 22:53:25 DEBUG ../../../apps/lua/scripts/auth_server/main.lua:27  
Auth Server Start at 8000
20201018 22:53:25 DEBUG ../../../apps/lua/scripts/auth_server/main.lua:34  
register Auth service:[1] success!!!
20201018 22:53:25 DEBUG ../../../apps/lua/scripts/database/mysql_auth_center.lua:19  
connect to auth center db success!!!!
20201018 22:53:28 ERROR d:\c++\moba_game_server\moba_server\netbus\netbus.cc:255  
new client comming 127.0.0.1:56556

20201018 22:53:34 DEBUG ../../../apps/lua/scripts/auth_server/auth_service.lua:18  
1	1	1
20201018 22:53:34 DEBUG ../../../apps/lua/scripts/auth_server/guest.lua:13  
Hu3MFDoog4LGLFHBuF7WK4P3tJSVjiQS
20201018 22:53:34 DEBUG ../../../apps/lua/scripts/database/mysql_auth_center.lua:65  
1	0
20201018 22:53:34 DEBUG ../../../apps/lua/scripts/auth_server/guest.lua:79  
35	gst827844
20201018 22:53:34 DEBUG d:\c++\moba_game_server\moba_server\netbus\session_uv.cc:42  
write success

20201018 22:53:43 DEBUG ../../../apps/lua/scripts/auth_server/auth_service.lua:18  
1	5	35
20201018 22:53:43 DEBUG ../../../apps/lua/scripts/auth_server/edit_profile.lua:17  
dwadsad	2	1
20201018 22:53:43 ERROR d:\c++\moba_game_server\moba_server\lua_wapper\lua_wrapper.cc:338  
[LUA ERROR] ../../../apps/lua/scripts/auth_server/edit_profile.lua:34: attempt to call a number value (upvalue 'uid')
20201018 22:55:50 DEBUG ../../../apps/lua/scripts/auth_server/main.lua:27  
Auth Server Start at 8000
20201018 22:55:50 DEBUG ../../../apps/lua/scripts/auth_server/main.lua:34  
register Auth service:[1] success!!!
20201018 22:55:50 DEBUG ../../../apps/lua/scripts/database/mysql_auth_center.lua:19  
connect to auth center db success!!!!
20201018 22:55:50 ERROR d:\c++\moba_game_server\moba_server\netbus\netbus.cc:255  
new client comming 127.0.0.1:56585

20201018 22:55:57 DEBUG ../../../apps/lua/scripts/auth_server/auth_service.lua:18  
1	1	1
20201018 22:55:57 DEBUG ../../../apps/lua/scripts/auth_server/guest.lua:13  
Hu3MFDoog4LGLFHBuF7WK4P3tJSVjiQS
20201018 22:55:57 DEBUG ../../../apps/lua/scripts/database/mysql_auth_center.lua:65  
1	0
20201018 22:55:57 DEBUG ../../../apps/lua/scripts/auth_server/guest.lua:79  
35	dwadsad
20201018 22:55:57 DEBUG d:\c++\moba_game_server\moba_server\netbus\session_uv.cc:42  
write success

20201018 22:56:05 DEBUG ../../../apps/lua/scripts/auth_server/auth_service.lua:18  
1	5	35
20201018 22:56:05 DEBUG ../../../apps/lua/scripts/auth_server/edit_profile.lua:17  
35	0
20201018 22:56:05 DEBUG ../../../apps/lua/scripts/auth_server/edit_profile.lua:18  
fdfewa	7	0
20201018 22:56:05 ERROR d:\c++\moba_game_server\moba_server\lua_wapper\lua_wrapper.cc:338  
[LUA ERROR] ../../../apps/lua/scripts/auth_server/edit_profile.lua:35: attempt to call a number value (upvalue 'tmp_uid')
20201018 22:58:20 DEBUG ../../../apps/lua/scripts/auth_server/main.lua:27  
Auth Server Start at 8000
20201018 22:58:20 DEBUG ../../../apps/lua/scripts/auth_server/main.lua:34  
register Auth service:[1] success!!!
20201018 22:58:20 ERROR d:\c++\moba_game_server\moba_server\netbus\netbus.cc:255  
new client comming 127.0.0.1:56617

20201018 22:58:20 DEBUG ../../../apps/lua/scripts/database/mysql_auth_center.lua:19  
connect to auth center db success!!!!
20201018 22:58:25 DEBUG ../../../apps/lua/scripts/auth_server/auth_service.lua:18  
1	1	2
20201018 22:58:25 DEBUG ../../../apps/lua/scripts/auth_server/guest.lua:13  
Hu3MFDoog4LGLFHBuF7WK4P3tJSVjiQS
20201018 22:58:25 DEBUG ../../../apps/lua/scripts/database/mysql_auth_center.lua:65  
1	0
20201018 22:58:25 DEBUG ../../../apps/lua/scripts/auth_server/guest.lua:79  
35	fdfewa
20201018 22:58:25 DEBUG d:\c++\moba_game_server\moba_server\netbus\session_uv.cc:42  
write success

20201018 22:58:35 DEBUG ../../../apps/lua/scripts/auth_server/auth_service.lua:18  
1	5	35
20201018 22:58:35 DEBUG ../../../apps/lua/scripts/auth_server/edit_profile.lua:16  
dsadwadsw	9	1
20201018 22:58:35 DEBUG ../../../apps/lua/scripts/auth_server/edit_profile.lua:29  
35
20201018 22:58:35 ERROR d:\c++\moba_game_server\moba_server\lua_wapper\lua_wrapper.cc:338  
[LUA ERROR] ../../../apps/lua/scripts/auth_server/edit_profile.lua:34: attempt to call a number value (upvalue 'uid')
20201018 22:59:06 DEBUG ../../../apps/lua/scripts/auth_server/main.lua:27  
Auth Server Start at 8000
20201018 22:59:06 DEBUG ../../../apps/lua/scripts/auth_server/main.lua:34  
register Auth service:[1] success!!!
20201018 22:59:06 DEBUG ../../../apps/lua/scripts/database/mysql_auth_center.lua:19  
connect to auth center db success!!!!
20201018 22:59:06 ERROR d:\c++\moba_game_server\moba_server\netbus\netbus.cc:255  
new client comming 127.0.0.1:56632

20201018 22:59:12 DEBUG ../../../apps/lua/scripts/auth_server/auth_service.lua:18  
1	5	35
20201018 22:59:12 DEBUG ../../../apps/lua/scripts/auth_server/edit_profile.lua:16  
dasdfssss	9	1
20201018 22:59:12 DEBUG ../../../apps/lua/scripts/auth_server/edit_profile.lua:29  
35
20201018 22:59:12 DEBUG d:\c++\moba_game_server\moba_server\netbus\session_uv.cc:42  
write success

20201018 22:59:16 DEBUG ../../../apps/lua/scripts/auth_server/auth_service.lua:18  
1	5	35
20201018 22:59:16 DEBUG ../../../apps/lua/scripts/auth_server/edit_profile.lua:16  
dasdfssss	9	1
20201018 22:59:16 DEBUG ../../../apps/lua/scripts/auth_server/edit_profile.lua:29  
35
20201018 22:59:16 DEBUG d:\c++\moba_game_server\moba_server\netbus\session_uv.cc:42  
write success

20201018 22:59:20 DEBUG ../../../apps/lua/scripts/auth_server/auth_service.lua:18  
1	5	35
20201018 22:59:20 DEBUG ../../../apps/lua/scripts/auth_server/edit_profile.lua:16  
dasdfssss	9	0
20201018 22:59:20 DEBUG ../../../apps/lua/scripts/auth_server/edit_profile.lua:29  
35
20201018 22:59:20 DEBUG d:\c++\moba_game_server\moba_server\netbus\session_uv.cc:42  
write success

20201018 22:59:23 DEBUG ../../../apps/lua/scripts/auth_server/auth_service.lua:18  
1	5	35
20201018 22:59:23 DEBUG ../../../apps/lua/scripts/auth_server/edit_profile.lua:16  
dasdfssss	6	0
20201018 22:59:23 DEBUG ../../../apps/lua/scripts/auth_server/edit_profile.lua:29  
35
20201018 22:59:23 DEBUG d:\c++\moba_game_server\moba_server\netbus\session_uv.cc:42  
write success

