20201114 00:21:41 DEBUG ../../../apps/lua/scripts/auth_server/main.lua:27  
Auth Server Start at 8000
20201114 00:21:42 DEBUG ../../../apps/lua/scripts/auth_server/main.lua:34  
register Auth service:[1] success!!!
20201114 00:21:42 DEBUG ../../../apps/lua/scripts/database/redis_center.lua:25  
connect to redis center db success!!!!
20201114 00:21:42 ERROR ../../../apps/lua/scripts/database/redis_center.lua:27  
select db_idx
20201114 00:21:42 DEBUG ../../../apps/lua/scripts/database/mysql_auth_center.lua:19  
connect to auth center db success!!!!
20201114 00:21:43 ERROR d:\c++\moba_game_server\moba_server\netbus\netbus.cc:255  
new client comming 127.0.0.1:54806

20201114 00:21:51 ERROR ../../../apps/lua/scripts/auth_server/uname_login.lua:16  
do_login	1
20201114 00:21:51 DEBUG ../../../apps/lua/scripts/database/mysql_auth_center.lua:153  
0	0
20201114 00:21:51 DEBUG ../../../apps/lua/scripts/database/redis_center.lua:47  
hmset moba_auth_center_user_uid_41 unick gst827844 usex 0 uface 6 uvip 0 is_guest 0
20201114 00:21:51 DEBUG d:\c++\moba_game_server\moba_server\netbus\session_uv.cc:42  
write success

20201114 00:23:00 ERROR ../../../apps/lua/scripts/auth_server/uname_login.lua:16  
do_login	2
20201114 00:23:00 DEBUG ../../../apps/lua/scripts/database/mysql_auth_center.lua:153  
0	0
20201114 00:23:00 DEBUG ../../../apps/lua/scripts/database/redis_center.lua:47  
hmset moba_auth_center_user_uid_41 unick gst827844 usex 0 uface 6 uvip 0 is_guest 0
20201114 00:23:00 DEBUG d:\c++\moba_game_server\moba_server\netbus\session_uv.cc:42  
write success

20201114 00:23:03 ERROR ../../../apps/lua/scripts/auth_server/login_out.lua:20  
do_login_out	41
20201114 00:23:03 ERROR d:\c++\moba_game_server\moba_server\netbus\proto_man.cc:214  
can't not find the message by type_name: 
20201114 00:23:03 ERROR d:\c++\moba_game_server\moba_server\lua_wapper\session_export_to_lua.cc:44  
cant find message LoginOutRes from compiled poll
20201114 00:23:03 DEBUG d:\c++\moba_game_server\moba_server\netbus\session_uv.cc:42  
write success

20201114 00:23:58 ERROR d:\c++\moba_game_server\moba_server\netbus\netbus.cc:199  
client close!!
20201114 00:24:08 DEBUG ../../../apps/lua/scripts/auth_server/main.lua:27  
Auth Server Start at 8000
20201114 00:24:08 DEBUG ../../../apps/lua/scripts/auth_server/main.lua:34  
register Auth service:[1] success!!!
20201114 00:24:08 DEBUG ../../../apps/lua/scripts/database/redis_center.lua:25  
connect to redis center db success!!!!
20201114 00:24:08 ERROR ../../../apps/lua/scripts/database/redis_center.lua:27  
select db_idx
20201114 00:24:08 DEBUG ../../../apps/lua/scripts/database/mysql_auth_center.lua:19  
connect to auth center db success!!!!
20201114 00:24:09 ERROR d:\c++\moba_game_server\moba_server\netbus\netbus.cc:255  
new client comming 127.0.0.1:54831

20201114 00:24:17 ERROR ../../../apps/lua/scripts/auth_server/uname_login.lua:16  
do_login	1
20201114 00:24:17 DEBUG ../../../apps/lua/scripts/database/mysql_auth_center.lua:153  
0	0
20201114 00:24:17 DEBUG ../../../apps/lua/scripts/database/redis_center.lua:47  
hmset moba_auth_center_user_uid_41 unick gst827844 usex 0 uface 6 uvip 0 is_guest 0
20201114 00:24:17 DEBUG d:\c++\moba_game_server\moba_server\netbus\session_uv.cc:42  
write success

20201114 00:24:19 ERROR ../../../apps/lua/scripts/auth_server/login_out.lua:20  
do_login_out	41
20201114 00:24:19 DEBUG d:\c++\moba_game_server\moba_server\netbus\session_uv.cc:42  
write success

20201114 00:24:58 ERROR ../../../apps/lua/scripts/auth_server/uname_login.lua:16  
do_login	2
20201114 00:24:58 DEBUG ../../../apps/lua/scripts/database/mysql_auth_center.lua:153  
0	0
20201114 00:24:58 DEBUG ../../../apps/lua/scripts/database/redis_center.lua:47  
hmset moba_auth_center_user_uid_41 unick gst827844 usex 0 uface 6 uvip 0 is_guest 0
20201114 00:24:58 DEBUG d:\c++\moba_game_server\moba_server\netbus\session_uv.cc:42  
write success

20201114 00:25:00 ERROR ../../../apps/lua/scripts/auth_server/login_out.lua:20  
do_login_out	41
20201114 00:25:00 DEBUG d:\c++\moba_game_server\moba_server\netbus\session_uv.cc:42  
write success

20201114 00:25:03 ERROR ../../../apps/lua/scripts/auth_server/uname_login.lua:16  
do_login	3
20201114 00:25:03 DEBUG ../../../apps/lua/scripts/database/mysql_auth_center.lua:153  
0	0
20201114 00:25:03 DEBUG ../../../apps/lua/scripts/database/redis_center.lua:47  
hmset moba_auth_center_user_uid_41 unick gst827844 usex 0 uface 6 uvip 0 is_guest 0
20201114 00:25:03 DEBUG d:\c++\moba_game_server\moba_server\netbus\session_uv.cc:42  
write success

20201114 00:25:07 ERROR ../../../apps/lua/scripts/auth_server/login_out.lua:20  
do_login_out	41
20201114 00:25:07 DEBUG d:\c++\moba_game_server\moba_server\netbus\session_uv.cc:42  
write success

20201114 00:25:11 ERROR ../../../apps/lua/scripts/auth_server/uname_login.lua:16  
do_login	4
20201114 00:25:11 DEBUG ../../../apps/lua/scripts/database/mysql_auth_center.lua:153  
0	0
20201114 00:25:11 DEBUG ../../../apps/lua/scripts/database/redis_center.lua:47  
hmset moba_auth_center_user_uid_41 unick gst827844 usex 0 uface 6 uvip 0 is_guest 0
20201114 00:25:11 DEBUG d:\c++\moba_game_server\moba_server\netbus\session_uv.cc:42  
write success

20201114 00:25:42 ERROR d:\c++\moba_game_server\moba_server\netbus\netbus.cc:199  
client close!!
20201114 00:26:03 DEBUG ../../../apps/lua/scripts/auth_server/main.lua:27  
Auth Server Start at 8000
20201114 00:26:03 DEBUG ../../../apps/lua/scripts/auth_server/main.lua:34  
register Auth service:[1] success!!!
20201114 00:26:03 DEBUG ../../../apps/lua/scripts/database/redis_center.lua:25  
connect to redis center db success!!!!
20201114 00:26:03 ERROR ../../../apps/lua/scripts/database/redis_center.lua:27  
select db_idx
20201114 00:26:04 DEBUG ../../../apps/lua/scripts/database/mysql_auth_center.lua:19  
connect to auth center db success!!!!
20201114 00:26:05 ERROR d:\c++\moba_game_server\moba_server\netbus\netbus.cc:255  
new client comming 127.0.0.1:54862

20201114 00:26:12 ERROR ../../../apps/lua/scripts/auth_server/uname_login.lua:16  
do_login	1
20201114 00:26:12 DEBUG ../../../apps/lua/scripts/database/mysql_auth_center.lua:153  
0	0
20201114 00:26:12 DEBUG ../../../apps/lua/scripts/database/redis_center.lua:47  
hmset moba_auth_center_user_uid_41 unick gst827844 usex 0 uface 6 uvip 0 is_guest 0
20201114 00:26:12 DEBUG d:\c++\moba_game_server\moba_server\netbus\session_uv.cc:42  
write success

20201114 00:26:16 ERROR ../../../apps/lua/scripts/auth_server/login_out.lua:20  
do_login_out	41
20201114 00:26:16 DEBUG d:\c++\moba_game_server\moba_server\netbus\session_uv.cc:42  
write success

20201114 00:27:13 ERROR ../../../apps/lua/scripts/auth_server/uname_login.lua:16  
do_login	2
20201114 00:27:13 DEBUG ../../../apps/lua/scripts/database/mysql_auth_center.lua:153  
0	0
20201114 00:27:13 DEBUG ../../../apps/lua/scripts/database/redis_center.lua:47  
hmset moba_auth_center_user_uid_41 unick gst827844 usex 0 uface 6 uvip 0 is_guest 0
20201114 00:27:13 DEBUG d:\c++\moba_game_server\moba_server\netbus\session_uv.cc:42  
write success

20201114 00:27:18 ERROR ../../../apps/lua/scripts/auth_server/login_out.lua:20  
do_login_out	41
20201114 00:27:18 DEBUG d:\c++\moba_game_server\moba_server\netbus\session_uv.cc:42  
write success

20201114 00:27:29 ERROR ../../../apps/lua/scripts/auth_server/uname_login.lua:16  
do_login	3
20201114 00:27:29 DEBUG ../../../apps/lua/scripts/database/mysql_auth_center.lua:153  
0	0
20201114 00:27:29 DEBUG ../../../apps/lua/scripts/database/redis_center.lua:47  
hmset moba_auth_center_user_uid_41 unick gst827844 usex 0 uface 6 uvip 0 is_guest 0
20201114 00:27:29 DEBUG d:\c++\moba_game_server\moba_server\netbus\session_uv.cc:42  
write success

20201114 00:27:34 ERROR ../../../apps/lua/scripts/auth_server/login_out.lua:20  
do_login_out	41
20201114 00:27:34 DEBUG d:\c++\moba_game_server\moba_server\netbus\session_uv.cc:42  
write success

20201114 00:27:45 ERROR d:\c++\moba_game_server\moba_server\netbus\netbus.cc:199  
client close!!
20201114 00:28:33 DEBUG ../../../apps/lua/scripts/auth_server/main.lua:27  
Auth Server Start at 8000
20201114 00:28:33 DEBUG ../../../apps/lua/scripts/auth_server/main.lua:34  
register Auth service:[1] success!!!
20201114 00:28:33 DEBUG ../../../apps/lua/scripts/database/redis_center.lua:25  
connect to redis center db success!!!!
20201114 00:28:33 ERROR ../../../apps/lua/scripts/database/redis_center.lua:27  
select db_idx
20201114 00:28:33 DEBUG ../../../apps/lua/scripts/database/mysql_auth_center.lua:19  
connect to auth center db success!!!!
20201114 00:28:34 ERROR d:\c++\moba_game_server\moba_server\netbus\netbus.cc:255  
new client comming 127.0.0.1:54891

20201114 00:28:45 ERROR ../../../apps/lua/scripts/auth_server/uname_login.lua:16  
do_login	1
20201114 00:28:45 DEBUG ../../../apps/lua/scripts/database/mysql_auth_center.lua:153  
0	0
20201114 00:28:45 DEBUG ../../../apps/lua/scripts/database/redis_center.lua:47  
hmset moba_auth_center_user_uid_41 unick gst827844 usex 0 uface 6 uvip 0 is_guest 0
20201114 00:28:45 DEBUG d:\c++\moba_game_server\moba_server\netbus\session_uv.cc:42  
write success

20201114 00:28:47 ERROR ../../../apps/lua/scripts/auth_server/login_out.lua:20  
do_login_out	41
20201114 00:28:47 DEBUG d:\c++\moba_game_server\moba_server\netbus\session_uv.cc:42  
write success

20201114 00:30:55 ERROR ../../../apps/lua/scripts/auth_server/uname_login.lua:16  
do_login	2
20201114 00:30:55 DEBUG ../../../apps/lua/scripts/database/mysql_auth_center.lua:153  
0	0
20201114 00:30:55 DEBUG ../../../apps/lua/scripts/database/redis_center.lua:47  
hmset moba_auth_center_user_uid_41 unick gst827844 usex 0 uface 6 uvip 0 is_guest 0
20201114 00:30:55 DEBUG d:\c++\moba_game_server\moba_server\netbus\session_uv.cc:42  
write success

20201114 00:30:57 ERROR ../../../apps/lua/scripts/auth_server/login_out.lua:20  
do_login_out	41
20201114 00:30:57 DEBUG d:\c++\moba_game_server\moba_server\netbus\session_uv.cc:42  
write success

20201114 00:31:00 ERROR ../../../apps/lua/scripts/auth_server/uname_login.lua:16  
do_login	2
20201114 00:31:00 DEBUG ../../../apps/lua/scripts/database/mysql_auth_center.lua:153  
0	0
20201114 00:31:00 DEBUG ../../../apps/lua/scripts/database/redis_center.lua:47  
hmset moba_auth_center_user_uid_41 unick gst827844 usex 0 uface 6 uvip 0 is_guest 0
20201114 00:31:00 DEBUG d:\c++\moba_game_server\moba_server\netbus\session_uv.cc:42  
write success

20201114 00:31:04 ERROR ../../../apps/lua/scripts/auth_server/login_out.lua:20  
do_login_out	41
20201114 00:31:04 DEBUG d:\c++\moba_game_server\moba_server\netbus\session_uv.cc:42  
write success

20201114 00:31:06 ERROR d:\c++\moba_game_server\moba_server\netbus\netbus.cc:199  
client close!!
