20201107 15:50:08 DEBUG ../../../apps/lua/scripts/auth_server/main.lua:27  
Auth Server Start at 8000
20201107 15:50:08 DEBUG ../../../apps/lua/scripts/auth_server/main.lua:34  
register Auth service:[1] success!!!
20201107 15:50:08 DEBUG ../../../apps/lua/scripts/database/mysql_auth_center.lua:19  
connect to auth center db success!!!!
20201107 15:50:08 ERROR d:\c++\moba_game_server\moba_server\netbus\netbus.cc:255  
new client comming 127.0.0.1:52140

20201107 15:50:10 ERROR d:\c++\moba_game_server\moba_server\database\redis_wrapper.cc:57  
connection error: 由于目标计算机积极拒绝，无法连接。

20201107 15:50:10 ERROR ../../../apps/lua/scripts/database/redis_center.lua:18  
由于目标计算机积极拒绝，无法连接。
20201107 15:50:17 ERROR d:\c++\moba_game_server\moba_server\database\redis_wrapper.cc:57  
connection error: 由于目标计算机积极拒绝，无法连接。

20201107 15:50:17 ERROR ../../../apps/lua/scripts/database/redis_center.lua:18  
由于目标计算机积极拒绝，无法连接。
20201107 15:51:02 DEBUG ../../../apps/lua/scripts/auth_server/main.lua:27  
Auth Server Start at 8000
20201107 15:51:02 DEBUG ../../../apps/lua/scripts/auth_server/main.lua:34  
register Auth service:[1] success!!!
20201107 15:51:02 DEBUG ../../../apps/lua/scripts/database/redis_center.lua:25  
connect to redis center db success!!!!
20201107 15:51:02 ERROR ../../../apps/lua/scripts/database/redis_center.lua:27  
select db_idx
20201107 15:51:02 DEBUG ../../../apps/lua/scripts/database/mysql_auth_center.lua:19  
connect to auth center db success!!!!
20201107 15:51:02 ERROR d:\c++\moba_game_server\moba_server\netbus\netbus.cc:255  
new client comming 127.0.0.1:52158

20201107 15:51:33 DEBUG ../../../apps/lua/scripts/auth_server/auth_service.lua:20  
1	1	1
20201107 15:51:33 DEBUG ../../../apps/lua/scripts/auth_server/guest.lua:14  
Hu3MFDoog4LGLFHBuF7WK4P3tJSVjiQS
20201107 15:51:33 DEBUG ../../../apps/lua/scripts/database/mysql_auth_center.lua:65  
1	0
20201107 15:51:33 DEBUG ../../../apps/lua/scripts/database/redis_center.lua:47  
hmset moba_auth_center_user_uid_35 unick huangweixx usex 0 uface 6 uvip 0 is_guest 1
20201107 15:51:33 DEBUG d:\c++\moba_game_server\moba_server\netbus\session_uv.cc:42  
write success

20201107 15:51:57 DEBUG ../../../apps/lua/scripts/auth_server/auth_service.lua:20  
1	7	35
20201107 15:51:57 DEBUG ../../../apps/lua/scripts/auth_server/account_upgrade.lua:28  
huangweixx	E10ADC3949BA59ABBE56E057F20F883E	35
20201107 19:05:44 DEBUG ../../../apps/lua/scripts/auth_server/main.lua:27  
Auth Server Start at 8000
20201107 19:05:44 DEBUG ../../../apps/lua/scripts/auth_server/main.lua:34  
register Auth service:[1] success!!!
20201107 19:05:44 DEBUG ../../../apps/lua/scripts/database/redis_center.lua:25  
connect to redis center db success!!!!
20201107 19:05:44 ERROR ../../../apps/lua/scripts/database/redis_center.lua:27  
select db_idx
20201107 19:05:44 DEBUG ../../../apps/lua/scripts/database/mysql_auth_center.lua:19  
connect to auth center db success!!!!
20201107 19:05:47 ERROR d:\c++\moba_game_server\moba_server\netbus\netbus.cc:255  
new client comming 127.0.0.1:53549

20201107 19:06:13 DEBUG ../../../apps/lua/scripts/auth_server/auth_service.lua:20  
1	1	1
20201107 19:06:13 DEBUG ../../../apps/lua/scripts/auth_server/guest.lua:14  
Hu3MFDoog4LGLFHBuF7WK4P3tJSVjiQS
20201107 19:06:13 DEBUG ../../../apps/lua/scripts/database/mysql_auth_center.lua:152  
1	0
20201107 19:06:13 DEBUG ../../../apps/lua/scripts/database/redis_center.lua:47  
hmset moba_auth_center_user_uid_35 unick huangweixx usex 0 uface 6 uvip 0 is_guest 1
20201107 19:06:13 DEBUG d:\c++\moba_game_server\moba_server\netbus\session_uv.cc:42  
write success

20201107 19:06:29 DEBUG ../../../apps/lua/scripts/auth_server/auth_service.lua:20  
1	7	35
20201107 19:06:29 ERROR d:\c++\moba_game_server\moba_server\lua_wapper\service_export_to_lua.cc:104  
[LUA ERROR] ../../../apps/lua/scripts/database/mysql_auth_center.lua:56: attempt to index a nil value (global 'Mysql')
20201107 20:07:12 DEBUG ../../../apps/lua/scripts/auth_server/main.lua:27  
Auth Server Start at 8000
20201107 20:07:12 DEBUG ../../../apps/lua/scripts/auth_server/main.lua:34  
register Auth service:[1] success!!!
20201107 20:07:12 DEBUG ../../../apps/lua/scripts/database/redis_center.lua:25  
connect to redis center db success!!!!
20201107 20:07:12 ERROR ../../../apps/lua/scripts/database/redis_center.lua:27  
select db_idx
20201107 20:07:12 DEBUG ../../../apps/lua/scripts/database/mysql_auth_center.lua:19  
connect to auth center db success!!!!
20201107 20:07:14 ERROR d:\c++\moba_game_server\moba_server\netbus\netbus.cc:255  
new client comming 127.0.0.1:53650

20201107 20:07:35 DEBUG ../../../apps/lua/scripts/auth_server/auth_service.lua:20  
1	1	1
20201107 20:07:35 DEBUG ../../../apps/lua/scripts/auth_server/guest.lua:14  
Hu3MFDoog4LGLFHBuF7WK4P3tJSVjiQS
20201107 20:07:35 DEBUG ../../../apps/lua/scripts/database/mysql_auth_center.lua:152  
1	0
20201107 20:07:35 DEBUG ../../../apps/lua/scripts/database/redis_center.lua:47  
hmset moba_auth_center_user_uid_35 unick huangweixx usex 0 uface 6 uvip 0 is_guest 1
20201107 20:07:35 DEBUG d:\c++\moba_game_server\moba_server\netbus\session_uv.cc:42  
write success

20201107 20:07:47 DEBUG ../../../apps/lua/scripts/auth_server/auth_service.lua:20  
1	7	35
20201107 20:07:47 ERROR ../../../apps/lua/scripts/database/mysql_auth_center.lua:55  
check_uname_exist
20201107 20:07:47 ERROR d:\c++\moba_game_server\moba_server\lua_wapper\service_export_to_lua.cc:104  
[LUA ERROR] ../../../apps/lua/scripts/database/mysql_auth_center.lua:56: attempt to index a nil value (global 'Mysql')
20201107 20:08:27 DEBUG ../../../apps/lua/scripts/auth_server/main.lua:27  
Auth Server Start at 8000
20201107 20:08:27 DEBUG ../../../apps/lua/scripts/auth_server/main.lua:34  
register Auth service:[1] success!!!
20201107 20:08:27 DEBUG ../../../apps/lua/scripts/database/redis_center.lua:25  
connect to redis center db success!!!!
20201107 20:08:27 ERROR ../../../apps/lua/scripts/database/redis_center.lua:27  
select db_idx
20201107 20:08:27 DEBUG ../../../apps/lua/scripts/database/mysql_auth_center.lua:19  
connect to auth center db success!!!!
20201107 20:08:28 ERROR d:\c++\moba_game_server\moba_server\netbus\netbus.cc:255  
new client comming 127.0.0.1:53665

20201107 20:08:30 DEBUG ../../../apps/lua/scripts/auth_server/auth_service.lua:20  
1	7	35
20201107 20:08:30 ERROR d:\c++\moba_game_server\moba_server\lua_wapper\service_export_to_lua.cc:104  
[LUA ERROR] ../../../apps/lua/scripts/database/mysql_auth_center.lua:55: attempt to index a nil value (global 'Mysql')
20201107 20:09:08 DEBUG ../../../apps/lua/scripts/auth_server/main.lua:27  
Auth Server Start at 8000
20201107 20:09:08 DEBUG ../../../apps/lua/scripts/auth_server/main.lua:34  
register Auth service:[1] success!!!
20201107 20:09:08 DEBUG ../../../apps/lua/scripts/database/redis_center.lua:25  
connect to redis center db success!!!!
20201107 20:09:08 ERROR ../../../apps/lua/scripts/database/redis_center.lua:27  
select db_idx
20201107 20:09:08 ERROR d:\c++\moba_game_server\moba_server\netbus\netbus.cc:255  
new client comming 127.0.0.1:53666

20201107 20:09:08 DEBUG ../../../apps/lua/scripts/database/mysql_auth_center.lua:19  
connect to auth center db success!!!!
20201107 20:09:11 DEBUG ../../../apps/lua/scripts/auth_server/auth_service.lua:20  
1	7	35
20201107 20:09:11 ERROR ../../../apps/lua/scripts/database/mysql_auth_center.lua:55  
select uid from uinfo where uname = "huangweisheng"
20201107 20:09:11 ERROR d:\c++\moba_game_server\moba_server\lua_wapper\lua_wrapper.cc:338  
[LUA ERROR] ../../../apps/lua/scripts/database/mysql_auth_center.lua:37: bad argument #3 to 'format' (number expected, got string)
20201107 20:10:29 DEBUG ../../../apps/lua/scripts/auth_server/main.lua:27  
Auth Server Start at 8000
20201107 20:10:29 DEBUG ../../../apps/lua/scripts/auth_server/main.lua:34  
register Auth service:[1] success!!!
20201107 20:10:29 DEBUG ../../../apps/lua/scripts/database/redis_center.lua:25  
connect to redis center db success!!!!
20201107 20:10:29 ERROR ../../../apps/lua/scripts/database/redis_center.lua:27  
select db_idx
20201107 20:10:29 DEBUG ../../../apps/lua/scripts/database/mysql_auth_center.lua:19  
connect to auth center db success!!!!
20201107 20:10:29 ERROR d:\c++\moba_game_server\moba_server\netbus\netbus.cc:255  
new client comming 127.0.0.1:53671

20201107 20:10:32 DEBUG ../../../apps/lua/scripts/auth_server/auth_service.lua:20  
1	7	35
20201107 20:10:32 ERROR d:\c++\moba_game_server\moba_server\lua_wapper\lua_wrapper.cc:338  
[LUA ERROR] ../../../apps/lua/scripts/database/mysql_auth_center.lua:37: bad argument #3 to 'format' (number expected, got string)
20201107 20:10:55 DEBUG ../../../apps/lua/scripts/auth_server/main.lua:27  
Auth Server Start at 8000
20201107 20:10:55 DEBUG ../../../apps/lua/scripts/auth_server/main.lua:34  
register Auth service:[1] success!!!
20201107 20:10:55 DEBUG ../../../apps/lua/scripts/database/redis_center.lua:25  
connect to redis center db success!!!!
20201107 20:10:55 ERROR ../../../apps/lua/scripts/database/redis_center.lua:27  
select db_idx
20201107 20:10:55 DEBUG ../../../apps/lua/scripts/database/mysql_auth_center.lua:19  
connect to auth center db success!!!!
20201107 20:10:56 ERROR d:\c++\moba_game_server\moba_server\netbus\netbus.cc:255  
new client comming 127.0.0.1:53676

20201107 20:10:57 DEBUG ../../../apps/lua/scripts/auth_server/auth_service.lua:20  
1	7	35
20201107 20:10:57 DEBUG ../../../apps/lua/scripts/database/mysql_auth_center.lua:37  
huangweisheng	E10ADC3949BA59ABBE56E057F20F883E	35
20201107 20:10:57 ERROR d:\c++\moba_game_server\moba_server\lua_wapper\lua_wrapper.cc:338  
[LUA ERROR] ../../../apps/lua/scripts/database/mysql_auth_center.lua:38: bad argument #3 to 'format' (number expected, got string)
20201107 20:11:41 DEBUG ../../../apps/lua/scripts/auth_server/main.lua:27  
Auth Server Start at 8000
20201107 20:11:41 DEBUG ../../../apps/lua/scripts/auth_server/main.lua:34  
register Auth service:[1] success!!!
20201107 20:11:41 DEBUG ../../../apps/lua/scripts/database/redis_center.lua:25  
connect to redis center db success!!!!
20201107 20:11:41 ERROR ../../../apps/lua/scripts/database/redis_center.lua:27  
select db_idx
20201107 20:11:41 ERROR d:\c++\moba_game_server\moba_server\netbus\netbus.cc:255  
new client comming 127.0.0.1:53681

20201107 20:11:41 DEBUG ../../../apps/lua/scripts/database/mysql_auth_center.lua:19  
connect to auth center db success!!!!
20201107 20:11:44 DEBUG ../../../apps/lua/scripts/auth_server/auth_service.lua:20  
1	7	35
20201107 20:11:44 DEBUG ../../../apps/lua/scripts/database/mysql_auth_center.lua:37  
huangweisheng	E10ADC3949BA59ABBE56E057F20F883E	35
20201107 20:11:44 ERROR d:\c++\moba_game_server\moba_server\lua_wapper\lua_wrapper.cc:338  
[LUA ERROR] ../../../apps/lua/scripts/database/mysql_auth_center.lua:39: attempt to index a nil value (global 'Mysql')
20201107 20:12:23 DEBUG ../../../apps/lua/scripts/auth_server/main.lua:27  
Auth Server Start at 8000
20201107 20:12:23 DEBUG ../../../apps/lua/scripts/auth_server/main.lua:34  
register Auth service:[1] success!!!
20201107 20:12:23 DEBUG ../../../apps/lua/scripts/database/redis_center.lua:25  
connect to redis center db success!!!!
20201107 20:12:23 ERROR ../../../apps/lua/scripts/database/redis_center.lua:27  
select db_idx
20201107 20:12:23 ERROR d:\c++\moba_game_server\moba_server\netbus\netbus.cc:255  
new client comming 127.0.0.1:53685

20201107 20:12:23 DEBUG ../../../apps/lua/scripts/database/mysql_auth_center.lua:19  
connect to auth center db success!!!!
20201107 20:12:25 DEBUG ../../../apps/lua/scripts/auth_server/auth_service.lua:20  
1	7	35
20201107 20:12:25 DEBUG ../../../apps/lua/scripts/database/mysql_auth_center.lua:38  
update uinfo set uname = "huangweisheng", upwd = E10ADC3949BA59ABBE56E057F20F883E is_guest = 0 where uid = 35
20201107 20:12:25 ERROR d:\c++\moba_game_server\moba_server\lua_wapper\lua_wrapper.cc:338  
[LUA ERROR] ../../../apps/lua/scripts/database/mysql_auth_center.lua:39: attempt to index a nil value (global 'Mysql')
20201107 20:13:20 DEBUG ../../../apps/lua/scripts/auth_server/main.lua:27  
Auth Server Start at 8000
20201107 20:13:20 DEBUG ../../../apps/lua/scripts/auth_server/main.lua:34  
register Auth service:[1] success!!!
20201107 20:13:20 DEBUG ../../../apps/lua/scripts/database/redis_center.lua:25  
connect to redis center db success!!!!
20201107 20:13:20 ERROR ../../../apps/lua/scripts/database/redis_center.lua:27  
select db_idx
20201107 20:13:20 DEBUG ../../../apps/lua/scripts/database/mysql_auth_center.lua:19  
connect to auth center db success!!!!
20201107 20:13:21 ERROR d:\c++\moba_game_server\moba_server\netbus\netbus.cc:255  
new client comming 127.0.0.1:53700

20201107 20:13:23 DEBUG ../../../apps/lua/scripts/auth_server/auth_service.lua:20  
1	7	35
20201107 20:13:23 DEBUG ../../../apps/lua/scripts/database/mysql_auth_center.lua:38  
lightuserdata	update uinfo set uname = "huangweisheng", upwd = E10ADC3949BA59ABBE56E057F20F883E is_guest = 0 where uid = 35
20201107 20:13:23 DEBUG d:\c++\moba_game_server\moba_server\netbus\session_uv.cc:42  
write success

20201107 20:14:34 DEBUG ../../../apps/lua/scripts/auth_server/main.lua:27  
Auth Server Start at 8000
20201107 20:14:34 DEBUG ../../../apps/lua/scripts/auth_server/main.lua:34  
register Auth service:[1] success!!!
20201107 20:14:34 DEBUG ../../../apps/lua/scripts/database/redis_center.lua:25  
connect to redis center db success!!!!
20201107 20:14:34 ERROR ../../../apps/lua/scripts/database/redis_center.lua:27  
select db_idx
20201107 20:14:34 ERROR d:\c++\moba_game_server\moba_server\netbus\netbus.cc:255  
new client comming 127.0.0.1:53704

20201107 20:14:34 DEBUG ../../../apps/lua/scripts/database/mysql_auth_center.lua:19  
connect to auth center db success!!!!
20201107 20:14:41 DEBUG ../../../apps/lua/scripts/auth_server/auth_service.lua:20  
1	7	35
20201107 20:14:41 DEBUG ../../../apps/lua/scripts/database/mysql_auth_center.lua:39  
You have an error in your SQL syntax; check the manual that corresponds to your MySQL server version for the right syntax to use near 'is_guest = 0 where uid = 35' at line 1	nil
20201107 20:14:41 DEBUG d:\c++\moba_game_server\moba_server\netbus\session_uv.cc:42  
write success

20201107 20:15:27 DEBUG ../../../apps/lua/scripts/auth_server/main.lua:27  
Auth Server Start at 8000
20201107 20:15:27 DEBUG ../../../apps/lua/scripts/auth_server/main.lua:34  
register Auth service:[1] success!!!
20201107 20:15:27 DEBUG ../../../apps/lua/scripts/database/redis_center.lua:25  
connect to redis center db success!!!!
20201107 20:15:27 ERROR ../../../apps/lua/scripts/database/redis_center.lua:27  
select db_idx
20201107 20:15:27 DEBUG ../../../apps/lua/scripts/database/mysql_auth_center.lua:19  
connect to auth center db success!!!!
20201107 20:15:28 ERROR d:\c++\moba_game_server\moba_server\netbus\netbus.cc:255  
new client comming 127.0.0.1:53713

20201107 20:15:44 DEBUG ../../../apps/lua/scripts/auth_server/auth_service.lua:20  
1	7	35
20201107 20:15:44 DEBUG ../../../apps/lua/scripts/database/mysql_auth_center.lua:39  
Unknown column 'E10ADC3949BA59ABBE56E057F20F883E' in 'field list'	nil
20201107 20:15:44 DEBUG d:\c++\moba_game_server\moba_server\netbus\session_uv.cc:42  
write success

20201107 20:16:32 DEBUG ../../../apps/lua/scripts/auth_server/main.lua:27  
Auth Server Start at 8000
20201107 20:16:32 DEBUG ../../../apps/lua/scripts/auth_server/main.lua:34  
register Auth service:[1] success!!!
20201107 20:16:32 DEBUG ../../../apps/lua/scripts/database/redis_center.lua:25  
connect to redis center db success!!!!
20201107 20:16:32 ERROR ../../../apps/lua/scripts/database/redis_center.lua:27  
select db_idx
20201107 20:16:32 ERROR d:\c++\moba_game_server\moba_server\netbus\netbus.cc:255  
new client comming 127.0.0.1:53715

20201107 20:16:32 DEBUG ../../../apps/lua/scripts/database/mysql_auth_center.lua:19  
connect to auth center db success!!!!
20201107 20:16:38 DEBUG ../../../apps/lua/scripts/auth_server/main.lua:27  
Auth Server Start at 8000
20201107 20:16:38 DEBUG ../../../apps/lua/scripts/auth_server/main.lua:34  
register Auth service:[1] success!!!
20201107 20:16:38 DEBUG ../../../apps/lua/scripts/database/redis_center.lua:25  
connect to redis center db success!!!!
20201107 20:16:38 ERROR ../../../apps/lua/scripts/database/redis_center.lua:27  
select db_idx
20201107 20:16:38 DEBUG ../../../apps/lua/scripts/database/mysql_auth_center.lua:19  
connect to auth center db success!!!!
20201107 20:16:38 ERROR d:\c++\moba_game_server\moba_server\netbus\netbus.cc:255  
new client comming 127.0.0.1:53719

20201107 20:16:40 DEBUG ../../../apps/lua/scripts/auth_server/auth_service.lua:20  
1	7	35
20201107 20:16:40 DEBUG ../../../apps/lua/scripts/database/mysql_auth_center.lua:38  
update uinfo set uname = "huangweisheng", upwd = E10ADC3949BA59ABBE56E057F20F883E, is_guest = 0 where uid = 35
20201107 20:16:40 DEBUG ../../../apps/lua/scripts/database/mysql_auth_center.lua:40  
Unknown column 'E10ADC3949BA59ABBE56E057F20F883E' in 'field list'	nil
20201107 20:16:40 DEBUG d:\c++\moba_game_server\moba_server\netbus\session_uv.cc:42  
write success

20201107 20:23:17 DEBUG ../../../apps/lua/scripts/auth_server/auth_service.lua:20  
1	1	2
20201107 20:23:17 DEBUG ../../../apps/lua/scripts/auth_server/guest.lua:14  
Hu3MFDoog4LGLFHBuF7WK4P3tJSVjiQS
20201107 20:23:17 DEBUG ../../../apps/lua/scripts/auth_server/guest.lua:14  
Hu3MFDoog4LGLFHBuF7WK4P3tJSVjiQS
20201107 20:23:17 DEBUG ../../../apps/lua/scripts/database/mysql_auth_center.lua:154  
1	0
20201107 20:23:17 DEBUG ../../../apps/lua/scripts/database/redis_center.lua:47  
hmset moba_auth_center_user_uid_36 unick gst101126 usex 0 uface 6 uvip 0 is_guest 1
20201107 20:23:17 DEBUG d:\c++\moba_game_server\moba_server\netbus\session_uv.cc:42  
write success

20201107 20:23:43 DEBUG ../../../apps/lua/scripts/auth_server/auth_service.lua:20  
1	7	36
20201107 20:23:43 DEBUG ../../../apps/lua/scripts/database/mysql_auth_center.lua:38  
update uinfo set uname = "澶╀璐", upwd = E10ADC3949BA59ABBE56E057F20F883E, is_guest = 0 where uid = 36
20201107 20:23:43 DEBUG ../../../apps/lua/scripts/database/mysql_auth_center.lua:40  
Unknown column 'E10ADC3949BA59ABBE56E057F20F883E' in 'field list'	nil
20201107 20:23:43 DEBUG d:\c++\moba_game_server\moba_server\netbus\session_uv.cc:42  
write success

20201107 20:24:02 DEBUG ../../../apps/lua/scripts/auth_server/main.lua:27  
Auth Server Start at 8000
20201107 20:24:02 DEBUG ../../../apps/lua/scripts/auth_server/main.lua:34  
register Auth service:[1] success!!!
20201107 20:24:02 DEBUG ../../../apps/lua/scripts/database/redis_center.lua:25  
connect to redis center db success!!!!
20201107 20:24:02 ERROR ../../../apps/lua/scripts/database/redis_center.lua:27  
select db_idx
20201107 20:24:02 DEBUG ../../../apps/lua/scripts/database/mysql_auth_center.lua:19  
connect to auth center db success!!!!
20201107 20:24:02 ERROR d:\c++\moba_game_server\moba_server\netbus\netbus.cc:255  
new client comming 127.0.0.1:54028

20201107 20:24:05 DEBUG ../../../apps/lua/scripts/auth_server/auth_service.lua:20  
1	7	36
20201107 20:24:05 DEBUG ../../../apps/lua/scripts/database/mysql_auth_center.lua:38  
update uinfo set uname = "澶╀璐", upwd = "E10ADC3949BA59ABBE56E057F20F883E", is_guest = 0 where uid = 36
20201107 20:24:05 DEBUG ../../../apps/lua/scripts/database/mysql_auth_center.lua:40  
nil	nil
20201107 20:24:05 DEBUG d:\c++\moba_game_server\moba_server\netbus\session_uv.cc:42  
write success

20201107 20:24:14 DEBUG ../../../apps/lua/scripts/auth_server/auth_service.lua:20  
1	7	36
20201107 20:24:14 DEBUG d:\c++\moba_game_server\moba_server\netbus\session_uv.cc:42  
write success

20201107 20:24:21 DEBUG ../../../apps/lua/scripts/auth_server/auth_service.lua:20  
1	1	3
20201107 20:24:21 DEBUG ../../../apps/lua/scripts/auth_server/guest.lua:14  
Hu3MFDoog4LGLFHBuF7WK4P3tJSVjiQS
20201107 20:24:21 DEBUG ../../../apps/lua/scripts/database/mysql_auth_center.lua:154  
0	0
20201107 20:24:21 DEBUG d:\c++\moba_game_server\moba_server\netbus\session_uv.cc:42  
write success

20201107 20:24:24 DEBUG ../../../apps/lua/scripts/auth_server/auth_service.lua:20  
1	1	3
20201107 20:24:24 DEBUG ../../../apps/lua/scripts/auth_server/guest.lua:14  
Hu3MFDoog4LGLFHBuF7WK4P3tJSVjiQS
20201107 20:24:24 DEBUG ../../../apps/lua/scripts/database/mysql_auth_center.lua:154  
0	0
20201107 20:24:24 DEBUG d:\c++\moba_game_server\moba_server\netbus\session_uv.cc:42  
write success

20201107 20:24:30 DEBUG ../../../apps/lua/scripts/auth_server/auth_service.lua:20  
1	1	3
20201107 20:24:30 DEBUG ../../../apps/lua/scripts/auth_server/guest.lua:14  
Hu3MFDoog4LGLFHBuF7WK4P3tJSVjiQS
20201107 20:24:30 DEBUG ../../../apps/lua/scripts/database/mysql_auth_center.lua:154  
0	0
20201107 20:24:30 DEBUG d:\c++\moba_game_server\moba_server\netbus\session_uv.cc:42  
write success

20201107 20:27:26 DEBUG ../../../apps/lua/scripts/auth_server/auth_service.lua:20  
1	1	4
20201107 20:27:26 DEBUG ../../../apps/lua/scripts/auth_server/guest.lua:14  
Hu3MFDoog4LGLFHBuF7WK4P3tJSVjiQS
20201107 20:27:26 DEBUG ../../../apps/lua/scripts/database/mysql_auth_center.lua:154  
0	0
20201107 20:27:26 DEBUG d:\c++\moba_game_server\moba_server\netbus\session_uv.cc:42  
write success

20201107 20:27:27 DEBUG ../../../apps/lua/scripts/auth_server/auth_service.lua:20  
1	1	4
20201107 20:27:27 DEBUG ../../../apps/lua/scripts/auth_server/guest.lua:14  
kgfih5JetIPL1PQHGsePXJlNOSxHfADM
20201107 20:27:27 DEBUG ../../../apps/lua/scripts/auth_server/guest.lua:14  
kgfih5JetIPL1PQHGsePXJlNOSxHfADM
20201107 20:27:27 DEBUG ../../../apps/lua/scripts/database/mysql_auth_center.lua:154  
1	0
20201107 20:27:27 DEBUG ../../../apps/lua/scripts/database/redis_center.lua:47  
hmset moba_auth_center_user_uid_37 unick gst101126 usex 0 uface 6 uvip 0 is_guest 1
20201107 20:27:27 DEBUG d:\c++\moba_game_server\moba_server\netbus\session_uv.cc:42  
write success

