d:\c++\moba_game_server\moba_server\build\proj.win32\moba_gameserver\debug\vc141.pdb
d:\c++\moba_game_server\moba_server\build\proj.win32\moba_gameserver\debug\vc141.idb
d:\c++\moba_game_server\moba_server\build\proj.win32\moba_gameserver\debug\loop-watcher.obj
d:\c++\moba_game_server\moba_server\build\proj.win32\moba_gameserver\debug\handle.obj
d:\c++\moba_game_server\moba_server\build\proj.win32\moba_gameserver\debug\getnameinfo.obj
d:\c++\moba_game_server\moba_server\build\proj.win32\moba_gameserver\debug\getaddrinfo.obj
d:\c++\moba_game_server\moba_server\build\proj.win32\moba_gameserver\debug\fs.obj
d:\c++\moba_game_server\moba_server\build\proj.win32\moba_gameserver\debug\fs-event.obj
d:\c++\moba_game_server\moba_server\build\proj.win32\moba_gameserver\debug\error.obj
d:\c++\moba_game_server\moba_server\build\proj.win32\moba_gameserver\debug\dl.obj
d:\c++\moba_game_server\moba_server\build\proj.win32\moba_gameserver\debug\core.obj
d:\c++\moba_game_server\moba_server\build\proj.win32\moba_gameserver\debug\async.obj
d:\c++\moba_game_server\moba_server\build\proj.win32\moba_gameserver\debug\version.obj
d:\c++\moba_game_server\moba_server\build\proj.win32\moba_gameserver\debug\uv-common.obj
d:\c++\moba_game_server\moba_server\build\proj.win32\moba_gameserver\debug\threadpool.obj
d:\c++\moba_game_server\moba_server\build\proj.win32\moba_gameserver\debug\inet.obj
d:\c++\moba_game_server\moba_server\build\proj.win32\moba_gameserver\debug\fs-poll.obj
d:\c++\moba_game_server\moba_server\build\proj.win32\moba_gameserver\debug\http_parser.obj
d:\c++\moba_game_server\moba_server\build\proj.win32\moba_gameserver\debug\sha1.obj
d:\c++\moba_game_server\moba_server\build\proj.win32\moba_gameserver\debug\md5.obj
d:\c++\moba_game_server\moba_server\build\proj.win32\moba_gameserver\debug\base64_encoder.obj
d:\c++\moba_game_server\moba_server\build\proj.win32\moba_gameserver\debug\base64_decoder.obj
d:\c++\moba_game_server\moba_server\build\proj.win32\moba_gameserver\debug\lbitlib.obj
d:\c++\moba_game_server\moba_server\build\proj.win32\moba_gameserver\debug\lbaselib.obj
d:\c++\moba_game_server\moba_server\build\proj.win32\moba_gameserver\debug\lauxlib.obj
d:\c++\moba_game_server\moba_server\build\proj.win32\moba_gameserver\debug\lapi.obj
d:\c++\moba_game_server\moba_server\build\proj.win32\moba_gameserver\debug\winsock.obj
d:\c++\moba_game_server\moba_server\build\proj.win32\moba_gameserver\debug\winapi.obj
d:\c++\moba_game_server\moba_server\build\proj.win32\moba_gameserver\debug\util.obj
d:\c++\moba_game_server\moba_server\build\proj.win32\moba_gameserver\debug\udp.obj
d:\c++\moba_game_server\moba_server\build\proj.win32\moba_gameserver\debug\tty.obj
d:\c++\moba_game_server\moba_server\build\proj.win32\moba_gameserver\debug\timer.obj
d:\c++\moba_game_server\moba_server\build\proj.win32\moba_gameserver\debug\thread.obj
d:\c++\moba_game_server\moba_server\build\proj.win32\moba_gameserver\debug\tcp.obj
d:\c++\moba_game_server\moba_server\build\proj.win32\moba_gameserver\debug\stream.obj
d:\c++\moba_game_server\moba_server\build\proj.win32\moba_gameserver\debug\snprintf.obj
d:\c++\moba_game_server\moba_server\build\proj.win32\moba_gameserver\debug\signal.obj
d:\c++\moba_game_server\moba_server\build\proj.win32\moba_gameserver\debug\req.obj
d:\c++\moba_game_server\moba_server\build\proj.win32\moba_gameserver\debug\process.obj
d:\c++\moba_game_server\moba_server\build\proj.win32\moba_gameserver\debug\process-stdio.obj
d:\c++\moba_game_server\moba_server\build\proj.win32\moba_gameserver\debug\poll.obj
d:\c++\moba_game_server\moba_server\build\proj.win32\moba_gameserver\debug\pipe.obj
d:\c++\moba_game_server\moba_server\build\proj.win32\moba_gameserver\debug\lstate.obj
d:\c++\moba_game_server\moba_server\build\proj.win32\moba_gameserver\debug\lparser.obj
d:\c++\moba_game_server\moba_server\build\proj.win32\moba_gameserver\debug\loslib.obj
d:\c++\moba_game_server\moba_server\build\proj.win32\moba_gameserver\debug\lopcodes.obj
d:\c++\moba_game_server\moba_server\build\proj.win32\moba_gameserver\debug\lobject.obj
d:\c++\moba_game_server\moba_server\build\proj.win32\moba_gameserver\debug\loadlib.obj
d:\c++\moba_game_server\moba_server\build\proj.win32\moba_gameserver\debug\lmem.obj
d:\c++\moba_game_server\moba_server\build\proj.win32\moba_gameserver\debug\lmathlib.obj
d:\c++\moba_game_server\moba_server\build\proj.win32\moba_gameserver\debug\llex.obj
d:\c++\moba_game_server\moba_server\build\proj.win32\moba_gameserver\debug\liolib.obj
d:\c++\moba_game_server\moba_server\build\proj.win32\moba_gameserver\debug\linit.obj
d:\c++\moba_game_server\moba_server\build\proj.win32\moba_gameserver\debug\lgc.obj
d:\c++\moba_game_server\moba_server\build\proj.win32\moba_gameserver\debug\lfunc.obj
d:\c++\moba_game_server\moba_server\build\proj.win32\moba_gameserver\debug\ldump.obj
d:\c++\moba_game_server\moba_server\build\proj.win32\moba_gameserver\debug\ldo.obj
d:\c++\moba_game_server\moba_server\build\proj.win32\moba_gameserver\debug\ldebug.obj
d:\c++\moba_game_server\moba_server\build\proj.win32\moba_gameserver\debug\ldblib.obj
d:\c++\moba_game_server\moba_server\build\proj.win32\moba_gameserver\debug\lctype.obj
d:\c++\moba_game_server\moba_server\build\proj.win32\moba_gameserver\debug\lcorolib.obj
d:\c++\moba_game_server\moba_server\build\proj.win32\moba_gameserver\debug\lcode.obj
d:\c++\moba_game_server\moba_server\build\proj.win32\moba_gameserver\debug\time_list.obj
d:\c++\moba_game_server\moba_server\build\proj.win32\moba_gameserver\debug\timestamp.obj
d:\c++\moba_game_server\moba_server\build\proj.win32\moba_gameserver\debug\cache_alloc.obj
d:\c++\moba_game_server\moba_server\build\proj.win32\moba_gameserver\debug\tolua_to.obj
d:\c++\moba_game_server\moba_server\build\proj.win32\moba_gameserver\debug\tolua_push.obj
d:\c++\moba_game_server\moba_server\build\proj.win32\moba_gameserver\debug\tolua_map.obj
d:\c++\moba_game_server\moba_server\build\proj.win32\moba_gameserver\debug\tolua_is.obj
d:\c++\moba_game_server\moba_server\build\proj.win32\moba_gameserver\debug\tolua_event.obj
d:\c++\moba_game_server\moba_server\build\proj.win32\moba_gameserver\debug\json.obj
d:\c++\moba_game_server\moba_server\build\proj.win32\moba_gameserver\debug\lzio.obj
d:\c++\moba_game_server\moba_server\build\proj.win32\moba_gameserver\debug\lvm.obj
d:\c++\moba_game_server\moba_server\build\proj.win32\moba_gameserver\debug\lutf8lib.obj
d:\c++\moba_game_server\moba_server\build\proj.win32\moba_gameserver\debug\lundump.obj
d:\c++\moba_game_server\moba_server\build\proj.win32\moba_gameserver\debug\ltm.obj
d:\c++\moba_game_server\moba_server\build\proj.win32\moba_gameserver\debug\ltablib.obj
d:\c++\moba_game_server\moba_server\build\proj.win32\moba_gameserver\debug\ltable.obj
d:\c++\moba_game_server\moba_server\build\proj.win32\moba_gameserver\debug\lstrlib.obj
d:\c++\moba_game_server\moba_server\build\proj.win32\moba_gameserver\debug\lstring.obj
d:\c++\moba_game_server\moba_server\build\proj.win32\moba_gameserver\debug\session_uv.obj
d:\c++\moba_game_server\moba_server\build\proj.win32\moba_gameserver\debug\session_udp.obj
d:\c++\moba_game_server\moba_server\build\proj.win32\moba_gameserver\debug\service_man.obj
d:\c++\moba_game_server\moba_server\build\proj.win32\moba_gameserver\debug\service.obj
d:\c++\moba_game_server\moba_server\build\proj.win32\moba_gameserver\debug\proto_man.obj
d:\c++\moba_game_server\moba_server\build\proj.win32\moba_gameserver\debug\netbus.obj
d:\c++\moba_game_server\moba_server\build\proj.win32\moba_gameserver\debug\utils_export_to_lua.obj
d:\c++\moba_game_server\moba_server\build\proj.win32\moba_gameserver\debug\session_export_to_lua.obj
d:\c++\moba_game_server\moba_server\build\proj.win32\moba_gameserver\debug\service_export_to_lua.obj
d:\c++\moba_game_server\moba_server\build\proj.win32\moba_gameserver\debug\scheduler_export_to_lua.obj
d:\c++\moba_game_server\moba_server\build\proj.win32\moba_gameserver\debug\redis_export_to_lua.obj
d:\c++\moba_game_server\moba_server\build\proj.win32\moba_gameserver\debug\proto_man_export_to_lua.obj
d:\c++\moba_game_server\moba_server\build\proj.win32\moba_gameserver\debug\netbus_export_to_lua.obj
d:\c++\moba_game_server\moba_server\build\proj.win32\moba_gameserver\debug\mysql_export_to_lua.obj
d:\c++\moba_game_server\moba_server\build\proj.win32\moba_gameserver\debug\lua_wrapper.obj
d:\c++\moba_game_server\moba_server\build\proj.win32\moba_gameserver\debug\redis_wrapper.obj
d:\c++\moba_game_server\moba_server\build\proj.win32\moba_gameserver\debug\mysql_wrapper.obj
d:\c++\moba_game_server\moba_server\build\proj.win32\moba_gameserver\debug\game.pb.obj
d:\c++\moba_game_server\moba_server\build\proj.win32\moba_gameserver\debug\main.obj
d:\c++\moba_game_server\moba_server\build\proj.win32\moba_gameserver\debug\tolua_fix.obj
d:\c++\moba_game_server\moba_server\build\proj.win32\moba_gameserver\debug\small_allocer.obj
d:\c++\moba_game_server\moba_server\build\proj.win32\moba_gameserver\debug\logger.obj
d:\c++\moba_game_server\moba_server\build\proj.win32\moba_gameserver\debug\ws_protocol.obj
d:\c++\moba_game_server\moba_server\build\proj.win32\moba_gameserver\debug\tp_protocol.obj
d:\c++\moba_game_server\moba_server\build\proj.win32\debug\moba_gameserver.ilk
d:\c++\moba_game_server\moba_server\build\proj.win32\debug\moba_gameserver.exe
d:\c++\moba_game_server\moba_server\build\proj.win32\debug\moba_gameserver.pdb
d:\c++\moba_game_server\moba_server\build\proj.win32\moba_gameserver\debug\moba_gameserver.tlog\cl.command.1.tlog
d:\c++\moba_game_server\moba_server\build\proj.win32\moba_gameserver\debug\moba_gameserver.tlog\cl.read.1.tlog
d:\c++\moba_game_server\moba_server\build\proj.win32\moba_gameserver\debug\moba_gameserver.tlog\cl.write.1.tlog
d:\c++\moba_game_server\moba_server\build\proj.win32\moba_gameserver\debug\moba_gameserver.tlog\link.command.1.tlog
d:\c++\moba_game_server\moba_server\build\proj.win32\moba_gameserver\debug\moba_gameserver.tlog\link.read.1.tlog
d:\c++\moba_game_server\moba_server\build\proj.win32\moba_gameserver\debug\moba_gameserver.tlog\link.write.1.tlog
