  base64_decoder.c
  base64_encoder.c
  md5.c
  sha1.c
  http_parser.c
  fs-poll.c
  inet.c
  threadpool.c
  uv-common.c
  version.c
  async.c
  core.c
  dl.c
  error.c
  fs-event.c
  fs.c
  getaddrinfo.c
  getnameinfo.c
  handle.c
  loop-watcher.c
  正在生成代码...
  正在编译...
  pipe.c
  poll.c
  process-stdio.c
  process.c
  req.c
  signal.c
  snprintf.c
  stream.c
  tcp.c
  thread.c
  timer.c
  tty.c
  udp.c
  util.c
  winapi.c
  winsock.c
  lapi.c
  lauxlib.c
  lbaselib.c
  lbitlib.c
  正在生成代码...
  正在编译...
  lcode.c
  lcorolib.c
  lctype.c
  ldblib.c
  ldebug.c
  ldo.c
  ldump.c
  lfunc.c
  lgc.c
  linit.c
  liolib.c
  llex.c
  lmathlib.c
  lmem.c
  loadlib.c
  lobject.c
  lopcodes.c
  loslib.c
  lparser.c
  lstate.c
  正在生成代码...
  正在编译...
  lstring.c
  lstrlib.c
  ltable.c
  ltablib.c
  ltm.c
  lundump.c
  lutf8lib.c
  lvm.c
  lzio.c
  json.c
d:\c++\moba_game_server\moba_server\3rd\mjson\json.c(1338): warning C4477: “fprintf”: 格式字符串“%lX”需要类型“unsigned long”的参数，但可变参数 1 拥有了类型“int64_t”
  d:\c++\moba_game_server\moba_server\3rd\mjson\json.c(1338): note: 请考虑在格式字符串中使用“%llX”
  d:\c++\moba_game_server\moba_server\3rd\mjson\json.c(1338): note: 请考虑在格式字符串中使用“%I64X”
  tolua_event.c
  tolua_is.c
d:\c++\moba_game_server\moba_server\3rd\tolua\tolua_is.c(119): warning C4114: 多次使用同一类型限定符
  tolua_map.c
d:\c++\moba_game_server\moba_server\3rd\tolua\tolua_map.c(414): warning C4090: “函数”: 不同的“const”限定符
  tolua_push.c
  tolua_to.c
  cache_alloc.c
  timestamp.c
d:\c++\moba_game_server\moba_server\utils\timestamp.c(135): warning C4047: “=”:“const char *”与“int”的间接级别不同
d:\c++\moba_game_server\moba_server\utils\timestamp.c(141): warning C4047: “=”:“const char *”与“int”的间接级别不同
d:\c++\moba_game_server\moba_server\utils\timestamp.c(147): warning C4047: “=”:“const char *”与“int”的间接级别不同
d:\c++\moba_game_server\moba_server\utils\timestamp.c(153): warning C4047: “=”:“const char *”与“int”的间接级别不同
d:\c++\moba_game_server\moba_server\utils\timestamp.c(159): warning C4047: “=”:“const char *”与“int”的间接级别不同
d:\c++\moba_game_server\moba_server\utils\timestamp.c(165): warning C4047: “=”:“const char *”与“int”的间接级别不同
d:\c++\moba_game_server\moba_server\utils\timestamp.c(171): warning C4047: “=”:“const char *”与“int”的间接级别不同
d:\c++\moba_game_server\moba_server\utils\timestamp.c(377): warning C4047: “return”:“int”与“char *”的间接级别不同
  time_list.c
  正在生成代码...
  tolua_fix.cc
  main.cc
  game.pb.cc
d:\c++\moba_game_server\moba_server\apps\lua\proto\game.pb.cc(1162): warning C4244: “=”: 从“google::protobuf::uint64”转换到“google::protobuf::int32”，可能丢失数据
d:\c++\moba_game_server\moba_server\apps\lua\proto\game.pb.cc(1170): warning C4244: “=”: 从“google::protobuf::uint64”转换到“google::protobuf::int32”，可能丢失数据
d:\c++\moba_game_server\moba_server\apps\lua\proto\game.pb.cc(1178): warning C4244: “=”: 从“google::protobuf::uint64”转换到“google::protobuf::int32”，可能丢失数据
d:\c++\moba_game_server\moba_server\apps\lua\proto\game.pb.cc(1186): warning C4244: “=”: 从“google::protobuf::uint64”转换到“google::protobuf::int32”，可能丢失数据
d:\c++\moba_game_server\moba_server\apps\lua\proto\game.pb.cc(1521): warning C4244: “=”: 从“google::protobuf::uint64”转换到“google::protobuf::int32”，可能丢失数据
d:\c++\moba_game_server\moba_server\apps\lua\proto\game.pb.cc(1788): warning C4244: “=”: 从“google::protobuf::uint64”转换到“google::protobuf::int32”，可能丢失数据
d:\c++\moba_game_server\moba_server\apps\lua\proto\game.pb.cc(1796): warning C4244: “=”: 从“google::protobuf::uint64”转换到“google::protobuf::int32”，可能丢失数据
d:\c++\moba_game_server\moba_server\apps\lua\proto\game.pb.cc(2063): warning C4244: “=”: 从“google::protobuf::uint64”转换到“google::protobuf::int32”，可能丢失数据
d:\c++\moba_game_server\moba_server\apps\lua\proto\game.pb.cc(2546): warning C4244: “=”: 从“google::protobuf::uint64”转换到“google::protobuf::int32”，可能丢失数据
d:\c++\moba_game_server\moba_server\apps\lua\proto\game.pb.cc(3053): warning C4244: “=”: 从“google::protobuf::uint64”转换到“google::protobuf::int32”，可能丢失数据
d:\c++\moba_game_server\moba_server\apps\lua\proto\game.pb.cc(3284): warning C4244: “=”: 从“google::protobuf::uint64”转换到“google::protobuf::int32”，可能丢失数据
d:\c++\moba_game_server\moba_server\apps\lua\proto\game.pb.cc(3525): warning C4244: “=”: 从“google::protobuf::uint64”转换到“google::protobuf::int32”，可能丢失数据
d:\c++\moba_game_server\moba_server\apps\lua\proto\game.pb.cc(3533): warning C4244: “=”: 从“google::protobuf::uint64”转换到“google::protobuf::int32”，可能丢失数据
d:\c++\moba_game_server\moba_server\apps\lua\proto\game.pb.cc(3541): warning C4244: “=”: 从“google::protobuf::uint64”转换到“google::protobuf::int32”，可能丢失数据
d:\c++\moba_game_server\moba_server\apps\lua\proto\game.pb.cc(3549): warning C4244: “=”: 从“google::protobuf::uint64”转换到“google::protobuf::int32”，可能丢失数据
d:\c++\moba_game_server\moba_server\apps\lua\proto\game.pb.cc(3557): warning C4244: “=”: 从“google::protobuf::uint64”转换到“google::protobuf::int32”，可能丢失数据
d:\c++\moba_game_server\moba_server\apps\lua\proto\game.pb.cc(3565): warning C4244: “=”: 从“google::protobuf::uint64”转换到“google::protobuf::int32”，可能丢失数据
d:\c++\moba_game_server\moba_server\apps\lua\proto\game.pb.cc(3573): warning C4244: “=”: 从“google::protobuf::uint64”转换到“google::protobuf::int32”，可能丢失数据
d:\c++\moba_game_server\moba_server\apps\lua\proto\game.pb.cc(3581): warning C4244: “=”: 从“google::protobuf::uint64”转换到“google::protobuf::int32”，可能丢失数据
d:\c++\moba_game_server\moba_server\apps\lua\proto\game.pb.cc(3589): warning C4244: “=”: 从“google::protobuf::uint64”转换到“google::protobuf::int32”，可能丢失数据
d:\c++\moba_game_server\moba_server\apps\lua\proto\game.pb.cc(3597): warning C4244: “=”: 从“google::protobuf::uint64”转换到“google::protobuf::int32”，可能丢失数据
d:\c++\moba_game_server\moba_server\apps\lua\proto\game.pb.cc(3605): warning C4244: “=”: 从“google::protobuf::uint64”转换到“google::protobuf::int32”，可能丢失数据
d:\c++\moba_game_server\moba_server\apps\lua\proto\game.pb.cc(4069): warning C4244: “=”: 从“google::protobuf::uint64”转换到“google::protobuf::int32”，可能丢失数据
d:\c++\moba_game_server\moba_server\apps\lua\proto\game.pb.cc(4300): warning C4244: “=”: 从“google::protobuf::uint64”转换到“google::protobuf::int32”，可能丢失数据
d:\c++\moba_game_server\moba_server\apps\lua\proto\game.pb.cc(4539): warning C4244: “=”: 从“google::protobuf::uint64”转换到“google::protobuf::int32”，可能丢失数据
d:\c++\moba_game_server\moba_server\apps\lua\proto\game.pb.cc(4547): warning C4244: “=”: 从“google::protobuf::uint64”转换到“google::protobuf::int32”，可能丢失数据
d:\c++\moba_game_server\moba_server\apps\lua\proto\game.pb.cc(4555): warning C4244: “=”: 从“google::protobuf::uint64”转换到“google::protobuf::int32”，可能丢失数据
d:\c++\moba_game_server\moba_server\apps\lua\proto\game.pb.cc(4563): warning C4244: “=”: 从“google::protobuf::uint64”转换到“google::protobuf::int32”，可能丢失数据
d:\c++\moba_game_server\moba_server\apps\lua\proto\game.pb.cc(4877): warning C4244: “=”: 从“google::protobuf::uint64”转换到“google::protobuf::int32”，可能丢失数据
d:\c++\moba_game_server\moba_server\apps\lua\proto\game.pb.cc(5104): warning C4244: “=”: 从“google::protobuf::uint64”转换到“google::protobuf::int32”，可能丢失数据
d:\c++\moba_game_server\moba_server\apps\lua\proto\game.pb.cc(5316): warning C4244: “=”: 从“google::protobuf::uint64”转换到“google::protobuf::int32”，可能丢失数据
d:\c++\moba_game_server\moba_server\apps\lua\proto\game.pb.cc(5324): warning C4244: “=”: 从“google::protobuf::uint64”转换到“google::protobuf::int32”，可能丢失数据
d:\c++\moba_game_server\moba_server\apps\lua\proto\game.pb.cc(5579): warning C4244: “=”: 从“google::protobuf::uint64”转换到“google::protobuf::int32”，可能丢失数据
d:\c++\moba_game_server\moba_server\apps\lua\proto\game.pb.cc(5776): warning C4244: “=”: 从“google::protobuf::uint64”转换到“google::protobuf::int32”，可能丢失数据
d:\c++\moba_game_server\moba_server\apps\lua\proto\game.pb.cc(5973): warning C4244: “=”: 从“google::protobuf::uint64”转换到“google::protobuf::int32”，可能丢失数据
d:\c++\moba_game_server\moba_server\apps\lua\proto\game.pb.cc(6182): warning C4244: “=”: 从“google::protobuf::uint64”转换到“google::protobuf::int32”，可能丢失数据
d:\c++\moba_game_server\moba_server\apps\lua\proto\game.pb.cc(6190): warning C4244: “=”: 从“google::protobuf::uint64”转换到“google::protobuf::int32”，可能丢失数据
d:\c++\moba_game_server\moba_server\apps\lua\proto\game.pb.cc(6465): warning C4244: “=”: 从“google::protobuf::uint64”转换到“google::protobuf::int32”，可能丢失数据
d:\c++\moba_game_server\moba_server\apps\lua\proto\game.pb.cc(6473): warning C4244: “=”: 从“google::protobuf::uint64”转换到“google::protobuf::int32”，可能丢失数据
  mysql_wrapper.cc
  redis_wrapper.cc
  lua_wrapper.cc
  mysql_export_to_lua.cc
  netbus_export_to_lua.cc
d:\c++\moba_game_server\moba_server\lua_wapper\netbus_export_to_lua.cc(24): warning C4244: “初始化”: 从“lua_Integer”转换到“int”，可能丢失数据
d:\c++\moba_game_server\moba_server\lua_wapper\netbus_export_to_lua.cc(31): warning C4244: “初始化”: 从“lua_Integer”转换到“int”，可能丢失数据
d:\c++\moba_game_server\moba_server\lua_wapper\netbus_export_to_lua.cc(38): warning C4244: “初始化”: 从“lua_Integer”转换到“int”，可能丢失数据
d:\c++\moba_game_server\moba_server\lua_wapper\netbus_export_to_lua.cc(67): warning C4244: “=”: 从“lua_Integer”转换到“int”，可能丢失数据
d:\c++\moba_game_server\moba_server\lua_wapper\netbus_export_to_lua.cc(73): warning C4244: “=”: 从“lua_Integer”转换到“int”，可能丢失数据
  proto_man_export_to_lua.cc
d:\c++\moba_game_server\moba_server\lua_wapper\proto_man_export_to_lua.cc(48): warning C4244: “初始化”: 从“lua_Integer”转换到“int”，可能丢失数据
  redis_export_to_lua.cc
  scheduler_export_to_lua.cc
d:\c++\moba_game_server\moba_server\lua_wapper\scheduler_export_to_lua.cc(53): warning C4244: “=”: 从“lua_Integer”转换到“int”，可能丢失数据
d:\c++\moba_game_server\moba_server\lua_wapper\scheduler_export_to_lua.cc(57): warning C4244: “=”: 从“lua_Integer”转换到“int”，可能丢失数据
d:\c++\moba_game_server\moba_server\lua_wapper\scheduler_export_to_lua.cc(62): warning C4244: “=”: 从“lua_Integer”转换到“int”，可能丢失数据
d:\c++\moba_game_server\moba_server\lua_wapper\scheduler_export_to_lua.cc(93): warning C4244: “=”: 从“lua_Integer”转换到“int”，可能丢失数据
  service_export_to_lua.cc
  session_export_to_lua.cc
d:\c++\moba_game_server\moba_server\lua_wapper\session_export_to_lua.cc(91): warning C4244: “参数”: 从“lua_Number”转换到“float”，可能丢失数据
d:\c++\moba_game_server\moba_server\lua_wapper\session_export_to_lua.cc(96): warning C4244: “参数”: 从“lua_Number”转换到“google::protobuf::int64”，可能丢失数据
d:\c++\moba_game_server\moba_server\lua_wapper\session_export_to_lua.cc(101): warning C4244: “参数”: 从“lua_Number”转换到“google::protobuf::uint64”，可能丢失数据
d:\c++\moba_game_server\moba_server\lua_wapper\session_export_to_lua.cc(106): warning C4244: “参数”: 从“lua_Number”转换到“int”，可能丢失数据
d:\c++\moba_game_server\moba_server\lua_wapper\session_export_to_lua.cc(111): warning C4244: “参数”: 从“lua_Number”转换到“google::protobuf::int32”，可能丢失数据
d:\c++\moba_game_server\moba_server\lua_wapper\session_export_to_lua.cc(116): warning C4244: “参数”: 从“lua_Number”转换到“google::protobuf::uint32”，可能丢失数据
d:\c++\moba_game_server\moba_server\lua_wapper\session_export_to_lua.cc(180): warning C4244: “参数”: 从“lua_Number”转换到“float”，可能丢失数据
d:\c++\moba_game_server\moba_server\lua_wapper\session_export_to_lua.cc(185): warning C4244: “参数”: 从“lua_Number”转换到“google::protobuf::int64”，可能丢失数据
d:\c++\moba_game_server\moba_server\lua_wapper\session_export_to_lua.cc(190): warning C4244: “参数”: 从“lua_Number”转换到“google::protobuf::uint64”，可能丢失数据
d:\c++\moba_game_server\moba_server\lua_wapper\session_export_to_lua.cc(195): warning C4244: “参数”: 从“lua_Number”转换到“int”，可能丢失数据
d:\c++\moba_game_server\moba_server\lua_wapper\session_export_to_lua.cc(200): warning C4244: “参数”: 从“lua_Number”转换到“google::protobuf::int32”，可能丢失数据
d:\c++\moba_game_server\moba_server\lua_wapper\session_export_to_lua.cc(205): warning C4244: “参数”: 从“lua_Number”转换到“google::protobuf::uint32”，可能丢失数据
d:\c++\moba_game_server\moba_server\lua_wapper\session_export_to_lua.cc(255): warning C4244: “=”: 从“lua_Integer”转换到“int”，可能丢失数据
d:\c++\moba_game_server\moba_server\lua_wapper\session_export_to_lua.cc(261): warning C4244: “=”: 从“lua_Integer”转换到“int”，可能丢失数据
d:\c++\moba_game_server\moba_server\lua_wapper\session_export_to_lua.cc(265): warning C4244: “=”: 从“lua_Integer”转换到“int”，可能丢失数据
d:\c++\moba_game_server\moba_server\lua_wapper\session_export_to_lua.cc(269): warning C4244: “=”: 从“lua_Integer”转换到“unsigned int”，可能丢失数据
d:\c++\moba_game_server\moba_server\lua_wapper\session_export_to_lua.cc(308): warning C4101: “n”: 未引用的局部变量
d:\c++\moba_game_server\moba_server\lua_wapper\session_export_to_lua.cc(352): warning C4244: “=”: 从“lua_Integer”转换到“unsigned int”，可能丢失数据
d:\c++\moba_game_server\moba_server\lua_wapper\session_export_to_lua.cc(379): warning C4244: “=”: 从“lua_Integer”转换到“unsigned int”，可能丢失数据
  utils_export_to_lua.cc
  netbus.cc
  proto_man.cc
  service.cc
  service_man.cc
  session_udp.cc
  session_uv.cc
  正在生成代码...
  正在编译...
  tp_protocol.cc
  ws_protocol.cc
  logger.cc
d:\c++\moba_game_server\moba_server\utils\logger.cc(61): warning C4477: “snprintf”: 格式字符串“%x”需要类型“unsigned int”的参数，但可变参数 4 拥有了类型“ULONG64”
  d:\c++\moba_game_server\moba_server\utils\logger.cc(61): note: 请考虑在格式字符串中使用“%llx”
  d:\c++\moba_game_server\moba_server\utils\logger.cc(61): note: 请考虑在格式字符串中使用“%I64x”
  small_allocer.cc
  正在生成代码...
  moba_gameserver.vcxproj -> D:\C++\moba_game_server\moba_server\build\proj.win32\Debug\moba_gameserver.exe
