20201108 22:20:12 DEBUG ../../../apps/lua/scripts/gateway/main.lua:30  
Server TCP Start At 6080
20201108 22:20:12 DEBUG ../../../apps/lua/scripts/gateway/main.lua:32  
Server WS Start At 6081
20201108 22:20:12 DEBUG ../../../apps/lua/scripts/gateway/gw_service.lua:42  
connection to server [Auth server] 127.0.0.1 : 8000
20201108 22:20:12 DEBUG ../../../apps/lua/scripts/gateway/main.lua:41  
register [1] service success!
20201108 22:20:12 DEBUG ../../../apps/lua/scripts/gateway/gw_service.lua:32  
connect success to server [Auth server] 127.0.0.1 : 8000
20201108 22:20:12 DEBUG ../../../apps/lua/scripts/database/mysql_auth_center.lua:19  
connect to auth center db success!!!!
20201108 22:20:15 ERROR d:\c++\moba_game_server\moba_server\netbus\netbus.cc:255  
new client comming 127.0.0.1:50345

20201108 22:20:21 DEBUG d:\c++\moba_game_server\moba_server\netbus\session_uv.cc:42  
write success

20201108 22:20:21 DEBUG ../../../apps/lua/scripts/gateway/gw_service.lua:100  
uid = 	37
20201108 22:20:21 DEBUG d:\c++\moba_game_server\moba_server\netbus\session_uv.cc:42  
write success

20201108 22:20:37 DEBUG d:\c++\moba_game_server\moba_server\netbus\session_uv.cc:42  
write success

20201108 22:20:37 DEBUG ../../../apps/lua/scripts/gateway/gw_service.lua:108  
37
20201108 22:20:37 DEBUG d:\c++\moba_game_server\moba_server\netbus\session_uv.cc:42  
write success

20201108 22:22:03 DEBUG d:\c++\moba_game_server\moba_server\netbus\session_uv.cc:42  
write success

20201108 22:22:03 DEBUG ../../../apps/lua/scripts/gateway/gw_service.lua:108  
37
20201108 22:22:03 DEBUG d:\c++\moba_game_server\moba_server\netbus\session_uv.cc:42  
write success

20201108 22:22:20 ERROR d:\c++\moba_game_server\moba_server\lua_wapper\session_export_to_lua.cc:297  
send_msg_error!!!
20201108 22:22:20 ERROR d:\c++\moba_game_server\moba_server\netbus\netbus.cc:199  
client close!!
20201108 22:22:23 ERROR d:\c++\moba_game_server\moba_server\netbus\netbus.cc:255  
new client comming 127.0.0.1:50492

20201108 22:22:25 DEBUG d:\c++\moba_game_server\moba_server\netbus\session_uv.cc:42  
write success

20201108 22:22:25 DEBUG d:\c++\moba_game_server\moba_server\netbus\session_uv.cc:42  
write success

20201108 22:22:26 DEBUG d:\c++\moba_game_server\moba_server\netbus\session_uv.cc:42  
write success

20201108 22:22:26 DEBUG ../../../apps/lua/scripts/gateway/gw_service.lua:100  
uid = 	38
20201108 22:22:26 DEBUG d:\c++\moba_game_server\moba_server\netbus\session_uv.cc:42  
write success

20201108 22:22:37 DEBUG d:\c++\moba_game_server\moba_server\netbus\session_uv.cc:42  
write success

20201108 22:22:37 DEBUG ../../../apps/lua/scripts/gateway/gw_service.lua:108  
38
20201108 22:22:37 DEBUG d:\c++\moba_game_server\moba_server\netbus\session_uv.cc:42  
write success

20201108 22:26:43 ERROR d:\c++\moba_game_server\moba_server\lua_wapper\session_export_to_lua.cc:297  
send_msg_error!!!
20201108 22:26:43 ERROR d:\c++\moba_game_server\moba_server\netbus\netbus.cc:199  
client close!!
20201108 22:26:54 DEBUG ../../../apps/lua/scripts/gateway/gw_service.lua:173  
gateway disconnect: [Auth server]
20201108 22:26:54 ERROR d:\c++\moba_game_server\moba_server\netbus\netbus.cc:199  
client close!!
20201108 22:26:54 DEBUG ../../../apps/lua/scripts/gateway/gw_service.lua:42  
connection to server [Auth server] 127.0.0.1 : 8000
20201108 22:26:56 ERROR ../../../apps/lua/scripts/gateway/gw_service.lua:29  
connect failed to server [Auth server] 127.0.0.1 : 8000
20201108 22:26:57 DEBUG ../../../apps/lua/scripts/gateway/gw_service.lua:42  
connection to server [Auth server] 127.0.0.1 : 8000
20201108 22:26:59 ERROR ../../../apps/lua/scripts/gateway/gw_service.lua:29  
connect failed to server [Auth server] 127.0.0.1 : 8000
20201108 22:27:00 DEBUG ../../../apps/lua/scripts/gateway/gw_service.lua:42  
connection to server [Auth server] 127.0.0.1 : 8000
20201108 22:27:02 ERROR ../../../apps/lua/scripts/gateway/gw_service.lua:29  
connect failed to server [Auth server] 127.0.0.1 : 8000
20201108 22:27:03 DEBUG ../../../apps/lua/scripts/gateway/gw_service.lua:42  
connection to server [Auth server] 127.0.0.1 : 8000
20201108 22:27:05 ERROR ../../../apps/lua/scripts/gateway/gw_service.lua:29  
connect failed to server [Auth server] 127.0.0.1 : 8000
20201108 22:27:06 DEBUG ../../../apps/lua/scripts/gateway/gw_service.lua:42  
connection to server [Auth server] 127.0.0.1 : 8000
20201108 22:27:08 ERROR ../../../apps/lua/scripts/gateway/gw_service.lua:29  
connect failed to server [Auth server] 127.0.0.1 : 8000
20201108 22:27:09 DEBUG ../../../apps/lua/scripts/gateway/gw_service.lua:42  
connection to server [Auth server] 127.0.0.1 : 8000
20201108 22:27:11 ERROR ../../../apps/lua/scripts/gateway/gw_service.lua:29  
connect failed to server [Auth server] 127.0.0.1 : 8000
20201108 22:27:12 DEBUG ../../../apps/lua/scripts/gateway/gw_service.lua:42  
connection to server [Auth server] 127.0.0.1 : 8000
20201108 22:27:14 ERROR ../../../apps/lua/scripts/gateway/gw_service.lua:29  
connect failed to server [Auth server] 127.0.0.1 : 8000
20201108 22:27:15 DEBUG ../../../apps/lua/scripts/gateway/gw_service.lua:42  
connection to server [Auth server] 127.0.0.1 : 8000
20201108 22:27:18 ERROR ../../../apps/lua/scripts/gateway/gw_service.lua:29  
connect failed to server [Auth server] 127.0.0.1 : 8000
20201108 22:27:19 DEBUG ../../../apps/lua/scripts/gateway/gw_service.lua:42  
connection to server [Auth server] 127.0.0.1 : 8000
20201108 22:27:19 DEBUG ../../../apps/lua/scripts/gateway/gw_service.lua:32  
connect success to server [Auth server] 127.0.0.1 : 8000
20201108 22:27:22 ERROR d:\c++\moba_game_server\moba_server\netbus\netbus.cc:255  
new client comming 127.0.0.1:50545

20201108 22:27:25 DEBUG d:\c++\moba_game_server\moba_server\netbus\session_uv.cc:42  
write success

20201108 22:27:25 DEBUG d:\c++\moba_game_server\moba_server\netbus\session_uv.cc:42  
write success

20201108 22:27:26 DEBUG d:\c++\moba_game_server\moba_server\netbus\session_uv.cc:42  
write success

20201108 22:27:26 DEBUG ../../../apps/lua/scripts/gateway/gw_service.lua:100  
uid = 	39
20201108 22:27:26 DEBUG d:\c++\moba_game_server\moba_server\netbus\session_uv.cc:42  
write success

20201108 22:27:36 DEBUG d:\c++\moba_game_server\moba_server\netbus\session_uv.cc:42  
write success

20201108 22:27:36 DEBUG ../../../apps/lua/scripts/gateway/gw_service.lua:108  
39
20201108 22:27:36 DEBUG d:\c++\moba_game_server\moba_server\netbus\session_uv.cc:42  
write success

20201108 22:29:20 DEBUG ../../../apps/lua/scripts/gateway/gw_service.lua:173  
gateway disconnect: [Auth server]
20201108 22:29:20 ERROR d:\c++\moba_game_server\moba_server\netbus\netbus.cc:199  
client close!!
20201108 22:29:20 DEBUG ../../../apps/lua/scripts/gateway/gw_service.lua:42  
connection to server [Auth server] 127.0.0.1 : 8000
20201108 22:29:22 ERROR ../../../apps/lua/scripts/gateway/gw_service.lua:29  
connect failed to server [Auth server] 127.0.0.1 : 8000
20201108 22:29:23 DEBUG ../../../apps/lua/scripts/gateway/gw_service.lua:42  
connection to server [Auth server] 127.0.0.1 : 8000
20201108 22:29:23 DEBUG ../../../apps/lua/scripts/gateway/gw_service.lua:32  
connect success to server [Auth server] 127.0.0.1 : 8000
20201108 22:29:23 ERROR d:\c++\moba_game_server\moba_server\lua_wapper\session_export_to_lua.cc:297  
send_msg_error!!!
20201108 22:29:23 ERROR d:\c++\moba_game_server\moba_server\netbus\netbus.cc:199  
client close!!
20201108 22:29:26 ERROR d:\c++\moba_game_server\moba_server\netbus\netbus.cc:255  
new client comming 127.0.0.1:50569

20201108 22:29:28 DEBUG d:\c++\moba_game_server\moba_server\netbus\session_uv.cc:42  
write success

20201108 22:29:28 DEBUG d:\c++\moba_game_server\moba_server\netbus\session_uv.cc:42  
write success

20201108 22:29:30 DEBUG d:\c++\moba_game_server\moba_server\netbus\session_uv.cc:42  
write success

20201108 22:29:30 DEBUG ../../../apps/lua/scripts/gateway/gw_service.lua:100  
uid = 	40
20201108 22:29:30 DEBUG d:\c++\moba_game_server\moba_server\netbus\session_uv.cc:42  
write success

20201108 22:29:40 DEBUG d:\c++\moba_game_server\moba_server\netbus\session_uv.cc:42  
write success

20201108 22:29:40 DEBUG ../../../apps/lua/scripts/gateway/gw_service.lua:108  
40
20201108 22:29:40 DEBUG d:\c++\moba_game_server\moba_server\netbus\session_uv.cc:42  
write success

20201108 22:29:56 DEBUG d:\c++\moba_game_server\moba_server\netbus\session_uv.cc:42  
write success

20201108 22:29:58 DEBUG ../../../apps/lua/scripts/gateway/gw_service.lua:108  
40
20201108 22:29:58 DEBUG d:\c++\moba_game_server\moba_server\netbus\session_uv.cc:42  
write success

20201108 22:30:04 ERROR d:\c++\moba_game_server\moba_server\lua_wapper\session_export_to_lua.cc:297  
send_msg_error!!!
20201108 22:30:04 ERROR d:\c++\moba_game_server\moba_server\netbus\netbus.cc:199  
client close!!
20201108 22:30:09 ERROR d:\c++\moba_game_server\moba_server\netbus\netbus.cc:255  
new client comming 127.0.0.1:50584

20201108 22:30:10 DEBUG d:\c++\moba_game_server\moba_server\netbus\session_uv.cc:42  
write success

20201108 22:30:10 DEBUG d:\c++\moba_game_server\moba_server\netbus\session_uv.cc:42  
write success

20201108 22:30:11 DEBUG d:\c++\moba_game_server\moba_server\netbus\session_uv.cc:42  
write success

20201108 22:30:11 DEBUG ../../../apps/lua/scripts/gateway/gw_service.lua:100  
uid = 	41
20201108 22:30:11 DEBUG d:\c++\moba_game_server\moba_server\netbus\session_uv.cc:42  
write success

20201108 22:30:16 ERROR d:\c++\moba_game_server\moba_server\lua_wapper\session_export_to_lua.cc:297  
send_msg_error!!!
20201108 22:30:16 ERROR d:\c++\moba_game_server\moba_server\netbus\netbus.cc:199  
client close!!
20201108 22:30:18 DEBUG ../../../apps/lua/scripts/gateway/gw_service.lua:173  
gateway disconnect: [Auth server]
20201108 22:30:18 ERROR d:\c++\moba_game_server\moba_server\netbus\netbus.cc:199  
client close!!
20201108 22:30:18 ERROR d:\c++\moba_game_server\moba_server\netbus\netbus.cc:255  
new client comming 127.0.0.1:50588

20201108 22:30:19 DEBUG ../../../apps/lua/scripts/gateway/gw_service.lua:42  
connection to server [Auth server] 127.0.0.1 : 8000
