20201116 00:01:07 ERROR d:\c++\moba_game_server\moba_server\netbus\netbus.cc:199  
client close!!
20201116 00:01:07 DEBUG d:\c++\moba_game_server\moba_server\netbus\session_uv.cc:42  
write success

20201116 00:01:07 DEBUG d:\c++\moba_game_server\moba_server\netbus\session_uv.cc:42  
write success

20201116 00:01:23 ERROR d:\c++\moba_game_server\moba_server\netbus\netbus.cc:255  
new client comming 127.0.0.1:51965

20201116 00:01:25 DEBUG ../../../apps/lua/scripts/gateway/gw_service.lua:129  
send_to_server	1	1	0	127.0.0.1	51965
20201116 00:01:25 DEBUG ../../../apps/lua/scripts/gateway/gw_service.lua:141  
================utag	0
20201116 00:01:25 DEBUG d:\c++\moba_game_server\moba_server\netbus\session_uv.cc:42  
write success

20201116 00:01:25 DEBUG d:\c++\moba_game_server\moba_server\netbus\session_uv.cc:42  
write success

20201116 00:01:25 DEBUG ../../../apps/lua/scripts/gateway/gw_service.lua:129  
send_to_server	2	13	0	127.0.0.1	51965
20201116 00:01:25 DEBUG d:\c++\moba_game_server\moba_server\netbus\session_uv.cc:42  
write success

20201116 00:01:28 DEBUG ../../../apps/lua/scripts/gateway/gw_service.lua:129  
send_to_server	1	1	0	127.0.0.1	51965
20201116 00:01:28 DEBUG ../../../apps/lua/scripts/gateway/gw_service.lua:141  
================utag	2
20201116 00:01:28 DEBUG d:\c++\moba_game_server\moba_server\netbus\session_uv.cc:42  
write success

20201116 00:01:28 DEBUG d:\c++\moba_game_server\moba_server\netbus\session_uv.cc:42  
write success

20201116 00:01:28 DEBUG ../../../apps/lua/scripts/gateway/gw_service.lua:129  
send_to_server	2	13	0	127.0.0.1	51965
20201116 00:01:28 DEBUG d:\c++\moba_game_server\moba_server\netbus\session_uv.cc:42  
write success

20201116 00:01:28 DEBUG ../../../apps/lua/scripts/gateway/gw_service.lua:129  
send_to_server	1	1	0	127.0.0.1	51965
20201116 00:01:28 DEBUG ../../../apps/lua/scripts/gateway/gw_service.lua:141  
================utag	2
20201116 00:01:28 DEBUG d:\c++\moba_game_server\moba_server\netbus\session_uv.cc:42  
write success

20201116 00:01:28 DEBUG d:\c++\moba_game_server\moba_server\netbus\session_uv.cc:42  
write success

20201116 00:01:28 DEBUG ../../../apps/lua/scripts/gateway/gw_service.lua:129  
send_to_server	2	13	0	127.0.0.1	51965
20201116 00:01:28 DEBUG d:\c++\moba_game_server\moba_server\netbus\session_uv.cc:42  
write success

20201116 00:01:30 ERROR d:\c++\moba_game_server\moba_server\netbus\netbus.cc:199  
client close!!
20201116 00:01:30 DEBUG d:\c++\moba_game_server\moba_server\netbus\session_uv.cc:42  
write success

20201116 00:01:30 DEBUG d:\c++\moba_game_server\moba_server\netbus\session_uv.cc:42  
write success

20201116 00:01:46 ERROR d:\c++\moba_game_server\moba_server\netbus\netbus.cc:255  
new client comming 127.0.0.1:51970

20201116 00:02:09 DEBUG ../../../apps/lua/scripts/gateway/gw_service.lua:129  
send_to_server	1	9	0	127.0.0.1	51970
20201116 00:02:09 DEBUG ../../../apps/lua/scripts/gateway/gw_service.lua:141  
================utag	0
20201116 00:02:09 DEBUG d:\c++\moba_game_server\moba_server\netbus\session_uv.cc:42  
write success

20201116 00:02:09 DEBUG d:\c++\moba_game_server\moba_server\netbus\session_uv.cc:42  
write success

20201116 00:02:09 DEBUG ../../../apps/lua/scripts/gateway/gw_service.lua:129  
send_to_server	2	13	0	127.0.0.1	51970
20201116 00:02:09 DEBUG d:\c++\moba_game_server\moba_server\netbus\session_uv.cc:42  
write success

20201116 00:02:26 DEBUG ../../../apps/lua/scripts/gateway/gw_service.lua:129  
send_to_server	1	1	0	127.0.0.1	51970
20201116 00:02:26 DEBUG ../../../apps/lua/scripts/gateway/gw_service.lua:141  
================utag	3
20201116 00:02:26 DEBUG d:\c++\moba_game_server\moba_server\netbus\session_uv.cc:42  
write success

20201116 00:02:26 DEBUG d:\c++\moba_game_server\moba_server\netbus\session_uv.cc:42  
write success

20201116 00:02:26 DEBUG ../../../apps/lua/scripts/gateway/gw_service.lua:129  
send_to_server	2	13	0	127.0.0.1	51970
20201116 00:02:26 DEBUG d:\c++\moba_game_server\moba_server\netbus\session_uv.cc:42  
write success

20201116 00:02:32 ERROR d:\c++\moba_game_server\moba_server\netbus\netbus.cc:199  
client close!!
20201116 00:02:32 DEBUG d:\c++\moba_game_server\moba_server\netbus\session_uv.cc:42  
write success

20201116 00:02:32 DEBUG d:\c++\moba_game_server\moba_server\netbus\session_uv.cc:42  
write success

20201116 00:02:39 DEBUG ../../../apps/lua/scripts/gateway/gw_service.lua:179  
gateway disconnect: [nil]
20201116 00:02:39 ERROR d:\c++\moba_game_server\moba_server\netbus\netbus.cc:199  
client close!!
20201116 00:02:40 DEBUG ../../../apps/lua/scripts/gateway/gw_service.lua:41  
connection to server [nil] 127.0.0.1 : 8001
20201116 00:02:41 DEBUG ../../../apps/lua/scripts/gateway/gw_service.lua:179  
gateway disconnect: [Auth server]
20201116 00:02:41 ERROR d:\c++\moba_game_server\moba_server\netbus\netbus.cc:199  
client close!!
20201116 00:02:42 DEBUG ../../../apps/lua/scripts/gateway/gw_service.lua:41  
connection to server [Auth server] 127.0.0.1 : 8000
20201116 00:02:42 ERROR ../../../apps/lua/scripts/gateway/gw_service.lua:28  
connect failed to server [nil] 127.0.0.1 : 8001
20201116 23:21:43 DEBUG ../../../apps/lua/scripts/gateway/main.lua:29  
Server TCP Start At 6080
20201116 23:21:43 DEBUG ../../../apps/lua/scripts/gateway/main.lua:31  
Server WS Start At 6081
20201116 23:21:43 DEBUG ../../../apps/lua/scripts/gateway/gw_service.lua:41  
connection to server [Auth server] 127.0.0.1 : 8000
20201116 23:21:43 DEBUG ../../../apps/lua/scripts/gateway/gw_service.lua:41  
connection to server [nil] 127.0.0.1 : 8001
20201116 23:21:43 DEBUG ../../../apps/lua/scripts/gateway/main.lua:40  
register [1] service success!
20201116 23:21:43 DEBUG ../../../apps/lua/scripts/gateway/main.lua:40  
register [2] service success!
20201116 23:21:43 DEBUG ../../../apps/lua/scripts/gateway/gw_service.lua:31  
connect success to server [Auth server] 127.0.0.1 : 8000
20201116 23:21:43 DEBUG ../../../apps/lua/scripts/gateway/gw_service.lua:31  
connect success to server [nil] 127.0.0.1 : 8001
20201116 23:21:43 DEBUG ../../../apps/lua/scripts/database/mysql_auth_center.lua:19  
connect to auth center db success!!!!
20201116 23:21:49 ERROR d:\c++\moba_game_server\moba_server\netbus\netbus.cc:255  
new client comming 127.0.0.1:51026

20201116 23:22:01 DEBUG ../../../apps/lua/scripts/gateway/gw_service.lua:129  
send_to_server	1	9	0	127.0.0.1	51026
20201116 23:22:01 DEBUG ../../../apps/lua/scripts/gateway/gw_service.lua:141  
================utag	0
20201116 23:22:01 DEBUG d:\c++\moba_game_server\moba_server\netbus\session_uv.cc:42  
write success

20201116 23:22:01 DEBUG d:\c++\moba_game_server\moba_server\netbus\session_uv.cc:42  
write success

20201116 23:22:01 DEBUG ../../../apps/lua/scripts/gateway/gw_service.lua:129  
send_to_server	2	13	0	127.0.0.1	51026
20201116 23:22:01 DEBUG d:\c++\moba_game_server\moba_server\netbus\session_uv.cc:42  
write success

20201116 23:22:01 DEBUG ../../../apps/lua/scripts/gateway/gw_service.lua:106  
41
20201116 23:22:01 DEBUG d:\c++\moba_game_server\moba_server\netbus\session_uv.cc:42  
write success

20201116 23:23:12 DEBUG ../../../apps/lua/scripts/gateway/gw_service.lua:179  
gateway disconnect: [nil]
20201116 23:23:12 ERROR d:\c++\moba_game_server\moba_server\netbus\netbus.cc:199  
client close!!
20201116 23:23:13 DEBUG ../../../apps/lua/scripts/gateway/gw_service.lua:41  
connection to server [nil] 127.0.0.1 : 8001
20201116 23:23:15 ERROR ../../../apps/lua/scripts/gateway/gw_service.lua:28  
connect failed to server [nil] 127.0.0.1 : 8001
20201116 23:23:16 DEBUG ../../../apps/lua/scripts/gateway/gw_service.lua:41  
connection to server [nil] 127.0.0.1 : 8001
20201116 23:23:16 DEBUG ../../../apps/lua/scripts/gateway/gw_service.lua:31  
connect success to server [nil] 127.0.0.1 : 8001
20201116 23:23:20 DEBUG ../../../apps/lua/scripts/gateway/gw_service.lua:129  
send_to_server	1	9	0	127.0.0.1	51026
20201116 23:23:20 DEBUG ../../../apps/lua/scripts/gateway/gw_service.lua:141  
================utag	1
20201116 23:23:20 DEBUG d:\c++\moba_game_server\moba_server\netbus\session_uv.cc:42  
write success

20201116 23:23:20 DEBUG d:\c++\moba_game_server\moba_server\netbus\session_uv.cc:42  
write success

20201116 23:23:20 DEBUG ../../../apps/lua/scripts/gateway/gw_service.lua:129  
send_to_server	2	13	0	127.0.0.1	51026
20201116 23:23:20 DEBUG d:\c++\moba_game_server\moba_server\netbus\session_uv.cc:42  
write success

20201116 23:23:20 DEBUG ../../../apps/lua/scripts/gateway/gw_service.lua:106  
41
20201116 23:23:20 DEBUG d:\c++\moba_game_server\moba_server\netbus\session_uv.cc:42  
write success

20201116 23:23:39 DEBUG ../../../apps/lua/scripts/gateway/gw_service.lua:179  
gateway disconnect: [nil]
20201116 23:23:39 ERROR d:\c++\moba_game_server\moba_server\netbus\netbus.cc:199  
client close!!
20201116 23:23:39 DEBUG ../../../apps/lua/scripts/gateway/gw_service.lua:41  
connection to server [nil] 127.0.0.1 : 8001
20201116 23:23:41 ERROR ../../../apps/lua/scripts/gateway/gw_service.lua:28  
connect failed to server [nil] 127.0.0.1 : 8001
20201116 23:23:41 DEBUG ../../../apps/lua/scripts/gateway/gw_service.lua:41  
connection to server [nil] 127.0.0.1 : 8001
20201116 23:23:42 DEBUG ../../../apps/lua/scripts/gateway/gw_service.lua:31  
connect success to server [nil] 127.0.0.1 : 8001
20201116 23:23:48 DEBUG ../../../apps/lua/scripts/gateway/gw_service.lua:129  
send_to_server	1	9	0	127.0.0.1	51026
20201116 23:23:48 DEBUG ../../../apps/lua/scripts/gateway/gw_service.lua:141  
================utag	1
20201116 23:23:48 DEBUG d:\c++\moba_game_server\moba_server\netbus\session_uv.cc:42  
write success

20201116 23:23:48 DEBUG d:\c++\moba_game_server\moba_server\netbus\session_uv.cc:42  
write success

20201116 23:23:48 DEBUG ../../../apps/lua/scripts/gateway/gw_service.lua:129  
send_to_server	2	13	0	127.0.0.1	51026
20201116 23:23:48 DEBUG d:\c++\moba_game_server\moba_server\netbus\session_uv.cc:42  
write success

20201116 23:23:48 DEBUG ../../../apps/lua/scripts/gateway/gw_service.lua:106  
41
20201116 23:23:48 DEBUG d:\c++\moba_game_server\moba_server\netbus\session_uv.cc:42  
write success

20201116 23:25:54 DEBUG ../../../apps/lua/scripts/gateway/gw_service.lua:179  
gateway disconnect: [nil]
20201116 23:25:54 ERROR d:\c++\moba_game_server\moba_server\netbus\netbus.cc:199  
client close!!
20201116 23:25:54 DEBUG ../../../apps/lua/scripts/gateway/gw_service.lua:41  
connection to server [nil] 127.0.0.1 : 8001
20201116 23:25:56 ERROR ../../../apps/lua/scripts/gateway/gw_service.lua:28  
connect failed to server [nil] 127.0.0.1 : 8001
20201116 23:25:57 DEBUG ../../../apps/lua/scripts/gateway/gw_service.lua:41  
connection to server [nil] 127.0.0.1 : 8001
20201116 23:25:57 DEBUG ../../../apps/lua/scripts/gateway/gw_service.lua:31  
connect success to server [nil] 127.0.0.1 : 8001
20201116 23:26:02 ERROR d:\c++\moba_game_server\moba_server\netbus\netbus.cc:199  
client close!!
20201116 23:26:02 DEBUG d:\c++\moba_game_server\moba_server\netbus\session_uv.cc:42  
write success

20201116 23:26:02 DEBUG d:\c++\moba_game_server\moba_server\netbus\session_uv.cc:42  
write success

20201116 23:26:06 ERROR d:\c++\moba_game_server\moba_server\netbus\netbus.cc:255  
new client comming 127.0.0.1:51061

20201116 23:26:32 DEBUG ../../../apps/lua/scripts/gateway/gw_service.lua:129  
send_to_server	1	9	0	127.0.0.1	51061
20201116 23:26:32 DEBUG ../../../apps/lua/scripts/gateway/gw_service.lua:141  
================utag	0
20201116 23:26:32 DEBUG d:\c++\moba_game_server\moba_server\netbus\session_uv.cc:42  
write success

20201116 23:26:32 DEBUG d:\c++\moba_game_server\moba_server\netbus\session_uv.cc:42  
write success

20201116 23:26:32 DEBUG ../../../apps/lua/scripts/gateway/gw_service.lua:129  
send_to_server	2	13	0	127.0.0.1	51061
20201116 23:26:32 DEBUG d:\c++\moba_game_server\moba_server\netbus\session_uv.cc:42  
write success

20201116 23:26:32 DEBUG ../../../apps/lua/scripts/gateway/gw_service.lua:106  
41
20201116 23:26:32 DEBUG d:\c++\moba_game_server\moba_server\netbus\session_uv.cc:42  
write success

20201116 23:27:37 DEBUG ../../../apps/lua/scripts/gateway/gw_service.lua:179  
gateway disconnect: [nil]
20201116 23:27:37 ERROR d:\c++\moba_game_server\moba_server\netbus\netbus.cc:199  
client close!!
20201116 23:27:38 DEBUG ../../../apps/lua/scripts/gateway/gw_service.lua:41  
connection to server [nil] 127.0.0.1 : 8001
20201116 23:27:40 ERROR ../../../apps/lua/scripts/gateway/gw_service.lua:28  
connect failed to server [nil] 127.0.0.1 : 8001
20201116 23:27:41 DEBUG ../../../apps/lua/scripts/gateway/gw_service.lua:41  
connection to server [nil] 127.0.0.1 : 8001
20201116 23:27:42 DEBUG ../../../apps/lua/scripts/gateway/gw_service.lua:31  
connect success to server [nil] 127.0.0.1 : 8001
20201116 23:27:53 DEBUG ../../../apps/lua/scripts/gateway/gw_service.lua:129  
send_to_server	1	9	0	127.0.0.1	51061
20201116 23:27:53 DEBUG ../../../apps/lua/scripts/gateway/gw_service.lua:141  
================utag	2
20201116 23:27:53 DEBUG d:\c++\moba_game_server\moba_server\netbus\session_uv.cc:42  
write success

20201116 23:27:53 DEBUG d:\c++\moba_game_server\moba_server\netbus\session_uv.cc:42  
write success

20201116 23:27:53 DEBUG ../../../apps/lua/scripts/gateway/gw_service.lua:129  
send_to_server	2	13	0	127.0.0.1	51061
20201116 23:27:53 DEBUG d:\c++\moba_game_server\moba_server\netbus\session_uv.cc:42  
write success

20201116 23:27:53 ERROR ../../../apps/lua/scripts/gateway/gw_service.lua:77  
send_to_client error!!!
20201116 23:32:02 DEBUG ../../../apps/lua/scripts/gateway/gw_service.lua:179  
gateway disconnect: [nil]
20201116 23:32:02 ERROR d:\c++\moba_game_server\moba_server\netbus\netbus.cc:199  
client close!!
20201116 23:32:02 DEBUG ../../../apps/lua/scripts/gateway/gw_service.lua:41  
connection to server [nil] 127.0.0.1 : 8001
20201116 23:32:04 ERROR ../../../apps/lua/scripts/gateway/gw_service.lua:28  
connect failed to server [nil] 127.0.0.1 : 8001
20201116 23:32:05 DEBUG ../../../apps/lua/scripts/gateway/gw_service.lua:41  
connection to server [nil] 127.0.0.1 : 8001
20201116 23:32:07 DEBUG ../../../apps/lua/scripts/gateway/gw_service.lua:31  
connect success to server [nil] 127.0.0.1 : 8001
20201116 23:32:11 DEBUG ../../../apps/lua/scripts/gateway/gw_service.lua:129  
send_to_server	1	9	0	127.0.0.1	51061
20201116 23:32:11 DEBUG ../../../apps/lua/scripts/gateway/gw_service.lua:141  
================utag	2
20201116 23:32:11 DEBUG d:\c++\moba_game_server\moba_server\netbus\session_uv.cc:42  
write success

20201116 23:32:11 DEBUG d:\c++\moba_game_server\moba_server\netbus\session_uv.cc:42  
write success

20201116 23:32:11 DEBUG ../../../apps/lua/scripts/gateway/gw_service.lua:129  
send_to_server	2	13	0	127.0.0.1	51061
20201116 23:32:11 DEBUG d:\c++\moba_game_server\moba_server\netbus\session_uv.cc:42  
write success

20201116 23:32:11 ERROR ../../../apps/lua/scripts/gateway/gw_service.lua:77  
send_to_client error!!!
20201116 23:37:15 DEBUG ../../../apps/lua/scripts/gateway/gw_service.lua:179  
gateway disconnect: [nil]
20201116 23:37:15 ERROR d:\c++\moba_game_server\moba_server\netbus\netbus.cc:199  
client close!!
20201116 23:37:16 DEBUG ../../../apps/lua/scripts/gateway/gw_service.lua:41  
connection to server [nil] 127.0.0.1 : 8001
20201116 23:37:18 ERROR ../../../apps/lua/scripts/gateway/gw_service.lua:28  
connect failed to server [nil] 127.0.0.1 : 8001
20201116 23:37:19 DEBUG ../../../apps/lua/scripts/gateway/gw_service.lua:41  
connection to server [nil] 127.0.0.1 : 8001
20201116 23:37:21 ERROR ../../../apps/lua/scripts/gateway/gw_service.lua:28  
connect failed to server [nil] 127.0.0.1 : 8001
20201116 23:37:22 DEBUG ../../../apps/lua/scripts/gateway/gw_service.lua:41  
connection to server [nil] 127.0.0.1 : 8001
20201116 23:37:24 ERROR ../../../apps/lua/scripts/gateway/gw_service.lua:28  
connect failed to server [nil] 127.0.0.1 : 8001
20201116 23:37:25 DEBUG ../../../apps/lua/scripts/gateway/gw_service.lua:41  
connection to server [nil] 127.0.0.1 : 8001
20201116 23:37:27 ERROR ../../../apps/lua/scripts/gateway/gw_service.lua:28  
connect failed to server [nil] 127.0.0.1 : 8001
20201116 23:37:28 DEBUG ../../../apps/lua/scripts/gateway/gw_service.lua:41  
connection to server [nil] 127.0.0.1 : 8001
20201116 23:37:30 DEBUG ../../../apps/lua/scripts/gateway/gw_service.lua:31  
connect success to server [nil] 127.0.0.1 : 8001
20201116 23:37:45 DEBUG ../../../apps/lua/scripts/gateway/gw_service.lua:129  
send_to_server	1	9	0	127.0.0.1	51061
20201116 23:37:45 DEBUG ../../../apps/lua/scripts/gateway/gw_service.lua:141  
================utag	2
20201116 23:37:45 DEBUG d:\c++\moba_game_server\moba_server\netbus\session_uv.cc:42  
write success

20201116 23:37:45 DEBUG d:\c++\moba_game_server\moba_server\netbus\session_uv.cc:42  
write success

20201116 23:37:45 DEBUG ../../../apps/lua/scripts/gateway/gw_service.lua:129  
send_to_server	2	13	0	127.0.0.1	51061
20201116 23:37:45 DEBUG d:\c++\moba_game_server\moba_server\netbus\session_uv.cc:42  
write success

20201116 23:38:43 DEBUG ../../../apps/lua/scripts/gateway/gw_service.lua:179  
gateway disconnect: [nil]
20201116 23:38:43 ERROR d:\c++\moba_game_server\moba_server\netbus\netbus.cc:199  
client close!!
20201116 23:38:44 DEBUG ../../../apps/lua/scripts/gateway/gw_service.lua:41  
connection to server [nil] 127.0.0.1 : 8001
20201116 23:38:46 DEBUG ../../../apps/lua/scripts/gateway/gw_service.lua:31  
connect success to server [nil] 127.0.0.1 : 8001
20201116 23:38:50 DEBUG ../../../apps/lua/scripts/gateway/gw_service.lua:129  
send_to_server	1	9	0	127.0.0.1	51061
20201116 23:38:50 DEBUG ../../../apps/lua/scripts/gateway/gw_service.lua:141  
================utag	2
20201116 23:38:50 DEBUG d:\c++\moba_game_server\moba_server\netbus\session_uv.cc:42  
write success

20201116 23:38:50 DEBUG d:\c++\moba_game_server\moba_server\netbus\session_uv.cc:42  
write success

20201116 23:38:50 DEBUG ../../../apps/lua/scripts/gateway/gw_service.lua:129  
send_to_server	2	13	0	127.0.0.1	51061
20201116 23:38:50 DEBUG d:\c++\moba_game_server\moba_server\netbus\session_uv.cc:42  
write success

20201116 23:38:50 DEBUG ../../../apps/lua/scripts/gateway/gw_service.lua:106  
41
20201116 23:38:50 DEBUG d:\c++\moba_game_server\moba_server\netbus\session_uv.cc:42  
write success

20201116 23:38:57 DEBUG ../../../apps/lua/scripts/gateway/gw_service.lua:129  
send_to_server	1	9	0	127.0.0.1	51061
20201116 23:38:57 DEBUG ../../../apps/lua/scripts/gateway/gw_service.lua:141  
================utag	2
20201116 23:38:57 DEBUG d:\c++\moba_game_server\moba_server\netbus\session_uv.cc:42  
write success

20201116 23:38:57 DEBUG d:\c++\moba_game_server\moba_server\netbus\session_uv.cc:42  
write success

20201116 23:38:57 DEBUG ../../../apps/lua/scripts/gateway/gw_service.lua:129  
send_to_server	2	13	0	127.0.0.1	51061
20201116 23:38:57 DEBUG d:\c++\moba_game_server\moba_server\netbus\session_uv.cc:42  
write success

20201116 23:38:57 DEBUG ../../../apps/lua/scripts/gateway/gw_service.lua:106  
41
20201116 23:38:57 DEBUG d:\c++\moba_game_server\moba_server\netbus\session_uv.cc:42  
write success

20201116 23:39:10 ERROR d:\c++\moba_game_server\moba_server\netbus\netbus.cc:199  
client close!!
20201116 23:39:10 DEBUG d:\c++\moba_game_server\moba_server\netbus\session_uv.cc:42  
write success

20201116 23:39:10 DEBUG d:\c++\moba_game_server\moba_server\netbus\session_uv.cc:42  
write success

20201116 23:39:13 ERROR d:\c++\moba_game_server\moba_server\netbus\netbus.cc:255  
new client comming 127.0.0.1:51357

20201116 23:39:17 DEBUG ../../../apps/lua/scripts/gateway/gw_service.lua:129  
send_to_server	1	9	0	127.0.0.1	51357
20201116 23:39:17 DEBUG ../../../apps/lua/scripts/gateway/gw_service.lua:141  
================utag	0
20201116 23:39:17 DEBUG d:\c++\moba_game_server\moba_server\netbus\session_uv.cc:42  
write success

20201116 23:39:17 DEBUG d:\c++\moba_game_server\moba_server\netbus\session_uv.cc:42  
write success

20201116 23:39:17 DEBUG ../../../apps/lua/scripts/gateway/gw_service.lua:129  
send_to_server	2	13	0	127.0.0.1	51357
20201116 23:39:17 DEBUG d:\c++\moba_game_server\moba_server\netbus\session_uv.cc:42  
write success

20201116 23:39:17 DEBUG ../../../apps/lua/scripts/gateway/gw_service.lua:106  
41
20201116 23:39:17 DEBUG d:\c++\moba_game_server\moba_server\netbus\session_uv.cc:42  
write success

20201116 23:40:32 ERROR d:\c++\moba_game_server\moba_server\netbus\netbus.cc:199  
client close!!
20201116 23:40:32 DEBUG d:\c++\moba_game_server\moba_server\netbus\session_uv.cc:42  
write success

20201116 23:40:32 DEBUG d:\c++\moba_game_server\moba_server\netbus\session_uv.cc:42  
write success

20201116 23:41:37 ERROR d:\c++\moba_game_server\moba_server\netbus\netbus.cc:255  
new client comming 127.0.0.1:51381

20201116 23:41:40 DEBUG ../../../apps/lua/scripts/gateway/gw_service.lua:129  
send_to_server	1	9	0	127.0.0.1	51381
20201116 23:41:40 DEBUG ../../../apps/lua/scripts/gateway/gw_service.lua:141  
================utag	0
20201116 23:41:40 DEBUG d:\c++\moba_game_server\moba_server\netbus\session_uv.cc:42  
write success

20201116 23:41:40 DEBUG d:\c++\moba_game_server\moba_server\netbus\session_uv.cc:42  
write success

20201116 23:41:40 DEBUG ../../../apps/lua/scripts/gateway/gw_service.lua:129  
send_to_server	2	13	0	127.0.0.1	51381
20201116 23:41:40 DEBUG d:\c++\moba_game_server\moba_server\netbus\session_uv.cc:42  
write success

20201116 23:41:40 DEBUG ../../../apps/lua/scripts/gateway/gw_service.lua:106  
41
20201116 23:41:40 DEBUG d:\c++\moba_game_server\moba_server\netbus\session_uv.cc:42  
write success

20201116 23:42:36 DEBUG ../../../apps/lua/scripts/gateway/gw_service.lua:179  
gateway disconnect: [nil]
20201116 23:42:36 ERROR d:\c++\moba_game_server\moba_server\netbus\netbus.cc:199  
client close!!
20201116 23:42:36 DEBUG ../../../apps/lua/scripts/gateway/gw_service.lua:41  
connection to server [nil] 127.0.0.1 : 8001
20201116 23:42:38 ERROR ../../../apps/lua/scripts/gateway/gw_service.lua:28  
connect failed to server [nil] 127.0.0.1 : 8001
20201116 23:42:39 DEBUG ../../../apps/lua/scripts/gateway/gw_service.lua:41  
connection to server [nil] 127.0.0.1 : 8001
20201116 23:42:41 ERROR ../../../apps/lua/scripts/gateway/gw_service.lua:28  
connect failed to server [nil] 127.0.0.1 : 8001
20201116 23:42:41 DEBUG ../../../apps/lua/scripts/gateway/gw_service.lua:41  
connection to server [nil] 127.0.0.1 : 8001
20201116 23:42:43 DEBUG ../../../apps/lua/scripts/gateway/gw_service.lua:31  
connect success to server [nil] 127.0.0.1 : 8001
20201116 23:43:26 DEBUG ../../../apps/lua/scripts/gateway/gw_service.lua:179  
gateway disconnect: [nil]
20201116 23:43:26 ERROR d:\c++\moba_game_server\moba_server\netbus\netbus.cc:199  
client close!!
20201116 23:43:26 DEBUG ../../../apps/lua/scripts/gateway/gw_service.lua:41  
connection to server [nil] 127.0.0.1 : 8001
20201116 23:43:28 DEBUG ../../../apps/lua/scripts/gateway/gw_service.lua:31  
connect success to server [nil] 127.0.0.1 : 8001
20201116 23:43:57 DEBUG ../../../apps/lua/scripts/gateway/gw_service.lua:179  
gateway disconnect: [nil]
20201116 23:43:57 ERROR d:\c++\moba_game_server\moba_server\netbus\netbus.cc:199  
client close!!
20201116 23:43:57 DEBUG ../../../apps/lua/scripts/gateway/gw_service.lua:41  
connection to server [nil] 127.0.0.1 : 8001
20201116 23:43:59 DEBUG ../../../apps/lua/scripts/gateway/gw_service.lua:31  
connect success to server [nil] 127.0.0.1 : 8001
20201116 23:44:05 DEBUG ../../../apps/lua/scripts/gateway/gw_service.lua:129  
send_to_server	1	9	0	127.0.0.1	51381
20201116 23:44:05 DEBUG ../../../apps/lua/scripts/gateway/gw_service.lua:141  
================utag	4
20201116 23:44:05 DEBUG d:\c++\moba_game_server\moba_server\netbus\session_uv.cc:42  
write success

20201116 23:44:05 DEBUG d:\c++\moba_game_server\moba_server\netbus\session_uv.cc:42  
write success

20201116 23:44:05 DEBUG ../../../apps/lua/scripts/gateway/gw_service.lua:129  
send_to_server	2	13	0	127.0.0.1	51381
20201116 23:44:05 DEBUG d:\c++\moba_game_server\moba_server\netbus\session_uv.cc:42  
write success

20201116 23:44:05 DEBUG ../../../apps/lua/scripts/gateway/gw_service.lua:106  
41
20201116 23:44:05 DEBUG d:\c++\moba_game_server\moba_server\netbus\session_uv.cc:42  
write success

20201116 23:45:02 DEBUG ../../../apps/lua/scripts/gateway/gw_service.lua:179  
gateway disconnect: [nil]
20201116 23:45:02 ERROR d:\c++\moba_game_server\moba_server\netbus\netbus.cc:199  
client close!!
20201116 23:45:03 DEBUG ../../../apps/lua/scripts/gateway/gw_service.lua:41  
connection to server [nil] 127.0.0.1 : 8001
20201116 23:45:05 ERROR ../../../apps/lua/scripts/gateway/gw_service.lua:28  
connect failed to server [nil] 127.0.0.1 : 8001
20201116 23:45:06 DEBUG ../../../apps/lua/scripts/gateway/gw_service.lua:41  
connection to server [nil] 127.0.0.1 : 8001
20201116 23:45:06 DEBUG ../../../apps/lua/scripts/gateway/gw_service.lua:31  
connect success to server [nil] 127.0.0.1 : 8001
20201116 23:45:09 DEBUG ../../../apps/lua/scripts/gateway/gw_service.lua:129  
send_to_server	1	9	0	127.0.0.1	51381
20201116 23:45:09 DEBUG ../../../apps/lua/scripts/gateway/gw_service.lua:141  
================utag	4
20201116 23:45:09 DEBUG d:\c++\moba_game_server\moba_server\netbus\session_uv.cc:42  
write success

20201116 23:45:09 DEBUG d:\c++\moba_game_server\moba_server\netbus\session_uv.cc:42  
write success

20201116 23:45:09 DEBUG ../../../apps/lua/scripts/gateway/gw_service.lua:129  
send_to_server	2	13	0	127.0.0.1	51381
20201116 23:45:09 DEBUG d:\c++\moba_game_server\moba_server\netbus\session_uv.cc:42  
write success

20201116 23:45:09 DEBUG ../../../apps/lua/scripts/gateway/gw_service.lua:106  
41
20201116 23:45:09 DEBUG d:\c++\moba_game_server\moba_server\netbus\session_uv.cc:42  
write success

20201116 23:45:44 DEBUG ../../../apps/lua/scripts/gateway/gw_service.lua:179  
gateway disconnect: [nil]
20201116 23:45:44 ERROR d:\c++\moba_game_server\moba_server\netbus\netbus.cc:199  
client close!!
20201116 23:45:45 DEBUG ../../../apps/lua/scripts/gateway/gw_service.lua:41  
connection to server [nil] 127.0.0.1 : 8001
20201116 23:45:47 ERROR ../../../apps/lua/scripts/gateway/gw_service.lua:28  
connect failed to server [nil] 127.0.0.1 : 8001
20201116 23:45:48 DEBUG ../../../apps/lua/scripts/gateway/gw_service.lua:41  
connection to server [nil] 127.0.0.1 : 8001
20201116 23:45:48 DEBUG ../../../apps/lua/scripts/gateway/gw_service.lua:31  
connect success to server [nil] 127.0.0.1 : 8001
20201116 23:45:50 DEBUG ../../../apps/lua/scripts/gateway/gw_service.lua:129  
send_to_server	1	9	0	127.0.0.1	51381
20201116 23:45:50 DEBUG ../../../apps/lua/scripts/gateway/gw_service.lua:141  
================utag	4
20201116 23:45:50 DEBUG d:\c++\moba_game_server\moba_server\netbus\session_uv.cc:42  
write success

20201116 23:45:50 DEBUG d:\c++\moba_game_server\moba_server\netbus\session_uv.cc:42  
write success

20201116 23:45:50 DEBUG ../../../apps/lua/scripts/gateway/gw_service.lua:129  
send_to_server	2	13	0	127.0.0.1	51381
20201116 23:45:50 DEBUG d:\c++\moba_game_server\moba_server\netbus\session_uv.cc:42  
write success

20201116 23:45:50 DEBUG ../../../apps/lua/scripts/gateway/gw_service.lua:106  
41
20201116 23:45:50 DEBUG d:\c++\moba_game_server\moba_server\netbus\session_uv.cc:42  
write success

20201116 23:45:58 ERROR d:\c++\moba_game_server\moba_server\netbus\netbus.cc:199  
client close!!
20201116 23:45:58 DEBUG d:\c++\moba_game_server\moba_server\netbus\session_uv.cc:42  
write success

20201116 23:45:58 DEBUG d:\c++\moba_game_server\moba_server\netbus\session_uv.cc:42  
write success

20201116 23:46:08 DEBUG ../../../apps/lua/scripts/gateway/gw_service.lua:179  
gateway disconnect: [nil]
20201116 23:46:08 ERROR d:\c++\moba_game_server\moba_server\netbus\netbus.cc:199  
client close!!
20201116 23:46:08 DEBUG ../../../apps/lua/scripts/gateway/gw_service.lua:179  
gateway disconnect: [Auth server]
20201116 23:46:08 ERROR d:\c++\moba_game_server\moba_server\netbus\netbus.cc:199  
client close!!
20201116 23:46:09 DEBUG ../../../apps/lua/scripts/gateway/gw_service.lua:41  
connection to server [Auth server] 127.0.0.1 : 8000
20201116 23:46:09 DEBUG ../../../apps/lua/scripts/gateway/gw_service.lua:41  
connection to server [nil] 127.0.0.1 : 8001
