20201107 15:50:06 DEBUG ../../../apps/lua/scripts/gateway/main.lua:30  
Server TCP Start At 6080
20201107 15:50:06 DEBUG ../../../apps/lua/scripts/gateway/main.lua:32  
Server WS Start At 6081
20201107 15:50:06 DEBUG ../../../apps/lua/scripts/gateway/gw_service.lua:42  
connection to server [Auth server] 127.0.0.1 : 8000
20201107 15:50:06 DEBUG ../../../apps/lua/scripts/gateway/main.lua:41  
register [1] service success!
20201107 15:50:07 DEBUG ../../../apps/lua/scripts/database/mysql_auth_center.lua:19  
connect to auth center db success!!!!
20201107 15:50:08 DEBUG ../../../apps/lua/scripts/gateway/gw_service.lua:32  
connect success to server [Auth server] 127.0.0.1 : 8000
20201107 15:50:19 DEBUG ../../../apps/lua/scripts/gateway/gw_service.lua:173  
gateway disconnect: [Auth server]
20201107 15:50:19 ERROR d:\c++\moba_game_server\moba_server\netbus\netbus.cc:199  
client close!!
20201107 15:50:19 DEBUG ../../../apps/lua/scripts/gateway/gw_service.lua:42  
connection to server [Auth server] 127.0.0.1 : 8000
20201107 15:50:59 DEBUG ../../../apps/lua/scripts/gateway/main.lua:30  
Server TCP Start At 6080
20201107 15:50:59 DEBUG ../../../apps/lua/scripts/gateway/main.lua:32  
Server WS Start At 6081
20201107 15:50:59 DEBUG ../../../apps/lua/scripts/gateway/gw_service.lua:42  
connection to server [Auth server] 127.0.0.1 : 8000
20201107 15:50:59 DEBUG ../../../apps/lua/scripts/gateway/main.lua:41  
register [1] service success!
20201107 15:50:59 DEBUG ../../../apps/lua/scripts/database/mysql_auth_center.lua:19  
connect to auth center db success!!!!
20201107 15:51:01 ERROR ../../../apps/lua/scripts/gateway/gw_service.lua:29  
connect failed to server [Auth server] 127.0.0.1 : 8000
20201107 15:51:02 DEBUG ../../../apps/lua/scripts/gateway/gw_service.lua:42  
connection to server [Auth server] 127.0.0.1 : 8000
20201107 15:51:02 DEBUG ../../../apps/lua/scripts/gateway/gw_service.lua:32  
connect success to server [Auth server] 127.0.0.1 : 8000
20201107 15:51:31 ERROR d:\c++\moba_game_server\moba_server\netbus\netbus.cc:255  
new client comming 127.0.0.1:52166

20201107 15:51:33 DEBUG d:\c++\moba_game_server\moba_server\netbus\session_uv.cc:42  
write success

20201107 15:51:33 DEBUG ../../../apps/lua/scripts/gateway/gw_service.lua:100  
uid = 	35
20201107 15:51:33 DEBUG d:\c++\moba_game_server\moba_server\netbus\session_uv.cc:42  
write success

20201107 15:51:57 DEBUG d:\c++\moba_game_server\moba_server\netbus\session_uv.cc:42  
write success

20201107 16:30:29 ERROR d:\c++\moba_game_server\moba_server\lua_wapper\session_export_to_lua.cc:297  
send_msg_error!!!
20201107 16:30:29 ERROR d:\c++\moba_game_server\moba_server\netbus\netbus.cc:199  
client close!!
20201107 18:32:07 DEBUG ../../../apps/lua/scripts/gateway/gw_service.lua:173  
gateway disconnect: [Auth server]
20201107 18:32:07 ERROR d:\c++\moba_game_server\moba_server\netbus\netbus.cc:199  
client close!!
20201107 18:32:08 DEBUG ../../../apps/lua/scripts/gateway/gw_service.lua:42  
connection to server [Auth server] 127.0.0.1 : 8000
20201107 18:32:10 ERROR ../../../apps/lua/scripts/gateway/gw_service.lua:29  
connect failed to server [Auth server] 127.0.0.1 : 8000
20201107 18:32:11 DEBUG ../../../apps/lua/scripts/gateway/gw_service.lua:42  
connection to server [Auth server] 127.0.0.1 : 8000
20201107 19:05:47 DEBUG ../../../apps/lua/scripts/gateway/main.lua:30  
Server TCP Start At 6080
20201107 19:05:47 DEBUG ../../../apps/lua/scripts/gateway/main.lua:32  
Server WS Start At 6081
20201107 19:05:47 DEBUG ../../../apps/lua/scripts/gateway/gw_service.lua:42  
connection to server [Auth server] 127.0.0.1 : 8000
20201107 19:05:47 DEBUG ../../../apps/lua/scripts/gateway/main.lua:41  
register [1] service success!
20201107 19:05:47 DEBUG ../../../apps/lua/scripts/gateway/gw_service.lua:32  
connect success to server [Auth server] 127.0.0.1 : 8000
20201107 19:05:47 DEBUG ../../../apps/lua/scripts/database/mysql_auth_center.lua:19  
connect to auth center db success!!!!
20201107 19:06:11 ERROR d:\c++\moba_game_server\moba_server\netbus\netbus.cc:255  
new client comming 127.0.0.1:53560

20201107 19:06:13 DEBUG d:\c++\moba_game_server\moba_server\netbus\session_uv.cc:42  
write success

20201107 19:06:13 DEBUG ../../../apps/lua/scripts/gateway/gw_service.lua:100  
uid = 	35
20201107 19:06:13 DEBUG d:\c++\moba_game_server\moba_server\netbus\session_uv.cc:42  
write success

20201107 19:06:29 DEBUG d:\c++\moba_game_server\moba_server\netbus\session_uv.cc:42  
write success

20201107 20:07:01 DEBUG ../../../apps/lua/scripts/gateway/gw_service.lua:173  
gateway disconnect: [Auth server]
20201107 20:07:01 ERROR d:\c++\moba_game_server\moba_server\netbus\netbus.cc:199  
client close!!
20201107 20:07:02 DEBUG ../../../apps/lua/scripts/gateway/gw_service.lua:42  
connection to server [Auth server] 127.0.0.1 : 8000
20201107 20:07:04 ERROR ../../../apps/lua/scripts/gateway/gw_service.lua:29  
connect failed to server [Auth server] 127.0.0.1 : 8000
20201107 20:07:04 DEBUG ../../../apps/lua/scripts/gateway/gw_service.lua:42  
connection to server [Auth server] 127.0.0.1 : 8000
20201107 20:07:05 DEBUG ../../../apps/lua/scripts/gateway/main.lua:30  
Server TCP Start At 6080
20201107 20:07:05 DEBUG ../../../apps/lua/scripts/gateway/main.lua:32  
Server WS Start At 6081
20201107 20:07:05 DEBUG ../../../apps/lua/scripts/gateway/gw_service.lua:42  
connection to server [Auth server] 127.0.0.1 : 8000
20201107 20:07:05 DEBUG ../../../apps/lua/scripts/gateway/main.lua:41  
register [1] service success!
20201107 20:07:06 DEBUG ../../../apps/lua/scripts/database/mysql_auth_center.lua:19  
connect to auth center db success!!!!
20201107 20:07:06 ERROR ../../../apps/lua/scripts/gateway/gw_service.lua:29  
connect failed to server [Auth server] 127.0.0.1 : 8000
20201107 20:07:07 DEBUG ../../../apps/lua/scripts/gateway/gw_service.lua:42  
connection to server [Auth server] 127.0.0.1 : 8000
20201107 20:07:14 DEBUG ../../../apps/lua/scripts/gateway/main.lua:30  
Server TCP Start At 6080
20201107 20:07:14 DEBUG ../../../apps/lua/scripts/gateway/main.lua:32  
Server WS Start At 6081
20201107 20:07:14 DEBUG ../../../apps/lua/scripts/gateway/gw_service.lua:42  
connection to server [Auth server] 127.0.0.1 : 8000
20201107 20:07:14 DEBUG ../../../apps/lua/scripts/gateway/main.lua:41  
register [1] service success!
20201107 20:07:14 DEBUG ../../../apps/lua/scripts/gateway/gw_service.lua:32  
connect success to server [Auth server] 127.0.0.1 : 8000
20201107 20:07:14 DEBUG ../../../apps/lua/scripts/database/mysql_auth_center.lua:19  
connect to auth center db success!!!!
20201107 20:07:19 ERROR d:\c++\moba_game_server\moba_server\netbus\netbus.cc:255  
new client comming 127.0.0.1:53657

20201107 20:07:35 DEBUG d:\c++\moba_game_server\moba_server\netbus\session_uv.cc:42  
write success

20201107 20:07:35 DEBUG ../../../apps/lua/scripts/gateway/gw_service.lua:100  
uid = 	35
20201107 20:07:35 DEBUG d:\c++\moba_game_server\moba_server\netbus\session_uv.cc:42  
write success

20201107 20:07:47 DEBUG d:\c++\moba_game_server\moba_server\netbus\session_uv.cc:42  
write success

20201107 20:08:24 DEBUG ../../../apps/lua/scripts/gateway/gw_service.lua:173  
gateway disconnect: [Auth server]
20201107 20:08:24 ERROR d:\c++\moba_game_server\moba_server\netbus\netbus.cc:199  
client close!!
20201107 20:08:25 DEBUG ../../../apps/lua/scripts/gateway/gw_service.lua:42  
connection to server [Auth server] 127.0.0.1 : 8000
20201107 20:08:27 ERROR ../../../apps/lua/scripts/gateway/gw_service.lua:29  
connect failed to server [Auth server] 127.0.0.1 : 8000
20201107 20:08:28 DEBUG ../../../apps/lua/scripts/gateway/gw_service.lua:42  
connection to server [Auth server] 127.0.0.1 : 8000
20201107 20:08:28 DEBUG ../../../apps/lua/scripts/gateway/gw_service.lua:32  
connect success to server [Auth server] 127.0.0.1 : 8000
20201107 20:08:30 DEBUG d:\c++\moba_game_server\moba_server\netbus\session_uv.cc:42  
write success

20201107 20:09:06 DEBUG ../../../apps/lua/scripts/gateway/gw_service.lua:173  
gateway disconnect: [Auth server]
20201107 20:09:06 ERROR d:\c++\moba_game_server\moba_server\netbus\netbus.cc:199  
client close!!
20201107 20:09:07 DEBUG ../../../apps/lua/scripts/gateway/gw_service.lua:42  
connection to server [Auth server] 127.0.0.1 : 8000
20201107 20:09:08 DEBUG ../../../apps/lua/scripts/gateway/gw_service.lua:32  
connect success to server [Auth server] 127.0.0.1 : 8000
20201107 20:09:11 DEBUG d:\c++\moba_game_server\moba_server\netbus\session_uv.cc:42  
write success

20201107 20:10:26 DEBUG ../../../apps/lua/scripts/gateway/gw_service.lua:173  
gateway disconnect: [Auth server]
20201107 20:10:26 ERROR d:\c++\moba_game_server\moba_server\netbus\netbus.cc:199  
client close!!
20201107 20:10:27 DEBUG ../../../apps/lua/scripts/gateway/gw_service.lua:42  
connection to server [Auth server] 127.0.0.1 : 8000
20201107 20:10:29 DEBUG ../../../apps/lua/scripts/gateway/gw_service.lua:32  
connect success to server [Auth server] 127.0.0.1 : 8000
20201107 20:10:32 DEBUG d:\c++\moba_game_server\moba_server\netbus\session_uv.cc:42  
write success

20201107 20:10:53 DEBUG ../../../apps/lua/scripts/gateway/gw_service.lua:173  
gateway disconnect: [Auth server]
20201107 20:10:53 ERROR d:\c++\moba_game_server\moba_server\netbus\netbus.cc:199  
client close!!
20201107 20:10:54 DEBUG ../../../apps/lua/scripts/gateway/gw_service.lua:42  
connection to server [Auth server] 127.0.0.1 : 8000
20201107 20:10:56 DEBUG ../../../apps/lua/scripts/gateway/gw_service.lua:32  
connect success to server [Auth server] 127.0.0.1 : 8000
20201107 20:10:57 DEBUG d:\c++\moba_game_server\moba_server\netbus\session_uv.cc:42  
write success

20201107 20:11:39 DEBUG ../../../apps/lua/scripts/gateway/gw_service.lua:173  
gateway disconnect: [Auth server]
20201107 20:11:39 ERROR d:\c++\moba_game_server\moba_server\netbus\netbus.cc:199  
client close!!
20201107 20:11:39 DEBUG ../../../apps/lua/scripts/gateway/gw_service.lua:42  
connection to server [Auth server] 127.0.0.1 : 8000
20201107 20:11:41 ERROR ../../../apps/lua/scripts/gateway/gw_service.lua:29  
connect failed to server [Auth server] 127.0.0.1 : 8000
20201107 20:11:41 DEBUG ../../../apps/lua/scripts/gateway/gw_service.lua:42  
connection to server [Auth server] 127.0.0.1 : 8000
20201107 20:11:41 DEBUG ../../../apps/lua/scripts/gateway/gw_service.lua:32  
connect success to server [Auth server] 127.0.0.1 : 8000
20201107 20:11:44 DEBUG d:\c++\moba_game_server\moba_server\netbus\session_uv.cc:42  
write success

20201107 20:12:21 DEBUG ../../../apps/lua/scripts/gateway/gw_service.lua:173  
gateway disconnect: [Auth server]
20201107 20:12:21 ERROR d:\c++\moba_game_server\moba_server\netbus\netbus.cc:199  
client close!!
20201107 20:12:22 DEBUG ../../../apps/lua/scripts/gateway/gw_service.lua:42  
connection to server [Auth server] 127.0.0.1 : 8000
20201107 20:12:23 DEBUG ../../../apps/lua/scripts/gateway/gw_service.lua:32  
connect success to server [Auth server] 127.0.0.1 : 8000
20201107 20:12:25 DEBUG d:\c++\moba_game_server\moba_server\netbus\session_uv.cc:42  
write success

20201107 20:13:18 DEBUG ../../../apps/lua/scripts/gateway/gw_service.lua:173  
gateway disconnect: [Auth server]
20201107 20:13:18 ERROR d:\c++\moba_game_server\moba_server\netbus\netbus.cc:199  
client close!!
20201107 20:13:18 DEBUG ../../../apps/lua/scripts/gateway/gw_service.lua:42  
connection to server [Auth server] 127.0.0.1 : 8000
20201107 20:13:20 ERROR ../../../apps/lua/scripts/gateway/gw_service.lua:29  
connect failed to server [Auth server] 127.0.0.1 : 8000
20201107 20:13:21 DEBUG ../../../apps/lua/scripts/gateway/gw_service.lua:42  
connection to server [Auth server] 127.0.0.1 : 8000
20201107 20:13:21 DEBUG ../../../apps/lua/scripts/gateway/gw_service.lua:32  
connect success to server [Auth server] 127.0.0.1 : 8000
20201107 20:13:23 DEBUG d:\c++\moba_game_server\moba_server\netbus\session_uv.cc:42  
write success

20201107 20:13:23 DEBUG ../../../apps/lua/scripts/gateway/gw_service.lua:108  
35
20201107 20:13:23 DEBUG d:\c++\moba_game_server\moba_server\netbus\session_uv.cc:42  
write success

20201107 20:14:31 DEBUG ../../../apps/lua/scripts/gateway/gw_service.lua:173  
gateway disconnect: [Auth server]
20201107 20:14:31 ERROR d:\c++\moba_game_server\moba_server\netbus\netbus.cc:199  
client close!!
20201107 20:14:31 DEBUG ../../../apps/lua/scripts/gateway/gw_service.lua:42  
connection to server [Auth server] 127.0.0.1 : 8000
20201107 20:14:33 ERROR ../../../apps/lua/scripts/gateway/gw_service.lua:29  
connect failed to server [Auth server] 127.0.0.1 : 8000
20201107 20:14:34 DEBUG ../../../apps/lua/scripts/gateway/gw_service.lua:42  
connection to server [Auth server] 127.0.0.1 : 8000
20201107 20:14:34 DEBUG ../../../apps/lua/scripts/gateway/gw_service.lua:32  
connect success to server [Auth server] 127.0.0.1 : 8000
20201107 20:14:41 DEBUG d:\c++\moba_game_server\moba_server\netbus\session_uv.cc:42  
write success

20201107 20:14:41 DEBUG ../../../apps/lua/scripts/gateway/gw_service.lua:108  
35
20201107 20:14:41 DEBUG d:\c++\moba_game_server\moba_server\netbus\session_uv.cc:42  
write success

20201107 20:15:25 DEBUG ../../../apps/lua/scripts/gateway/gw_service.lua:173  
gateway disconnect: [Auth server]
20201107 20:15:25 ERROR d:\c++\moba_game_server\moba_server\netbus\netbus.cc:199  
client close!!
20201107 20:15:25 DEBUG ../../../apps/lua/scripts/gateway/gw_service.lua:42  
connection to server [Auth server] 127.0.0.1 : 8000
20201107 20:15:27 ERROR ../../../apps/lua/scripts/gateway/gw_service.lua:29  
connect failed to server [Auth server] 127.0.0.1 : 8000
20201107 20:15:28 DEBUG ../../../apps/lua/scripts/gateway/gw_service.lua:42  
connection to server [Auth server] 127.0.0.1 : 8000
20201107 20:15:28 DEBUG ../../../apps/lua/scripts/gateway/gw_service.lua:32  
connect success to server [Auth server] 127.0.0.1 : 8000
20201107 20:15:44 DEBUG d:\c++\moba_game_server\moba_server\netbus\session_uv.cc:42  
write success

20201107 20:15:44 DEBUG ../../../apps/lua/scripts/gateway/gw_service.lua:108  
35
20201107 20:15:44 DEBUG d:\c++\moba_game_server\moba_server\netbus\session_uv.cc:42  
write success

20201107 20:16:29 DEBUG ../../../apps/lua/scripts/gateway/gw_service.lua:173  
gateway disconnect: [Auth server]
20201107 20:16:29 ERROR d:\c++\moba_game_server\moba_server\netbus\netbus.cc:199  
client close!!
20201107 20:16:30 DEBUG ../../../apps/lua/scripts/gateway/gw_service.lua:42  
connection to server [Auth server] 127.0.0.1 : 8000
20201107 20:16:32 DEBUG ../../../apps/lua/scripts/gateway/gw_service.lua:32  
connect success to server [Auth server] 127.0.0.1 : 8000
20201107 20:16:33 DEBUG ../../../apps/lua/scripts/gateway/gw_service.lua:173  
gateway disconnect: [Auth server]
20201107 20:16:33 ERROR d:\c++\moba_game_server\moba_server\netbus\netbus.cc:199  
client close!!
20201107 20:16:34 DEBUG ../../../apps/lua/scripts/gateway/gw_service.lua:42  
connection to server [Auth server] 127.0.0.1 : 8000
20201107 20:16:36 ERROR ../../../apps/lua/scripts/gateway/gw_service.lua:29  
connect failed to server [Auth server] 127.0.0.1 : 8000
20201107 20:16:37 DEBUG ../../../apps/lua/scripts/gateway/gw_service.lua:42  
connection to server [Auth server] 127.0.0.1 : 8000
20201107 20:16:38 DEBUG ../../../apps/lua/scripts/gateway/gw_service.lua:32  
connect success to server [Auth server] 127.0.0.1 : 8000
20201107 20:16:40 DEBUG d:\c++\moba_game_server\moba_server\netbus\session_uv.cc:42  
write success

20201107 20:16:40 DEBUG ../../../apps/lua/scripts/gateway/gw_service.lua:108  
35
20201107 20:16:40 DEBUG d:\c++\moba_game_server\moba_server\netbus\session_uv.cc:42  
write success

20201107 20:23:13 ERROR d:\c++\moba_game_server\moba_server\lua_wapper\session_export_to_lua.cc:297  
send_msg_error!!!
20201107 20:23:13 ERROR d:\c++\moba_game_server\moba_server\netbus\netbus.cc:199  
client close!!
20201107 20:23:15 ERROR d:\c++\moba_game_server\moba_server\netbus\netbus.cc:255  
new client comming 127.0.0.1:54021

20201107 20:23:17 DEBUG d:\c++\moba_game_server\moba_server\netbus\session_uv.cc:42  
write success

20201107 20:23:17 DEBUG ../../../apps/lua/scripts/gateway/gw_service.lua:100  
uid = 	36
20201107 20:23:17 DEBUG d:\c++\moba_game_server\moba_server\netbus\session_uv.cc:42  
write success

20201107 20:23:43 DEBUG d:\c++\moba_game_server\moba_server\netbus\session_uv.cc:42  
write success

20201107 20:23:43 DEBUG ../../../apps/lua/scripts/gateway/gw_service.lua:108  
36
20201107 20:23:43 DEBUG d:\c++\moba_game_server\moba_server\netbus\session_uv.cc:42  
write success

20201107 20:23:59 DEBUG ../../../apps/lua/scripts/gateway/gw_service.lua:173  
gateway disconnect: [Auth server]
20201107 20:23:59 ERROR d:\c++\moba_game_server\moba_server\netbus\netbus.cc:199  
client close!!
20201107 20:23:59 DEBUG ../../../apps/lua/scripts/gateway/gw_service.lua:42  
connection to server [Auth server] 127.0.0.1 : 8000
20201107 20:24:01 ERROR ../../../apps/lua/scripts/gateway/gw_service.lua:29  
connect failed to server [Auth server] 127.0.0.1 : 8000
20201107 20:24:02 DEBUG ../../../apps/lua/scripts/gateway/gw_service.lua:42  
connection to server [Auth server] 127.0.0.1 : 8000
20201107 20:24:02 DEBUG ../../../apps/lua/scripts/gateway/gw_service.lua:32  
connect success to server [Auth server] 127.0.0.1 : 8000
20201107 20:24:05 DEBUG d:\c++\moba_game_server\moba_server\netbus\session_uv.cc:42  
write success

20201107 20:24:05 DEBUG ../../../apps/lua/scripts/gateway/gw_service.lua:108  
36
20201107 20:24:05 DEBUG d:\c++\moba_game_server\moba_server\netbus\session_uv.cc:42  
write success

20201107 20:24:14 DEBUG d:\c++\moba_game_server\moba_server\netbus\session_uv.cc:42  
write success

20201107 20:24:14 DEBUG ../../../apps/lua/scripts/gateway/gw_service.lua:108  
36
20201107 20:24:14 DEBUG d:\c++\moba_game_server\moba_server\netbus\session_uv.cc:42  
write success

20201107 20:24:16 ERROR d:\c++\moba_game_server\moba_server\lua_wapper\session_export_to_lua.cc:297  
send_msg_error!!!
20201107 20:24:16 ERROR d:\c++\moba_game_server\moba_server\netbus\netbus.cc:199  
client close!!
20201107 20:24:18 ERROR d:\c++\moba_game_server\moba_server\netbus\netbus.cc:255  
new client comming 127.0.0.1:54033

20201107 20:24:21 DEBUG d:\c++\moba_game_server\moba_server\netbus\session_uv.cc:42  
write success

20201107 20:24:21 DEBUG d:\c++\moba_game_server\moba_server\netbus\session_uv.cc:42  
write success

20201107 20:24:24 DEBUG d:\c++\moba_game_server\moba_server\netbus\session_uv.cc:42  
write success

20201107 20:24:24 DEBUG d:\c++\moba_game_server\moba_server\netbus\session_uv.cc:42  
write success

20201107 20:24:30 DEBUG d:\c++\moba_game_server\moba_server\netbus\session_uv.cc:42  
write success

20201107 20:24:30 DEBUG d:\c++\moba_game_server\moba_server\netbus\session_uv.cc:42  
write success

20201107 20:24:32 ERROR d:\c++\moba_game_server\moba_server\netbus\netbus.cc:199  
client close!!
20201107 20:27:24 ERROR d:\c++\moba_game_server\moba_server\netbus\netbus.cc:255  
new client comming 127.0.0.1:54110

20201107 20:27:26 DEBUG d:\c++\moba_game_server\moba_server\netbus\session_uv.cc:42  
write success

20201107 20:27:26 DEBUG d:\c++\moba_game_server\moba_server\netbus\session_uv.cc:42  
write success

20201107 20:27:27 DEBUG d:\c++\moba_game_server\moba_server\netbus\session_uv.cc:42  
write success

20201107 20:27:27 DEBUG ../../../apps/lua/scripts/gateway/gw_service.lua:100  
uid = 	37
20201107 20:27:27 DEBUG d:\c++\moba_game_server\moba_server\netbus\session_uv.cc:42  
write success

20201107 20:27:58 DEBUG ../../../apps/lua/scripts/gateway/gw_service.lua:173  
gateway disconnect: [Auth server]
20201107 20:27:58 ERROR d:\c++\moba_game_server\moba_server\netbus\netbus.cc:199  
client close!!
20201107 20:27:59 DEBUG ../../../apps/lua/scripts/gateway/gw_service.lua:42  
connection to server [Auth server] 127.0.0.1 : 8000
