20200926 13:31:13 DEBUG ../../../apps/lua/scripts/gateway/main.lua:27  
Server TCP Start At 6080
20200926 13:31:13 DEBUG ../../../apps/lua/scripts/gateway/main.lua:29  
Server WS Start At 6081
20200926 13:31:13 DEBUG ../../../apps/lua/scripts/gateway/gw_service.lua:39  
connection to server [Auth server] 127.0.0.1 : 8000
20200926 13:31:13 DEBUG ../../../apps/lua/scripts/gateway/main.lua:38  
register [1] service success!
20200926 13:31:19 DEBUG ../../../apps/lua/scripts/gateway/main.lua:27  
Server TCP Start At 6080
20200926 13:31:19 DEBUG ../../../apps/lua/scripts/gateway/main.lua:29  
Server WS Start At 6081
20200926 13:31:19 DEBUG ../../../apps/lua/scripts/gateway/gw_service.lua:39  
connection to server [Auth server] 127.0.0.1 : 8000
20200926 13:31:19 DEBUG ../../../apps/lua/scripts/gateway/main.lua:38  
register [1] service success!
20200926 13:31:19 DEBUG ../../../apps/lua/scripts/gateway/gw_service.lua:29  
connect success to server [Auth server] 127.0.0.1 : 8000
20200926 13:31:25 ERROR d:\c++\moba_game_server\moba_server\netbus\netbus.cc:255  
new client comming 127.0.0.1:50507

20200926 13:31:29 DEBUG d:\c++\moba_game_server\moba_server\netbus\session_uv.cc:42  
write success

20200926 13:31:29 DEBUG d:\c++\moba_game_server\moba_server\netbus\session_uv.cc:42  
write success

20200926 13:31:31 ERROR d:\c++\moba_game_server\moba_server\netbus\netbus.cc:199  
client close!!
20200926 18:37:03 ERROR trunk:0  
table	../../../apps/lua/scripts/database/mysql_auth_center.lua:23: attempt to index a nil value (global 'Mysql')
20200926 18:37:23 ERROR trunk:0  
table	../../../apps/lua/scripts/database/mysql_auth_center.lua:23: attempt to index a nil value (global 'Mysql')
20200926 22:36:12 DEBUG ../../../apps/lua/scripts/gateway/main.lua:30  
Server TCP Start At 6080
20200926 22:36:12 DEBUG ../../../apps/lua/scripts/gateway/main.lua:32  
Server WS Start At 6081
20200926 22:36:12 DEBUG ../../../apps/lua/scripts/gateway/gw_service.lua:39  
connection to server [Auth server] 127.0.0.1 : 8000
20200926 22:36:12 DEBUG ../../../apps/lua/scripts/gateway/main.lua:41  
register [1] service success!
20200926 22:36:12 DEBUG ../../../apps/lua/scripts/gateway/gw_service.lua:29  
connect success to server [Auth server] 127.0.0.1 : 8000
20200926 22:36:12 DEBUG ../../../apps/lua/scripts/database/mysql_auth_center.lua:19  
connect to auth center db success!!!!
20200926 22:40:23 DEBUG ../../../apps/lua/scripts/gateway/main.lua:30  
Server TCP Start At 6080
20200926 22:40:23 DEBUG ../../../apps/lua/scripts/gateway/main.lua:32  
Server WS Start At 6081
20200926 22:40:23 DEBUG ../../../apps/lua/scripts/gateway/gw_service.lua:39  
connection to server [Auth server] 127.0.0.1 : 8000
20200926 22:40:23 DEBUG ../../../apps/lua/scripts/gateway/main.lua:41  
register [1] service success!
20200926 22:40:23 DEBUG ../../../apps/lua/scripts/gateway/gw_service.lua:29  
connect success to server [Auth server] 127.0.0.1 : 8000
20200926 22:40:24 DEBUG ../../../apps/lua/scripts/database/mysql_auth_center.lua:19  
connect to auth center db success!!!!
20200926 22:40:29 ERROR d:\c++\moba_game_server\moba_server\netbus\netbus.cc:255  
new client comming 127.0.0.1:50658

20200926 22:40:31 DEBUG d:\c++\moba_game_server\moba_server\netbus\session_uv.cc:42  
write success

20200926 22:40:31 DEBUG ../../../apps/lua/scripts/gateway/gw_service.lua:125  
gateway disconnect: [Auth server]
20200926 22:40:31 ERROR d:\c++\moba_game_server\moba_server\netbus\netbus.cc:199  
client close!!
20200926 22:40:31 DEBUG ../../../apps/lua/scripts/gateway/gw_service.lua:39  
connection to server [Auth server] 127.0.0.1 : 8000
20200926 22:40:31 DEBUG ../../../apps/lua/scripts/gateway/gw_service.lua:29  
connect success to server [Auth server] 127.0.0.1 : 8000
20200926 22:40:49 DEBUG ../../../apps/lua/scripts/gateway/gw_service.lua:125  
gateway disconnect: [Auth server]
20200926 22:40:49 ERROR d:\c++\moba_game_server\moba_server\netbus\netbus.cc:199  
client close!!
20200926 22:40:49 DEBUG ../../../apps/lua/scripts/gateway/gw_service.lua:39  
connection to server [Auth server] 127.0.0.1 : 8000
20200926 22:40:52 ERROR ../../../apps/lua/scripts/gateway/gw_service.lua:26  
connect failed to server [Auth server] 127.0.0.1 : 8000
20200926 22:40:53 DEBUG ../../../apps/lua/scripts/gateway/gw_service.lua:39  
connection to server [Auth server] 127.0.0.1 : 8000
20200926 22:40:55 ERROR ../../../apps/lua/scripts/gateway/gw_service.lua:26  
connect failed to server [Auth server] 127.0.0.1 : 8000
20200926 22:40:56 DEBUG ../../../apps/lua/scripts/gateway/gw_service.lua:39  
connection to server [Auth server] 127.0.0.1 : 8000
20200926 22:40:56 DEBUG ../../../apps/lua/scripts/gateway/gw_service.lua:29  
connect success to server [Auth server] 127.0.0.1 : 8000
20200926 22:41:02 DEBUG d:\c++\moba_game_server\moba_server\netbus\session_uv.cc:42  
write success

20200926 22:41:02 DEBUG ../../../apps/lua/scripts/gateway/gw_service.lua:125  
gateway disconnect: [Auth server]
20200926 22:41:02 ERROR d:\c++\moba_game_server\moba_server\netbus\netbus.cc:199  
client close!!
20200926 22:41:03 DEBUG ../../../apps/lua/scripts/gateway/gw_service.lua:39  
connection to server [Auth server] 127.0.0.1 : 8000
20200926 22:41:03 DEBUG ../../../apps/lua/scripts/gateway/gw_service.lua:29  
connect success to server [Auth server] 127.0.0.1 : 8000
20200926 22:41:20 DEBUG ../../../apps/lua/scripts/gateway/gw_service.lua:125  
gateway disconnect: [Auth server]
20200926 22:41:20 ERROR d:\c++\moba_game_server\moba_server\netbus\netbus.cc:199  
client close!!
20200926 22:41:21 DEBUG ../../../apps/lua/scripts/gateway/gw_service.lua:39  
connection to server [Auth server] 127.0.0.1 : 8000
20200926 22:41:55 DEBUG ../../../apps/lua/scripts/gateway/main.lua:30  
Server TCP Start At 6080
20200926 22:41:55 DEBUG ../../../apps/lua/scripts/gateway/main.lua:32  
Server WS Start At 6081
20200926 22:41:55 DEBUG ../../../apps/lua/scripts/gateway/gw_service.lua:39  
connection to server [Auth server] 127.0.0.1 : 8000
20200926 22:41:55 DEBUG ../../../apps/lua/scripts/gateway/main.lua:41  
register [1] service success!
20200926 22:41:55 DEBUG ../../../apps/lua/scripts/gateway/gw_service.lua:29  
connect success to server [Auth server] 127.0.0.1 : 8000
20200926 22:41:55 DEBUG ../../../apps/lua/scripts/database/mysql_auth_center.lua:19  
connect to auth center db success!!!!
20200926 22:42:03 ERROR d:\c++\moba_game_server\moba_server\netbus\netbus.cc:255  
new client comming 127.0.0.1:50680

20200926 22:42:05 DEBUG d:\c++\moba_game_server\moba_server\netbus\session_uv.cc:42  
write success

20200926 22:42:35 DEBUG ../../../apps/lua/scripts/gateway/gw_service.lua:125  
gateway disconnect: [Auth server]
20200926 22:42:35 ERROR d:\c++\moba_game_server\moba_server\netbus\netbus.cc:199  
client close!!
20200926 22:42:35 DEBUG ../../../apps/lua/scripts/gateway/gw_service.lua:39  
connection to server [Auth server] 127.0.0.1 : 8000
20200926 22:42:37 ERROR ../../../apps/lua/scripts/gateway/gw_service.lua:26  
connect failed to server [Auth server] 127.0.0.1 : 8000
20200926 22:42:38 DEBUG ../../../apps/lua/scripts/gateway/gw_service.lua:39  
connection to server [Auth server] 127.0.0.1 : 8000
20200926 22:42:38 DEBUG ../../../apps/lua/scripts/gateway/gw_service.lua:29  
connect success to server [Auth server] 127.0.0.1 : 8000
20200926 22:42:42 DEBUG d:\c++\moba_game_server\moba_server\netbus\session_uv.cc:42  
write success

20200926 22:42:44 DEBUG d:\c++\moba_game_server\moba_server\netbus\session_uv.cc:42  
write success

20200926 22:42:45 DEBUG d:\c++\moba_game_server\moba_server\netbus\session_uv.cc:42  
write success

20200926 22:42:45 DEBUG d:\c++\moba_game_server\moba_server\netbus\session_uv.cc:42  
write success

20200926 22:51:03 DEBUG ../../../apps/lua/scripts/gateway/main.lua:30  
Server TCP Start At 6080
20200926 22:51:03 DEBUG ../../../apps/lua/scripts/gateway/main.lua:32  
Server WS Start At 6081
20200926 22:51:03 DEBUG ../../../apps/lua/scripts/gateway/gw_service.lua:39  
connection to server [Auth server] 127.0.0.1 : 8000
20200926 22:51:03 DEBUG ../../../apps/lua/scripts/gateway/main.lua:41  
register [1] service success!
20200926 22:51:03 DEBUG ../../../apps/lua/scripts/gateway/gw_service.lua:29  
connect success to server [Auth server] 127.0.0.1 : 8000
20200926 22:51:03 DEBUG ../../../apps/lua/scripts/database/mysql_auth_center.lua:19  
connect to auth center db success!!!!
20200926 22:51:07 ERROR d:\c++\moba_game_server\moba_server\netbus\netbus.cc:255  
new client comming 127.0.0.1:50724

20200926 22:51:08 DEBUG d:\c++\moba_game_server\moba_server\netbus\session_uv.cc:42  
write success

20200926 23:02:27 ERROR d:\c++\moba_game_server\moba_server\netbus\netbus.cc:199  
client close!!
20200926 23:02:28 DEBUG ../../../apps/lua/scripts/gateway/gw_service.lua:125  
gateway disconnect: [Auth server]
20200926 23:02:28 ERROR d:\c++\moba_game_server\moba_server\netbus\netbus.cc:199  
client close!!
20200926 23:02:28 DEBUG ../../../apps/lua/scripts/gateway/gw_service.lua:39  
connection to server [Auth server] 127.0.0.1 : 8000
20200926 23:02:29 ERROR d:\c++\moba_game_server\moba_server\netbus\netbus.cc:255  
new client comming 127.0.0.1:50752

