20201120 00:16:39 DEBUG ../../../apps/lua/scripts/gateway/main.lua:29  
Server TCP Start At 6080
20201120 00:16:39 DEBUG ../../../apps/lua/scripts/gateway/main.lua:31  
Server WS Start At 6081
20201120 00:16:39 DEBUG ../../../apps/lua/scripts/gateway/gw_service.lua:41  
connection to server [Auth server] 127.0.0.1 : 8000
20201120 00:16:39 DEBUG ../../../apps/lua/scripts/gateway/gw_service.lua:41  
connection to server [nil] 127.0.0.1 : 8001
20201120 00:16:39 DEBUG ../../../apps/lua/scripts/gateway/main.lua:40  
register [1] service success!
20201120 00:16:39 DEBUG ../../../apps/lua/scripts/gateway/main.lua:40  
register [2] service success!
20201120 00:16:39 DEBUG ../../../apps/lua/scripts/gateway/gw_service.lua:31  
connect success to server [Auth server] 127.0.0.1 : 8000
20201120 00:16:39 DEBUG ../../../apps/lua/scripts/database/mysql_auth_center.lua:19  
connect to auth center db success!!!!
20201120 00:16:41 DEBUG ../../../apps/lua/scripts/gateway/gw_service.lua:31  
connect success to server [nil] 127.0.0.1 : 8001
20201120 00:16:45 ERROR d:\c++\moba_game_server\moba_server\netbus\netbus.cc:255  
new client comming 127.0.0.1:51153

20201120 00:16:49 DEBUG ../../../apps/lua/scripts/gateway/gw_service.lua:129  
send_to_server	1	9	0	127.0.0.1	51153
20201120 00:16:49 DEBUG ../../../apps/lua/scripts/gateway/gw_service.lua:141  
================utag	0
20201120 00:16:49 DEBUG d:\c++\moba_game_server\moba_server\netbus\session_uv.cc:42  
write success

20201120 00:16:49 DEBUG d:\c++\moba_game_server\moba_server\netbus\session_uv.cc:42  
write success

20201120 00:16:49 DEBUG ../../../apps/lua/scripts/gateway/gw_service.lua:129  
send_to_server	2	13	0	127.0.0.1	51153
20201120 00:16:49 DEBUG d:\c++\moba_game_server\moba_server\netbus\session_uv.cc:42  
write success

20201120 00:16:49 DEBUG ../../../apps/lua/scripts/gateway/gw_service.lua:106  
41
20201120 00:16:49 DEBUG d:\c++\moba_game_server\moba_server\netbus\session_uv.cc:42  
write success

20201120 00:17:20 ERROR d:\c++\moba_game_server\moba_server\netbus\netbus.cc:199  
client close!!
20201120 00:17:20 DEBUG d:\c++\moba_game_server\moba_server\netbus\session_uv.cc:42  
write success

20201120 00:17:20 DEBUG d:\c++\moba_game_server\moba_server\netbus\session_uv.cc:42  
write success

20201120 00:18:22 ERROR d:\c++\moba_game_server\moba_server\netbus\netbus.cc:255  
new client comming 127.0.0.1:51175

20201120 00:18:26 DEBUG ../../../apps/lua/scripts/gateway/gw_service.lua:129  
send_to_server	1	9	0	127.0.0.1	51175
20201120 00:18:26 DEBUG ../../../apps/lua/scripts/gateway/gw_service.lua:141  
================utag	0
20201120 00:18:26 DEBUG d:\c++\moba_game_server\moba_server\netbus\session_uv.cc:42  
write success

20201120 00:18:26 DEBUG d:\c++\moba_game_server\moba_server\netbus\session_uv.cc:42  
write success

20201120 00:18:26 DEBUG ../../../apps/lua/scripts/gateway/gw_service.lua:129  
send_to_server	2	13	0	127.0.0.1	51175
20201120 00:18:26 DEBUG d:\c++\moba_game_server\moba_server\netbus\session_uv.cc:42  
write success

20201120 00:18:26 DEBUG ../../../apps/lua/scripts/gateway/gw_service.lua:106  
41
20201120 00:18:26 DEBUG d:\c++\moba_game_server\moba_server\netbus\session_uv.cc:42  
write success

20201120 00:18:47 ERROR d:\c++\moba_game_server\moba_server\netbus\netbus.cc:199  
client close!!
20201120 00:18:47 DEBUG d:\c++\moba_game_server\moba_server\netbus\session_uv.cc:42  
write success

20201120 00:18:47 DEBUG d:\c++\moba_game_server\moba_server\netbus\session_uv.cc:42  
write success

20201120 00:19:09 ERROR d:\c++\moba_game_server\moba_server\netbus\netbus.cc:255  
new client comming 127.0.0.1:51188

20201120 00:19:14 DEBUG ../../../apps/lua/scripts/gateway/gw_service.lua:129  
send_to_server	1	9	0	127.0.0.1	51188
20201120 00:19:14 DEBUG ../../../apps/lua/scripts/gateway/gw_service.lua:141  
================utag	0
20201120 00:19:14 DEBUG d:\c++\moba_game_server\moba_server\netbus\session_uv.cc:42  
write success

20201120 00:19:14 DEBUG d:\c++\moba_game_server\moba_server\netbus\session_uv.cc:42  
write success

20201120 00:19:14 DEBUG ../../../apps/lua/scripts/gateway/gw_service.lua:129  
send_to_server	2	13	0	127.0.0.1	51188
20201120 00:19:14 DEBUG d:\c++\moba_game_server\moba_server\netbus\session_uv.cc:42  
write success

20201120 00:19:14 DEBUG ../../../apps/lua/scripts/gateway/gw_service.lua:106  
41
20201120 00:19:14 DEBUG d:\c++\moba_game_server\moba_server\netbus\session_uv.cc:42  
write success

20201120 00:19:17 ERROR d:\c++\moba_game_server\moba_server\netbus\netbus.cc:199  
client close!!
20201120 00:19:17 DEBUG d:\c++\moba_game_server\moba_server\netbus\session_uv.cc:42  
write success

20201120 00:19:17 DEBUG d:\c++\moba_game_server\moba_server\netbus\session_uv.cc:42  
write success

20201120 00:20:41 ERROR d:\c++\moba_game_server\moba_server\netbus\netbus.cc:255  
new client comming 127.0.0.1:51208

20201120 00:20:44 DEBUG ../../../apps/lua/scripts/gateway/gw_service.lua:129  
send_to_server	1	9	0	127.0.0.1	51208
20201120 00:20:44 DEBUG ../../../apps/lua/scripts/gateway/gw_service.lua:141  
================utag	0
20201120 00:20:44 DEBUG d:\c++\moba_game_server\moba_server\netbus\session_uv.cc:42  
write success

20201120 00:20:44 DEBUG d:\c++\moba_game_server\moba_server\netbus\session_uv.cc:42  
write success

20201120 00:20:44 DEBUG ../../../apps/lua/scripts/gateway/gw_service.lua:129  
send_to_server	2	13	0	127.0.0.1	51208
20201120 00:20:44 DEBUG d:\c++\moba_game_server\moba_server\netbus\session_uv.cc:42  
write success

20201120 00:20:44 DEBUG ../../../apps/lua/scripts/gateway/gw_service.lua:106  
41
20201120 00:20:44 DEBUG d:\c++\moba_game_server\moba_server\netbus\session_uv.cc:42  
write success

20201120 00:21:13 ERROR d:\c++\moba_game_server\moba_server\netbus\netbus.cc:199  
client close!!
20201120 00:21:13 DEBUG d:\c++\moba_game_server\moba_server\netbus\session_uv.cc:42  
write success

20201120 00:21:13 DEBUG d:\c++\moba_game_server\moba_server\netbus\session_uv.cc:42  
write success

20201120 00:41:37 ERROR d:\c++\moba_game_server\moba_server\netbus\netbus.cc:255  
new client comming 127.0.0.1:51378

20201120 00:41:41 DEBUG ../../../apps/lua/scripts/gateway/gw_service.lua:129  
send_to_server	1	9	0	127.0.0.1	51378
20201120 00:41:41 DEBUG ../../../apps/lua/scripts/gateway/gw_service.lua:141  
================utag	0
20201120 00:41:41 DEBUG d:\c++\moba_game_server\moba_server\netbus\session_uv.cc:42  
write success

20201120 00:41:41 DEBUG d:\c++\moba_game_server\moba_server\netbus\session_uv.cc:42  
write success

20201120 00:41:41 DEBUG ../../../apps/lua/scripts/gateway/gw_service.lua:129  
send_to_server	2	13	0	127.0.0.1	51378
20201120 00:41:41 DEBUG d:\c++\moba_game_server\moba_server\netbus\session_uv.cc:42  
write success

20201120 00:41:41 DEBUG ../../../apps/lua/scripts/gateway/gw_service.lua:106  
41
20201120 00:41:41 DEBUG d:\c++\moba_game_server\moba_server\netbus\session_uv.cc:42  
write success

20201120 00:41:43 DEBUG ../../../apps/lua/scripts/gateway/gw_service.lua:129  
send_to_server	2	15	0	127.0.0.1	51378
20201120 00:41:43 DEBUG d:\c++\moba_game_server\moba_server\netbus\session_uv.cc:42  
write success

20201120 00:41:57 ERROR d:\c++\moba_game_server\moba_server\netbus\netbus.cc:199  
client close!!
20201120 00:41:57 DEBUG d:\c++\moba_game_server\moba_server\netbus\session_uv.cc:42  
write success

20201120 00:41:57 DEBUG d:\c++\moba_game_server\moba_server\netbus\session_uv.cc:42  
write success

20201120 00:43:40 ERROR d:\c++\moba_game_server\moba_server\netbus\netbus.cc:255  
new client comming 127.0.0.1:51410

20201120 00:43:44 DEBUG ../../../apps/lua/scripts/gateway/gw_service.lua:129  
send_to_server	1	9	0	127.0.0.1	51410
20201120 00:43:44 DEBUG ../../../apps/lua/scripts/gateway/gw_service.lua:141  
================utag	0
20201120 00:43:44 DEBUG d:\c++\moba_game_server\moba_server\netbus\session_uv.cc:42  
write success

20201120 00:43:44 DEBUG d:\c++\moba_game_server\moba_server\netbus\session_uv.cc:42  
write success

20201120 00:43:44 DEBUG ../../../apps/lua/scripts/gateway/gw_service.lua:129  
send_to_server	2	13	0	127.0.0.1	51410
20201120 00:43:44 DEBUG d:\c++\moba_game_server\moba_server\netbus\session_uv.cc:42  
write success

20201120 00:43:44 DEBUG ../../../apps/lua/scripts/gateway/gw_service.lua:106  
41
20201120 00:43:44 DEBUG d:\c++\moba_game_server\moba_server\netbus\session_uv.cc:42  
write success

20201120 00:44:15 ERROR d:\c++\moba_game_server\moba_server\netbus\netbus.cc:199  
client close!!
20201120 00:44:15 DEBUG d:\c++\moba_game_server\moba_server\netbus\session_uv.cc:42  
write success

20201120 00:44:15 DEBUG d:\c++\moba_game_server\moba_server\netbus\session_uv.cc:42  
write success

20201120 00:44:32 DEBUG ../../../apps/lua/scripts/gateway/gw_service.lua:179  
gateway disconnect: [nil]
20201120 00:44:32 ERROR d:\c++\moba_game_server\moba_server\netbus\netbus.cc:199  
client close!!
