20201119 00:26:48 DEBUG ../../../apps/lua/scripts/gateway/main.lua:29  
Server TCP Start At 6080
20201119 00:26:48 DEBUG ../../../apps/lua/scripts/gateway/main.lua:31  
Server WS Start At 6081
20201119 00:26:48 DEBUG ../../../apps/lua/scripts/gateway/gw_service.lua:41  
connection to server [Auth server] 127.0.0.1 : 8000
20201119 00:26:48 DEBUG ../../../apps/lua/scripts/gateway/gw_service.lua:41  
connection to server [nil] 127.0.0.1 : 8001
20201119 00:26:48 DEBUG ../../../apps/lua/scripts/gateway/main.lua:40  
register [1] service success!
20201119 00:26:48 DEBUG ../../../apps/lua/scripts/gateway/main.lua:40  
register [2] service success!
20201119 00:26:48 DEBUG ../../../apps/lua/scripts/gateway/gw_service.lua:31  
connect success to server [Auth server] 127.0.0.1 : 8000
20201119 00:26:48 DEBUG ../../../apps/lua/scripts/database/mysql_auth_center.lua:19  
connect to auth center db success!!!!
20201119 00:26:50 DEBUG ../../../apps/lua/scripts/gateway/gw_service.lua:31  
connect success to server [nil] 127.0.0.1 : 8001
20201119 00:26:55 DEBUG ../../../apps/lua/scripts/gateway/gw_service.lua:179  
gateway disconnect: [nil]
20201119 00:26:55 ERROR d:\c++\moba_game_server\moba_server\netbus\netbus.cc:199  
client close!!
20201119 00:26:56 DEBUG ../../../apps/lua/scripts/gateway/gw_service.lua:41  
connection to server [nil] 127.0.0.1 : 8001
20201119 00:27:33 DEBUG ../../../apps/lua/scripts/gateway/main.lua:29  
Server TCP Start At 6080
20201119 00:27:33 DEBUG ../../../apps/lua/scripts/gateway/main.lua:31  
Server WS Start At 6081
20201119 00:27:33 DEBUG ../../../apps/lua/scripts/gateway/gw_service.lua:41  
connection to server [Auth server] 127.0.0.1 : 8000
20201119 00:27:33 DEBUG ../../../apps/lua/scripts/gateway/gw_service.lua:41  
connection to server [nil] 127.0.0.1 : 8001
20201119 00:27:33 DEBUG ../../../apps/lua/scripts/gateway/main.lua:40  
register [1] service success!
20201119 00:27:33 DEBUG ../../../apps/lua/scripts/gateway/main.lua:40  
register [2] service success!
20201119 00:27:33 DEBUG ../../../apps/lua/scripts/gateway/gw_service.lua:31  
connect success to server [Auth server] 127.0.0.1 : 8000
20201119 00:27:33 DEBUG ../../../apps/lua/scripts/database/mysql_auth_center.lua:19  
connect to auth center db success!!!!
20201119 00:27:35 DEBUG ../../../apps/lua/scripts/gateway/gw_service.lua:31  
connect success to server [nil] 127.0.0.1 : 8001
20201119 00:30:16 ERROR d:\c++\moba_game_server\moba_server\netbus\netbus.cc:255  
new client comming 127.0.0.1:51542

20201119 00:30:21 DEBUG ../../../apps/lua/scripts/gateway/gw_service.lua:129  
send_to_server	1	9	0	127.0.0.1	51542
20201119 00:30:21 DEBUG ../../../apps/lua/scripts/gateway/gw_service.lua:141  
================utag	0
20201119 00:30:21 DEBUG d:\c++\moba_game_server\moba_server\netbus\session_uv.cc:42  
write success

20201119 00:30:21 DEBUG d:\c++\moba_game_server\moba_server\netbus\session_uv.cc:42  
write success

20201119 00:30:21 DEBUG ../../../apps/lua/scripts/gateway/gw_service.lua:129  
send_to_server	2	13	0	127.0.0.1	51542
20201119 00:30:21 DEBUG d:\c++\moba_game_server\moba_server\netbus\session_uv.cc:42  
write success

20201119 00:30:21 DEBUG ../../../apps/lua/scripts/gateway/gw_service.lua:106  
41
20201119 00:30:21 DEBUG d:\c++\moba_game_server\moba_server\netbus\session_uv.cc:42  
write success

20201119 00:31:33 DEBUG ../../../apps/lua/scripts/gateway/gw_service.lua:179  
gateway disconnect: [nil]
20201119 00:31:33 ERROR d:\c++\moba_game_server\moba_server\netbus\netbus.cc:199  
client close!!
20201119 00:31:34 DEBUG ../../../apps/lua/scripts/gateway/gw_service.lua:41  
connection to server [nil] 127.0.0.1 : 8001
20201119 00:31:36 ERROR ../../../apps/lua/scripts/gateway/gw_service.lua:28  
connect failed to server [nil] 127.0.0.1 : 8001
20201119 00:31:37 DEBUG ../../../apps/lua/scripts/gateway/gw_service.lua:41  
connection to server [nil] 127.0.0.1 : 8001
20201119 00:31:38 DEBUG ../../../apps/lua/scripts/gateway/gw_service.lua:31  
connect success to server [nil] 127.0.0.1 : 8001
20201119 00:31:40 DEBUG ../../../apps/lua/scripts/gateway/gw_service.lua:129  
send_to_server	1	9	0	127.0.0.1	51542
20201119 00:31:40 DEBUG ../../../apps/lua/scripts/gateway/gw_service.lua:141  
================utag	1
20201119 00:31:40 DEBUG d:\c++\moba_game_server\moba_server\netbus\session_uv.cc:42  
write success

20201119 00:31:40 DEBUG d:\c++\moba_game_server\moba_server\netbus\session_uv.cc:42  
write success

20201119 00:31:40 DEBUG ../../../apps/lua/scripts/gateway/gw_service.lua:129  
send_to_server	2	13	0	127.0.0.1	51542
20201119 00:31:40 DEBUG d:\c++\moba_game_server\moba_server\netbus\session_uv.cc:42  
write success

20201119 00:31:40 DEBUG ../../../apps/lua/scripts/gateway/gw_service.lua:106  
41
20201119 00:31:40 DEBUG d:\c++\moba_game_server\moba_server\netbus\session_uv.cc:42  
write success

20201119 00:35:32 DEBUG ../../../apps/lua/scripts/gateway/gw_service.lua:179  
gateway disconnect: [nil]
20201119 00:35:32 ERROR d:\c++\moba_game_server\moba_server\netbus\netbus.cc:199  
client close!!
20201119 00:35:33 DEBUG ../../../apps/lua/scripts/gateway/gw_service.lua:41  
connection to server [nil] 127.0.0.1 : 8001
20201119 00:35:35 ERROR ../../../apps/lua/scripts/gateway/gw_service.lua:28  
connect failed to server [nil] 127.0.0.1 : 8001
20201119 00:35:36 DEBUG ../../../apps/lua/scripts/gateway/gw_service.lua:41  
connection to server [nil] 127.0.0.1 : 8001
20201119 00:35:36 DEBUG ../../../apps/lua/scripts/gateway/gw_service.lua:31  
connect success to server [nil] 127.0.0.1 : 8001
20201119 00:35:39 DEBUG ../../../apps/lua/scripts/gateway/gw_service.lua:129  
send_to_server	1	9	0	127.0.0.1	51542
20201119 00:35:39 DEBUG ../../../apps/lua/scripts/gateway/gw_service.lua:141  
================utag	1
20201119 00:35:39 DEBUG d:\c++\moba_game_server\moba_server\netbus\session_uv.cc:42  
write success

20201119 00:35:39 DEBUG d:\c++\moba_game_server\moba_server\netbus\session_uv.cc:42  
write success

20201119 00:35:39 DEBUG ../../../apps/lua/scripts/gateway/gw_service.lua:129  
send_to_server	2	13	0	127.0.0.1	51542
20201119 00:35:39 DEBUG d:\c++\moba_game_server\moba_server\netbus\session_uv.cc:42  
write success

20201119 00:35:40 DEBUG ../../../apps/lua/scripts/gateway/gw_service.lua:106  
41
20201119 00:35:40 DEBUG d:\c++\moba_game_server\moba_server\netbus\session_uv.cc:42  
write success

20201119 00:42:59 DEBUG ../../../apps/lua/scripts/gateway/gw_service.lua:179  
gateway disconnect: [nil]
20201119 00:42:59 ERROR d:\c++\moba_game_server\moba_server\netbus\netbus.cc:199  
client close!!
20201119 00:42:59 DEBUG ../../../apps/lua/scripts/gateway/gw_service.lua:41  
connection to server [nil] 127.0.0.1 : 8001
20201119 00:43:01 ERROR ../../../apps/lua/scripts/gateway/gw_service.lua:28  
connect failed to server [nil] 127.0.0.1 : 8001
20201119 00:43:02 DEBUG ../../../apps/lua/scripts/gateway/gw_service.lua:41  
connection to server [nil] 127.0.0.1 : 8001
20201119 00:43:02 DEBUG ../../../apps/lua/scripts/gateway/gw_service.lua:31  
connect success to server [nil] 127.0.0.1 : 8001
20201119 00:43:04 DEBUG ../../../apps/lua/scripts/gateway/gw_service.lua:129  
send_to_server	1	9	0	127.0.0.1	51542
20201119 00:43:04 DEBUG ../../../apps/lua/scripts/gateway/gw_service.lua:141  
================utag	1
20201119 00:43:04 DEBUG d:\c++\moba_game_server\moba_server\netbus\session_uv.cc:42  
write success

20201119 00:43:04 DEBUG d:\c++\moba_game_server\moba_server\netbus\session_uv.cc:42  
write success

20201119 00:43:04 DEBUG ../../../apps/lua/scripts/gateway/gw_service.lua:129  
send_to_server	2	13	0	127.0.0.1	51542
20201119 00:43:04 DEBUG d:\c++\moba_game_server\moba_server\netbus\session_uv.cc:42  
write success

20201119 00:43:04 DEBUG ../../../apps/lua/scripts/gateway/gw_service.lua:106  
41
20201119 00:43:04 DEBUG d:\c++\moba_game_server\moba_server\netbus\session_uv.cc:42  
write success

20201119 00:43:09 ERROR d:\c++\moba_game_server\moba_server\netbus\netbus.cc:199  
client close!!
20201119 00:43:09 DEBUG d:\c++\moba_game_server\moba_server\netbus\session_uv.cc:42  
write success

20201119 00:43:09 DEBUG d:\c++\moba_game_server\moba_server\netbus\session_uv.cc:42  
write success

20201119 00:43:13 DEBUG ../../../apps/lua/scripts/gateway/gw_service.lua:179  
gateway disconnect: [nil]
20201119 00:43:13 ERROR d:\c++\moba_game_server\moba_server\netbus\netbus.cc:199  
client close!!
