20201205 13:52:24 DEBUG ../../../apps/lua/scripts/gateway/main.lua:29  
Server TCP Start At 6080
20201205 13:52:24 DEBUG ../../../apps/lua/scripts/gateway/main.lua:31  
Server WS Start At 6081
20201205 13:52:25 DEBUG ../../../apps/lua/scripts/gateway/gw_service.lua:41  
connection to server [Auth server] 127.0.0.1 : 8000
20201205 13:52:25 DEBUG ../../../apps/lua/scripts/gateway/gw_service.lua:41  
connection to server [System server] 127.0.0.1 : 8001
20201205 13:52:25 DEBUG ../../../apps/lua/scripts/gateway/gw_service.lua:41  
connection to server [Logic server] 127.0.0.1 : 8002
20201205 13:52:25 DEBUG ../../../apps/lua/scripts/gateway/main.lua:40  
register [1] service success!
20201205 13:52:25 DEBUG ../../../apps/lua/scripts/gateway/main.lua:40  
register [2] service success!
20201205 13:52:25 DEBUG ../../../apps/lua/scripts/gateway/main.lua:40  
register [3] service success!
20201205 13:52:25 DEBUG ../../../apps/lua/scripts/database/mysql_auth_center.lua:27  
connect to auth center db success!!!!
20201205 13:52:25 DEBUG ../../../apps/lua/scripts/gateway/gw_service.lua:31  
connect success to server [Logic server] 127.0.0.1 : 8002
20201205 13:52:27 ERROR ../../../apps/lua/scripts/gateway/gw_service.lua:28  
connect failed to server [Auth server] 127.0.0.1 : 8000
20201205 13:52:27 ERROR ../../../apps/lua/scripts/gateway/gw_service.lua:28  
connect failed to server [System server] 127.0.0.1 : 8001
20201205 13:52:27 DEBUG ../../../apps/lua/scripts/gateway/gw_service.lua:41  
connection to server [Auth server] 127.0.0.1 : 8000
20201205 13:52:27 DEBUG ../../../apps/lua/scripts/gateway/gw_service.lua:41  
connection to server [System server] 127.0.0.1 : 8001
20201205 13:52:28 DEBUG ../../../apps/lua/scripts/gateway/gw_service.lua:31  
connect success to server [Auth server] 127.0.0.1 : 8000
20201205 13:52:29 ERROR ../../../apps/lua/scripts/gateway/gw_service.lua:28  
connect failed to server [System server] 127.0.0.1 : 8001
20201205 13:52:30 DEBUG ../../../apps/lua/scripts/gateway/gw_service.lua:41  
connection to server [System server] 127.0.0.1 : 8001
20201205 13:52:30 DEBUG ../../../apps/lua/scripts/gateway/gw_service.lua:31  
connect success to server [System server] 127.0.0.1 : 8001
20201205 13:52:33 ERROR d:\c++\moba_game_server\moba_server\netbus\netbus.cc:255  
new client comming 127.0.0.1:64325

20201205 13:52:35 DEBUG ../../../apps/lua/scripts/gateway/gw_service.lua:129  
send_to_server	1	1	0	127.0.0.1	64325
20201205 13:52:35 DEBUG ../../../apps/lua/scripts/gateway/gw_service.lua:141  
================utag	0
20201205 13:52:35 DEBUG d:\c++\moba_game_server\moba_server\netbus\session_uv.cc:42  
write success

20201205 13:52:35 DEBUG d:\c++\moba_game_server\moba_server\netbus\session_uv.cc:42  
write success

20201205 13:52:35 DEBUG ../../../apps/lua/scripts/gateway/gw_service.lua:129  
send_to_server	2	13	0	127.0.0.1	64325
20201205 13:52:35 DEBUG d:\c++\moba_game_server\moba_server\netbus\session_uv.cc:42  
write success

20201205 13:52:35 DEBUG ../../../apps/lua/scripts/gateway/gw_service.lua:106  
45
20201205 13:52:35 DEBUG d:\c++\moba_game_server\moba_server\netbus\session_uv.cc:42  
write success

20201205 13:52:35 DEBUG ../../../apps/lua/scripts/gateway/gw_service.lua:129  
send_to_server	3	21	0	127.0.0.1	64325
20201205 13:52:35 DEBUG d:\c++\moba_game_server\moba_server\netbus\session_uv.cc:42  
write success

20201205 13:52:35 DEBUG ../../../apps/lua/scripts/gateway/gw_service.lua:106  
45
20201205 13:52:35 DEBUG d:\c++\moba_game_server\moba_server\netbus\session_uv.cc:42  
write success

20201205 13:52:38 ERROR d:\c++\moba_game_server\moba_server\netbus\netbus.cc:199  
client close!!
20201205 13:52:38 DEBUG d:\c++\moba_game_server\moba_server\netbus\session_uv.cc:42  
write success

20201205 13:52:38 DEBUG d:\c++\moba_game_server\moba_server\netbus\session_uv.cc:42  
write success

20201205 13:52:38 DEBUG d:\c++\moba_game_server\moba_server\netbus\session_uv.cc:42  
write success

20201205 13:52:41 ERROR d:\c++\moba_game_server\moba_server\netbus\netbus.cc:255  
new client comming 127.0.0.1:64329

20201205 13:52:52 DEBUG ../../../apps/lua/scripts/gateway/gw_service.lua:129  
send_to_server	1	1	0	127.0.0.1	64329
20201205 13:52:52 DEBUG ../../../apps/lua/scripts/gateway/gw_service.lua:141  
================utag	0
20201205 13:52:52 DEBUG d:\c++\moba_game_server\moba_server\netbus\session_uv.cc:42  
write success

20201205 13:52:52 DEBUG d:\c++\moba_game_server\moba_server\netbus\session_uv.cc:42  
write success

20201205 13:52:53 DEBUG ../../../apps/lua/scripts/gateway/gw_service.lua:129  
send_to_server	2	13	0	127.0.0.1	64329
20201205 13:52:53 DEBUG d:\c++\moba_game_server\moba_server\netbus\session_uv.cc:42  
write success

20201205 13:52:53 DEBUG ../../../apps/lua/scripts/gateway/gw_service.lua:106  
46
20201205 13:52:53 DEBUG d:\c++\moba_game_server\moba_server\netbus\session_uv.cc:42  
write success

20201205 13:52:53 DEBUG ../../../apps/lua/scripts/gateway/gw_service.lua:129  
send_to_server	3	21	0	127.0.0.1	64329
20201205 13:52:53 DEBUG d:\c++\moba_game_server\moba_server\netbus\session_uv.cc:42  
write success

20201205 13:52:53 DEBUG ../../../apps/lua/scripts/gateway/gw_service.lua:106  
46
20201205 13:52:53 DEBUG d:\c++\moba_game_server\moba_server\netbus\session_uv.cc:42  
write success

20201205 13:53:12 ERROR d:\c++\moba_game_server\moba_server\netbus\netbus.cc:199  
client close!!
20201205 13:53:12 DEBUG d:\c++\moba_game_server\moba_server\netbus\session_uv.cc:42  
write success

20201205 13:53:12 DEBUG d:\c++\moba_game_server\moba_server\netbus\session_uv.cc:42  
write success

20201205 13:53:12 DEBUG d:\c++\moba_game_server\moba_server\netbus\session_uv.cc:42  
write success

20201205 13:53:14 ERROR d:\c++\moba_game_server\moba_server\netbus\netbus.cc:255  
new client comming 127.0.0.1:64333

20201205 13:53:39 DEBUG ../../../apps/lua/scripts/gateway/gw_service.lua:129  
send_to_server	1	1	0	127.0.0.1	64333
20201205 13:53:40 DEBUG ../../../apps/lua/scripts/gateway/gw_service.lua:141  
================utag	0
20201205 13:53:40 DEBUG d:\c++\moba_game_server\moba_server\netbus\session_uv.cc:42  
write success

20201205 13:53:40 DEBUG d:\c++\moba_game_server\moba_server\netbus\session_uv.cc:42  
write success

20201205 13:53:40 DEBUG ../../../apps/lua/scripts/gateway/gw_service.lua:129  
send_to_server	2	13	0	127.0.0.1	64333
20201205 13:53:40 DEBUG d:\c++\moba_game_server\moba_server\netbus\session_uv.cc:42  
write success

20201205 13:53:40 DEBUG ../../../apps/lua/scripts/gateway/gw_service.lua:106  
47
20201205 13:53:40 DEBUG d:\c++\moba_game_server\moba_server\netbus\session_uv.cc:42  
write success

20201205 13:53:40 DEBUG ../../../apps/lua/scripts/gateway/gw_service.lua:129  
send_to_server	3	21	0	127.0.0.1	64333
20201205 13:53:40 DEBUG d:\c++\moba_game_server\moba_server\netbus\session_uv.cc:42  
write success

20201205 13:53:40 DEBUG ../../../apps/lua/scripts/gateway/gw_service.lua:106  
47
20201205 13:53:40 DEBUG d:\c++\moba_game_server\moba_server\netbus\session_uv.cc:42  
write success

20201205 13:53:41 ERROR d:\c++\moba_game_server\moba_server\netbus\netbus.cc:199  
client close!!
20201205 13:53:41 DEBUG d:\c++\moba_game_server\moba_server\netbus\session_uv.cc:42  
write success

20201205 13:53:41 DEBUG d:\c++\moba_game_server\moba_server\netbus\session_uv.cc:42  
write success

20201205 13:53:41 DEBUG d:\c++\moba_game_server\moba_server\netbus\session_uv.cc:42  
write success

20201205 13:53:44 ERROR d:\c++\moba_game_server\moba_server\netbus\netbus.cc:255  
new client comming 127.0.0.1:64337

20201205 13:53:47 DEBUG ../../../apps/lua/scripts/gateway/gw_service.lua:129  
send_to_server	1	1	0	127.0.0.1	64337
20201205 13:53:47 DEBUG ../../../apps/lua/scripts/gateway/gw_service.lua:141  
================utag	0
20201205 13:53:47 DEBUG d:\c++\moba_game_server\moba_server\netbus\session_uv.cc:42  
write success

20201205 13:53:47 DEBUG d:\c++\moba_game_server\moba_server\netbus\session_uv.cc:42  
write success

20201205 13:53:47 DEBUG ../../../apps/lua/scripts/gateway/gw_service.lua:129  
send_to_server	2	13	0	127.0.0.1	64337
20201205 13:53:47 DEBUG d:\c++\moba_game_server\moba_server\netbus\session_uv.cc:42  
write success

20201205 13:53:47 DEBUG ../../../apps/lua/scripts/gateway/gw_service.lua:106  
48
20201205 13:53:47 DEBUG d:\c++\moba_game_server\moba_server\netbus\session_uv.cc:42  
write success

20201205 13:53:47 DEBUG ../../../apps/lua/scripts/gateway/gw_service.lua:129  
send_to_server	3	21	0	127.0.0.1	64337
20201205 13:53:47 DEBUG d:\c++\moba_game_server\moba_server\netbus\session_uv.cc:42  
write success

20201205 13:53:47 DEBUG ../../../apps/lua/scripts/gateway/gw_service.lua:106  
48
20201205 13:53:47 DEBUG d:\c++\moba_game_server\moba_server\netbus\session_uv.cc:42  
write success

20201205 13:53:50 ERROR d:\c++\moba_game_server\moba_server\netbus\netbus.cc:199  
client close!!
20201205 13:53:50 DEBUG d:\c++\moba_game_server\moba_server\netbus\session_uv.cc:42  
write success

20201205 13:53:50 DEBUG d:\c++\moba_game_server\moba_server\netbus\session_uv.cc:42  
write success

20201205 13:53:50 DEBUG d:\c++\moba_game_server\moba_server\netbus\session_uv.cc:42  
write success

20201205 13:54:20 ERROR d:\c++\moba_game_server\moba_server\netbus\netbus.cc:255  
new client comming 127.0.0.1:64341

20201205 13:54:21 DEBUG ../../../apps/lua/scripts/gateway/gw_service.lua:129  
send_to_server	1	1	0	127.0.0.1	64341
20201205 13:54:21 DEBUG ../../../apps/lua/scripts/gateway/gw_service.lua:141  
================utag	0
20201205 13:54:21 DEBUG d:\c++\moba_game_server\moba_server\netbus\session_uv.cc:42  
write success

20201205 13:54:21 DEBUG d:\c++\moba_game_server\moba_server\netbus\session_uv.cc:42  
write success

20201205 13:54:22 DEBUG ../../../apps/lua/scripts/gateway/gw_service.lua:129  
send_to_server	2	13	0	127.0.0.1	64341
20201205 13:54:22 DEBUG d:\c++\moba_game_server\moba_server\netbus\session_uv.cc:42  
write success

20201205 13:54:22 DEBUG ../../../apps/lua/scripts/gateway/gw_service.lua:106  
49
20201205 13:54:22 DEBUG d:\c++\moba_game_server\moba_server\netbus\session_uv.cc:42  
write success

20201205 13:54:22 DEBUG ../../../apps/lua/scripts/gateway/gw_service.lua:129  
send_to_server	3	21	0	127.0.0.1	64341
20201205 13:54:22 DEBUG d:\c++\moba_game_server\moba_server\netbus\session_uv.cc:42  
write success

20201205 13:54:22 DEBUG ../../../apps/lua/scripts/gateway/gw_service.lua:106  
49
20201205 13:54:22 DEBUG d:\c++\moba_game_server\moba_server\netbus\session_uv.cc:42  
write success

20201205 13:54:23 ERROR d:\c++\moba_game_server\moba_server\netbus\netbus.cc:199  
client close!!
20201205 13:54:23 DEBUG d:\c++\moba_game_server\moba_server\netbus\session_uv.cc:42  
write success

20201205 13:54:23 DEBUG d:\c++\moba_game_server\moba_server\netbus\session_uv.cc:42  
write success

20201205 13:54:23 DEBUG d:\c++\moba_game_server\moba_server\netbus\session_uv.cc:42  
write success

20201205 13:54:31 DEBUG ../../../apps/lua/scripts/gateway/gw_service.lua:179  
gateway disconnect: [System server]
20201205 13:54:31 ERROR d:\c++\moba_game_server\moba_server\netbus\netbus.cc:199  
client close!!
20201205 13:54:32 DEBUG ../../../apps/lua/scripts/gateway/gw_service.lua:41  
connection to server [System server] 127.0.0.1 : 8001
20201205 13:54:33 DEBUG ../../../apps/lua/scripts/gateway/gw_service.lua:179  
gateway disconnect: [Auth server]
20201205 13:54:33 ERROR d:\c++\moba_game_server\moba_server\netbus\netbus.cc:199  
client close!!
20201205 13:54:34 DEBUG ../../../apps/lua/scripts/gateway/gw_service.lua:179  
gateway disconnect: [Logic server]
20201205 13:54:34 ERROR d:\c++\moba_game_server\moba_server\netbus\netbus.cc:199  
client close!!
20201205 13:54:34 DEBUG ../../../apps/lua/scripts/gateway/gw_service.lua:41  
connection to server [Auth server] 127.0.0.1 : 8000
20201205 13:54:34 DEBUG ../../../apps/lua/scripts/gateway/gw_service.lua:41  
connection to server [Logic server] 127.0.0.1 : 8002
20201205 13:54:34 ERROR ../../../apps/lua/scripts/gateway/gw_service.lua:28  
connect failed to server [System server] 127.0.0.1 : 8001
20201205 14:12:22 DEBUG ../../../apps/lua/scripts/gateway/main.lua:29  
Server TCP Start At 6080
20201205 14:12:22 DEBUG ../../../apps/lua/scripts/gateway/main.lua:31  
Server WS Start At 6081
20201205 14:12:22 DEBUG ../../../apps/lua/scripts/gateway/gw_service.lua:41  
connection to server [Auth server] 127.0.0.1 : 8000
20201205 14:12:22 DEBUG ../../../apps/lua/scripts/gateway/gw_service.lua:41  
connection to server [System server] 127.0.0.1 : 8001
20201205 14:12:22 DEBUG ../../../apps/lua/scripts/gateway/gw_service.lua:41  
connection to server [Logic server] 127.0.0.1 : 8002
20201205 14:12:22 DEBUG ../../../apps/lua/scripts/gateway/main.lua:40  
register [1] service success!
20201205 14:12:22 DEBUG ../../../apps/lua/scripts/gateway/main.lua:40  
register [2] service success!
20201205 14:12:22 DEBUG ../../../apps/lua/scripts/gateway/main.lua:40  
register [3] service success!
20201205 14:12:22 DEBUG ../../../apps/lua/scripts/gateway/gw_service.lua:31  
connect success to server [Auth server] 127.0.0.1 : 8000
20201205 14:12:22 DEBUG ../../../apps/lua/scripts/gateway/gw_service.lua:31  
connect success to server [Logic server] 127.0.0.1 : 8002
20201205 14:12:22 DEBUG ../../../apps/lua/scripts/database/mysql_auth_center.lua:27  
connect to auth center db success!!!!
20201205 14:12:24 ERROR ../../../apps/lua/scripts/gateway/gw_service.lua:28  
connect failed to server [System server] 127.0.0.1 : 8001
20201205 14:12:25 DEBUG ../../../apps/lua/scripts/gateway/gw_service.lua:41  
connection to server [System server] 127.0.0.1 : 8001
20201205 14:12:25 DEBUG ../../../apps/lua/scripts/gateway/gw_service.lua:31  
connect success to server [System server] 127.0.0.1 : 8001
20201205 14:12:30 ERROR d:\c++\moba_game_server\moba_server\netbus\netbus.cc:255  
new client comming 127.0.0.1:49401

20201205 14:12:33 DEBUG ../../../apps/lua/scripts/gateway/gw_service.lua:129  
send_to_server	1	9	0	127.0.0.1	49401
20201205 14:12:33 DEBUG ../../../apps/lua/scripts/gateway/gw_service.lua:141  
================utag	0
20201205 14:12:33 DEBUG d:\c++\moba_game_server\moba_server\netbus\session_uv.cc:42  
write success

20201205 14:12:33 DEBUG d:\c++\moba_game_server\moba_server\netbus\session_uv.cc:42  
write success

20201205 14:12:33 DEBUG ../../../apps/lua/scripts/gateway/gw_service.lua:129  
send_to_server	2	13	0	127.0.0.1	49401
20201205 14:12:33 DEBUG d:\c++\moba_game_server\moba_server\netbus\session_uv.cc:42  
write success

20201205 14:12:33 DEBUG ../../../apps/lua/scripts/gateway/gw_service.lua:106  
41
20201205 14:12:33 DEBUG d:\c++\moba_game_server\moba_server\netbus\session_uv.cc:42  
write success

20201205 14:12:33 DEBUG ../../../apps/lua/scripts/gateway/gw_service.lua:129  
send_to_server	3	21	0	127.0.0.1	49401
20201205 14:12:33 DEBUG d:\c++\moba_game_server\moba_server\netbus\session_uv.cc:42  
write success

20201205 14:12:33 DEBUG ../../../apps/lua/scripts/gateway/gw_service.lua:106  
41
20201205 14:12:33 DEBUG d:\c++\moba_game_server\moba_server\netbus\session_uv.cc:42  
write success

20201205 14:23:04 DEBUG ../../../apps/lua/scripts/gateway/gw_service.lua:179  
gateway disconnect: [Logic server]
20201205 14:23:04 ERROR d:\c++\moba_game_server\moba_server\netbus\netbus.cc:199  
client close!!
20201205 14:23:04 DEBUG ../../../apps/lua/scripts/gateway/gw_service.lua:41  
connection to server [Logic server] 127.0.0.1 : 8002
20201205 14:23:06 ERROR ../../../apps/lua/scripts/gateway/gw_service.lua:28  
connect failed to server [Logic server] 127.0.0.1 : 8002
20201205 14:23:07 DEBUG ../../../apps/lua/scripts/gateway/gw_service.lua:41  
connection to server [Logic server] 127.0.0.1 : 8002
20201205 14:23:09 ERROR ../../../apps/lua/scripts/gateway/gw_service.lua:28  
connect failed to server [Logic server] 127.0.0.1 : 8002
20201205 14:23:11 DEBUG ../../../apps/lua/scripts/gateway/gw_service.lua:41  
connection to server [Logic server] 127.0.0.1 : 8002
20201205 14:23:11 DEBUG ../../../apps/lua/scripts/gateway/gw_service.lua:31  
connect success to server [Logic server] 127.0.0.1 : 8002
20201205 14:24:04 DEBUG ../../../apps/lua/scripts/gateway/gw_service.lua:179  
gateway disconnect: [Logic server]
20201205 14:24:04 ERROR d:\c++\moba_game_server\moba_server\netbus\netbus.cc:199  
client close!!
20201205 14:24:05 DEBUG ../../../apps/lua/scripts/gateway/gw_service.lua:41  
connection to server [Logic server] 127.0.0.1 : 8002
20201205 14:24:06 DEBUG ../../../apps/lua/scripts/gateway/gw_service.lua:31  
connect success to server [Logic server] 127.0.0.1 : 8002
20201205 14:24:37 DEBUG ../../../apps/lua/scripts/gateway/gw_service.lua:179  
gateway disconnect: [Logic server]
20201205 14:24:37 ERROR d:\c++\moba_game_server\moba_server\netbus\netbus.cc:199  
client close!!
20201205 14:24:38 DEBUG ../../../apps/lua/scripts/gateway/gw_service.lua:41  
connection to server [Logic server] 127.0.0.1 : 8002
20201205 14:24:39 DEBUG ../../../apps/lua/scripts/gateway/gw_service.lua:31  
connect success to server [Logic server] 127.0.0.1 : 8002
20201205 14:25:21 DEBUG ../../../apps/lua/scripts/gateway/gw_service.lua:179  
gateway disconnect: [Logic server]
20201205 14:25:21 ERROR d:\c++\moba_game_server\moba_server\netbus\netbus.cc:199  
client close!!
20201205 14:25:22 DEBUG ../../../apps/lua/scripts/gateway/gw_service.lua:41  
connection to server [Logic server] 127.0.0.1 : 8002
20201205 14:25:24 DEBUG ../../../apps/lua/scripts/gateway/gw_service.lua:31  
connect success to server [Logic server] 127.0.0.1 : 8002
20201205 14:25:56 DEBUG ../../../apps/lua/scripts/gateway/gw_service.lua:179  
gateway disconnect: [Logic server]
20201205 14:25:56 ERROR d:\c++\moba_game_server\moba_server\netbus\netbus.cc:199  
client close!!
20201205 14:25:57 DEBUG ../../../apps/lua/scripts/gateway/gw_service.lua:41  
connection to server [Logic server] 127.0.0.1 : 8002
20201205 14:25:59 ERROR ../../../apps/lua/scripts/gateway/gw_service.lua:28  
connect failed to server [Logic server] 127.0.0.1 : 8002
20201205 14:26:00 DEBUG ../../../apps/lua/scripts/gateway/gw_service.lua:41  
connection to server [Logic server] 127.0.0.1 : 8002
20201205 14:26:00 DEBUG ../../../apps/lua/scripts/gateway/gw_service.lua:31  
connect success to server [Logic server] 127.0.0.1 : 8002
20201205 14:26:30 DEBUG ../../../apps/lua/scripts/gateway/gw_service.lua:179  
gateway disconnect: [Logic server]
20201205 14:26:30 ERROR d:\c++\moba_game_server\moba_server\netbus\netbus.cc:199  
client close!!
20201205 14:26:30 DEBUG ../../../apps/lua/scripts/gateway/gw_service.lua:41  
connection to server [Logic server] 127.0.0.1 : 8002
20201205 14:26:32 ERROR ../../../apps/lua/scripts/gateway/gw_service.lua:28  
connect failed to server [Logic server] 127.0.0.1 : 8002
20201205 14:26:33 DEBUG ../../../apps/lua/scripts/gateway/gw_service.lua:41  
connection to server [Logic server] 127.0.0.1 : 8002
20201205 14:26:33 DEBUG ../../../apps/lua/scripts/gateway/gw_service.lua:31  
connect success to server [Logic server] 127.0.0.1 : 8002
20201205 14:27:05 DEBUG ../../../apps/lua/scripts/gateway/gw_service.lua:179  
gateway disconnect: [Logic server]
20201205 14:27:05 ERROR d:\c++\moba_game_server\moba_server\netbus\netbus.cc:199  
client close!!
20201205 14:27:06 DEBUG ../../../apps/lua/scripts/gateway/gw_service.lua:41  
connection to server [Logic server] 127.0.0.1 : 8002
20201205 14:27:07 DEBUG ../../../apps/lua/scripts/gateway/gw_service.lua:31  
connect success to server [Logic server] 127.0.0.1 : 8002
20201205 14:28:04 DEBUG ../../../apps/lua/scripts/gateway/gw_service.lua:179  
gateway disconnect: [Logic server]
20201205 14:28:04 ERROR d:\c++\moba_game_server\moba_server\netbus\netbus.cc:199  
client close!!
20201205 14:28:04 DEBUG ../../../apps/lua/scripts/gateway/gw_service.lua:41  
connection to server [Logic server] 127.0.0.1 : 8002
20201205 14:28:06 DEBUG ../../../apps/lua/scripts/gateway/gw_service.lua:31  
connect success to server [Logic server] 127.0.0.1 : 8002
20201205 14:29:13 DEBUG ../../../apps/lua/scripts/gateway/gw_service.lua:179  
gateway disconnect: [Logic server]
20201205 14:29:13 ERROR d:\c++\moba_game_server\moba_server\netbus\netbus.cc:199  
client close!!
20201205 14:29:14 DEBUG ../../../apps/lua/scripts/gateway/gw_service.lua:41  
connection to server [Logic server] 127.0.0.1 : 8002
20201205 14:29:16 DEBUG ../../../apps/lua/scripts/gateway/gw_service.lua:31  
connect success to server [Logic server] 127.0.0.1 : 8002
20201205 14:31:06 DEBUG ../../../apps/lua/scripts/gateway/gw_service.lua:179  
gateway disconnect: [Logic server]
20201205 14:31:06 ERROR d:\c++\moba_game_server\moba_server\netbus\netbus.cc:199  
client close!!
20201205 14:31:07 DEBUG ../../../apps/lua/scripts/gateway/gw_service.lua:179  
gateway disconnect: [Auth server]
20201205 14:31:07 ERROR d:\c++\moba_game_server\moba_server\netbus\netbus.cc:199  
client close!!
20201205 14:31:07 DEBUG ../../../apps/lua/scripts/gateway/gw_service.lua:41  
connection to server [Auth server] 127.0.0.1 : 8000
20201205 14:31:07 DEBUG ../../../apps/lua/scripts/gateway/gw_service.lua:41  
connection to server [Logic server] 127.0.0.1 : 8002
20201205 17:37:13 DEBUG ../../../apps/lua/scripts/gateway/main.lua:29  
Server TCP Start At 6080
20201205 17:37:13 DEBUG ../../../apps/lua/scripts/gateway/main.lua:31  
Server WS Start At 6081
20201205 17:37:13 DEBUG ../../../apps/lua/scripts/gateway/gw_service.lua:41  
connection to server [Auth server] 127.0.0.1 : 8000
20201205 17:37:13 DEBUG ../../../apps/lua/scripts/gateway/gw_service.lua:41  
connection to server [System server] 127.0.0.1 : 8001
20201205 17:37:13 DEBUG ../../../apps/lua/scripts/gateway/gw_service.lua:41  
connection to server [Logic server] 127.0.0.1 : 8002
20201205 17:37:13 DEBUG ../../../apps/lua/scripts/gateway/main.lua:40  
register [1] service success!
20201205 17:37:13 DEBUG ../../../apps/lua/scripts/gateway/main.lua:40  
register [2] service success!
20201205 17:37:13 DEBUG ../../../apps/lua/scripts/gateway/main.lua:40  
register [3] service success!
20201205 17:37:13 DEBUG ../../../apps/lua/scripts/gateway/gw_service.lua:31  
connect success to server [Auth server] 127.0.0.1 : 8000
20201205 17:37:13 DEBUG ../../../apps/lua/scripts/gateway/gw_service.lua:31  
connect success to server [Logic server] 127.0.0.1 : 8002
20201205 17:37:13 DEBUG ../../../apps/lua/scripts/database/mysql_auth_center.lua:27  
connect to auth center db success!!!!
20201205 17:37:15 DEBUG ../../../apps/lua/scripts/gateway/gw_service.lua:31  
connect success to server [System server] 127.0.0.1 : 8001
20201205 17:37:45 ERROR d:\c++\moba_game_server\moba_server\netbus\netbus.cc:255  
new client comming 127.0.0.1:50862

20201205 17:37:50 DEBUG ../../../apps/lua/scripts/gateway/gw_service.lua:129  
send_to_server	1	9	0	127.0.0.1	50862
20201205 17:37:50 DEBUG ../../../apps/lua/scripts/gateway/gw_service.lua:141  
================utag	0
20201205 17:37:50 DEBUG d:\c++\moba_game_server\moba_server\netbus\session_uv.cc:42  
write success

20201205 17:37:51 DEBUG d:\c++\moba_game_server\moba_server\netbus\session_uv.cc:42  
write success

20201205 17:37:51 DEBUG ../../../apps/lua/scripts/gateway/gw_service.lua:129  
send_to_server	2	13	0	127.0.0.1	50862
20201205 17:37:51 DEBUG d:\c++\moba_game_server\moba_server\netbus\session_uv.cc:42  
write success

20201205 17:37:51 DEBUG ../../../apps/lua/scripts/gateway/gw_service.lua:106  
41
20201205 17:37:51 DEBUG d:\c++\moba_game_server\moba_server\netbus\session_uv.cc:42  
write success

20201205 17:37:51 DEBUG ../../../apps/lua/scripts/gateway/gw_service.lua:129  
send_to_server	3	21	0	127.0.0.1	50862
20201205 17:37:51 DEBUG d:\c++\moba_game_server\moba_server\netbus\session_uv.cc:42  
write success

20201205 17:37:51 DEBUG ../../../apps/lua/scripts/gateway/gw_service.lua:106  
41
20201205 17:37:51 DEBUG d:\c++\moba_game_server\moba_server\netbus\session_uv.cc:42  
write success

20201205 17:37:59 DEBUG ../../../apps/lua/scripts/gateway/gw_service.lua:129  
send_to_server	3	23	0	127.0.0.1	50862
20201205 17:37:59 DEBUG d:\c++\moba_game_server\moba_server\netbus\session_uv.cc:42  
write success

20201205 17:37:59 DEBUG ../../../apps/lua/scripts/gateway/gw_service.lua:106  
41
20201205 17:37:59 DEBUG d:\c++\moba_game_server\moba_server\netbus\session_uv.cc:42  
write success

20201205 17:38:02 DEBUG ../../../apps/lua/scripts/gateway/gw_service.lua:106  
41
20201205 17:38:02 DEBUG d:\c++\moba_game_server\moba_server\netbus\session_uv.cc:42  
write success

20201205 17:38:44 DEBUG ../../../apps/lua/scripts/gateway/gw_service.lua:129  
send_to_server	3	23	0	127.0.0.1	50862
20201205 17:38:44 DEBUG d:\c++\moba_game_server\moba_server\netbus\session_uv.cc:42  
write success

20201205 17:38:44 DEBUG ../../../apps/lua/scripts/gateway/gw_service.lua:106  
41
20201205 17:38:44 DEBUG d:\c++\moba_game_server\moba_server\netbus\session_uv.cc:42  
write success

20201205 17:39:27 ERROR d:\c++\moba_game_server\moba_server\netbus\netbus.cc:199  
client close!!
20201205 17:39:27 DEBUG d:\c++\moba_game_server\moba_server\netbus\session_uv.cc:42  
write success

20201205 17:39:27 DEBUG d:\c++\moba_game_server\moba_server\netbus\session_uv.cc:42  
write success

20201205 17:39:27 DEBUG d:\c++\moba_game_server\moba_server\netbus\session_uv.cc:42  
write success

20201205 17:40:37 DEBUG ../../../apps/lua/scripts/gateway/gw_service.lua:179  
gateway disconnect: [Logic server]
20201205 17:40:37 ERROR d:\c++\moba_game_server\moba_server\netbus\netbus.cc:199  
client close!!
20201205 17:40:37 DEBUG ../../../apps/lua/scripts/gateway/gw_service.lua:41  
connection to server [Logic server] 127.0.0.1 : 8002
20201205 17:40:39 ERROR ../../../apps/lua/scripts/gateway/gw_service.lua:28  
connect failed to server [Logic server] 127.0.0.1 : 8002
20201205 17:40:40 DEBUG ../../../apps/lua/scripts/gateway/gw_service.lua:41  
connection to server [Logic server] 127.0.0.1 : 8002
20201205 17:40:41 DEBUG ../../../apps/lua/scripts/gateway/gw_service.lua:31  
connect success to server [Logic server] 127.0.0.1 : 8002
20201205 17:40:46 ERROR d:\c++\moba_game_server\moba_server\netbus\netbus.cc:255  
new client comming 127.0.0.1:50884

20201205 17:40:48 DEBUG ../../../apps/lua/scripts/gateway/gw_service.lua:129  
send_to_server	1	9	0	127.0.0.1	50884
20201205 17:40:48 DEBUG ../../../apps/lua/scripts/gateway/gw_service.lua:141  
================utag	0
20201205 17:40:48 DEBUG d:\c++\moba_game_server\moba_server\netbus\session_uv.cc:42  
write success

20201205 17:40:48 DEBUG d:\c++\moba_game_server\moba_server\netbus\session_uv.cc:42  
write success

20201205 17:40:48 DEBUG ../../../apps/lua/scripts/gateway/gw_service.lua:129  
send_to_server	2	13	0	127.0.0.1	50884
20201205 17:40:48 DEBUG d:\c++\moba_game_server\moba_server\netbus\session_uv.cc:42  
write success

20201205 17:40:48 DEBUG ../../../apps/lua/scripts/gateway/gw_service.lua:106  
41
20201205 17:40:48 DEBUG d:\c++\moba_game_server\moba_server\netbus\session_uv.cc:42  
write success

20201205 17:40:48 DEBUG ../../../apps/lua/scripts/gateway/gw_service.lua:129  
send_to_server	3	21	0	127.0.0.1	50884
20201205 17:40:48 DEBUG d:\c++\moba_game_server\moba_server\netbus\session_uv.cc:42  
write success

20201205 17:40:48 DEBUG ../../../apps/lua/scripts/gateway/gw_service.lua:106  
41
20201205 17:40:48 DEBUG d:\c++\moba_game_server\moba_server\netbus\session_uv.cc:42  
write success

20201205 17:40:51 DEBUG ../../../apps/lua/scripts/gateway/gw_service.lua:129  
send_to_server	3	23	0	127.0.0.1	50884
20201205 17:40:51 DEBUG d:\c++\moba_game_server\moba_server\netbus\session_uv.cc:42  
write success

20201205 17:40:51 DEBUG ../../../apps/lua/scripts/gateway/gw_service.lua:106  
41
20201205 17:40:51 DEBUG d:\c++\moba_game_server\moba_server\netbus\session_uv.cc:42  
write success

20201205 17:40:52 DEBUG ../../../apps/lua/scripts/gateway/gw_service.lua:106  
41
20201205 17:40:52 DEBUG d:\c++\moba_game_server\moba_server\netbus\session_uv.cc:42  
write success

20201205 17:42:45 DEBUG ../../../apps/lua/scripts/gateway/gw_service.lua:179  
gateway disconnect: [Logic server]
20201205 17:42:45 ERROR d:\c++\moba_game_server\moba_server\netbus\netbus.cc:199  
client close!!
20201205 17:42:46 DEBUG ../../../apps/lua/scripts/gateway/gw_service.lua:41  
connection to server [Logic server] 127.0.0.1 : 8002
20201205 17:42:48 ERROR ../../../apps/lua/scripts/gateway/gw_service.lua:28  
connect failed to server [Logic server] 127.0.0.1 : 8002
20201205 17:42:49 DEBUG ../../../apps/lua/scripts/gateway/gw_service.lua:41  
connection to server [Logic server] 127.0.0.1 : 8002
20201205 17:42:49 DEBUG ../../../apps/lua/scripts/gateway/gw_service.lua:31  
connect success to server [Logic server] 127.0.0.1 : 8002
20201205 17:42:50 ERROR d:\c++\moba_game_server\moba_server\netbus\netbus.cc:199  
client close!!
20201205 17:42:50 DEBUG d:\c++\moba_game_server\moba_server\netbus\session_uv.cc:42  
write success

20201205 17:42:50 DEBUG d:\c++\moba_game_server\moba_server\netbus\session_uv.cc:42  
write success

20201205 17:42:50 DEBUG d:\c++\moba_game_server\moba_server\netbus\session_uv.cc:42  
write success

20201205 17:42:53 ERROR d:\c++\moba_game_server\moba_server\netbus\netbus.cc:255  
new client comming 127.0.0.1:50902

20201205 17:44:03 DEBUG ../../../apps/lua/scripts/gateway/gw_service.lua:129  
send_to_server	1	9	0	127.0.0.1	50902
20201205 17:44:03 DEBUG ../../../apps/lua/scripts/gateway/gw_service.lua:141  
================utag	0
20201205 17:44:03 DEBUG d:\c++\moba_game_server\moba_server\netbus\session_uv.cc:42  
write success

20201205 17:44:03 DEBUG d:\c++\moba_game_server\moba_server\netbus\session_uv.cc:42  
write success

20201205 17:44:03 DEBUG ../../../apps/lua/scripts/gateway/gw_service.lua:129  
send_to_server	2	13	0	127.0.0.1	50902
20201205 17:44:03 DEBUG d:\c++\moba_game_server\moba_server\netbus\session_uv.cc:42  
write success

20201205 17:44:03 DEBUG ../../../apps/lua/scripts/gateway/gw_service.lua:106  
41
20201205 17:44:03 DEBUG d:\c++\moba_game_server\moba_server\netbus\session_uv.cc:42  
write success

20201205 17:44:03 DEBUG ../../../apps/lua/scripts/gateway/gw_service.lua:129  
send_to_server	3	21	0	127.0.0.1	50902
20201205 17:44:03 DEBUG d:\c++\moba_game_server\moba_server\netbus\session_uv.cc:42  
write success

20201205 17:44:03 DEBUG ../../../apps/lua/scripts/gateway/gw_service.lua:106  
41
20201205 17:44:03 DEBUG d:\c++\moba_game_server\moba_server\netbus\session_uv.cc:42  
write success

20201205 17:44:25 DEBUG ../../../apps/lua/scripts/gateway/gw_service.lua:129  
send_to_server	3	23	0	127.0.0.1	50902
20201205 17:44:25 DEBUG d:\c++\moba_game_server\moba_server\netbus\session_uv.cc:42  
write success

20201205 17:44:25 DEBUG ../../../apps/lua/scripts/gateway/gw_service.lua:106  
41
20201205 17:44:25 DEBUG d:\c++\moba_game_server\moba_server\netbus\session_uv.cc:42  
write success

20201205 17:44:29 DEBUG ../../../apps/lua/scripts/gateway/gw_service.lua:106  
41
20201205 17:44:29 DEBUG d:\c++\moba_game_server\moba_server\netbus\session_uv.cc:42  
write success

20201205 17:44:53 DEBUG ../../../apps/lua/scripts/gateway/gw_service.lua:179  
gateway disconnect: [Logic server]
20201205 17:44:53 ERROR d:\c++\moba_game_server\moba_server\netbus\netbus.cc:199  
client close!!
20201205 17:44:54 DEBUG ../../../apps/lua/scripts/gateway/gw_service.lua:41  
connection to server [Logic server] 127.0.0.1 : 8002
20201205 17:44:56 ERROR ../../../apps/lua/scripts/gateway/gw_service.lua:28  
connect failed to server [Logic server] 127.0.0.1 : 8002
20201205 17:44:57 DEBUG ../../../apps/lua/scripts/gateway/gw_service.lua:41  
connection to server [Logic server] 127.0.0.1 : 8002
20201205 17:44:57 DEBUG ../../../apps/lua/scripts/gateway/gw_service.lua:31  
connect success to server [Logic server] 127.0.0.1 : 8002
20201205 17:44:58 ERROR d:\c++\moba_game_server\moba_server\netbus\netbus.cc:199  
client close!!
20201205 17:44:58 DEBUG d:\c++\moba_game_server\moba_server\netbus\session_uv.cc:42  
write success

20201205 17:44:58 DEBUG d:\c++\moba_game_server\moba_server\netbus\session_uv.cc:42  
write success

20201205 17:44:58 DEBUG d:\c++\moba_game_server\moba_server\netbus\session_uv.cc:42  
write success

20201205 17:45:01 ERROR d:\c++\moba_game_server\moba_server\netbus\netbus.cc:255  
new client comming 127.0.0.1:50915

20201205 17:45:02 DEBUG ../../../apps/lua/scripts/gateway/gw_service.lua:129  
send_to_server	1	9	0	127.0.0.1	50915
20201205 17:45:02 DEBUG ../../../apps/lua/scripts/gateway/gw_service.lua:141  
================utag	0
20201205 17:45:02 DEBUG d:\c++\moba_game_server\moba_server\netbus\session_uv.cc:42  
write success

20201205 17:45:02 DEBUG d:\c++\moba_game_server\moba_server\netbus\session_uv.cc:42  
write success

20201205 17:45:02 DEBUG ../../../apps/lua/scripts/gateway/gw_service.lua:129  
send_to_server	2	13	0	127.0.0.1	50915
20201205 17:45:02 DEBUG d:\c++\moba_game_server\moba_server\netbus\session_uv.cc:42  
write success

20201205 17:45:02 DEBUG ../../../apps/lua/scripts/gateway/gw_service.lua:106  
41
20201205 17:45:02 DEBUG d:\c++\moba_game_server\moba_server\netbus\session_uv.cc:42  
write success

20201205 17:45:02 DEBUG ../../../apps/lua/scripts/gateway/gw_service.lua:129  
send_to_server	3	21	0	127.0.0.1	50915
20201205 17:45:02 DEBUG d:\c++\moba_game_server\moba_server\netbus\session_uv.cc:42  
write success

20201205 17:45:02 DEBUG ../../../apps/lua/scripts/gateway/gw_service.lua:106  
41
20201205 17:45:02 DEBUG d:\c++\moba_game_server\moba_server\netbus\session_uv.cc:42  
write success

20201205 17:45:05 DEBUG ../../../apps/lua/scripts/gateway/gw_service.lua:129  
send_to_server	3	23	0	127.0.0.1	50915
20201205 17:45:05 DEBUG d:\c++\moba_game_server\moba_server\netbus\session_uv.cc:42  
write success

20201205 17:45:05 DEBUG ../../../apps/lua/scripts/gateway/gw_service.lua:106  
41
20201205 17:45:05 DEBUG d:\c++\moba_game_server\moba_server\netbus\session_uv.cc:42  
write success

20201205 17:45:07 DEBUG ../../../apps/lua/scripts/gateway/gw_service.lua:106  
41
20201205 17:45:07 DEBUG d:\c++\moba_game_server\moba_server\netbus\session_uv.cc:42  
write success

20201205 17:45:34 DEBUG ../../../apps/lua/scripts/gateway/gw_service.lua:179  
gateway disconnect: [Logic server]
20201205 17:45:34 ERROR d:\c++\moba_game_server\moba_server\netbus\netbus.cc:199  
client close!!
20201205 17:45:35 DEBUG ../../../apps/lua/scripts/gateway/gw_service.lua:41  
connection to server [Logic server] 127.0.0.1 : 8002
20201205 17:45:37 ERROR ../../../apps/lua/scripts/gateway/gw_service.lua:28  
connect failed to server [Logic server] 127.0.0.1 : 8002
20201205 17:45:38 DEBUG ../../../apps/lua/scripts/gateway/gw_service.lua:41  
connection to server [Logic server] 127.0.0.1 : 8002
20201205 17:45:38 DEBUG ../../../apps/lua/scripts/gateway/gw_service.lua:31  
connect success to server [Logic server] 127.0.0.1 : 8002
20201205 17:45:45 ERROR d:\c++\moba_game_server\moba_server\netbus\netbus.cc:199  
client close!!
20201205 17:45:45 DEBUG d:\c++\moba_game_server\moba_server\netbus\session_uv.cc:42  
write success

20201205 17:45:45 DEBUG d:\c++\moba_game_server\moba_server\netbus\session_uv.cc:42  
write success

20201205 17:45:45 DEBUG d:\c++\moba_game_server\moba_server\netbus\session_uv.cc:42  
write success

20201205 17:45:48 ERROR d:\c++\moba_game_server\moba_server\netbus\netbus.cc:255  
new client comming 127.0.0.1:50927

20201205 17:45:53 DEBUG ../../../apps/lua/scripts/gateway/gw_service.lua:129  
send_to_server	1	9	0	127.0.0.1	50927
20201205 17:45:53 DEBUG ../../../apps/lua/scripts/gateway/gw_service.lua:141  
================utag	0
20201205 17:45:53 DEBUG d:\c++\moba_game_server\moba_server\netbus\session_uv.cc:42  
write success

20201205 17:45:53 DEBUG d:\c++\moba_game_server\moba_server\netbus\session_uv.cc:42  
write success

20201205 17:45:53 DEBUG ../../../apps/lua/scripts/gateway/gw_service.lua:129  
send_to_server	2	13	0	127.0.0.1	50927
20201205 17:45:53 DEBUG d:\c++\moba_game_server\moba_server\netbus\session_uv.cc:42  
write success

20201205 17:45:53 DEBUG ../../../apps/lua/scripts/gateway/gw_service.lua:106  
41
20201205 17:45:53 DEBUG d:\c++\moba_game_server\moba_server\netbus\session_uv.cc:42  
write success

20201205 17:45:53 DEBUG ../../../apps/lua/scripts/gateway/gw_service.lua:129  
send_to_server	3	21	0	127.0.0.1	50927
20201205 17:45:53 DEBUG d:\c++\moba_game_server\moba_server\netbus\session_uv.cc:42  
write success

20201205 17:45:53 DEBUG ../../../apps/lua/scripts/gateway/gw_service.lua:106  
41
20201205 17:45:53 DEBUG d:\c++\moba_game_server\moba_server\netbus\session_uv.cc:42  
write success

20201205 17:45:56 DEBUG ../../../apps/lua/scripts/gateway/gw_service.lua:129  
send_to_server	3	23	0	127.0.0.1	50927
20201205 17:45:56 DEBUG d:\c++\moba_game_server\moba_server\netbus\session_uv.cc:42  
write success

20201205 17:45:56 DEBUG ../../../apps/lua/scripts/gateway/gw_service.lua:106  
41
20201205 17:45:56 DEBUG d:\c++\moba_game_server\moba_server\netbus\session_uv.cc:42  
write success

20201205 17:45:58 DEBUG ../../../apps/lua/scripts/gateway/gw_service.lua:106  
41
20201205 17:45:58 DEBUG d:\c++\moba_game_server\moba_server\netbus\session_uv.cc:42  
write success

20201205 17:46:03 ERROR d:\c++\moba_game_server\moba_server\netbus\netbus.cc:199  
client close!!
20201205 17:46:03 DEBUG d:\c++\moba_game_server\moba_server\netbus\session_uv.cc:42  
write success

20201205 17:46:03 DEBUG d:\c++\moba_game_server\moba_server\netbus\session_uv.cc:42  
write success

20201205 17:46:03 DEBUG d:\c++\moba_game_server\moba_server\netbus\session_uv.cc:42  
write success

20201205 17:46:05 DEBUG ../../../apps/lua/scripts/gateway/gw_service.lua:179  
gateway disconnect: [Logic server]
20201205 17:46:05 ERROR d:\c++\moba_game_server\moba_server\netbus\netbus.cc:199  
client close!!
20201205 17:46:06 DEBUG ../../../apps/lua/scripts/gateway/gw_service.lua:41  
connection to server [Logic server] 127.0.0.1 : 8002
20201205 17:46:08 ERROR ../../../apps/lua/scripts/gateway/gw_service.lua:28  
connect failed to server [Logic server] 127.0.0.1 : 8002
20201205 17:46:09 DEBUG ../../../apps/lua/scripts/gateway/gw_service.lua:41  
connection to server [Logic server] 127.0.0.1 : 8002
20201205 17:46:11 ERROR ../../../apps/lua/scripts/gateway/gw_service.lua:28  
connect failed to server [Logic server] 127.0.0.1 : 8002
20201205 17:46:12 DEBUG ../../../apps/lua/scripts/gateway/gw_service.lua:41  
connection to server [Logic server] 127.0.0.1 : 8002
20201205 17:46:14 ERROR ../../../apps/lua/scripts/gateway/gw_service.lua:28  
connect failed to server [Logic server] 127.0.0.1 : 8002
20201205 17:46:15 DEBUG ../../../apps/lua/scripts/gateway/gw_service.lua:41  
connection to server [Logic server] 127.0.0.1 : 8002
20201205 17:46:17 ERROR ../../../apps/lua/scripts/gateway/gw_service.lua:28  
connect failed to server [Logic server] 127.0.0.1 : 8002
20201205 17:46:18 DEBUG ../../../apps/lua/scripts/gateway/gw_service.lua:41  
connection to server [Logic server] 127.0.0.1 : 8002
20201205 17:46:20 ERROR ../../../apps/lua/scripts/gateway/gw_service.lua:28  
connect failed to server [Logic server] 127.0.0.1 : 8002
20201205 17:46:21 DEBUG ../../../apps/lua/scripts/gateway/gw_service.lua:41  
connection to server [Logic server] 127.0.0.1 : 8002
20201205 17:46:23 DEBUG ../../../apps/lua/scripts/gateway/gw_service.lua:31  
connect success to server [Logic server] 127.0.0.1 : 8002
20201205 17:46:28 ERROR d:\c++\moba_game_server\moba_server\netbus\netbus.cc:255  
new client comming 127.0.0.1:50941

20201205 17:46:29 DEBUG ../../../apps/lua/scripts/gateway/gw_service.lua:129  
send_to_server	1	9	0	127.0.0.1	50941
20201205 17:46:29 DEBUG ../../../apps/lua/scripts/gateway/gw_service.lua:141  
================utag	0
20201205 17:46:29 DEBUG d:\c++\moba_game_server\moba_server\netbus\session_uv.cc:42  
write success

20201205 17:46:29 DEBUG d:\c++\moba_game_server\moba_server\netbus\session_uv.cc:42  
write success

20201205 17:46:29 DEBUG ../../../apps/lua/scripts/gateway/gw_service.lua:129  
send_to_server	2	13	0	127.0.0.1	50941
20201205 17:46:29 DEBUG d:\c++\moba_game_server\moba_server\netbus\session_uv.cc:42  
write success

20201205 17:46:29 DEBUG ../../../apps/lua/scripts/gateway/gw_service.lua:106  
41
20201205 17:46:29 DEBUG d:\c++\moba_game_server\moba_server\netbus\session_uv.cc:42  
write success

20201205 17:46:29 DEBUG ../../../apps/lua/scripts/gateway/gw_service.lua:129  
send_to_server	3	21	0	127.0.0.1	50941
20201205 17:46:29 DEBUG d:\c++\moba_game_server\moba_server\netbus\session_uv.cc:42  
write success

20201205 17:46:29 DEBUG ../../../apps/lua/scripts/gateway/gw_service.lua:106  
41
20201205 17:46:29 DEBUG d:\c++\moba_game_server\moba_server\netbus\session_uv.cc:42  
write success

20201205 17:46:32 DEBUG ../../../apps/lua/scripts/gateway/gw_service.lua:129  
send_to_server	3	23	0	127.0.0.1	50941
20201205 17:46:32 DEBUG d:\c++\moba_game_server\moba_server\netbus\session_uv.cc:42  
write success

20201205 17:46:32 DEBUG ../../../apps/lua/scripts/gateway/gw_service.lua:106  
41
20201205 17:46:32 DEBUG d:\c++\moba_game_server\moba_server\netbus\session_uv.cc:42  
write success

20201205 17:46:34 DEBUG ../../../apps/lua/scripts/gateway/gw_service.lua:106  
41
20201205 17:46:34 DEBUG d:\c++\moba_game_server\moba_server\netbus\session_uv.cc:42  
write success

20201205 17:47:31 ERROR d:\c++\moba_game_server\moba_server\netbus\netbus.cc:199  
client close!!
20201205 17:47:31 DEBUG d:\c++\moba_game_server\moba_server\netbus\session_uv.cc:42  
write success

20201205 17:47:31 DEBUG d:\c++\moba_game_server\moba_server\netbus\session_uv.cc:42  
write success

20201205 17:47:31 DEBUG d:\c++\moba_game_server\moba_server\netbus\session_uv.cc:42  
write success

20201205 17:47:33 DEBUG ../../../apps/lua/scripts/gateway/gw_service.lua:179  
gateway disconnect: [Logic server]
20201205 17:47:33 ERROR d:\c++\moba_game_server\moba_server\netbus\netbus.cc:199  
client close!!
20201205 17:47:34 DEBUG ../../../apps/lua/scripts/gateway/gw_service.lua:41  
connection to server [Logic server] 127.0.0.1 : 8002
20201205 17:47:36 ERROR ../../../apps/lua/scripts/gateway/gw_service.lua:28  
connect failed to server [Logic server] 127.0.0.1 : 8002
20201205 17:47:37 DEBUG ../../../apps/lua/scripts/gateway/gw_service.lua:41  
connection to server [Logic server] 127.0.0.1 : 8002
20201205 17:47:37 DEBUG ../../../apps/lua/scripts/gateway/gw_service.lua:31  
connect success to server [Logic server] 127.0.0.1 : 8002
20201205 17:47:40 ERROR d:\c++\moba_game_server\moba_server\netbus\netbus.cc:255  
new client comming 127.0.0.1:50952

20201205 17:47:41 DEBUG ../../../apps/lua/scripts/gateway/gw_service.lua:129  
send_to_server	1	9	0	127.0.0.1	50952
20201205 17:47:41 DEBUG ../../../apps/lua/scripts/gateway/gw_service.lua:141  
================utag	0
20201205 17:47:41 DEBUG d:\c++\moba_game_server\moba_server\netbus\session_uv.cc:42  
write success

20201205 17:47:41 DEBUG d:\c++\moba_game_server\moba_server\netbus\session_uv.cc:42  
write success

20201205 17:47:41 DEBUG ../../../apps/lua/scripts/gateway/gw_service.lua:129  
send_to_server	2	13	0	127.0.0.1	50952
20201205 17:47:41 DEBUG d:\c++\moba_game_server\moba_server\netbus\session_uv.cc:42  
write success

20201205 17:47:41 DEBUG ../../../apps/lua/scripts/gateway/gw_service.lua:106  
41
20201205 17:47:41 DEBUG d:\c++\moba_game_server\moba_server\netbus\session_uv.cc:42  
write success

20201205 17:47:41 DEBUG ../../../apps/lua/scripts/gateway/gw_service.lua:129  
send_to_server	3	21	0	127.0.0.1	50952
20201205 17:47:41 DEBUG d:\c++\moba_game_server\moba_server\netbus\session_uv.cc:42  
write success

20201205 17:47:41 DEBUG ../../../apps/lua/scripts/gateway/gw_service.lua:106  
41
20201205 17:47:41 DEBUG d:\c++\moba_game_server\moba_server\netbus\session_uv.cc:42  
write success

20201205 17:47:45 DEBUG ../../../apps/lua/scripts/gateway/gw_service.lua:129  
send_to_server	3	23	0	127.0.0.1	50952
20201205 17:47:45 DEBUG d:\c++\moba_game_server\moba_server\netbus\session_uv.cc:42  
write success

20201205 17:47:45 DEBUG ../../../apps/lua/scripts/gateway/gw_service.lua:106  
41
20201205 17:47:45 DEBUG d:\c++\moba_game_server\moba_server\netbus\session_uv.cc:42  
write success

20201205 17:47:48 DEBUG ../../../apps/lua/scripts/gateway/gw_service.lua:106  
41
20201205 17:47:48 DEBUG d:\c++\moba_game_server\moba_server\netbus\session_uv.cc:42  
write success

20201205 17:48:06 DEBUG ../../../apps/lua/scripts/gateway/gw_service.lua:179  
gateway disconnect: [Logic server]
20201205 17:48:06 ERROR d:\c++\moba_game_server\moba_server\netbus\netbus.cc:199  
client close!!
20201205 17:48:06 DEBUG ../../../apps/lua/scripts/gateway/gw_service.lua:41  
connection to server [Logic server] 127.0.0.1 : 8002
20201205 17:48:08 ERROR ../../../apps/lua/scripts/gateway/gw_service.lua:28  
connect failed to server [Logic server] 127.0.0.1 : 8002
20201205 17:48:09 DEBUG ../../../apps/lua/scripts/gateway/gw_service.lua:41  
connection to server [Logic server] 127.0.0.1 : 8002
20201205 17:48:10 ERROR d:\c++\moba_game_server\moba_server\netbus\netbus.cc:199  
client close!!
20201205 17:48:10 DEBUG d:\c++\moba_game_server\moba_server\netbus\session_uv.cc:42  
write success

20201205 17:48:10 DEBUG d:\c++\moba_game_server\moba_server\netbus\session_uv.cc:42  
write success

20201205 17:48:11 ERROR ../../../apps/lua/scripts/gateway/gw_service.lua:28  
connect failed to server [Logic server] 127.0.0.1 : 8002
20201205 17:48:12 DEBUG ../../../apps/lua/scripts/gateway/gw_service.lua:41  
connection to server [Logic server] 127.0.0.1 : 8002
20201205 17:48:12 DEBUG ../../../apps/lua/scripts/gateway/gw_service.lua:31  
connect success to server [Logic server] 127.0.0.1 : 8002
20201205 17:48:16 ERROR d:\c++\moba_game_server\moba_server\netbus\netbus.cc:255  
new client comming 127.0.0.1:50965

20201205 17:48:17 DEBUG ../../../apps/lua/scripts/gateway/gw_service.lua:129  
send_to_server	1	9	0	127.0.0.1	50965
20201205 17:48:17 DEBUG ../../../apps/lua/scripts/gateway/gw_service.lua:141  
================utag	0
20201205 17:48:17 DEBUG d:\c++\moba_game_server\moba_server\netbus\session_uv.cc:42  
write success

20201205 17:48:17 DEBUG d:\c++\moba_game_server\moba_server\netbus\session_uv.cc:42  
write success

20201205 17:48:17 DEBUG ../../../apps/lua/scripts/gateway/gw_service.lua:129  
send_to_server	2	13	0	127.0.0.1	50965
20201205 17:48:17 DEBUG d:\c++\moba_game_server\moba_server\netbus\session_uv.cc:42  
write success

20201205 17:48:17 DEBUG ../../../apps/lua/scripts/gateway/gw_service.lua:106  
41
20201205 17:48:17 DEBUG d:\c++\moba_game_server\moba_server\netbus\session_uv.cc:42  
write success

20201205 17:48:17 DEBUG ../../../apps/lua/scripts/gateway/gw_service.lua:129  
send_to_server	3	21	0	127.0.0.1	50965
20201205 17:48:17 DEBUG d:\c++\moba_game_server\moba_server\netbus\session_uv.cc:42  
write success

20201205 17:48:17 DEBUG ../../../apps/lua/scripts/gateway/gw_service.lua:106  
41
20201205 17:48:17 DEBUG d:\c++\moba_game_server\moba_server\netbus\session_uv.cc:42  
write success

20201205 17:48:20 DEBUG ../../../apps/lua/scripts/gateway/gw_service.lua:129  
send_to_server	3	23	0	127.0.0.1	50965
20201205 17:48:20 DEBUG d:\c++\moba_game_server\moba_server\netbus\session_uv.cc:42  
write success

20201205 17:48:20 DEBUG ../../../apps/lua/scripts/gateway/gw_service.lua:106  
41
20201205 17:48:20 DEBUG d:\c++\moba_game_server\moba_server\netbus\session_uv.cc:42  
write success

20201205 17:48:23 DEBUG ../../../apps/lua/scripts/gateway/gw_service.lua:106  
41
20201205 17:48:23 DEBUG d:\c++\moba_game_server\moba_server\netbus\session_uv.cc:42  
write success

20201205 17:49:06 DEBUG ../../../apps/lua/scripts/gateway/gw_service.lua:179  
gateway disconnect: [Logic server]
20201205 17:49:06 ERROR d:\c++\moba_game_server\moba_server\netbus\netbus.cc:199  
client close!!
20201205 17:49:07 DEBUG ../../../apps/lua/scripts/gateway/gw_service.lua:41  
connection to server [Logic server] 127.0.0.1 : 8002
20201205 17:49:09 DEBUG ../../../apps/lua/scripts/gateway/gw_service.lua:31  
connect success to server [Logic server] 127.0.0.1 : 8002
20201205 17:49:13 ERROR d:\c++\moba_game_server\moba_server\netbus\netbus.cc:199  
client close!!
20201205 17:49:13 DEBUG d:\c++\moba_game_server\moba_server\netbus\session_uv.cc:42  
write success

20201205 17:49:13 DEBUG d:\c++\moba_game_server\moba_server\netbus\session_uv.cc:42  
write success

20201205 17:49:13 DEBUG d:\c++\moba_game_server\moba_server\netbus\session_uv.cc:42  
write success

20201205 17:49:16 ERROR d:\c++\moba_game_server\moba_server\netbus\netbus.cc:255  
new client comming 127.0.0.1:50975

20201205 17:49:17 DEBUG ../../../apps/lua/scripts/gateway/gw_service.lua:129  
send_to_server	1	9	0	127.0.0.1	50975
20201205 17:49:17 DEBUG ../../../apps/lua/scripts/gateway/gw_service.lua:141  
================utag	0
20201205 17:49:17 DEBUG d:\c++\moba_game_server\moba_server\netbus\session_uv.cc:42  
write success

20201205 17:49:17 DEBUG d:\c++\moba_game_server\moba_server\netbus\session_uv.cc:42  
write success

20201205 17:49:17 DEBUG ../../../apps/lua/scripts/gateway/gw_service.lua:129  
send_to_server	2	13	0	127.0.0.1	50975
20201205 17:49:17 DEBUG d:\c++\moba_game_server\moba_server\netbus\session_uv.cc:42  
write success

20201205 17:49:17 DEBUG ../../../apps/lua/scripts/gateway/gw_service.lua:106  
41
20201205 17:49:17 DEBUG d:\c++\moba_game_server\moba_server\netbus\session_uv.cc:42  
write success

20201205 17:49:17 DEBUG ../../../apps/lua/scripts/gateway/gw_service.lua:129  
send_to_server	3	21	0	127.0.0.1	50975
20201205 17:49:17 DEBUG d:\c++\moba_game_server\moba_server\netbus\session_uv.cc:42  
write success

20201205 17:49:17 DEBUG ../../../apps/lua/scripts/gateway/gw_service.lua:106  
41
20201205 17:49:17 DEBUG d:\c++\moba_game_server\moba_server\netbus\session_uv.cc:42  
write success

20201205 17:49:21 DEBUG ../../../apps/lua/scripts/gateway/gw_service.lua:129  
send_to_server	3	23	0	127.0.0.1	50975
20201205 17:49:21 DEBUG d:\c++\moba_game_server\moba_server\netbus\session_uv.cc:42  
write success

20201205 17:49:21 DEBUG ../../../apps/lua/scripts/gateway/gw_service.lua:106  
41
20201205 17:49:21 DEBUG d:\c++\moba_game_server\moba_server\netbus\session_uv.cc:42  
write success

20201205 17:49:25 DEBUG ../../../apps/lua/scripts/gateway/gw_service.lua:106  
41
20201205 17:49:25 DEBUG d:\c++\moba_game_server\moba_server\netbus\session_uv.cc:42  
write success

20201205 17:50:00 DEBUG ../../../apps/lua/scripts/gateway/gw_service.lua:179  
gateway disconnect: [Logic server]
20201205 17:50:00 ERROR d:\c++\moba_game_server\moba_server\netbus\netbus.cc:199  
client close!!
20201205 17:50:01 DEBUG ../../../apps/lua/scripts/gateway/gw_service.lua:41  
connection to server [Logic server] 127.0.0.1 : 8002
20201205 17:50:03 ERROR ../../../apps/lua/scripts/gateway/gw_service.lua:28  
connect failed to server [Logic server] 127.0.0.1 : 8002
20201205 17:50:04 ERROR d:\c++\moba_game_server\moba_server\netbus\netbus.cc:199  
client close!!
20201205 17:50:04 DEBUG d:\c++\moba_game_server\moba_server\netbus\session_uv.cc:42  
write success

20201205 17:50:04 DEBUG d:\c++\moba_game_server\moba_server\netbus\session_uv.cc:42  
write success

20201205 17:50:04 DEBUG ../../../apps/lua/scripts/gateway/gw_service.lua:41  
connection to server [Logic server] 127.0.0.1 : 8002
20201205 17:50:06 ERROR ../../../apps/lua/scripts/gateway/gw_service.lua:28  
connect failed to server [Logic server] 127.0.0.1 : 8002
20201205 17:50:07 ERROR d:\c++\moba_game_server\moba_server\netbus\netbus.cc:255  
new client comming 127.0.0.1:50984

20201205 17:50:07 DEBUG ../../../apps/lua/scripts/gateway/gw_service.lua:41  
connection to server [Logic server] 127.0.0.1 : 8002
20201205 17:50:09 ERROR ../../../apps/lua/scripts/gateway/gw_service.lua:28  
connect failed to server [Logic server] 127.0.0.1 : 8002
20201205 17:50:09 DEBUG ../../../apps/lua/scripts/gateway/gw_service.lua:41  
connection to server [Logic server] 127.0.0.1 : 8002
20201205 17:50:11 ERROR ../../../apps/lua/scripts/gateway/gw_service.lua:28  
connect failed to server [Logic server] 127.0.0.1 : 8002
20201205 17:50:12 DEBUG ../../../apps/lua/scripts/gateway/gw_service.lua:41  
connection to server [Logic server] 127.0.0.1 : 8002
20201205 17:50:13 DEBUG ../../../apps/lua/scripts/gateway/gw_service.lua:31  
connect success to server [Logic server] 127.0.0.1 : 8002
20201205 17:50:16 DEBUG ../../../apps/lua/scripts/gateway/gw_service.lua:129  
send_to_server	1	9	0	127.0.0.1	50984
20201205 17:50:16 DEBUG ../../../apps/lua/scripts/gateway/gw_service.lua:141  
================utag	0
20201205 17:50:16 DEBUG d:\c++\moba_game_server\moba_server\netbus\session_uv.cc:42  
write success

20201205 17:50:16 DEBUG d:\c++\moba_game_server\moba_server\netbus\session_uv.cc:42  
write success

20201205 17:50:16 DEBUG ../../../apps/lua/scripts/gateway/gw_service.lua:129  
send_to_server	2	13	0	127.0.0.1	50984
20201205 17:50:16 DEBUG d:\c++\moba_game_server\moba_server\netbus\session_uv.cc:42  
write success

20201205 17:50:16 DEBUG ../../../apps/lua/scripts/gateway/gw_service.lua:106  
41
20201205 17:50:16 DEBUG d:\c++\moba_game_server\moba_server\netbus\session_uv.cc:42  
write success

20201205 17:50:16 DEBUG ../../../apps/lua/scripts/gateway/gw_service.lua:129  
send_to_server	3	21	0	127.0.0.1	50984
20201205 17:50:16 DEBUG d:\c++\moba_game_server\moba_server\netbus\session_uv.cc:42  
write success

20201205 17:50:16 DEBUG ../../../apps/lua/scripts/gateway/gw_service.lua:106  
41
20201205 17:50:16 DEBUG d:\c++\moba_game_server\moba_server\netbus\session_uv.cc:42  
write success

20201205 17:50:19 DEBUG ../../../apps/lua/scripts/gateway/gw_service.lua:129  
send_to_server	3	23	0	127.0.0.1	50984
20201205 17:50:19 DEBUG d:\c++\moba_game_server\moba_server\netbus\session_uv.cc:42  
write success

20201205 17:50:19 DEBUG ../../../apps/lua/scripts/gateway/gw_service.lua:106  
41
20201205 17:50:19 DEBUG d:\c++\moba_game_server\moba_server\netbus\session_uv.cc:42  
write success

20201205 17:50:23 DEBUG ../../../apps/lua/scripts/gateway/gw_service.lua:106  
41
20201205 17:50:23 DEBUG d:\c++\moba_game_server\moba_server\netbus\session_uv.cc:42  
write success

20201205 17:50:23 DEBUG ../../../apps/lua/scripts/gateway/gw_service.lua:106  
41
20201205 17:50:23 DEBUG d:\c++\moba_game_server\moba_server\netbus\session_uv.cc:42  
write success

20201205 17:50:24 DEBUG ../../../apps/lua/scripts/gateway/gw_service.lua:106  
41
20201205 17:50:24 DEBUG d:\c++\moba_game_server\moba_server\netbus\session_uv.cc:42  
write success

20201205 17:51:06 ERROR d:\c++\moba_game_server\moba_server\netbus\netbus.cc:199  
client close!!
20201205 17:51:06 DEBUG d:\c++\moba_game_server\moba_server\netbus\session_uv.cc:42  
write success

20201205 17:51:06 DEBUG d:\c++\moba_game_server\moba_server\netbus\session_uv.cc:42  
write success

20201205 17:51:06 DEBUG d:\c++\moba_game_server\moba_server\netbus\session_uv.cc:42  
write success

20201205 17:51:13 DEBUG ../../../apps/lua/scripts/gateway/gw_service.lua:179  
gateway disconnect: [Logic server]
20201205 17:51:13 ERROR d:\c++\moba_game_server\moba_server\netbus\netbus.cc:199  
client close!!
20201205 17:51:14 DEBUG ../../../apps/lua/scripts/gateway/gw_service.lua:41  
connection to server [Logic server] 127.0.0.1 : 8002
20201205 17:51:15 DEBUG ../../../apps/lua/scripts/gateway/gw_service.lua:31  
connect success to server [Logic server] 127.0.0.1 : 8002
20201205 17:51:18 ERROR d:\c++\moba_game_server\moba_server\netbus\netbus.cc:255  
new client comming 127.0.0.1:51005

20201205 17:51:20 DEBUG ../../../apps/lua/scripts/gateway/gw_service.lua:129  
send_to_server	1	9	0	127.0.0.1	51005
20201205 17:51:20 DEBUG ../../../apps/lua/scripts/gateway/gw_service.lua:141  
================utag	0
20201205 17:51:20 DEBUG d:\c++\moba_game_server\moba_server\netbus\session_uv.cc:42  
write success

20201205 17:51:20 DEBUG d:\c++\moba_game_server\moba_server\netbus\session_uv.cc:42  
write success

20201205 17:51:20 DEBUG ../../../apps/lua/scripts/gateway/gw_service.lua:129  
send_to_server	2	13	0	127.0.0.1	51005
20201205 17:51:20 DEBUG d:\c++\moba_game_server\moba_server\netbus\session_uv.cc:42  
write success

20201205 17:51:20 DEBUG ../../../apps/lua/scripts/gateway/gw_service.lua:106  
41
20201205 17:51:20 DEBUG d:\c++\moba_game_server\moba_server\netbus\session_uv.cc:42  
write success

20201205 17:51:20 DEBUG ../../../apps/lua/scripts/gateway/gw_service.lua:129  
send_to_server	3	21	0	127.0.0.1	51005
20201205 17:51:20 DEBUG d:\c++\moba_game_server\moba_server\netbus\session_uv.cc:42  
write success

20201205 17:51:20 DEBUG ../../../apps/lua/scripts/gateway/gw_service.lua:106  
41
20201205 17:51:20 DEBUG d:\c++\moba_game_server\moba_server\netbus\session_uv.cc:42  
write success

20201205 17:51:23 DEBUG ../../../apps/lua/scripts/gateway/gw_service.lua:129  
send_to_server	3	23	0	127.0.0.1	51005
20201205 17:51:23 DEBUG d:\c++\moba_game_server\moba_server\netbus\session_uv.cc:42  
write success

20201205 17:51:23 DEBUG ../../../apps/lua/scripts/gateway/gw_service.lua:106  
41
20201205 17:51:23 DEBUG d:\c++\moba_game_server\moba_server\netbus\session_uv.cc:42  
write success

20201205 17:51:26 DEBUG ../../../apps/lua/scripts/gateway/gw_service.lua:106  
41
20201205 17:51:26 DEBUG d:\c++\moba_game_server\moba_server\netbus\session_uv.cc:42  
write success

20201205 17:51:26 DEBUG ../../../apps/lua/scripts/gateway/gw_service.lua:106  
41
20201205 17:51:26 DEBUG d:\c++\moba_game_server\moba_server\netbus\session_uv.cc:42  
write success

20201205 17:51:27 DEBUG ../../../apps/lua/scripts/gateway/gw_service.lua:106  
41
20201205 17:51:27 DEBUG d:\c++\moba_game_server\moba_server\netbus\session_uv.cc:42  
write success

20201205 17:51:35 ERROR d:\c++\moba_game_server\moba_server\netbus\netbus.cc:199  
client close!!
20201205 17:51:35 DEBUG d:\c++\moba_game_server\moba_server\netbus\session_uv.cc:42  
write success

20201205 17:51:35 DEBUG d:\c++\moba_game_server\moba_server\netbus\session_uv.cc:42  
write success

20201205 17:51:35 DEBUG d:\c++\moba_game_server\moba_server\netbus\session_uv.cc:42  
write success

20201205 17:51:40 ERROR d:\c++\moba_game_server\moba_server\netbus\netbus.cc:255  
new client comming 127.0.0.1:51013

20201205 17:51:42 DEBUG ../../../apps/lua/scripts/gateway/gw_service.lua:129  
send_to_server	1	9	0	127.0.0.1	51013
20201205 17:51:42 DEBUG ../../../apps/lua/scripts/gateway/gw_service.lua:141  
================utag	0
20201205 17:51:42 DEBUG d:\c++\moba_game_server\moba_server\netbus\session_uv.cc:42  
write success

20201205 17:51:42 DEBUG d:\c++\moba_game_server\moba_server\netbus\session_uv.cc:42  
write success

20201205 17:51:42 DEBUG ../../../apps/lua/scripts/gateway/gw_service.lua:129  
send_to_server	2	13	0	127.0.0.1	51013
20201205 17:51:42 DEBUG d:\c++\moba_game_server\moba_server\netbus\session_uv.cc:42  
write success

20201205 17:51:42 DEBUG ../../../apps/lua/scripts/gateway/gw_service.lua:106  
41
20201205 17:51:42 DEBUG d:\c++\moba_game_server\moba_server\netbus\session_uv.cc:42  
write success

20201205 17:51:42 DEBUG ../../../apps/lua/scripts/gateway/gw_service.lua:129  
send_to_server	3	21	0	127.0.0.1	51013
20201205 17:51:42 DEBUG d:\c++\moba_game_server\moba_server\netbus\session_uv.cc:42  
write success

20201205 17:51:42 DEBUG ../../../apps/lua/scripts/gateway/gw_service.lua:106  
41
20201205 17:51:42 DEBUG d:\c++\moba_game_server\moba_server\netbus\session_uv.cc:42  
write success

20201205 17:51:45 DEBUG ../../../apps/lua/scripts/gateway/gw_service.lua:129  
send_to_server	3	23	0	127.0.0.1	51013
20201205 17:51:45 DEBUG d:\c++\moba_game_server\moba_server\netbus\session_uv.cc:42  
write success

20201205 17:51:45 DEBUG ../../../apps/lua/scripts/gateway/gw_service.lua:106  
41
20201205 17:51:45 DEBUG d:\c++\moba_game_server\moba_server\netbus\session_uv.cc:42  
write success

20201205 17:51:46 DEBUG ../../../apps/lua/scripts/gateway/gw_service.lua:106  
41
20201205 17:51:46 DEBUG d:\c++\moba_game_server\moba_server\netbus\session_uv.cc:42  
write success

20201205 17:51:46 DEBUG ../../../apps/lua/scripts/gateway/gw_service.lua:106  
41
20201205 17:51:46 DEBUG ../../../apps/lua/scripts/gateway/gw_service.lua:106  
41
20201205 17:51:46 DEBUG ../../../apps/lua/scripts/gateway/gw_service.lua:106  
41
20201205 17:51:46 DEBUG ../../../apps/lua/scripts/gateway/gw_service.lua:106  
41
20201205 17:51:46 DEBUG d:\c++\moba_game_server\moba_server\netbus\session_uv.cc:42  
write success

20201205 17:51:46 DEBUG d:\c++\moba_game_server\moba_server\netbus\session_uv.cc:42  
write success

20201205 17:51:46 DEBUG d:\c++\moba_game_server\moba_server\netbus\session_uv.cc:42  
write success

20201205 17:51:46 DEBUG d:\c++\moba_game_server\moba_server\netbus\session_uv.cc:42  
write success

20201205 17:52:37 DEBUG ../../../apps/lua/scripts/gateway/gw_service.lua:179  
gateway disconnect: [Logic server]
20201205 17:52:37 ERROR d:\c++\moba_game_server\moba_server\netbus\netbus.cc:199  
client close!!
20201205 17:52:37 DEBUG ../../../apps/lua/scripts/gateway/gw_service.lua:41  
connection to server [Logic server] 127.0.0.1 : 8002
20201205 17:52:39 DEBUG ../../../apps/lua/scripts/gateway/gw_service.lua:31  
connect success to server [Logic server] 127.0.0.1 : 8002
20201205 17:52:43 ERROR d:\c++\moba_game_server\moba_server\netbus\netbus.cc:199  
client close!!
20201205 17:52:43 DEBUG d:\c++\moba_game_server\moba_server\netbus\session_uv.cc:42  
write success

20201205 17:52:43 DEBUG d:\c++\moba_game_server\moba_server\netbus\session_uv.cc:42  
write success

20201205 17:52:43 DEBUG d:\c++\moba_game_server\moba_server\netbus\session_uv.cc:42  
write success

20201205 17:52:46 ERROR d:\c++\moba_game_server\moba_server\netbus\netbus.cc:255  
new client comming 127.0.0.1:51024

20201205 17:52:48 DEBUG ../../../apps/lua/scripts/gateway/gw_service.lua:129  
send_to_server	1	9	0	127.0.0.1	51024
20201205 17:52:48 DEBUG ../../../apps/lua/scripts/gateway/gw_service.lua:141  
================utag	0
20201205 17:52:48 DEBUG d:\c++\moba_game_server\moba_server\netbus\session_uv.cc:42  
write success

20201205 17:52:48 DEBUG d:\c++\moba_game_server\moba_server\netbus\session_uv.cc:42  
write success

20201205 17:52:48 DEBUG ../../../apps/lua/scripts/gateway/gw_service.lua:129  
send_to_server	2	13	0	127.0.0.1	51024
20201205 17:52:48 DEBUG d:\c++\moba_game_server\moba_server\netbus\session_uv.cc:42  
write success

20201205 17:52:48 DEBUG ../../../apps/lua/scripts/gateway/gw_service.lua:106  
41
20201205 17:52:48 DEBUG d:\c++\moba_game_server\moba_server\netbus\session_uv.cc:42  
write success

20201205 17:52:48 DEBUG ../../../apps/lua/scripts/gateway/gw_service.lua:129  
send_to_server	3	21	0	127.0.0.1	51024
20201205 17:52:48 DEBUG d:\c++\moba_game_server\moba_server\netbus\session_uv.cc:42  
write success

20201205 17:52:48 DEBUG ../../../apps/lua/scripts/gateway/gw_service.lua:106  
41
20201205 17:52:48 DEBUG d:\c++\moba_game_server\moba_server\netbus\session_uv.cc:42  
write success

20201205 17:52:51 DEBUG ../../../apps/lua/scripts/gateway/gw_service.lua:129  
send_to_server	3	23	0	127.0.0.1	51024
20201205 17:52:51 DEBUG d:\c++\moba_game_server\moba_server\netbus\session_uv.cc:42  
write success

20201205 17:52:51 DEBUG ../../../apps/lua/scripts/gateway/gw_service.lua:106  
41
20201205 17:52:51 DEBUG d:\c++\moba_game_server\moba_server\netbus\session_uv.cc:42  
write success

20201205 17:52:55 DEBUG ../../../apps/lua/scripts/gateway/gw_service.lua:106  
41
20201205 17:52:55 DEBUG d:\c++\moba_game_server\moba_server\netbus\session_uv.cc:42  
write success

20201205 17:52:55 DEBUG ../../../apps/lua/scripts/gateway/gw_service.lua:106  
41
20201205 17:52:55 DEBUG d:\c++\moba_game_server\moba_server\netbus\session_uv.cc:42  
write success

20201205 17:52:56 DEBUG ../../../apps/lua/scripts/gateway/gw_service.lua:106  
41
20201205 17:52:56 DEBUG d:\c++\moba_game_server\moba_server\netbus\session_uv.cc:42  
write success

20201205 17:53:19 ERROR d:\c++\moba_game_server\moba_server\netbus\netbus.cc:199  
client close!!
20201205 17:53:19 DEBUG d:\c++\moba_game_server\moba_server\netbus\session_uv.cc:42  
write success

20201205 17:53:19 DEBUG d:\c++\moba_game_server\moba_server\netbus\session_uv.cc:42  
write success

20201205 17:53:19 DEBUG d:\c++\moba_game_server\moba_server\netbus\session_uv.cc:42  
write success

20201205 17:54:08 DEBUG ../../../apps/lua/scripts/gateway/gw_service.lua:179  
gateway disconnect: [Logic server]
20201205 17:54:08 ERROR d:\c++\moba_game_server\moba_server\netbus\netbus.cc:199  
client close!!
20201205 17:54:08 DEBUG ../../../apps/lua/scripts/gateway/gw_service.lua:41  
connection to server [Logic server] 127.0.0.1 : 8002
20201205 17:54:10 ERROR ../../../apps/lua/scripts/gateway/gw_service.lua:28  
connect failed to server [Logic server] 127.0.0.1 : 8002
20201205 17:54:11 DEBUG ../../../apps/lua/scripts/gateway/gw_service.lua:179  
gateway disconnect: [System server]
20201205 17:54:11 ERROR d:\c++\moba_game_server\moba_server\netbus\netbus.cc:199  
client close!!
20201205 17:54:11 DEBUG ../../../apps/lua/scripts/gateway/gw_service.lua:41  
connection to server [System server] 127.0.0.1 : 8001
20201205 17:54:11 DEBUG ../../../apps/lua/scripts/gateway/gw_service.lua:41  
connection to server [Logic server] 127.0.0.1 : 8002
20201205 17:54:13 ERROR ../../../apps/lua/scripts/gateway/gw_service.lua:28  
connect failed to server [Logic server] 127.0.0.1 : 8002
20201205 17:54:13 ERROR ../../../apps/lua/scripts/gateway/gw_service.lua:28  
connect failed to server [System server] 127.0.0.1 : 8001
20201205 22:48:26 DEBUG ../../../apps/lua/scripts/gateway/main.lua:29  
Server TCP Start At 6080
20201205 22:48:26 DEBUG ../../../apps/lua/scripts/gateway/main.lua:31  
Server WS Start At 6081
20201205 22:48:26 DEBUG ../../../apps/lua/scripts/gateway/gw_service.lua:41  
connection to server [Auth server] 127.0.0.1 : 8000
20201205 22:48:26 DEBUG ../../../apps/lua/scripts/gateway/gw_service.lua:41  
connection to server [System server] 127.0.0.1 : 8001
20201205 22:48:26 DEBUG ../../../apps/lua/scripts/gateway/gw_service.lua:41  
connection to server [Logic server] 127.0.0.1 : 8002
20201205 22:48:26 DEBUG ../../../apps/lua/scripts/gateway/main.lua:40  
register [1] service success!
20201205 22:48:26 DEBUG ../../../apps/lua/scripts/gateway/main.lua:40  
register [2] service success!
20201205 22:48:26 DEBUG ../../../apps/lua/scripts/gateway/main.lua:40  
register [3] service success!
20201205 22:48:26 DEBUG ../../../apps/lua/scripts/database/mysql_auth_center.lua:27  
connect to auth center db success!!!!
20201205 22:48:27 DEBUG ../../../apps/lua/scripts/gateway/gw_service.lua:31  
connect success to server [System server] 127.0.0.1 : 8001
20201205 22:48:28 ERROR ../../../apps/lua/scripts/gateway/gw_service.lua:28  
connect failed to server [Auth server] 127.0.0.1 : 8000
20201205 22:48:28 ERROR ../../../apps/lua/scripts/gateway/gw_service.lua:28  
connect failed to server [Logic server] 127.0.0.1 : 8002
20201205 22:48:29 DEBUG ../../../apps/lua/scripts/gateway/gw_service.lua:41  
connection to server [Auth server] 127.0.0.1 : 8000
20201205 22:48:29 DEBUG ../../../apps/lua/scripts/gateway/gw_service.lua:41  
connection to server [Logic server] 127.0.0.1 : 8002
20201205 22:48:29 DEBUG ../../../apps/lua/scripts/gateway/gw_service.lua:31  
connect success to server [Auth server] 127.0.0.1 : 8000
20201205 22:48:31 ERROR ../../../apps/lua/scripts/gateway/gw_service.lua:28  
connect failed to server [Logic server] 127.0.0.1 : 8002
20201205 22:48:32 DEBUG ../../../apps/lua/scripts/gateway/gw_service.lua:41  
connection to server [Logic server] 127.0.0.1 : 8002
20201205 22:48:32 DEBUG ../../../apps/lua/scripts/gateway/gw_service.lua:31  
connect success to server [Logic server] 127.0.0.1 : 8002
20201205 22:48:36 ERROR d:\c++\moba_game_server\moba_server\netbus\netbus.cc:255  
new client comming 127.0.0.1:53718

20201205 22:48:38 DEBUG ../../../apps/lua/scripts/gateway/gw_service.lua:129  
send_to_server	1	9	0	127.0.0.1	53718
20201205 22:48:38 DEBUG ../../../apps/lua/scripts/gateway/gw_service.lua:141  
================utag	0
20201205 22:48:38 DEBUG d:\c++\moba_game_server\moba_server\netbus\session_uv.cc:42  
write success

20201205 22:48:38 DEBUG d:\c++\moba_game_server\moba_server\netbus\session_uv.cc:42  
write success

20201205 22:48:38 DEBUG ../../../apps/lua/scripts/gateway/gw_service.lua:129  
send_to_server	2	13	0	127.0.0.1	53718
20201205 22:48:38 DEBUG d:\c++\moba_game_server\moba_server\netbus\session_uv.cc:42  
write success

20201205 22:48:38 DEBUG ../../../apps/lua/scripts/gateway/gw_service.lua:106  
41
20201205 22:48:38 DEBUG d:\c++\moba_game_server\moba_server\netbus\session_uv.cc:42  
write success

20201205 22:48:38 DEBUG ../../../apps/lua/scripts/gateway/gw_service.lua:129  
send_to_server	3	21	0	127.0.0.1	53718
20201205 22:48:38 DEBUG d:\c++\moba_game_server\moba_server\netbus\session_uv.cc:42  
write success

20201205 22:48:38 DEBUG ../../../apps/lua/scripts/gateway/gw_service.lua:106  
41
20201205 22:48:38 DEBUG d:\c++\moba_game_server\moba_server\netbus\session_uv.cc:42  
write success

20201205 22:48:43 DEBUG ../../../apps/lua/scripts/gateway/gw_service.lua:129  
send_to_server	3	23	0	127.0.0.1	53718
20201205 22:48:43 DEBUG d:\c++\moba_game_server\moba_server\netbus\session_uv.cc:42  
write success

20201205 22:48:43 DEBUG ../../../apps/lua/scripts/gateway/gw_service.lua:106  
41
20201205 22:48:43 DEBUG d:\c++\moba_game_server\moba_server\netbus\session_uv.cc:42  
write success

20201205 22:48:47 DEBUG ../../../apps/lua/scripts/gateway/gw_service.lua:106  
41
20201205 22:48:47 DEBUG d:\c++\moba_game_server\moba_server\netbus\session_uv.cc:42  
write success

20201205 22:48:47 DEBUG ../../../apps/lua/scripts/gateway/gw_service.lua:106  
41
20201205 22:48:47 DEBUG d:\c++\moba_game_server\moba_server\netbus\session_uv.cc:42  
write success

20201205 22:48:48 DEBUG ../../../apps/lua/scripts/gateway/gw_service.lua:106  
41
20201205 22:48:48 DEBUG d:\c++\moba_game_server\moba_server\netbus\session_uv.cc:42  
write success

20201205 22:49:11 ERROR d:\c++\moba_game_server\moba_server\netbus\netbus.cc:199  
client close!!
20201205 22:49:11 DEBUG d:\c++\moba_game_server\moba_server\netbus\session_uv.cc:42  
write success

20201205 22:49:11 DEBUG d:\c++\moba_game_server\moba_server\netbus\session_uv.cc:42  
write success

20201205 22:49:11 DEBUG d:\c++\moba_game_server\moba_server\netbus\session_uv.cc:42  
write success

20201205 22:49:16 DEBUG ../../../apps/lua/scripts/gateway/gw_service.lua:179  
gateway disconnect: [Logic server]
20201205 22:49:16 ERROR d:\c++\moba_game_server\moba_server\netbus\netbus.cc:199  
client close!!
20201205 22:49:17 DEBUG ../../../apps/lua/scripts/gateway/gw_service.lua:41  
connection to server [Logic server] 127.0.0.1 : 8002
20201205 22:49:19 ERROR ../../../apps/lua/scripts/gateway/gw_service.lua:28  
connect failed to server [Logic server] 127.0.0.1 : 8002
20201205 22:49:20 DEBUG ../../../apps/lua/scripts/gateway/gw_service.lua:41  
connection to server [Logic server] 127.0.0.1 : 8002
20201205 22:49:20 DEBUG ../../../apps/lua/scripts/gateway/gw_service.lua:31  
connect success to server [Logic server] 127.0.0.1 : 8002
20201205 22:53:33 DEBUG ../../../apps/lua/scripts/gateway/gw_service.lua:179  
gateway disconnect: [Logic server]
20201205 22:53:33 ERROR d:\c++\moba_game_server\moba_server\netbus\netbus.cc:199  
client close!!
20201205 22:53:33 DEBUG ../../../apps/lua/scripts/gateway/gw_service.lua:41  
connection to server [Logic server] 127.0.0.1 : 8002
20201205 22:53:35 DEBUG ../../../apps/lua/scripts/gateway/gw_service.lua:31  
connect success to server [Logic server] 127.0.0.1 : 8002
20201205 22:53:40 ERROR d:\c++\moba_game_server\moba_server\netbus\netbus.cc:255  
new client comming 127.0.0.1:53770

20201205 22:53:43 DEBUG ../../../apps/lua/scripts/gateway/gw_service.lua:129  
send_to_server	1	9	0	127.0.0.1	53770
20201205 22:53:43 DEBUG ../../../apps/lua/scripts/gateway/gw_service.lua:141  
================utag	0
20201205 22:53:43 DEBUG d:\c++\moba_game_server\moba_server\netbus\session_uv.cc:42  
write success

20201205 22:53:43 DEBUG d:\c++\moba_game_server\moba_server\netbus\session_uv.cc:42  
write success

20201205 22:53:43 DEBUG ../../../apps/lua/scripts/gateway/gw_service.lua:129  
send_to_server	2	13	0	127.0.0.1	53770
20201205 22:53:43 DEBUG d:\c++\moba_game_server\moba_server\netbus\session_uv.cc:42  
write success

20201205 22:53:43 DEBUG ../../../apps/lua/scripts/gateway/gw_service.lua:106  
41
20201205 22:53:43 DEBUG d:\c++\moba_game_server\moba_server\netbus\session_uv.cc:42  
write success

20201205 22:53:43 DEBUG ../../../apps/lua/scripts/gateway/gw_service.lua:129  
send_to_server	3	21	0	127.0.0.1	53770
20201205 22:53:43 DEBUG d:\c++\moba_game_server\moba_server\netbus\session_uv.cc:42  
write success

20201205 22:53:43 DEBUG ../../../apps/lua/scripts/gateway/gw_service.lua:106  
41
20201205 22:53:43 DEBUG d:\c++\moba_game_server\moba_server\netbus\session_uv.cc:42  
write success

20201205 22:53:46 DEBUG ../../../apps/lua/scripts/gateway/gw_service.lua:129  
send_to_server	3	23	0	127.0.0.1	53770
20201205 22:53:46 DEBUG d:\c++\moba_game_server\moba_server\netbus\session_uv.cc:42  
write success

20201205 22:53:46 DEBUG ../../../apps/lua/scripts/gateway/gw_service.lua:106  
41
20201205 22:53:46 DEBUG d:\c++\moba_game_server\moba_server\netbus\session_uv.cc:42  
write success

20201205 22:53:51 DEBUG ../../../apps/lua/scripts/gateway/gw_service.lua:106  
41
20201205 22:53:51 DEBUG d:\c++\moba_game_server\moba_server\netbus\session_uv.cc:42  
write success

20201205 22:53:51 DEBUG ../../../apps/lua/scripts/gateway/gw_service.lua:106  
41
20201205 22:53:51 DEBUG d:\c++\moba_game_server\moba_server\netbus\session_uv.cc:42  
write success

20201205 22:53:52 DEBUG ../../../apps/lua/scripts/gateway/gw_service.lua:106  
41
20201205 22:53:52 DEBUG d:\c++\moba_game_server\moba_server\netbus\session_uv.cc:42  
write success

20201205 22:54:24 ERROR d:\c++\moba_game_server\moba_server\netbus\netbus.cc:199  
client close!!
20201205 22:54:24 DEBUG d:\c++\moba_game_server\moba_server\netbus\session_uv.cc:42  
write success

20201205 22:54:24 DEBUG d:\c++\moba_game_server\moba_server\netbus\session_uv.cc:42  
write success

20201205 22:54:24 DEBUG d:\c++\moba_game_server\moba_server\netbus\session_uv.cc:42  
write success

