20200920 13:48:07 ERROR trunk:0  
../../../apps/lua/scripts/talkroom/main.lua:13: module 'cmd_name_map' not found:
	no field package.preload['cmd_name_map']
	no file 'D:\C++\moba_game_server\moba_server\build\proj.win32\Debug\lua\cmd_name_map.lua'
	no file 'D:\C++\moba_game_server\moba_server\build\proj.win32\Debug\lua\cmd_name_map\init.lua'
	no file 'D:\C++\moba_game_server\moba_server\build\proj.win32\Debug\cmd_name_map.lua'
	no file 'D:\C++\moba_game_server\moba_server\build\proj.win32\Debug\cmd_name_map\init.lua'
	no file 'D:\C++\moba_game_server\moba_server\build\proj.win32\Debug\..\share\lua\5.3\cmd_name_map.lua'
	no file 'D:\C++\moba_game_server\moba_server\build\proj.win32\Debug\..\share\lua\5.3\cmd_name_map\init.lua'
	no file '.\cmd_name_map.lua'
	no file '.\cmd_name_map\init.lua'
	no file '../../../apps/lua/scripts/talkroom/cmd_name_map.lua'
	no file '../../../apps/lua/scripts/talkroom/cmd_name_map/init.lua'
	no file 'D:\C++\moba_game_server\moba_server\build\proj.win32\Debug\cmd_name_map.dll'
	no file 'D:\C++\moba_game_server\moba_server\build\proj.win32\Debug\..\lib\lua\5.3\cmd_name_map.dll'
	no file 'D:\C++\moba_game_server\moba_server\build\proj.win32\Debug\loadall.dll'
	no file '.\cmd_name_map.dll'
20200920 13:49:23 DEBUG ../../../apps/lua/scripts/talkroom/main.lua:27  
start service success!!!
20200920 13:49:23 DEBUG ../../../apps/lua/scripts/talkroom/main.lua:32  
register trm_service success!
20200920 13:50:18 DEBUG ../../../apps/lua/scripts/talkroom/main.lua:27  
start service success!!!
20200920 13:50:18 DEBUG ../../../apps/lua/scripts/talkroom/main.lua:32  
register trm_service success!
