20200615 00:06:37 ERROR d:\c++\moba_game_server\moba_server\apps\test\main.cc:65  
init
20200615 00:07:04 ERROR d:\c++\moba_game_server\moba_server\apps\test\main.cc:65  
init
20200615 00:12:14 ERROR d:\c++\moba_game_server\moba_server\apps\test\main.cc:16  
init
20200615 00:25:29 ERROR d:\c++\moba_game_server\moba_server\apps\test\main.cc:16  
init
20200615 00:25:51 ERROR d:\c++\moba_game_server\moba_server\apps\test\main.cc:16  
init dwas/15
20200615 00:27:55 ERROR d:\c++\moba_game_server\moba_server\apps\test\main.cc:16  
init dwas/15
20200615 00:29:47 ERROR d:\c++\moba_game_server\moba_server\apps\test\main.cc:16  
init dwas/15
20200615 00:30:27 ERROR d:\c++\moba_game_server\moba_server\apps\test\main.cc:16  
init dwas/15
20200615 00:31:09 ERROR d:\c++\moba_game_server\moba_server\apps\test\main.cc:16  
init dwas/15
20200615 00:31:47 ERROR d:\c++\moba_game_server\moba_server\apps\test\main.cc:16  
init dwas/15
20200615 00:33:35 ERROR d:\c++\moba_game_server\moba_server\apps\test\main.cc:16  
init dwas/15
20200615 00:34:21 ERROR d:\c++\moba_game_server\moba_server\apps\test\main.cc:16  
init dwas/15

20200615 00:35:48 ERROR d:\c++\moba_game_server\moba_server\apps\test\main.cc:16  
init dwas/15

20200615 00:36:22 ERROR d:\c++\moba_game_server\moba_server\apps\test\main.cc:16  
init dwas/15

20200615 00:39:01 ERROR d:\c++\moba_game_server\moba_server\apps\test\main.cc:16  
init dwas/15

20200615 00:39:18 ERROR d:\c++\moba_game_server\moba_server\apps\test\main.cc:16  
init dwas/15

20200615 00:39:39 ERROR d:\c++\moba_game_server\moba_server\apps\test\main.cc:16  
init dwas/15

20200615 00:43:12 ERROR d:\c++\moba_game_server\moba_server\apps\test\main.cc:16  
init dwas/15

20200615 00:44:47 ERROR d:\c++\moba_game_server\moba_server\netbus\netbus.cc:239  
初始化成功
20200615 00:45:19 ERROR d:\c++\moba_game_server\moba_server\netbus\netbus.cc:239  
初始化成功
20200615 00:46:08 ERROR d:\c++\moba_game_server\moba_server\netbus\netbus.cc:239  
初始化成功
