20200626 19:00:19 DEBUG ./main.lua:1  
Hello World!!!
20200626 19:00:19 DEBUG ./main.lua:7  
connect finish
20200626 19:01:01 DEBUG ./main.lua:1  
Hello World!!!
20200626 19:01:02 DEBUG ./main.lua:7  
connect finish
20200626 19:01:44 DEBUG ./main.lua:1  
Hello World!!!
20200626 19:01:45 DEBUG ./main.lua:7  
connect finish!!
20200626 19:02:33 DEBUG ./main.lua:1  
Hello World!!!
20200626 19:03:11 DEBUG ./main.lua:7  
connect finish!!
20200626 19:03:39 DEBUG ./main.lua:1  
Hello World!!!
20200626 19:03:49 DEBUG ./main.lua:7  
connect finish!!
20200626 19:04:02 DEBUG ./main.lua:1  
Hello World!!!
20200626 19:04:10 DEBUG ./main.lua:7  
connect finish!!
20200626 19:04:40 DEBUG ./main.lua:1  
Hello World!!!
20200626 19:04:43 DEBUG ./main.lua:7  
connect finish!!
20200626 19:05:31 DEBUG ./main.lua:1  
Hello World!!!
20200626 19:05:35 DEBUG ./main.lua:7  
connect finish!!
20200626 19:05:35 DEBUG ./main.lua:13  
finish!
20200626 19:07:07 DEBUG ./main.lua:1  
Hello World!!!
20200626 19:07:07 DEBUG ./main.lua:7  
connect finish!!
20200626 19:07:07 DEBUG ./main.lua:13  
finish!
20200626 19:07:27 DEBUG ./main.lua:1  
Hello World!!!
20200626 19:07:27 DEBUG ./main.lua:7  
connect finish!!
20200626 19:14:02 DEBUG ./main.lua:27  
Hello World!!!
20200626 19:14:02 DEBUG ./main.lua:33  
connect finish!!
20200626 19:14:02 DEBUG ./main.lua:39  
finish!
20200626 19:14:15 DEBUG ./main.lua:27  
Hello World!!!
20200626 19:14:15 DEBUG ./main.lua:33  
connect finish!!
20200626 19:14:15 DEBUG ./main.lua:39  
finish!
20200626 19:14:15 ERROR d:\c++\moba_game_server\moba_server\lua_wapper\lua_wrapper.cc:175  
[LUA ERROR] ./main.lua:14: bad argument #1 to 'for iterator' (table expected, got nil)
20200626 19:16:15 DEBUG ./main.lua:43  
Hello World!!!
20200626 19:16:15 DEBUG ./main.lua:49  
connect finish!!
20200626 19:16:15 DEBUG ./main.lua:55  
finish!
20200626 19:18:01 DEBUG ./main.lua:43  
Hello World!!!
20200626 19:18:02 DEBUG ./main.lua:49  
connect finish!!
20200626 19:18:02 DEBUG ./main.lua:59  
finish!
20200626 19:18:14 DEBUG ./main.lua:43  
Hello World!!!
20200626 19:18:14 DEBUG ./main.lua:49  
connect finish!!
20200626 19:18:14 DEBUG ./main.lua:59  
finish!
20200626 19:18:38 DEBUG ./main.lua:43  
Hello World!!!
20200626 19:18:38 DEBUG ./main.lua:49  
connect finish!!
20200626 19:20:22 DEBUG ./main.lua:59  
finish!
20200626 19:21:09 DEBUG ./main.lua:43  
Hello World!!!
20200626 19:21:10 DEBUG ./main.lua:49  
connect finish!!
20200626 19:21:12 DEBUG ./main.lua:59  
finish!
20200626 19:21:12 ERROR d:\c++\moba_game_server\moba_server\lua_wapper\lua_wrapper.cc:175  
[LUA ERROR] ./main.lua:30: bad argument #1 to 'for iterator' (table expected, got nil)
20200626 19:21:35 DEBUG ./main.lua:43  
Hello World!!!
20200626 19:21:36 DEBUG ./main.lua:49  
connect finish!!
20200626 19:21:36 DEBUG ./main.lua:59  
finish!
20200626 19:21:36 ERROR d:\c++\moba_game_server\moba_server\lua_wapper\lua_wrapper.cc:175  
[LUA ERROR] ./main.lua:30: bad argument #1 to 'for iterator' (table expected, got nil)
20200626 19:23:21 DEBUG ./main.lua:43  
Hello World!!!
20200626 19:23:21 DEBUG ./main.lua:49  
connect finish!!
20200626 19:23:21 DEBUG ./main.lua:59  
finish!
20200626 20:02:31 DEBUG ./main.lua:43  
Hello World!!!
20200626 20:02:32 DEBUG ./main.lua:49  
connect finish!!
20200626 20:02:32 DEBUG ./main.lua:59  
finish!
20200626 20:02:55 DEBUG ./main.lua:43  
Hello World!!!
20200626 20:02:56 DEBUG ./main.lua:49  
connect finish!!
20200626 20:02:56 DEBUG ./main.lua:59  
finish!
20200626 20:03:19 DEBUG ./main.lua:39  
Hello World!!!
20200626 20:03:19 DEBUG ./main.lua:45  
connect finish!!
20200626 20:03:19 DEBUG ./main.lua:55  
finish!
20200626 20:04:15 DEBUG ./main.lua:39  
Hello World!!!
20200626 20:04:15 DEBUG ./main.lua:45  
connect finish!!
20200626 20:04:15 DEBUG ./main.lua:55  
finish!
20200626 20:05:09 DEBUG ./main.lua:39  
Hello World!!!
20200626 20:05:09 DEBUG ./main.lua:45  
connect finish!!
20200626 20:05:09 DEBUG ./main.lua:55  
finish!
20200626 20:08:24 DEBUG ./main.lua:39  
Hello World!!!
20200626 20:08:24 DEBUG ./main.lua:45  
connect finish!!
20200626 20:09:57 DEBUG ./main.lua:39  
Hello World!!!
20200626 20:09:57 DEBUG ./main.lua:45  
connect finish!!
20200626 20:11:12 DEBUG ./main.lua:39  
Hello World!!!
20200626 20:11:12 DEBUG ./main.lua:45  
connect finish!!
20200626 20:11:43 DEBUG ./main.lua:55  
finish!
20200626 20:11:53 DEBUG ./main.lua:39  
Hello World!!!
20200626 20:11:53 DEBUG ./main.lua:45  
connect finish!!
20200626 20:11:53 DEBUG ./main.lua:55  
finish!
20200626 20:12:35 DEBUG ./main.lua:39  
Hello World!!!
20200626 20:12:35 DEBUG ./main.lua:45  
connect finish!!
20200626 20:12:35 DEBUG ./main.lua:55  
finish!
20200626 20:13:48 DEBUG ./main.lua:39  
Hello World!!!
20200626 20:13:48 DEBUG ./main.lua:45  
connect finish!!
20200626 20:18:58 DEBUG ./main.lua:39  
Hello World!!!
20200626 20:18:59 DEBUG ./main.lua:45  
connect finish!!
20200626 20:21:03 DEBUG ./main.lua:39  
Hello World!!!
20200626 20:21:03 DEBUG ./main.lua:45  
connect finish!!
20200626 20:23:15 DEBUG ./main.lua:39  
Hello World!!!
20200626 20:23:15 DEBUG ./main.lua:45  
connect finish!!
20200626 20:23:26 DEBUG ./main.lua:55  
finish!
20200626 20:24:03 DEBUG ./main.lua:39  
Hello World!!!
20200626 20:24:03 DEBUG ./main.lua:45  
connect finish!!
20200626 20:24:08 DEBUG ./main.lua:55  
finish!
20200626 20:26:30 DEBUG ./main.lua:39  
Hello World!!!
20200626 20:26:31 DEBUG ./main.lua:45  
connect finish!!
20200626 20:26:33 DEBUG ./main.lua:55  
finish!
20200626 20:27:48 DEBUG ./main.lua:39  
Hello World!!!
20200626 20:27:48 DEBUG ./main.lua:45  
connect finish!!
20200626 20:27:48 DEBUG ./main.lua:55  
finish!
20200626 20:30:08 DEBUG ./main.lua:41  
Hello World!!!
20200626 20:30:08 DEBUG ./main.lua:47  
connect finish!!
20200626 20:30:08 DEBUG ./main.lua:57  
finish!
20200626 21:10:00 ERROR d:\c++\moba_game_server\moba_server\database\redis_wrapper.cc:42  
connection error: 由于目标计算机积极拒绝，无法连接。

20200626 21:11:55 ERROR d:\c++\moba_game_server\moba_server\database\redis_wrapper.cc:102  
on_close_complete
20200626 21:16:05 ERROR d:\c++\moba_game_server\moba_server\lua_wapper\lua_wrapper.cc:177  
[LUA ERROR] ./main.lua:26: bad argument #1 to 'for iterator' (table expected, got string)
20200626 21:16:52 ERROR d:\c++\moba_game_server\moba_server\lua_wapper\lua_wrapper.cc:177  
[LUA ERROR] ./main.lua:26: bad argument #1 to 'for iterator' (table expected, got string)
20200626 21:17:12 ERROR d:\c++\moba_game_server\moba_server\lua_wapper\lua_wrapper.cc:177  
[LUA ERROR] ./main.lua:26: bad argument #1 to 'for iterator' (table expected, got string)
20200626 21:25:12 DEBUG ./main.lua:46  
connect finish!!
20200626 21:25:12 DEBUG ./main.lua:56  
finish!
